#
# There is insufficient memory for the Java Runtime Environment to continue.
# Native memory allocation (mmap) failed to map 318767104 bytes for G1 virtual space
# Possible reasons:
#   The system is out of physical RAM or swap space
#   The process is running with CompressedOops enabled, and the Java Heap may be blocking the growth of the native heap
# Possible solutions:
#   Reduce memory load on the system
#   Increase physical memory or swap space
#   Check if swap backing store is full
#   Decrease Java heap size (-Xmx/-Xms)
#   Decrease number of Java threads
#   Decrease Java thread stack sizes (-Xss)
#   Set larger code cache with -XX:ReservedCodeCacheSize=
#   JVM is running with Unscaled Compressed Oops mode in which the Java heap is
#     placed in the first 4GB address space. The Java Heap base address is the
#     maximum limit for the native heap growth. Please use -XX:HeapBaseMinAddress
#     to set the Java Heap base and to place the Java Heap above 4GB virtual address.
# This output file may be truncated or incomplete.
#
#  Out of Memory Error (os_windows.cpp:3536), pid=11492, tid=8620
#
# JRE version: Java(TM) SE Runtime Environment (19.0.2+7) (build 19.0.2+7-44)
# Java VM: Java HotSpot(TM) 64-Bit Server VM (19.0.2+7-44, mixed mode, sharing, tiered, compressed oops, compressed class ptrs, g1 gc, windows-amd64)
# No core dump will be written. Minidumps are not enabled by default on client versions of Windows
#

---------------  S U M M A R Y ------------

Command Line: -Dfile.encoding=UTF-8 -Dstdout.encoding=UTF-8 -Dstderr.encoding=UTF-8 -XX:+ShowCodeDetailsInExceptionMessages com.DatnStfBeApplication

Host: 11th Gen Intel(R) Core(TM) i3-1115G4 @ 3.00GHz, 4 cores, 7G,  Windows 11 , 64 bit Build 22621 (10.0.22621.3958)
Time: Sun Sep 15 00:22:28 2024 SE Asia Standard Time elapsed time: 9.563406 seconds (0d 0h 0m 9s)

---------------  T H R E A D  ---------------

Current thread (0x00000207f9517610):  VMThread "VM Thread" [stack: 0x000000ab36900000,0x000000ab36a00000] [id=8620]

Stack: [0x000000ab36900000,0x000000ab36a00000]
Native frames: (J=compiled Java code, j=interpreted, Vv=VM code, C=native code)
V  [jvm.dll+0x6ee21a]
V  [jvm.dll+0x85765e]
V  [jvm.dll+0x85904e]
V  [jvm.dll+0x859703]
V  [jvm.dll+0x28298f]
V  [jvm.dll+0x6eb009]
V  [jvm.dll+0x6dfbaa]
V  [jvm.dll+0x3573f6]
V  [jvm.dll+0x35ee56]
V  [jvm.dll+0x3b541e]
V  [jvm.dll+0x3b564f]
V  [jvm.dll+0x32c9ea]
V  [jvm.dll+0x32ca97]
V  [jvm.dll+0x374cd2]
V  [jvm.dll+0x37340f]
V  [jvm.dll+0x32c210]
V  [jvm.dll+0x3729ab]
V  [jvm.dll+0x85ebc3]
V  [jvm.dll+0x85f989]
V  [jvm.dll+0x85febd]
V  [jvm.dll+0x86034b]
V  [jvm.dll+0x860407]
V  [jvm.dll+0x80125a]
V  [jvm.dll+0x6ecf0b]
C  [ucrtbase.dll+0x29333]
C  [KERNEL32.DLL+0x1257d]
C  [ntdll.dll+0x5af28]

VM_Operation (0x000000ab37bf9af0): G1CollectForAllocation, mode: safepoint, requested by thread 0x00000207f9574ac0


---------------  P R O C E S S  ---------------

Threads class SMR info:
_java_thread_list=0x00000207915adbd0, length=21, elements={
0x00000207e881e1b0, 0x00000207f952edf0, 0x00000207f9531b90, 0x00000207f9533cb0,
0x00000207f95356e0, 0x00000207f9536a40, 0x00000207f953b270, 0x00000207f953f2a0,
0x00000207f953fdb0, 0x00000207f9575ab0, 0x00000207f9575560, 0x00000207f9572590,
0x00000207fe4835a0, 0x00000207f9572ae0, 0x00000207f9574ac0, 0x000002078fda8020,
0x000002078fda4060, 0x000002078fda3070, 0x000002078fda9010, 0x000002078fda2b20,
0x000002078fda55a0
}

Java Threads: ( => current thread )
  0x00000207e881e1b0 JavaThread "main" [_thread_blocked, id=16428, stack(0x000000ab36300000,0x000000ab36400000)]
  0x00000207f952edf0 JavaThread "Reference Handler" daemon [_thread_blocked, id=7628, stack(0x000000ab36a00000,0x000000ab36b00000)]
  0x00000207f9531b90 JavaThread "Finalizer" daemon [_thread_blocked, id=18376, stack(0x000000ab36b00000,0x000000ab36c00000)]
  0x00000207f9533cb0 JavaThread "Signal Dispatcher" daemon [_thread_blocked, id=3948, stack(0x000000ab36c00000,0x000000ab36d00000)]
  0x00000207f95356e0 JavaThread "Attach Listener" daemon [_thread_blocked, id=5496, stack(0x000000ab36d00000,0x000000ab36e00000)]
  0x00000207f9536a40 JavaThread "Service Thread" daemon [_thread_blocked, id=14380, stack(0x000000ab36e00000,0x000000ab36f00000)]
  0x00000207f953b270 JavaThread "Monitor Deflation Thread" daemon [_thread_blocked, id=3152, stack(0x000000ab36f00000,0x000000ab37000000)]
  0x00000207f953f2a0 JavaThread "C2 CompilerThread0" daemon [_thread_blocked, id=18200, stack(0x000000ab37000000,0x000000ab37100000)]
  0x00000207f953fdb0 JavaThread "C1 CompilerThread0" daemon [_thread_blocked, id=15996, stack(0x000000ab37100000,0x000000ab37200000)]
  0x00000207f9575ab0 JavaThread "Sweeper thread" daemon [_thread_blocked, id=6552, stack(0x000000ab37200000,0x000000ab37300000)]
  0x00000207f9575560 JavaThread "Notification Thread" daemon [_thread_blocked, id=12908, stack(0x000000ab37300000,0x000000ab37400000)]
  0x00000207f9572590 JavaThread "Common-Cleaner" daemon [_thread_blocked, id=8468, stack(0x000000ab37500000,0x000000ab37600000)]
  0x00000207fe4835a0 JavaThread "C2 CompilerThread1" daemon [_thread_in_native, id=11928, stack(0x000000ab37900000,0x000000ab37a00000)]
  0x00000207f9572ae0 JavaThread "Thread-0" [_thread_blocked, id=16336, stack(0x000000ab37a00000,0x000000ab37b00000)]
  0x00000207f9574ac0 JavaThread "restartedMain" [_thread_blocked, id=9728, stack(0x000000ab37b00000,0x000000ab37c00000)]
  0x000002078fda8020 JavaThread "mysql-cj-abandoned-connection-cleanup" daemon [_thread_blocked, id=896, stack(0x000000ab37c00000,0x000000ab37d00000)]
  0x000002078fda4060 JavaThread "HikariPool-1 housekeeper" daemon [_thread_blocked, id=18160, stack(0x000000ab37e00000,0x000000ab37f00000)]
  0x000002078fda3070 JavaThread "HikariPool-1 connection adder" daemon [_thread_blocked, id=12700, stack(0x000000ab37f00000,0x000000ab38000000)]
  0x000002078fda9010 JavaThread "Catalina-utility-1" [_thread_blocked, id=10796, stack(0x000000ab38000000,0x000000ab38100000)]
  0x000002078fda2b20 JavaThread "Catalina-utility-2" [_thread_blocked, id=4300, stack(0x000000ab38100000,0x000000ab38200000)]
  0x000002078fda55a0 JavaThread "container-0" [_thread_blocked, id=7868, stack(0x000000ab38200000,0x000000ab38300000)]

Other Threads:
=>0x00000207f9517610 VMThread "VM Thread" [stack: 0x000000ab36900000,0x000000ab36a00000] [id=8620]
  0x00000207fd912080 WatcherThread "VM Periodic Task Thread" [stack: 0x000000ab37400000,0x000000ab37500000] [id=88]
  0x00000207e887d130 WorkerThread "GC Thread#0" [stack: 0x000000ab36400000,0x000000ab36500000] [id=6624]
  0x00000207fde7f8f0 WorkerThread "GC Thread#1" [stack: 0x000000ab37600000,0x000000ab37700000] [id=15836]
  0x00000207fdf23a10 WorkerThread "GC Thread#2" [stack: 0x000000ab37700000,0x000000ab37800000] [id=19272]
  0x00000207fdf23ce0 WorkerThread "GC Thread#3" [stack: 0x000000ab37800000,0x000000ab37900000] [id=15984]
  0x00000207e888d810 ConcurrentGCThread "G1 Main Marker" [stack: 0x000000ab36500000,0x000000ab36600000] [id=4028]
  0x00000207e888eb80 WorkerThread "G1 Conc#0" [stack: 0x000000ab36600000,0x000000ab36700000] [id=3144]
  0x00000207f93cf530 ConcurrentGCThread "G1 Refine#0" [stack: 0x000000ab36700000,0x000000ab36800000] [id=1176]
  0x00000207f93d06b0 ConcurrentGCThread "G1 Service" [stack: 0x000000ab36800000,0x000000ab36900000] [id=13696]

Threads with active compile tasks:
C2 CompilerThread0     9575 9408       4       org.antlr.v4.runtime.atn.PredictionMode::hasConflictingAltSet (41 bytes)
C2 CompilerThread1     9575 9336       4       jdk.internal.org.objectweb.asm.MethodWriter::computeAllFrames (510 bytes)

VM state: at safepoint (normal execution)

VM Mutex/Monitor currently owned by a thread:  ([mutex/lock_event])
[0x00000207e881a1f0] Threads_lock - owner thread: 0x00000207f9517610
[0x00000207e881a280] Heap_lock - owner thread: 0x00000207f9574ac0

Heap address: 0x0000000084400000, size: 1980 MB, Compressed Oops mode: 32-bit

CDS archive(s) mapped at: [0x0000000800000000-0x0000000800c40000-0x0000000800c40000), size 12845056, SharedBaseAddress: 0x0000000800000000, ArchiveRelocationMode: 0.
Compressed class space mapped at: 0x0000000801000000-0x0000000841000000, reserved size: 1073741824
Narrow klass base: 0x0000000800000000, Narrow klass shift: 0, Narrow klass range: 0x100000000

GC Precious Log:
 CardTable entry size: 512
 Card Set container configuration: InlinePtr #cards 5 size 8 Array Of Cards #cards 12 size 40 Howl #buckets 4 coarsen threshold 1843 Howl Bitmap #cards 512 size 80 coarsen threshold 460 Card regions per heap region 1 cards per card region 2048
 CPUs: 4 total, 4 available
 Memory: 7914M
 Large Page Support: Disabled
 NUMA Support: Disabled
 Compressed Oops: Enabled (32-bit)
 Heap Region Size: 1M
 Heap Min Capacity: 8M
 Heap Initial Capacity: 124M
 Heap Max Capacity: 1980M
 Pre-touch: Disabled
 Parallel Workers: 4
 Concurrent Workers: 1
 Concurrent Refinement Workers: 4
 Periodic GC: Disabled

Heap:
 garbage-first heap   total 253952K, used 78596K [0x0000000084400000, 0x0000000100000000)
  region size 1024K, 10 young (10240K), 10 survivors (10240K)
 Metaspace       used 71431K, committed 72064K, reserved 1114112K
  class space    used 9551K, committed 9856K, reserved 1048576K

Heap Regions: E=young(eden), S=young(survivor), O=old, HS=humongous(starts), HC=humongous(continues), CS=collection set, F=free, OA=open archive, CA=closed archive, TAMS=top-at-mark-start (previous, next)
|   0|0x0000000084400000, 0x0000000084500000, 0x0000000084500000|100%|HS|  |TAMS 0x0000000084500000, 0x0000000084400000| Complete 
|   1|0x0000000084500000, 0x0000000084600000, 0x0000000084600000|100%| O|  |TAMS 0x0000000084600000, 0x0000000084500000| Untracked 
|   2|0x0000000084600000, 0x0000000084700000, 0x0000000084700000|100%| O|  |TAMS 0x0000000084700000, 0x0000000084600000| Untracked 
|   3|0x0000000084700000, 0x0000000084800000, 0x0000000084800000|100%| O|  |TAMS 0x0000000084800000, 0x0000000084700000| Untracked 
|   4|0x0000000084800000, 0x0000000084900000, 0x0000000084900000|100%| O|  |TAMS 0x0000000084900000, 0x0000000084800000| Untracked 
|   5|0x0000000084900000, 0x0000000084a00000, 0x0000000084a00000|100%| O|  |TAMS 0x0000000084a00000, 0x0000000084900000| Untracked 
|   6|0x0000000084a00000, 0x0000000084b00000, 0x0000000084b00000|100%| O|  |TAMS 0x0000000084b00000, 0x0000000084a00000| Untracked 
|   7|0x0000000084b00000, 0x0000000084c00000, 0x0000000084c00000|100%| O|  |TAMS 0x0000000084c00000, 0x0000000084b00000| Untracked 
|   8|0x0000000084c00000, 0x0000000084d00000, 0x0000000084d00000|100%| O|  |TAMS 0x0000000084d00000, 0x0000000084c00000| Untracked 
|   9|0x0000000084d00000, 0x0000000084e00000, 0x0000000084e00000|100%| O|  |TAMS 0x0000000084e00000, 0x0000000084d00000| Untracked 
|  10|0x0000000084e00000, 0x0000000084f00000, 0x0000000084f00000|100%| O|  |TAMS 0x0000000084f00000, 0x0000000084e00000| Untracked 
|  11|0x0000000084f00000, 0x0000000085000000, 0x0000000085000000|100%| O|  |TAMS 0x0000000085000000, 0x0000000084f00000| Untracked 
|  12|0x0000000085000000, 0x0000000085100000, 0x0000000085100000|100%| O|  |TAMS 0x0000000085100000, 0x0000000085000000| Untracked 
|  13|0x0000000085100000, 0x00000000851ffff8, 0x0000000085200000| 99%| O|  |TAMS 0x00000000851ffff8, 0x0000000085100000| Untracked 
|  14|0x0000000085200000, 0x0000000085300000, 0x0000000085300000|100%| O|  |TAMS 0x0000000085300000, 0x0000000085200000| Untracked 
|  15|0x0000000085300000, 0x0000000085400000, 0x0000000085400000|100%| O|  |TAMS 0x0000000085400000, 0x0000000085300000| Untracked 
|  16|0x0000000085400000, 0x0000000085500000, 0x0000000085500000|100%| O|  |TAMS 0x0000000085500000, 0x0000000085400000| Untracked 
|  17|0x0000000085500000, 0x0000000085600000, 0x0000000085600000|100%| O|  |TAMS 0x0000000085600000, 0x0000000085500000| Untracked 
|  18|0x0000000085600000, 0x0000000085700000, 0x0000000085700000|100%| O|  |TAMS 0x0000000085700000, 0x0000000085600000| Untracked 
|  19|0x0000000085700000, 0x0000000085800000, 0x0000000085800000|100%| O|  |TAMS 0x0000000085800000, 0x0000000085700000| Untracked 
|  20|0x0000000085800000, 0x0000000085900000, 0x0000000085900000|100%| O|  |TAMS 0x0000000085900000, 0x0000000085800000| Untracked 
|  21|0x0000000085900000, 0x0000000085a00000, 0x0000000085a00000|100%| O|  |TAMS 0x0000000085a00000, 0x0000000085900000| Untracked 
|  22|0x0000000085a00000, 0x0000000085b00000, 0x0000000085b00000|100%| O|  |TAMS 0x0000000085b00000, 0x0000000085a00000| Untracked 
|  23|0x0000000085b00000, 0x0000000085c00000, 0x0000000085c00000|100%| O|  |TAMS 0x0000000085c00000, 0x0000000085b00000| Untracked 
|  24|0x0000000085c00000, 0x0000000085d00000, 0x0000000085d00000|100%| O|  |TAMS 0x0000000085d00000, 0x0000000085c00000| Untracked 
|  25|0x0000000085d00000, 0x0000000085e00000, 0x0000000085e00000|100%| O|  |TAMS 0x0000000085e00000, 0x0000000085d00000| Untracked 
|  26|0x0000000085e00000, 0x0000000085f00000, 0x0000000085f00000|100%| O|  |TAMS 0x0000000085f00000, 0x0000000085e00000| Untracked 
|  27|0x0000000085f00000, 0x0000000086000000, 0x0000000086000000|100%| O|  |TAMS 0x0000000086000000, 0x0000000085f00000| Untracked 
|  28|0x0000000086000000, 0x0000000086100000, 0x0000000086100000|100%| O|  |TAMS 0x0000000086100000, 0x0000000086000000| Untracked 
|  29|0x0000000086100000, 0x0000000086200000, 0x0000000086200000|100%| O|  |TAMS 0x0000000086200000, 0x0000000086100000| Untracked 
|  30|0x0000000086200000, 0x0000000086300000, 0x0000000086300000|100%| O|  |TAMS 0x0000000086300000, 0x0000000086200000| Untracked 
|  31|0x0000000086300000, 0x0000000086400000, 0x0000000086400000|100%| O|  |TAMS 0x0000000086400000, 0x0000000086300000| Untracked 
|  32|0x0000000086400000, 0x0000000086500000, 0x0000000086500000|100%| O|  |TAMS 0x0000000086500000, 0x0000000086400000| Untracked 
|  33|0x0000000086500000, 0x0000000086600000, 0x0000000086600000|100%| O|  |TAMS 0x0000000086600000, 0x0000000086500000| Untracked 
|  34|0x0000000086600000, 0x0000000086700000, 0x0000000086700000|100%| O|  |TAMS 0x0000000086700000, 0x0000000086600000| Untracked 
|  35|0x0000000086700000, 0x0000000086800000, 0x0000000086800000|100%| O|  |TAMS 0x0000000086800000, 0x0000000086700000| Untracked 
|  36|0x0000000086800000, 0x0000000086900000, 0x0000000086900000|100%| O|  |TAMS 0x0000000086900000, 0x0000000086800000| Untracked 
|  37|0x0000000086900000, 0x0000000086a00000, 0x0000000086a00000|100%| O|  |TAMS 0x0000000086a00000, 0x0000000086900000| Untracked 
|  38|0x0000000086a00000, 0x0000000086b00000, 0x0000000086b00000|100%| O|  |TAMS 0x0000000086a00000, 0x0000000086a00000| Untracked 
|  39|0x0000000086b00000, 0x0000000086c00000, 0x0000000086c00000|100%| O|  |TAMS 0x0000000086c00000, 0x0000000086b00000| Untracked 
|  40|0x0000000086c00000, 0x0000000086d00000, 0x0000000086d00000|100%| O|  |TAMS 0x0000000086c00000, 0x0000000086c00000| Untracked 
|  41|0x0000000086d00000, 0x0000000086e00000, 0x0000000086e00000|100%| O|  |TAMS 0x0000000086e00000, 0x0000000086d00000| Untracked 
|  42|0x0000000086e00000, 0x0000000086f00000, 0x0000000086f00000|100%| O|  |TAMS 0x0000000086f00000, 0x0000000086e00000| Untracked 
|  43|0x0000000086f00000, 0x0000000087000000, 0x0000000087000000|100%| O|  |TAMS 0x0000000087000000, 0x0000000086f00000| Untracked 
|  44|0x0000000087000000, 0x0000000087100000, 0x0000000087100000|100%| O|  |TAMS 0x0000000087100000, 0x0000000087000000| Untracked 
|  45|0x0000000087100000, 0x00000000871b9000, 0x0000000087200000| 72%| O|  |TAMS 0x00000000871b9000, 0x0000000087100000| Untracked 
|  46|0x0000000087200000, 0x0000000087300000, 0x0000000087300000|100%| O|  |TAMS 0x0000000087300000, 0x0000000087200000| Untracked 
|  47|0x0000000087300000, 0x0000000087400000, 0x0000000087400000|100%| O|  |TAMS 0x0000000087400000, 0x0000000087300000| Untracked 
|  48|0x0000000087400000, 0x0000000087500000, 0x0000000087500000|100%| O|  |TAMS 0x0000000087500000, 0x0000000087400000| Untracked 
|  49|0x0000000087500000, 0x0000000087600000, 0x0000000087600000|100%| O|  |TAMS 0x0000000087600000, 0x0000000087500000| Untracked 
|  50|0x0000000087600000, 0x0000000087700000, 0x0000000087700000|100%| O|  |TAMS 0x0000000087700000, 0x0000000087600000| Untracked 
|  51|0x0000000087700000, 0x0000000087800000, 0x0000000087800000|100%| O|  |TAMS 0x0000000087800000, 0x0000000087700000| Untracked 
|  52|0x0000000087800000, 0x0000000087900000, 0x0000000087900000|100%| O|  |TAMS 0x0000000087900000, 0x0000000087800000| Untracked 
|  53|0x0000000087900000, 0x0000000087a00000, 0x0000000087a00000|100%| O|  |TAMS 0x0000000087a00000, 0x0000000087900000| Untracked 
|  54|0x0000000087a00000, 0x0000000087b00000, 0x0000000087b00000|100%| O|  |TAMS 0x0000000087b00000, 0x0000000087a00000| Untracked 
|  55|0x0000000087b00000, 0x0000000087c00000, 0x0000000087c00000|100%| O|  |TAMS 0x0000000087bcf800, 0x0000000087b00000| Untracked 
|  56|0x0000000087c00000, 0x0000000087d00000, 0x0000000087d00000|100%| O|  |TAMS 0x0000000087c00000, 0x0000000087c00000| Untracked 
|  57|0x0000000087d00000, 0x0000000087e00000, 0x0000000087e00000|100%| O|  |TAMS 0x0000000087d00000, 0x0000000087d00000| Untracked 
|  58|0x0000000087e00000, 0x0000000087f00000, 0x0000000087f00000|100%| O|  |TAMS 0x0000000087e00000, 0x0000000087e00000| Untracked 
|  59|0x0000000087f00000, 0x0000000088000000, 0x0000000088000000|100%| O|  |TAMS 0x0000000087f00000, 0x0000000087f00000| Untracked 
|  60|0x0000000088000000, 0x0000000088100000, 0x0000000088100000|100%| O|  |TAMS 0x0000000088000000, 0x0000000088000000| Untracked 
|  61|0x0000000088100000, 0x0000000088200000, 0x0000000088200000|100%| O|  |TAMS 0x0000000088100000, 0x0000000088100000| Untracked 
|  62|0x0000000088200000, 0x0000000088300000, 0x0000000088300000|100%| O|  |TAMS 0x0000000088200000, 0x0000000088200000| Untracked 
|  63|0x0000000088300000, 0x0000000088400000, 0x0000000088400000|100%| O|  |TAMS 0x0000000088300000, 0x0000000088300000| Untracked 
|  64|0x0000000088400000, 0x0000000088500000, 0x0000000088500000|100%| O|  |TAMS 0x0000000088400000, 0x0000000088400000| Untracked 
|  65|0x0000000088500000, 0x0000000088600000, 0x0000000088600000|100%| O|  |TAMS 0x0000000088500000, 0x0000000088500000| Untracked 
|  66|0x0000000088600000, 0x0000000088700000, 0x0000000088700000|100%| O|  |TAMS 0x0000000088600000, 0x0000000088600000| Untracked 
|  67|0x0000000088700000, 0x0000000088759a00, 0x0000000088800000| 35%| O|  |TAMS 0x0000000088700000, 0x0000000088700000| Untracked 
|  68|0x0000000088800000, 0x0000000088800000, 0x0000000088900000|  0%| F|  |TAMS 0x0000000088800000, 0x0000000088800000| Untracked 
|  69|0x0000000088900000, 0x0000000088900000, 0x0000000088a00000|  0%| F|  |TAMS 0x0000000088900000, 0x0000000088900000| Untracked 
|  70|0x0000000088a00000, 0x0000000088a00000, 0x0000000088b00000|  0%| F|  |TAMS 0x0000000088a00000, 0x0000000088a00000| Untracked 
|  71|0x0000000088b00000, 0x0000000088b00000, 0x0000000088c00000|  0%| F|  |TAMS 0x0000000088b00000, 0x0000000088b00000| Untracked 
|  72|0x0000000088c00000, 0x0000000088c00000, 0x0000000088d00000|  0%| F|  |TAMS 0x0000000088c00000, 0x0000000088c00000| Untracked 
|  73|0x0000000088d00000, 0x0000000088d00000, 0x0000000088e00000|  0%| F|  |TAMS 0x0000000088d00000, 0x0000000088d00000| Untracked 
|  74|0x0000000088e00000, 0x0000000088e00000, 0x0000000088f00000|  0%| F|  |TAMS 0x0000000088e00000, 0x0000000088e00000| Untracked 
|  75|0x0000000088f00000, 0x0000000088f00000, 0x0000000089000000|  0%| F|  |TAMS 0x0000000088f00000, 0x0000000088f00000| Untracked 
|  76|0x0000000089000000, 0x0000000089000000, 0x0000000089100000|  0%| F|  |TAMS 0x0000000089000000, 0x0000000089000000| Untracked 
|  77|0x0000000089100000, 0x0000000089100000, 0x0000000089200000|  0%| F|  |TAMS 0x0000000089100000, 0x0000000089100000| Untracked 
|  78|0x0000000089200000, 0x0000000089200000, 0x0000000089300000|  0%| F|  |TAMS 0x0000000089200000, 0x0000000089200000| Untracked 
|  79|0x0000000089300000, 0x0000000089300000, 0x0000000089400000|  0%| F|  |TAMS 0x0000000089300000, 0x0000000089300000| Untracked 
|  80|0x0000000089400000, 0x0000000089400000, 0x0000000089500000|  0%| F|  |TAMS 0x0000000089400000, 0x0000000089400000| Untracked 
|  81|0x0000000089500000, 0x0000000089500000, 0x0000000089600000|  0%| F|  |TAMS 0x0000000089500000, 0x0000000089500000| Untracked 
|  82|0x0000000089600000, 0x0000000089600000, 0x0000000089700000|  0%| F|  |TAMS 0x0000000089600000, 0x0000000089600000| Untracked 
|  83|0x0000000089700000, 0x0000000089700000, 0x0000000089800000|  0%| F|  |TAMS 0x0000000089700000, 0x0000000089700000| Untracked 
|  84|0x0000000089800000, 0x0000000089800000, 0x0000000089900000|  0%| F|  |TAMS 0x0000000089800000, 0x0000000089800000| Untracked 
|  85|0x0000000089900000, 0x0000000089900000, 0x0000000089a00000|  0%| F|  |TAMS 0x0000000089900000, 0x0000000089900000| Untracked 
|  86|0x0000000089a00000, 0x0000000089a00000, 0x0000000089b00000|  0%| F|  |TAMS 0x0000000089a00000, 0x0000000089a00000| Untracked 
|  87|0x0000000089b00000, 0x0000000089b00000, 0x0000000089c00000|  0%| F|  |TAMS 0x0000000089b00000, 0x0000000089b00000| Untracked 
|  88|0x0000000089c00000, 0x0000000089cae890, 0x0000000089d00000| 68%| S|CS|TAMS 0x0000000089c00000, 0x0000000089c00000| Complete 
|  89|0x0000000089d00000, 0x0000000089e00000, 0x0000000089e00000|100%| S|CS|TAMS 0x0000000089d00000, 0x0000000089d00000| Complete 
|  90|0x0000000089e00000, 0x0000000089e00000, 0x0000000089f00000|  0%| F|  |TAMS 0x0000000089e00000, 0x0000000089e00000| Untracked 
|  91|0x0000000089f00000, 0x0000000089f00000, 0x000000008a000000|  0%| F|  |TAMS 0x0000000089f00000, 0x0000000089f00000| Untracked 
|  92|0x000000008a000000, 0x000000008a000000, 0x000000008a100000|  0%| F|  |TAMS 0x000000008a000000, 0x000000008a000000| Untracked 
|  93|0x000000008a100000, 0x000000008a100000, 0x000000008a200000|  0%| F|  |TAMS 0x000000008a100000, 0x000000008a100000| Untracked 
|  94|0x000000008a200000, 0x000000008a200000, 0x000000008a300000|  0%| F|  |TAMS 0x000000008a200000, 0x000000008a200000| Untracked 
|  95|0x000000008a300000, 0x000000008a300000, 0x000000008a400000|  0%| F|  |TAMS 0x000000008a300000, 0x000000008a300000| Untracked 
|  96|0x000000008a400000, 0x000000008a500000, 0x000000008a500000|100%| S|CS|TAMS 0x000000008a400000, 0x000000008a400000| Complete 
|  97|0x000000008a500000, 0x000000008a600000, 0x000000008a600000|100%| S|CS|TAMS 0x000000008a500000, 0x000000008a500000| Complete 
|  98|0x000000008a600000, 0x000000008a700000, 0x000000008a700000|100%| S|CS|TAMS 0x000000008a600000, 0x000000008a600000| Complete 
|  99|0x000000008a700000, 0x000000008a800000, 0x000000008a800000|100%| S|CS|TAMS 0x000000008a700000, 0x000000008a700000| Complete 
| 100|0x000000008a800000, 0x000000008a900000, 0x000000008a900000|100%| S|CS|TAMS 0x000000008a800000, 0x000000008a800000| Complete 
| 101|0x000000008a900000, 0x000000008a900000, 0x000000008aa00000|  0%| F|  |TAMS 0x000000008a900000, 0x000000008a900000| Untracked 
| 102|0x000000008aa00000, 0x000000008aa00000, 0x000000008ab00000|  0%| F|  |TAMS 0x000000008aa00000, 0x000000008aa00000| Untracked 
| 103|0x000000008ab00000, 0x000000008ab00000, 0x000000008ac00000|  0%| F|  |TAMS 0x000000008ab00000, 0x000000008ab00000| Untracked 
| 104|0x000000008ac00000, 0x000000008ad00000, 0x000000008ad00000|100%| S|CS|TAMS 0x000000008ac00000, 0x000000008ac00000| Complete 
| 105|0x000000008ad00000, 0x000000008ae00000, 0x000000008ae00000|100%| S|CS|TAMS 0x000000008ad00000, 0x000000008ad00000| Complete 
| 106|0x000000008ae00000, 0x000000008af00000, 0x000000008af00000|100%| S|CS|TAMS 0x000000008ae00000, 0x000000008ae00000| Complete 
| 107|0x000000008af00000, 0x000000008af00000, 0x000000008b000000|  0%| F|  |TAMS 0x000000008af00000, 0x000000008af00000| Untracked 
| 108|0x000000008b000000, 0x000000008b000000, 0x000000008b100000|  0%| F|  |TAMS 0x000000008b000000, 0x000000008b000000| Untracked 
| 109|0x000000008b100000, 0x000000008b100000, 0x000000008b200000|  0%| F|  |TAMS 0x000000008b100000, 0x000000008b100000| Untracked 
| 110|0x000000008b200000, 0x000000008b200000, 0x000000008b300000|  0%| F|  |TAMS 0x000000008b200000, 0x000000008b200000| Untracked 
| 111|0x000000008b300000, 0x000000008b300000, 0x000000008b400000|  0%| F|  |TAMS 0x000000008b300000, 0x000000008b300000| Untracked 
| 112|0x000000008b400000, 0x000000008b400000, 0x000000008b500000|  0%| F|  |TAMS 0x000000008b400000, 0x000000008b400000| Untracked 
| 113|0x000000008b500000, 0x000000008b500000, 0x000000008b600000|  0%| F|  |TAMS 0x000000008b500000, 0x000000008b500000| Untracked 
| 114|0x000000008b600000, 0x000000008b600000, 0x000000008b700000|  0%| F|  |TAMS 0x000000008b600000, 0x000000008b600000| Untracked 
| 115|0x000000008b700000, 0x000000008b700000, 0x000000008b800000|  0%| F|  |TAMS 0x000000008b700000, 0x000000008b700000| Untracked 
| 116|0x000000008b800000, 0x000000008b800000, 0x000000008b900000|  0%| F|  |TAMS 0x000000008b800000, 0x000000008b800000| Untracked 
| 117|0x000000008b900000, 0x000000008b900000, 0x000000008ba00000|  0%| F|  |TAMS 0x000000008b900000, 0x000000008b900000| Untracked 
| 118|0x000000008ba00000, 0x000000008ba00000, 0x000000008bb00000|  0%| F|  |TAMS 0x000000008ba00000, 0x000000008ba00000| Untracked 
| 119|0x000000008bb00000, 0x000000008bb00000, 0x000000008bc00000|  0%| F|  |TAMS 0x000000008bb00000, 0x000000008bb00000| Untracked 
| 120|0x000000008bc00000, 0x000000008bc00000, 0x000000008bd00000|  0%| F|  |TAMS 0x000000008bc00000, 0x000000008bc00000| Untracked 
| 121|0x000000008bd00000, 0x000000008bd00000, 0x000000008be00000|  0%| F|  |TAMS 0x000000008bd00000, 0x000000008bd00000| Untracked 
| 122|0x000000008be00000, 0x000000008be00000, 0x000000008bf00000|  0%| F|  |TAMS 0x000000008be00000, 0x000000008be00000| Untracked 
| 123|0x000000008bf00000, 0x000000008bf00000, 0x000000008c000000|  0%| F|  |TAMS 0x000000008bf00000, 0x000000008bf00000| Untracked 
| 124|0x000000008c000000, 0x000000008c000000, 0x000000008c100000|  0%| F|  |TAMS 0x000000008c000000, 0x000000008c000000| Untracked 
| 125|0x000000008c100000, 0x000000008c100000, 0x000000008c200000|  0%| F|  |TAMS 0x000000008c100000, 0x000000008c100000| Untracked 
| 126|0x000000008c200000, 0x000000008c200000, 0x000000008c300000|  0%| F|  |TAMS 0x000000008c200000, 0x000000008c200000| Untracked 
| 127|0x000000008c300000, 0x000000008c300000, 0x000000008c400000|  0%| F|  |TAMS 0x000000008c300000, 0x000000008c300000| Untracked 
| 128|0x000000008c400000, 0x000000008c400000, 0x000000008c500000|  0%| F|  |TAMS 0x000000008c400000, 0x000000008c400000| Untracked 
| 129|0x000000008c500000, 0x000000008c500000, 0x000000008c600000|  0%| F|  |TAMS 0x000000008c500000, 0x000000008c500000| Untracked 
| 130|0x000000008c600000, 0x000000008c600000, 0x000000008c700000|  0%| F|  |TAMS 0x000000008c600000, 0x000000008c600000| Untracked 
| 131|0x000000008c700000, 0x000000008c700000, 0x000000008c800000|  0%| F|  |TAMS 0x000000008c700000, 0x000000008c700000| Untracked 
| 132|0x000000008c800000, 0x000000008c800000, 0x000000008c900000|  0%| F|  |TAMS 0x000000008c800000, 0x000000008c800000| Untracked 
| 133|0x000000008c900000, 0x000000008c900000, 0x000000008ca00000|  0%| F|  |TAMS 0x000000008c900000, 0x000000008c900000| Untracked 
| 134|0x000000008ca00000, 0x000000008ca00000, 0x000000008cb00000|  0%| F|  |TAMS 0x000000008ca00000, 0x000000008ca00000| Untracked 
| 135|0x000000008cb00000, 0x000000008cb00000, 0x000000008cc00000|  0%| F|  |TAMS 0x000000008cb00000, 0x000000008cb00000| Untracked 
| 136|0x000000008cc00000, 0x000000008cc00000, 0x000000008cd00000|  0%| F|  |TAMS 0x000000008cc00000, 0x000000008cc00000| Untracked 
| 137|0x000000008cd00000, 0x000000008cd00000, 0x000000008ce00000|  0%| F|  |TAMS 0x000000008cd00000, 0x000000008cd00000| Untracked 
| 138|0x000000008ce00000, 0x000000008ce00000, 0x000000008cf00000|  0%| F|  |TAMS 0x000000008ce00000, 0x000000008ce00000| Untracked 
| 139|0x000000008cf00000, 0x000000008cf00000, 0x000000008d000000|  0%| F|  |TAMS 0x000000008cf00000, 0x000000008cf00000| Untracked 
| 140|0x000000008d000000, 0x000000008d000000, 0x000000008d100000|  0%| F|  |TAMS 0x000000008d000000, 0x000000008d000000| Untracked 
| 141|0x000000008d100000, 0x000000008d100000, 0x000000008d200000|  0%| F|  |TAMS 0x000000008d100000, 0x000000008d100000| Untracked 
| 142|0x000000008d200000, 0x000000008d200000, 0x000000008d300000|  0%| F|  |TAMS 0x000000008d200000, 0x000000008d200000| Untracked 
| 143|0x000000008d300000, 0x000000008d300000, 0x000000008d400000|  0%| F|  |TAMS 0x000000008d300000, 0x000000008d300000| Untracked 
| 144|0x000000008d400000, 0x000000008d400000, 0x000000008d500000|  0%| F|  |TAMS 0x000000008d400000, 0x000000008d400000| Untracked 
| 145|0x000000008d500000, 0x000000008d500000, 0x000000008d600000|  0%| F|  |TAMS 0x000000008d500000, 0x000000008d500000| Untracked 
| 146|0x000000008d600000, 0x000000008d600000, 0x000000008d700000|  0%| F|  |TAMS 0x000000008d600000, 0x000000008d600000| Untracked 
| 147|0x000000008d700000, 0x000000008d700000, 0x000000008d800000|  0%| F|  |TAMS 0x000000008d700000, 0x000000008d700000| Untracked 
| 148|0x000000008d800000, 0x000000008d800000, 0x000000008d900000|  0%| F|  |TAMS 0x000000008d800000, 0x000000008d800000| Untracked 
| 149|0x000000008d900000, 0x000000008d900000, 0x000000008da00000|  0%| F|  |TAMS 0x000000008d900000, 0x000000008d900000| Untracked 
| 150|0x000000008da00000, 0x000000008da00000, 0x000000008db00000|  0%| F|  |TAMS 0x000000008da00000, 0x000000008da00000| Untracked 
| 151|0x000000008db00000, 0x000000008db00000, 0x000000008dc00000|  0%| F|  |TAMS 0x000000008db00000, 0x000000008db00000| Untracked 
| 152|0x000000008dc00000, 0x000000008dc00000, 0x000000008dd00000|  0%| F|  |TAMS 0x000000008dc00000, 0x000000008dc00000| Untracked 
| 153|0x000000008dd00000, 0x000000008dd00000, 0x000000008de00000|  0%| F|  |TAMS 0x000000008dd00000, 0x000000008dd00000| Untracked 
| 154|0x000000008de00000, 0x000000008de00000, 0x000000008df00000|  0%| F|  |TAMS 0x000000008de00000, 0x000000008de00000| Untracked 
| 155|0x000000008df00000, 0x000000008df00000, 0x000000008e000000|  0%| F|  |TAMS 0x000000008df00000, 0x000000008df00000| Untracked 
| 156|0x000000008e000000, 0x000000008e000000, 0x000000008e100000|  0%| F|  |TAMS 0x000000008e000000, 0x000000008e000000| Untracked 
| 157|0x000000008e100000, 0x000000008e100000, 0x000000008e200000|  0%| F|  |TAMS 0x000000008e100000, 0x000000008e100000| Untracked 
| 158|0x000000008e200000, 0x000000008e200000, 0x000000008e300000|  0%| F|  |TAMS 0x000000008e200000, 0x000000008e200000| Untracked 
| 159|0x000000008e300000, 0x000000008e300000, 0x000000008e400000|  0%| F|  |TAMS 0x000000008e300000, 0x000000008e300000| Untracked 
| 160|0x000000008e400000, 0x000000008e400000, 0x000000008e500000|  0%| F|  |TAMS 0x000000008e400000, 0x000000008e400000| Untracked 
| 161|0x000000008e500000, 0x000000008e500000, 0x000000008e600000|  0%| F|  |TAMS 0x000000008e500000, 0x000000008e500000| Untracked 
| 162|0x000000008e600000, 0x000000008e600000, 0x000000008e700000|  0%| F|  |TAMS 0x000000008e600000, 0x000000008e600000| Untracked 
| 163|0x000000008e700000, 0x000000008e700000, 0x000000008e800000|  0%| F|  |TAMS 0x000000008e700000, 0x000000008e700000| Untracked 
| 164|0x000000008e800000, 0x000000008e800000, 0x000000008e900000|  0%| F|  |TAMS 0x000000008e800000, 0x000000008e800000| Untracked 
| 165|0x000000008e900000, 0x000000008e900000, 0x000000008ea00000|  0%| F|  |TAMS 0x000000008e900000, 0x000000008e900000| Untracked 
| 166|0x000000008ea00000, 0x000000008ea00000, 0x000000008eb00000|  0%| F|  |TAMS 0x000000008ea00000, 0x000000008ea00000| Untracked 
| 167|0x000000008eb00000, 0x000000008eb00000, 0x000000008ec00000|  0%| F|  |TAMS 0x000000008eb00000, 0x000000008eb00000| Untracked 
| 168|0x000000008ec00000, 0x000000008ec00000, 0x000000008ed00000|  0%| F|  |TAMS 0x000000008ec00000, 0x000000008ec00000| Untracked 
| 169|0x000000008ed00000, 0x000000008ed00000, 0x000000008ee00000|  0%| F|  |TAMS 0x000000008ed00000, 0x000000008ed00000| Untracked 
| 170|0x000000008ee00000, 0x000000008ee00000, 0x000000008ef00000|  0%| F|  |TAMS 0x000000008ee00000, 0x000000008ee00000| Untracked 
| 171|0x000000008ef00000, 0x000000008ef00000, 0x000000008f000000|  0%| F|  |TAMS 0x000000008ef00000, 0x000000008ef00000| Untracked 
| 172|0x000000008f000000, 0x000000008f000000, 0x000000008f100000|  0%| F|  |TAMS 0x000000008f000000, 0x000000008f000000| Untracked 
| 173|0x000000008f100000, 0x000000008f100000, 0x000000008f200000|  0%| F|  |TAMS 0x000000008f100000, 0x000000008f100000| Untracked 
| 174|0x000000008f200000, 0x000000008f200000, 0x000000008f300000|  0%| F|  |TAMS 0x000000008f200000, 0x000000008f200000| Untracked 
| 175|0x000000008f300000, 0x000000008f300000, 0x000000008f400000|  0%| F|  |TAMS 0x000000008f300000, 0x000000008f300000| Untracked 
| 176|0x000000008f400000, 0x000000008f400000, 0x000000008f500000|  0%| F|  |TAMS 0x000000008f400000, 0x000000008f400000| Untracked 
| 177|0x000000008f500000, 0x000000008f500000, 0x000000008f600000|  0%| F|  |TAMS 0x000000008f500000, 0x000000008f500000| Untracked 
| 178|0x000000008f600000, 0x000000008f600000, 0x000000008f700000|  0%| F|  |TAMS 0x000000008f600000, 0x000000008f600000| Untracked 
| 179|0x000000008f700000, 0x000000008f700000, 0x000000008f800000|  0%| F|  |TAMS 0x000000008f700000, 0x000000008f700000| Untracked 
| 180|0x000000008f800000, 0x000000008f800000, 0x000000008f900000|  0%| F|  |TAMS 0x000000008f800000, 0x000000008f800000| Untracked 
| 181|0x000000008f900000, 0x000000008f900000, 0x000000008fa00000|  0%| F|  |TAMS 0x000000008f900000, 0x000000008f900000| Untracked 
| 182|0x000000008fa00000, 0x000000008fa00000, 0x000000008fb00000|  0%| F|  |TAMS 0x000000008fa00000, 0x000000008fa00000| Untracked 
| 183|0x000000008fb00000, 0x000000008fb00000, 0x000000008fc00000|  0%| F|  |TAMS 0x000000008fb00000, 0x000000008fb00000| Untracked 
| 184|0x000000008fc00000, 0x000000008fc00000, 0x000000008fd00000|  0%| F|  |TAMS 0x000000008fc00000, 0x000000008fc00000| Untracked 
| 185|0x000000008fd00000, 0x000000008fd00000, 0x000000008fe00000|  0%| F|  |TAMS 0x000000008fd00000, 0x000000008fd00000| Untracked 
| 186|0x000000008fe00000, 0x000000008fe00000, 0x000000008ff00000|  0%| F|  |TAMS 0x000000008fe00000, 0x000000008fe00000| Untracked 
| 187|0x000000008ff00000, 0x000000008ff00000, 0x0000000090000000|  0%| F|  |TAMS 0x000000008ff00000, 0x000000008ff00000| Untracked 
| 188|0x0000000090000000, 0x0000000090000000, 0x0000000090100000|  0%| F|  |TAMS 0x0000000090000000, 0x0000000090000000| Untracked 
| 189|0x0000000090100000, 0x0000000090100000, 0x0000000090200000|  0%| F|  |TAMS 0x0000000090100000, 0x0000000090100000| Untracked 
| 190|0x0000000090200000, 0x0000000090200000, 0x0000000090300000|  0%| F|  |TAMS 0x0000000090200000, 0x0000000090200000| Untracked 
| 191|0x0000000090300000, 0x0000000090300000, 0x0000000090400000|  0%| F|  |TAMS 0x0000000090300000, 0x0000000090300000| Untracked 
| 192|0x0000000090400000, 0x0000000090400000, 0x0000000090500000|  0%| F|  |TAMS 0x0000000090400000, 0x0000000090400000| Untracked 
| 193|0x0000000090500000, 0x0000000090500000, 0x0000000090600000|  0%| F|  |TAMS 0x0000000090500000, 0x0000000090500000| Untracked 
| 194|0x0000000090600000, 0x0000000090600000, 0x0000000090700000|  0%| F|  |TAMS 0x0000000090600000, 0x0000000090600000| Untracked 
| 195|0x0000000090700000, 0x0000000090700000, 0x0000000090800000|  0%| F|  |TAMS 0x0000000090700000, 0x0000000090700000| Untracked 
| 196|0x0000000090800000, 0x0000000090800000, 0x0000000090900000|  0%| F|  |TAMS 0x0000000090800000, 0x0000000090800000| Untracked 
| 197|0x0000000090900000, 0x0000000090900000, 0x0000000090a00000|  0%| F|  |TAMS 0x0000000090900000, 0x0000000090900000| Untracked 
| 198|0x0000000090a00000, 0x0000000090a00000, 0x0000000090b00000|  0%| F|  |TAMS 0x0000000090a00000, 0x0000000090a00000| Untracked 
| 199|0x0000000090b00000, 0x0000000090b00000, 0x0000000090c00000|  0%| F|  |TAMS 0x0000000090b00000, 0x0000000090b00000| Untracked 
| 200|0x0000000090c00000, 0x0000000090c00000, 0x0000000090d00000|  0%| F|  |TAMS 0x0000000090c00000, 0x0000000090c00000| Untracked 
| 201|0x0000000090d00000, 0x0000000090d00000, 0x0000000090e00000|  0%| F|  |TAMS 0x0000000090d00000, 0x0000000090d00000| Untracked 
| 202|0x0000000090e00000, 0x0000000090e00000, 0x0000000090f00000|  0%| F|  |TAMS 0x0000000090e00000, 0x0000000090e00000| Untracked 
| 203|0x0000000090f00000, 0x0000000090f00000, 0x0000000091000000|  0%| F|  |TAMS 0x0000000090f00000, 0x0000000090f00000| Untracked 
| 204|0x0000000091000000, 0x0000000091000000, 0x0000000091100000|  0%| F|  |TAMS 0x0000000091000000, 0x0000000091000000| Untracked 
| 205|0x0000000091100000, 0x0000000091100000, 0x0000000091200000|  0%| F|  |TAMS 0x0000000091100000, 0x0000000091100000| Untracked 
| 206|0x0000000091200000, 0x0000000091200000, 0x0000000091300000|  0%| F|  |TAMS 0x0000000091200000, 0x0000000091200000| Untracked 
| 207|0x0000000091300000, 0x0000000091300000, 0x0000000091400000|  0%| F|  |TAMS 0x0000000091300000, 0x0000000091300000| Untracked 
| 208|0x0000000091400000, 0x0000000091400000, 0x0000000091500000|  0%| F|  |TAMS 0x0000000091400000, 0x0000000091400000| Untracked 
| 209|0x0000000091500000, 0x0000000091500000, 0x0000000091600000|  0%| F|  |TAMS 0x0000000091500000, 0x0000000091500000| Untracked 
| 210|0x0000000091600000, 0x0000000091600000, 0x0000000091700000|  0%| F|  |TAMS 0x0000000091600000, 0x0000000091600000| Untracked 
| 211|0x0000000091700000, 0x0000000091700000, 0x0000000091800000|  0%| F|  |TAMS 0x0000000091700000, 0x0000000091700000| Untracked 
| 212|0x0000000091800000, 0x0000000091800000, 0x0000000091900000|  0%| F|  |TAMS 0x0000000091800000, 0x0000000091800000| Untracked 
| 213|0x0000000091900000, 0x0000000091900000, 0x0000000091a00000|  0%| F|  |TAMS 0x0000000091900000, 0x0000000091900000| Untracked 
| 214|0x0000000091a00000, 0x0000000091a00000, 0x0000000091b00000|  0%| F|  |TAMS 0x0000000091a00000, 0x0000000091a00000| Untracked 
| 215|0x0000000091b00000, 0x0000000091b00000, 0x0000000091c00000|  0%| F|  |TAMS 0x0000000091b00000, 0x0000000091b00000| Untracked 
| 216|0x0000000091c00000, 0x0000000091c00000, 0x0000000091d00000|  0%| F|  |TAMS 0x0000000091c00000, 0x0000000091c00000| Untracked 
| 217|0x0000000091d00000, 0x0000000091d00000, 0x0000000091e00000|  0%| F|  |TAMS 0x0000000091d00000, 0x0000000091d00000| Untracked 
| 218|0x0000000091e00000, 0x0000000091e00000, 0x0000000091f00000|  0%| F|  |TAMS 0x0000000091e00000, 0x0000000091e00000| Untracked 
| 219|0x0000000091f00000, 0x0000000091f00000, 0x0000000092000000|  0%| F|  |TAMS 0x0000000091f00000, 0x0000000091f00000| Untracked 
| 220|0x0000000092000000, 0x0000000092000000, 0x0000000092100000|  0%| F|  |TAMS 0x0000000092000000, 0x0000000092000000| Untracked 
| 221|0x0000000092100000, 0x0000000092100000, 0x0000000092200000|  0%| F|  |TAMS 0x0000000092100000, 0x0000000092100000| Untracked 
| 222|0x0000000092200000, 0x0000000092200000, 0x0000000092300000|  0%| F|  |TAMS 0x0000000092200000, 0x0000000092200000| Untracked 
| 223|0x0000000092300000, 0x0000000092300000, 0x0000000092400000|  0%| F|  |TAMS 0x0000000092300000, 0x0000000092300000| Untracked 
| 224|0x0000000092400000, 0x0000000092400000, 0x0000000092500000|  0%| F|  |TAMS 0x0000000092400000, 0x0000000092400000| Untracked 
| 225|0x0000000092500000, 0x0000000092500000, 0x0000000092600000|  0%| F|  |TAMS 0x0000000092500000, 0x0000000092500000| Untracked 
| 226|0x0000000092600000, 0x0000000092600000, 0x0000000092700000|  0%| F|  |TAMS 0x0000000092600000, 0x0000000092600000| Untracked 
| 227|0x0000000092700000, 0x0000000092700000, 0x0000000092800000|  0%| F|  |TAMS 0x0000000092700000, 0x0000000092700000| Untracked 
| 228|0x0000000092800000, 0x0000000092800000, 0x0000000092900000|  0%| F|  |TAMS 0x0000000092800000, 0x0000000092800000| Untracked 
| 229|0x0000000092900000, 0x0000000092900000, 0x0000000092a00000|  0%| F|  |TAMS 0x0000000092900000, 0x0000000092900000| Untracked 
| 230|0x0000000092a00000, 0x0000000092a00000, 0x0000000092b00000|  0%| F|  |TAMS 0x0000000092a00000, 0x0000000092a00000| Untracked 
| 231|0x0000000092b00000, 0x0000000092b00000, 0x0000000092c00000|  0%| F|  |TAMS 0x0000000092b00000, 0x0000000092b00000| Untracked 
| 232|0x0000000092c00000, 0x0000000092c00000, 0x0000000092d00000|  0%| F|  |TAMS 0x0000000092c00000, 0x0000000092c00000| Untracked 
| 233|0x0000000092d00000, 0x0000000092d00000, 0x0000000092e00000|  0%| F|  |TAMS 0x0000000092d00000, 0x0000000092d00000| Untracked 
| 234|0x0000000092e00000, 0x0000000092e00000, 0x0000000092f00000|  0%| F|  |TAMS 0x0000000092e00000, 0x0000000092e00000| Untracked 
| 235|0x0000000092f00000, 0x0000000092f00000, 0x0000000093000000|  0%| F|  |TAMS 0x0000000092f00000, 0x0000000092f00000| Untracked 
| 236|0x0000000093000000, 0x0000000093000000, 0x0000000093100000|  0%| F|  |TAMS 0x0000000093000000, 0x0000000093000000| Untracked 
| 237|0x0000000093100000, 0x0000000093100000, 0x0000000093200000|  0%| F|  |TAMS 0x0000000093100000, 0x0000000093100000| Untracked 
| 238|0x0000000093200000, 0x0000000093200000, 0x0000000093300000|  0%| F|  |TAMS 0x0000000093200000, 0x0000000093200000| Untracked 
| 239|0x0000000093300000, 0x0000000093300000, 0x0000000093400000|  0%| F|  |TAMS 0x0000000093300000, 0x0000000093300000| Untracked 
| 240|0x0000000093400000, 0x0000000093400000, 0x0000000093500000|  0%| F|  |TAMS 0x0000000093400000, 0x0000000093400000| Untracked 
| 241|0x0000000093500000, 0x0000000093500000, 0x0000000093600000|  0%| F|  |TAMS 0x0000000093500000, 0x0000000093500000| Untracked 
| 242|0x0000000093600000, 0x0000000093600000, 0x0000000093700000|  0%| F|  |TAMS 0x0000000093600000, 0x0000000093600000| Untracked 
| 243|0x0000000093700000, 0x0000000093700000, 0x0000000093800000|  0%| F|  |TAMS 0x0000000093700000, 0x0000000093700000| Untracked 
| 244|0x0000000093800000, 0x0000000093800000, 0x0000000093900000|  0%| F|  |TAMS 0x0000000093800000, 0x0000000093800000| Untracked 
| 245|0x0000000093900000, 0x0000000093900000, 0x0000000093a00000|  0%| F|  |TAMS 0x0000000093900000, 0x0000000093900000| Untracked 
| 246|0x0000000093a00000, 0x0000000093a00000, 0x0000000093b00000|  0%| F|  |TAMS 0x0000000093a00000, 0x0000000093a00000| Untracked 
| 247|0x0000000093b00000, 0x0000000093b00000, 0x0000000093c00000|  0%| F|  |TAMS 0x0000000093b00000, 0x0000000093b00000| Untracked 

Card table byte_map: [0x00000207f2950000,0x00000207f2d30000] _byte_map_base: 0x00000207f252e000

Marking Bits (Prev, Next): (CMBitMap*) 0x00000207e887d7a0, (CMBitMap*) 0x00000207e887d760
 Prev Bits: [0x00000207f5000000, 0x00000207f6ef0000)
 Next Bits: [0x00000207f3110000, 0x00000207f5000000)

Polling page: 0x00000207f1f20000

Metaspace:

Usage:
  Non-class:     60.43 MB used.
      Class:      9.33 MB used.
       Both:     69.76 MB used.

Virtual space:
  Non-class space:       64.00 MB reserved,      60.75 MB ( 95%) committed,  1 nodes.
      Class space:        1.00 GB reserved,       9.62 MB ( <1%) committed,  1 nodes.
             Both:        1.06 GB reserved,      70.38 MB (  6%) committed. 

Chunk freelists:
   Non-Class:  3.07 MB
       Class:  2.33 MB
        Both:  5.40 MB

MaxMetaspaceSize: unlimited
CompressedClassSpaceSize: 1.00 GB
Initial GC threshold: 21.00 MB
Current GC threshold: 102.00 MB
CDS: on
MetaspaceReclaimPolicy: balanced
 - commit_granule_bytes: 65536.
 - commit_granule_words: 8192.
 - virtual_space_node_default_size: 8388608.
 - enlarge_chunks_in_place: 1.
 - new_chunks_are_fully_committed: 0.
 - uncommit_free_chunks: 1.
 - use_allocation_guard: 0.


Internal statistics:

num_allocs_failed_limit: 21.
num_arena_births: 908.
num_arena_deaths: 0.
num_vsnodes_births: 2.
num_vsnodes_deaths: 0.
num_space_committed: 1126.
num_space_uncommitted: 0.
num_chunks_returned_to_freelist: 21.
num_chunks_taken_from_freelist: 3433.
num_chunk_merges: 21.
num_chunk_splits: 2565.
num_chunks_enlarged: 2095.
num_inconsistent_stats: 0.

CodeHeap 'non-profiled nmethods': size=120000Kb used=4840Kb max_used=4860Kb free=115159Kb
 bounds [0x0000020787ad0000, 0x0000020787fa0000, 0x000002078f000000]
CodeHeap 'profiled nmethods': size=120000Kb used=14185Kb max_used=15002Kb free=105815Kb
 bounds [0x0000020780000000, 0x0000020780eb0000, 0x0000020787530000]
CodeHeap 'non-nmethods': size=5760Kb used=1461Kb max_used=1547Kb free=4298Kb
 bounds [0x0000020787530000, 0x00000207877a0000, 0x0000020787ad0000]
 total_blobs=8467 nmethods=7770 adapters=606
 compilation: enabled
              stopped_count=0, restarted_count=0
 full_count=0

Compilation events (20 events):
Event: 9.520 Thread 0x00000207f953fdb0 9400       1       org.hibernate.internal.AbstractSharedSessionContract::shouldCloseJdbcCoordinatorOnClose (2 bytes)
Event: 9.520 Thread 0x00000207f953fdb0 nmethod 9400 0x0000020787f2b990 code [0x0000020787f2bb20, 0x0000020787f2bbf8]
Event: 9.520 Thread 0x00000207f953fdb0 9401       1       org.hibernate.resource.jdbc.internal.AbstractLogicalConnectionImplementor::getResourceRegistry (5 bytes)
Event: 9.520 Thread 0x00000207f953fdb0 nmethod 9401 0x0000020787f2b690 code [0x0000020787f2b820, 0x0000020787f2b8d8]
Event: 9.520 Thread 0x00000207f953fdb0 9402       1       org.hibernate.engine.internal.StatefulPersistenceContext::getSession (5 bytes)
Event: 9.520 Thread 0x00000207f953fdb0 nmethod 9402 0x0000020787f2b390 code [0x0000020787f2b520, 0x0000020787f2b5d8]
Event: 9.521 Thread 0x00000207f953fdb0 9404       3       org.springframework.data.jpa.repository.query.HqlParser$ExpressionOrPredicateContext::expression (11 bytes)
Event: 9.521 Thread 0x00000207f953fdb0 nmethod 9404 0x00000207807e4f10 code [0x00000207807e50e0, 0x00000207807e5588]
Event: 9.521 Thread 0x00000207f953fdb0 9405       3       org.antlr.v4.runtime.CodePointBuffer$Builder::appendArrayByte (212 bytes)
Event: 9.522 Thread 0x00000207f953fdb0 nmethod 9405 0x0000020780c89810 code [0x0000020780c89cc0, 0x0000020780c8bc58]
Event: 9.524 Thread 0x00000207f953fdb0 9406       3       java.util.ArrayList::equalsArrayList (108 bytes)
Event: 9.525 Thread 0x00000207f953fdb0 nmethod 9406 0x00000207801fb810 code [0x00000207801fba20, 0x00000207801fc248]
Event: 9.542 Thread 0x00000207f953f2a0 nmethod 9315 0x0000020787f23710 code [0x0000020787f23a80, 0x0000020787f26390]
Event: 9.542 Thread 0x00000207f953f2a0 9407       4       org.antlr.v4.runtime.atn.ParserATNSimulator::getReachableTarget (23 bytes)
Event: 9.545 Thread 0x00000207f953f2a0 nmethod 9407 0x0000020787f2ab90 code [0x0000020787f2ad40, 0x0000020787f2b018]
Event: 9.545 Thread 0x00000207f953f2a0 9316       4       java.util.BitSet::<init> (26 bytes)
Event: 9.546 Thread 0x00000207f953f2a0 nmethod 9316 0x0000020787f2a790 code [0x0000020787f2a920, 0x0000020787f2aaf8]
Event: 9.546 Thread 0x00000207f953f2a0 9310       4       org.springframework.data.repository.core.support.RepositoryComposition$RepositoryFragments$$Lambda$1273/0x00000008018bfa40::test (16 bytes)
Event: 9.547 Thread 0x00000207f953f2a0 nmethod 9310 0x0000020787f23210 code [0x0000020787f233c0, 0x0000020787f23538]
Event: 9.547 Thread 0x00000207f953f2a0 9408       4       org.antlr.v4.runtime.atn.PredictionMode::hasConflictingAltSet (41 bytes)

GC Heap History (20 events):
Event: 3.063 GC heap after
{Heap after GC invocations=10 (full 0):
 garbage-first heap   total 126976K, used 46783K [0x0000000084400000, 0x0000000100000000)
  region size 1024K, 6 young (6144K), 6 survivors (6144K)
 Metaspace       used 25080K, committed 25472K, reserved 1114112K
  class space    used 3044K, committed 3264K, reserved 1048576K
}
Event: 4.301 GC heap before
{Heap before GC invocations=10 (full 0):
 garbage-first heap   total 126976K, used 95935K [0x0000000084400000, 0x0000000100000000)
  region size 1024K, 54 young (55296K), 6 survivors (6144K)
 Metaspace       used 31532K, committed 31936K, reserved 1114112K
  class space    used 3906K, committed 4096K, reserved 1048576K
}
Event: 4.310 GC heap after
{Heap after GC invocations=11 (full 0):
 garbage-first heap   total 253952K, used 51157K [0x0000000084400000, 0x0000000100000000)
  region size 1024K, 5 young (5120K), 5 survivors (5120K)
 Metaspace       used 31532K, committed 31936K, reserved 1114112K
  class space    used 3906K, committed 4096K, reserved 1048576K
}
Event: 4.892 GC heap before
{Heap before GC invocations=11 (full 0):
 garbage-first heap   total 253952K, used 99285K [0x0000000084400000, 0x0000000100000000)
  region size 1024K, 53 young (54272K), 5 survivors (5120K)
 Metaspace       used 35627K, committed 36160K, reserved 1114112K
  class space    used 4437K, committed 4672K, reserved 1048576K
}
Event: 4.898 GC heap after
{Heap after GC invocations=12 (full 0):
 garbage-first heap   total 253952K, used 52342K [0x0000000084400000, 0x0000000100000000)
  region size 1024K, 6 young (6144K), 6 survivors (6144K)
 Metaspace       used 35627K, committed 36160K, reserved 1114112K
  class space    used 4437K, committed 4672K, reserved 1048576K
}
Event: 6.676 GC heap before
{Heap before GC invocations=13 (full 0):
 garbage-first heap   total 188416K, used 156790K [0x0000000084400000, 0x0000000100000000)
  region size 1024K, 110 young (112640K), 6 survivors (6144K)
 Metaspace       used 55999K, committed 56512K, reserved 1114112K
  class space    used 7283K, committed 7552K, reserved 1048576K
}
Event: 6.688 GC heap after
{Heap after GC invocations=14 (full 0):
 garbage-first heap   total 188416K, used 57300K [0x0000000084400000, 0x0000000100000000)
  region size 1024K, 12 young (12288K), 12 survivors (12288K)
 Metaspace       used 55999K, committed 56512K, reserved 1114112K
  class space    used 7283K, committed 7552K, reserved 1048576K
}
Event: 6.697 GC heap before
{Heap before GC invocations=14 (full 0):
 garbage-first heap   total 188416K, used 58324K [0x0000000084400000, 0x0000000100000000)
  region size 1024K, 13 young (13312K), 12 survivors (12288K)
 Metaspace       used 56021K, committed 56576K, reserved 1114112K
  class space    used 7285K, committed 7552K, reserved 1048576K
}
Event: 6.706 GC heap after
{Heap after GC invocations=15 (full 0):
 garbage-first heap   total 188416K, used 57331K [0x0000000084400000, 0x0000000100000000)
  region size 1024K, 2 young (2048K), 2 survivors (2048K)
 Metaspace       used 56021K, committed 56576K, reserved 1114112K
  class space    used 7285K, committed 7552K, reserved 1048576K
}
Event: 7.091 GC heap before
{Heap before GC invocations=15 (full 0):
 garbage-first heap   total 188416K, used 81907K [0x0000000084400000, 0x0000000100000000)
  region size 1024K, 28 young (28672K), 2 survivors (2048K)
 Metaspace       used 61416K, committed 62016K, reserved 1114112K
  class space    used 8108K, committed 8384K, reserved 1048576K
}
Event: 7.094 GC heap after
{Heap after GC invocations=16 (full 0):
 garbage-first heap   total 188416K, used 58490K [0x0000000084400000, 0x0000000100000000)
  region size 1024K, 3 young (3072K), 3 survivors (3072K)
 Metaspace       used 61416K, committed 62016K, reserved 1114112K
  class space    used 8108K, committed 8384K, reserved 1048576K
}
Event: 8.849 GC heap before
{Heap before GC invocations=17 (full 0):
 garbage-first heap   total 188416K, used 146554K [0x0000000084400000, 0x0000000100000000)
  region size 1024K, 90 young (92160K), 3 survivors (3072K)
 Metaspace       used 70487K, committed 71168K, reserved 1114112K
  class space    used 9411K, committed 9728K, reserved 1048576K
}
Event: 8.860 GC heap after
{Heap after GC invocations=18 (full 0):
 garbage-first heap   total 188416K, used 66028K [0x0000000084400000, 0x0000000100000000)
  region size 1024K, 10 young (10240K), 10 survivors (10240K)
 Metaspace       used 70487K, committed 71168K, reserved 1114112K
  class space    used 9411K, committed 9728K, reserved 1048576K
}
Event: 8.863 GC heap before
{Heap before GC invocations=18 (full 0):
 garbage-first heap   total 188416K, used 67052K [0x0000000084400000, 0x0000000100000000)
  region size 1024K, 11 young (11264K), 10 survivors (10240K)
 Metaspace       used 70487K, committed 71168K, reserved 1114112K
  class space    used 9411K, committed 9728K, reserved 1048576K
}
Event: 8.872 GC heap after
{Heap after GC invocations=19 (full 0):
 garbage-first heap   total 188416K, used 66277K [0x0000000084400000, 0x0000000100000000)
  region size 1024K, 2 young (2048K), 2 survivors (2048K)
 Metaspace       used 70487K, committed 71168K, reserved 1114112K
  class space    used 9411K, committed 9728K, reserved 1048576K
}
Event: 9.192 GC heap before
{Heap before GC invocations=19 (full 0):
 garbage-first heap   total 188416K, used 148197K [0x0000000084400000, 0x0000000100000000)
  region size 1024K, 83 young (84992K), 2 survivors (2048K)
 Metaspace       used 71076K, committed 71744K, reserved 1114112K
  class space    used 9522K, committed 9856K, reserved 1048576K
}
Event: 9.198 GC heap after
{Heap after GC invocations=20 (full 0):
 garbage-first heap   total 188416K, used 69404K [0x0000000084400000, 0x0000000100000000)
  region size 1024K, 5 young (5120K), 5 survivors (5120K)
 Metaspace       used 71076K, committed 71744K, reserved 1114112K
  class space    used 9522K, committed 9856K, reserved 1048576K
}
Event: 9.345 GC heap before
{Heap before GC invocations=20 (full 0):
 garbage-first heap   total 188416K, used 151324K [0x0000000084400000, 0x0000000100000000)
  region size 1024K, 85 young (87040K), 5 survivors (5120K)
 Metaspace       used 71077K, committed 71744K, reserved 1114112K
  class space    used 9522K, committed 9856K, reserved 1048576K
}
Event: 9.355 GC heap after
{Heap after GC invocations=21 (full 0):
 garbage-first heap   total 188416K, used 73237K [0x0000000084400000, 0x0000000100000000)
  region size 1024K, 9 young (9216K), 9 survivors (9216K)
 Metaspace       used 71077K, committed 71744K, reserved 1114112K
  class space    used 9522K, committed 9856K, reserved 1048576K
}
Event: 9.549 GC heap before
{Heap before GC invocations=21 (full 0):
 garbage-first heap   total 188416K, used 152085K [0x0000000084400000, 0x0000000100000000)
  region size 1024K, 86 young (88064K), 9 survivors (9216K)
 Metaspace       used 71431K, committed 72064K, reserved 1114112K
  class space    used 9551K, committed 9856K, reserved 1048576K
}

Dll operation events (11 events):
Event: 0.017 Loaded shared library C:\Program Files\Java\jdk-19\bin\java.dll
Event: 0.083 Loaded shared library C:\Program Files\Java\jdk-19\bin\jsvml.dll
Event: 0.153 Loaded shared library C:\Program Files\Java\jdk-19\bin\net.dll
Event: 0.155 Loaded shared library C:\Program Files\Java\jdk-19\bin\nio.dll
Event: 0.157 Loaded shared library C:\Program Files\Java\jdk-19\bin\zip.dll
Event: 0.251 Loaded shared library C:\Program Files\Java\jdk-19\bin\jimage.dll
Event: 0.501 Loaded shared library C:\Program Files\Java\jdk-19\bin\management.dll
Event: 0.503 Loaded shared library C:\Program Files\Java\jdk-19\bin\management_ext.dll
Event: 1.481 Loaded shared library C:\Program Files\Java\jdk-19\bin\sunmscapi.dll
Event: 4.992 Loaded shared library C:\Program Files\Java\jdk-19\bin\verify.dll
Event: 5.376 Loaded shared library C:\Program Files\Java\jdk-19\bin\extnet.dll

Deoptimization events (20 events):
Event: 9.510 Thread 0x00000207f9574ac0 DEOPT PACKING pc=0x0000020780c342e0 sp=0x000000ab37bfb690
Event: 9.510 Thread 0x00000207f9574ac0 DEOPT UNPACKING pc=0x000002078759b0e3 sp=0x000000ab37bfac28 mode 0
Event: 9.516 Thread 0x00000207f9574ac0 DEOPT PACKING pc=0x0000020780c342bf sp=0x000000ab37bfb5f0
Event: 9.516 Thread 0x00000207f9574ac0 DEOPT UNPACKING pc=0x000002078759b0e3 sp=0x000000ab37bfab88 mode 0
Event: 9.524 Thread 0x00000207f9574ac0 DEOPT PACKING pc=0x000002078031e0c6 sp=0x000000ab37bfb420
Event: 9.524 Thread 0x00000207f9574ac0 DEOPT UNPACKING pc=0x000002078759b0e3 sp=0x000000ab37bfa8d8 mode 0
Event: 9.525 Thread 0x00000207f9574ac0 DEOPT PACKING pc=0x00000207802fae55 sp=0x000000ab37bfb650
Event: 9.525 Thread 0x00000207f9574ac0 DEOPT UNPACKING pc=0x000002078759b0e3 sp=0x000000ab37bfab40 mode 0
Event: 9.527 Thread 0x00000207f9574ac0 DEOPT PACKING pc=0x0000020780429332 sp=0x000000ab37bfb4a0
Event: 9.527 Thread 0x00000207f9574ac0 DEOPT UNPACKING pc=0x000002078759b0e3 sp=0x000000ab37bfa930 mode 0
Event: 9.528 Thread 0x00000207f9574ac0 DEOPT PACKING pc=0x0000020780c342bf sp=0x000000ab37bfb000
Event: 9.528 Thread 0x00000207f9574ac0 DEOPT UNPACKING pc=0x000002078759b0e3 sp=0x000000ab37bfa598 mode 0
Event: 9.537 Thread 0x00000207f9574ac0 DEOPT PACKING pc=0x0000020780c342bf sp=0x000000ab37bfb360
Event: 9.537 Thread 0x00000207f9574ac0 DEOPT UNPACKING pc=0x000002078759b0e3 sp=0x000000ab37bfa8f8 mode 0
Event: 9.542 Thread 0x00000207f9574ac0 DEOPT PACKING pc=0x00000207802fae55 sp=0x000000ab37bfb380
Event: 9.542 Thread 0x00000207f9574ac0 DEOPT UNPACKING pc=0x000002078759b0e3 sp=0x000000ab37bfa870 mode 0
Event: 9.542 Thread 0x00000207f9574ac0 DEOPT PACKING pc=0x0000020780a40de5 sp=0x000000ab37bfb280
Event: 9.542 Thread 0x00000207f9574ac0 DEOPT UNPACKING pc=0x000002078759b0e3 sp=0x000000ab37bfa768 mode 0
Event: 9.547 Thread 0x00000207f9574ac0 DEOPT PACKING pc=0x0000020780429332 sp=0x000000ab37bfb3f0
Event: 9.547 Thread 0x00000207f9574ac0 DEOPT UNPACKING pc=0x000002078759b0e3 sp=0x000000ab37bfa880 mode 0

Classes loaded (20 events):
Event: 8.683 Loading class jdk/internal/reflect/ByteVectorImpl
Event: 8.683 Loading class jdk/internal/reflect/ByteVector
Event: 8.683 Loading class jdk/internal/reflect/ByteVector done
Event: 8.683 Loading class jdk/internal/reflect/ByteVectorImpl done
Event: 8.683 Loading class jdk/internal/reflect/ClassFileAssembler
Event: 8.683 Loading class jdk/internal/reflect/ClassFileAssembler done
Event: 8.683 Loading class jdk/internal/reflect/UTF8
Event: 8.683 Loading class jdk/internal/reflect/UTF8 done
Event: 8.684 Loading class jdk/internal/reflect/Label
Event: 8.684 Loading class jdk/internal/reflect/Label done
Event: 8.684 Loading class jdk/internal/reflect/Label$PatchInfo
Event: 8.684 Loading class jdk/internal/reflect/Label$PatchInfo done
Event: 8.684 Loading class jdk/internal/reflect/MethodAccessorGenerator$1
Event: 8.684 Loading class jdk/internal/reflect/MethodAccessorGenerator$1 done
Event: 8.684 Loading class jdk/internal/reflect/ClassDefiner
Event: 8.684 Loading class jdk/internal/reflect/ClassDefiner done
Event: 8.684 Loading class jdk/internal/reflect/ClassDefiner$1
Event: 8.684 Loading class jdk/internal/reflect/ClassDefiner$1 done
Event: 8.684 Loading class jdk/internal/reflect/SerializationConstructorAccessorImpl
Event: 8.685 Loading class jdk/internal/reflect/SerializationConstructorAccessorImpl done

Classes unloaded (0 events):
No events

Classes redefined (0 events):
No events

Internal exceptions (20 events):
Event: 6.845 Thread 0x00000207f9574ac0 Exception <a 'java/lang/NoSuchMethodError'{0x000000008ef7af98}: 'java.lang.Object java.lang.invoke.Invokers$Holder.linkToTargetMethod(java.lang.Object, java.lang.Object, java.lang.Object, java.lang.Object, java.lang.Object, java.lang.Object, java.lang.Object, java.lang.Object, java.lang.Object, java.lang.Object, java.lang.Object, java.lang.Object)'> (0x000000008ef7af98) 
thrown [s\open\src\hotspot\share\interpreter\linkResolver.cpp, line 774]
Event: 6.891 Thread 0x00000207f9574ac0 Exception <a 'java/lang/NoSuchMethodError'{0x000000008ec03290}: 'java.lang.Object java.lang.invoke.DirectMethodHandle$Holder.newInvokeSpecial(java.lang.Object, java.lang.Object, int, java.lang.Object, int, java.lang.Object, java.lang.Object)'> (0x000000008ec03290) 
thrown [s\open\src\hotspot\share\interpreter\linkResolver.cpp, line 774]
Event: 6.913 Thread 0x00000207f9574ac0 Exception <a 'java/lang/NoSuchMethodError'{0x000000008ecf9440}: 'java.lang.Object java.lang.invoke.DirectMethodHandle$Holder.newInvokeSpecial(java.lang.Object, java.lang.Object, java.lang.Object, java.lang.Object, java.lang.Object, java.lang.Object, java.lang.Object, int)'> (0x000000008ecf9440) 
thrown [s\open\src\hotspot\share\interpreter\linkResolver.cpp, line 774]
Event: 6.914 Thread 0x00000207f9574ac0 Exception <a 'java/lang/NoSuchMethodError'{0x000000008ecfec60}: 'java.lang.Object java.lang.invoke.DirectMethodHandle$Holder.invokeSpecial(java.lang.Object, java.lang.Object, java.lang.Object, java.lang.Object, java.lang.Object, java.lang.Object, java.lang.Object, java.lang.Object, int)'> (0x000000008ecfec60) 
thrown [s\open\src\hotspot\share\interpreter\linkResolver.cpp, line 774]
Event: 6.914 Thread 0x00000207f9574ac0 Exception <a 'java/lang/NoSuchMethodError'{0x000000008eb044d8}: 'java.lang.Object java.lang.invoke.Invokers$Holder.linkToTargetMethod(java.lang.Object, java.lang.Object, java.lang.Object, java.lang.Object, java.lang.Object, java.lang.Object, int, java.lang.Object)'> (0x000000008eb044d8) 
thrown [s\open\src\hotspot\share\interpreter\linkResolver.cpp, line 774]
Event: 6.954 Thread 0x00000207f9574ac0 Exception <a 'java/lang/NoSuchMethodError'{0x000000008ea52818}: 'void java.lang.invoke.DirectMethodHandle$Holder.invokeInterface(java.lang.Object, java.lang.Object)'> (0x000000008ea52818) 
thrown [s\open\src\hotspot\share\interpreter\linkResolver.cpp, line 774]
Event: 7.338 Thread 0x00000207f9574ac0 Exception <a 'java/lang/NoSuchMethodError'{0x000000008f0e1a48}: 'java.lang.Object java.lang.invoke.DirectMethodHandle$Holder.invokeSpecial(java.lang.Object, java.lang.Object, int, java.lang.Object, int)'> (0x000000008f0e1a48) 
thrown [s\open\src\hotspot\share\interpreter\linkResolver.cpp, line 774]
Event: 7.543 Thread 0x00000207f9574ac0 Exception <a 'java/lang/IncompatibleClassChangeError'{0x000000008ea105a0}: Found class java.lang.Object, but interface was expected> (0x000000008ea105a0) 
thrown [s\open\src\hotspot\share\interpreter\linkResolver.cpp, line 841]
Event: 7.555 Thread 0x00000207f9574ac0 Exception <a 'java/lang/IncompatibleClassChangeError'{0x000000008ea96230}: Found class java.lang.Object, but interface was expected> (0x000000008ea96230) 
thrown [s\open\src\hotspot\share\interpreter\linkResolver.cpp, line 841]
Event: 7.589 Thread 0x00000207f9574ac0 Implicit null exception at 0x0000020787e1e64b to 0x0000020787e1e840
Event: 7.604 Thread 0x00000207f9574ac0 Exception <a 'java/lang/IncompatibleClassChangeError'{0x000000008e9fb890}: Found class java.lang.Object, but interface was expected> (0x000000008e9fb890) 
thrown [s\open\src\hotspot\share\interpreter\linkResolver.cpp, line 841]
Event: 8.025 Thread 0x00000207f9574ac0 Exception <a 'java/lang/IncompatibleClassChangeError'{0x000000008d7217a8}: Found class java.lang.Object, but interface was expected> (0x000000008d7217a8) 
thrown [s\open\src\hotspot\share\interpreter\linkResolver.cpp, line 841]
Event: 8.101 Thread 0x00000207f9574ac0 Exception <a 'java/lang/IncompatibleClassChangeError'{0x000000008d5f01e8}: Found class java.lang.Object, but interface was expected> (0x000000008d5f01e8) 
thrown [s\open\src\hotspot\share\interpreter\linkResolver.cpp, line 841]
Event: 8.136 Thread 0x00000207f9574ac0 Exception <a 'java/lang/NoSuchMethodError'{0x000000008d4f53e8}: 'java.lang.Object java.lang.invoke.DirectMethodHandle$Holder.invokeStatic(java.lang.Object, int, java.lang.Object)'> (0x000000008d4f53e8) 
thrown [s\open\src\hotspot\share\interpreter\linkResolver.cpp, line 774]
Event: 8.197 Thread 0x00000207f9574ac0 Exception <a 'java/lang/NoSuchMethodError'{0x000000008d1a45a0}: 'long java.lang.invoke.DirectMethodHandle$Holder.invokeVirtual(java.lang.Object, java.lang.Object)'> (0x000000008d1a45a0) 
thrown [s\open\src\hotspot\share\interpreter\linkResolver.cpp, line 774]
Event: 8.201 Thread 0x00000207f9574ac0 Exception <a 'java/io/FileNotFoundException'{0x000000008d1cc220}> (0x000000008d1cc220) 
thrown [s\open\src\hotspot\share\prims\jni.cpp, line 517]
Event: 8.332 Thread 0x00000207f9574ac0 Implicit null exception at 0x0000020787ede8d5 to 0x0000020787edea36
Event: 8.563 Thread 0x00000207f9574ac0 Exception <a 'sun/nio/fs/WindowsException'{0x000000008b8d9248}> (0x000000008b8d9248) 
thrown [s\open\src\hotspot\share\prims\jni.cpp, line 517]
Event: 8.626 Thread 0x00000207f9574ac0 Exception <a 'java/io/FileNotFoundException'{0x000000008b620170}> (0x000000008b620170) 
thrown [s\open\src\hotspot\share\prims\jni.cpp, line 517]
Event: 8.627 Thread 0x00000207f9574ac0 Exception <a 'java/io/FileNotFoundException'{0x000000008b62a188}> (0x000000008b62a188) 
thrown [s\open\src\hotspot\share\prims\jni.cpp, line 517]

VM Operations (20 events):
Event: 8.570 Executing VM operation: HandshakeAllThreads done
Event: 8.578 Executing VM operation: HandshakeAllThreads
Event: 8.579 Executing VM operation: HandshakeAllThreads done
Event: 8.579 Executing VM operation: HandshakeAllThreads
Event: 8.579 Executing VM operation: HandshakeAllThreads done
Event: 8.602 Executing VM operation: HandshakeAllThreads
Event: 8.602 Executing VM operation: HandshakeAllThreads done
Event: 8.659 Executing VM operation: ICBufferFull
Event: 8.659 Executing VM operation: ICBufferFull done
Event: 8.662 Executing VM operation: HandshakeAllThreads
Event: 8.662 Executing VM operation: HandshakeAllThreads done
Event: 8.849 Executing VM operation: G1CollectForAllocation
Event: 8.860 Executing VM operation: G1CollectForAllocation done
Event: 8.863 Executing VM operation: G1CollectForAllocation
Event: 8.872 Executing VM operation: G1CollectForAllocation done
Event: 9.192 Executing VM operation: G1CollectForAllocation
Event: 9.198 Executing VM operation: G1CollectForAllocation done
Event: 9.345 Executing VM operation: G1CollectForAllocation
Event: 9.355 Executing VM operation: G1CollectForAllocation done
Event: 9.549 Executing VM operation: G1CollectForAllocation

Events (20 events):
Event: 8.611 Thread 0x00000207f9575ab0 flushing nmethod 0x0000020780d94910
Event: 8.611 Thread 0x00000207f9575ab0 flushing nmethod 0x0000020780d96f10
Event: 8.612 Thread 0x00000207f9575ab0 flushing nmethod 0x0000020780da7d10
Event: 8.612 Thread 0x00000207f9575ab0 flushing nmethod 0x0000020780da8590
Event: 8.612 Thread 0x00000207f9575ab0 flushing nmethod 0x0000020780db0210
Event: 8.612 Thread 0x00000207f9575ab0 flushing nmethod 0x0000020780db1290
Event: 8.612 Thread 0x00000207f9575ab0 flushing nmethod 0x0000020780db2190
Event: 8.612 Thread 0x00000207f9575ab0 flushing nmethod 0x0000020780db2e90
Event: 8.612 Thread 0x00000207f9575ab0 flushing nmethod 0x0000020780db3590
Event: 8.612 Thread 0x00000207f9575ab0 flushing nmethod 0x0000020780e1b110
Event: 8.612 Thread 0x00000207f9575ab0 flushing nmethod 0x0000020780e1c710
Event: 8.612 Thread 0x00000207f9575ab0 flushing nmethod 0x0000020780e1ce10
Event: 8.612 Thread 0x00000207f9575ab0 flushing nmethod 0x0000020780e46410
Event: 8.612 Thread 0x00000207f9575ab0 flushing nmethod 0x0000020780e47290
Event: 8.612 Thread 0x00000207f9575ab0 flushing nmethod 0x0000020780e4d490
Event: 8.612 Thread 0x00000207f9575ab0 flushing nmethod 0x0000020780e4ea10
Event: 8.612 Thread 0x00000207f9575ab0 flushing nmethod 0x0000020780e51790
Event: 8.612 Thread 0x00000207f9575ab0 flushing nmethod 0x0000020780e54e10
Event: 8.612 Thread 0x00000207f9575ab0 flushing nmethod 0x0000020780e55810
Event: 8.612 Thread 0x00000207f9575ab0 flushing nmethod 0x0000020780e60f10


Dynamic libraries:
0x00007ff7352b0000 - 0x00007ff7352c0000 	C:\Program Files\Java\jdk-19\bin\javaw.exe
0x00007ffe9a4b0000 - 0x00007ffe9a6c7000 	C:\WINDOWS\SYSTEM32\ntdll.dll
0x00007ffe99350000 - 0x00007ffe99414000 	C:\WINDOWS\System32\KERNEL32.DLL
0x00007ffe97b10000 - 0x00007ffe97ebd000 	C:\WINDOWS\System32\KERNELBASE.dll
0x00007ffe97990000 - 0x00007ffe97aa1000 	C:\WINDOWS\System32\ucrtbase.dll
0x00007ffe620c0000 - 0x00007ffe620d8000 	C:\Program Files\Java\jdk-19\bin\jli.dll
0x00007ffe9a110000 - 0x00007ffe9a1c2000 	C:\WINDOWS\System32\ADVAPI32.dll
0x00007ffe9a1d0000 - 0x00007ffe9a277000 	C:\WINDOWS\System32\msvcrt.dll
0x00007ffe99630000 - 0x00007ffe996d9000 	C:\WINDOWS\System32\sechost.dll
0x00007ffe97ae0000 - 0x00007ffe97b08000 	C:\WINDOWS\System32\bcrypt.dll
0x00007ffe99420000 - 0x00007ffe99534000 	C:\WINDOWS\System32\RPCRT4.dll
0x00007ffe98c00000 - 0x00007ffe98dae000 	C:\WINDOWS\System32\USER32.dll
0x00007ffe97ab0000 - 0x00007ffe97ad6000 	C:\WINDOWS\System32\win32u.dll
0x00007ffe98360000 - 0x00007ffe98389000 	C:\WINDOWS\System32\GDI32.dll
0x00007ffe977d0000 - 0x00007ffe978e9000 	C:\WINDOWS\System32\gdi32full.dll
0x00007ffe978f0000 - 0x00007ffe9798a000 	C:\WINDOWS\System32\msvcp_win.dll
0x00007ffe7c360000 - 0x00007ffe7c5f3000 	C:\WINDOWS\WinSxS\amd64_microsoft.windows.common-controls_6595b64144ccf1df_6.0.22621.3672_none_2713b9d173822955\COMCTL32.dll
0x00007ffe8cba0000 - 0x00007ffe8cbaa000 	C:\WINDOWS\SYSTEM32\VERSION.dll
0x00007ffe8c740000 - 0x00007ffe8c75b000 	C:\Program Files\Java\jdk-19\bin\VCRUNTIME140.dll
0x00007ffe98510000 - 0x00007ffe98541000 	C:\WINDOWS\System32\IMM32.DLL
0x00007ffe812d0000 - 0x00007ffe812dc000 	C:\Program Files\Java\jdk-19\bin\vcruntime140_1.dll
0x00007ffe61d00000 - 0x00007ffe61d8e000 	C:\Program Files\Java\jdk-19\bin\msvcp140.dll
0x00007ffe17e60000 - 0x00007ffe18b20000 	C:\Program Files\Java\jdk-19\bin\server\jvm.dll
0x00007ffe8c760000 - 0x00007ffe8c769000 	C:\WINDOWS\SYSTEM32\WSOCK32.dll
0x00007ffe9a280000 - 0x00007ffe9a2f1000 	C:\WINDOWS\System32\WS2_32.dll
0x00007ffe8e010000 - 0x00007ffe8e044000 	C:\WINDOWS\SYSTEM32\WINMM.dll
0x00007ffe967f0000 - 0x00007ffe96808000 	C:\WINDOWS\SYSTEM32\kernel.appcore.dll
0x00007ffe739d0000 - 0x00007ffe739da000 	C:\Program Files\Java\jdk-19\bin\jimage.dll
0x00007ffe95c30000 - 0x00007ffe95e62000 	C:\WINDOWS\SYSTEM32\DBGHELP.DLL
0x00007ffe98db0000 - 0x00007ffe9913e000 	C:\WINDOWS\System32\combase.dll
0x00007ffe98260000 - 0x00007ffe98337000 	C:\WINDOWS\System32\OLEAUT32.dll
0x00007ffe7b1b0000 - 0x00007ffe7b1e2000 	C:\WINDOWS\SYSTEM32\dbgcore.DLL
0x00007ffe97ec0000 - 0x00007ffe97f3b000 	C:\WINDOWS\System32\bcryptPrimitives.dll
0x00007ffe61cd0000 - 0x00007ffe61cf6000 	C:\Program Files\Java\jdk-19\bin\java.dll
0x00007ffe4ade0000 - 0x00007ffe4aeb7000 	C:\Program Files\Java\jdk-19\bin\jsvml.dll
0x00007ffe996e0000 - 0x00007ffe99f47000 	C:\WINDOWS\System32\SHELL32.dll
0x00007ffe95270000 - 0x00007ffe95b6f000 	C:\WINDOWS\SYSTEM32\windows.storage.dll
0x00007ffe95130000 - 0x00007ffe9526f000 	C:\WINDOWS\SYSTEM32\wintypes.dll
0x00007ffe98410000 - 0x00007ffe98509000 	C:\WINDOWS\System32\SHCORE.dll
0x00007ffe98ba0000 - 0x00007ffe98bfe000 	C:\WINDOWS\System32\shlwapi.dll
0x00007ffe97700000 - 0x00007ffe97727000 	C:\WINDOWS\SYSTEM32\profapi.dll
0x00007ffe5dc00000 - 0x00007ffe5dc13000 	C:\Program Files\Java\jdk-19\bin\net.dll
0x00007ffe90240000 - 0x00007ffe90376000 	C:\WINDOWS\SYSTEM32\WINHTTP.dll
0x00007ffe96c70000 - 0x00007ffe96cd9000 	C:\WINDOWS\system32\mswsock.dll
0x00007ffe5ced0000 - 0x00007ffe5cee6000 	C:\Program Files\Java\jdk-19\bin\nio.dll
0x00007ffe61cb0000 - 0x00007ffe61cc8000 	C:\Program Files\Java\jdk-19\bin\zip.dll
0x00007ffe6d000000 - 0x00007ffe6d00a000 	C:\Program Files\Java\jdk-19\bin\management.dll
0x00007ffe6c4d0000 - 0x00007ffe6c4db000 	C:\Program Files\Java\jdk-19\bin\management_ext.dll
0x00007ffe9a100000 - 0x00007ffe9a108000 	C:\WINDOWS\System32\PSAPI.DLL
0x00007ffe6da20000 - 0x00007ffe6da2e000 	C:\Program Files\Java\jdk-19\bin\sunmscapi.dll
0x00007ffe98000000 - 0x00007ffe98166000 	C:\WINDOWS\System32\CRYPT32.dll
0x00007ffe970a0000 - 0x00007ffe970ce000 	C:\WINDOWS\SYSTEM32\ncrypt.dll
0x00007ffe97060000 - 0x00007ffe97097000 	C:\WINDOWS\SYSTEM32\NTASN1.dll
0x00007ffe96ee0000 - 0x00007ffe96efb000 	C:\WINDOWS\SYSTEM32\CRYPTSP.dll
0x00007ffe96750000 - 0x00007ffe96785000 	C:\WINDOWS\system32\rsaenh.dll
0x00007ffe96d60000 - 0x00007ffe96d88000 	C:\WINDOWS\SYSTEM32\USERENV.dll
0x00007ffe96f00000 - 0x00007ffe96f0c000 	C:\WINDOWS\SYSTEM32\CRYPTBASE.dll
0x00007ffe96250000 - 0x00007ffe9627d000 	C:\WINDOWS\SYSTEM32\IPHLPAPI.DLL
0x00007ffe9a300000 - 0x00007ffe9a309000 	C:\WINDOWS\System32\NSI.dll
0x00007ffe90200000 - 0x00007ffe90219000 	C:\WINDOWS\SYSTEM32\dhcpcsvc6.DLL
0x00007ffe901e0000 - 0x00007ffe901ff000 	C:\WINDOWS\SYSTEM32\dhcpcsvc.DLL
0x00007ffe96280000 - 0x00007ffe96378000 	C:\WINDOWS\SYSTEM32\DNSAPI.dll
0x00007ffe6e160000 - 0x00007ffe6e170000 	C:\Program Files\Java\jdk-19\bin\verify.dll
0x00007ffe8caf0000 - 0x00007ffe8cafa000 	C:\Windows\System32\rasadhlp.dll
0x00007ffe8cd50000 - 0x00007ffe8cdd3000 	C:\WINDOWS\System32\fwpuclnt.dll
0x00007ffe6c170000 - 0x00007ffe6c178000 	C:\Program Files\Java\jdk-19\bin\extnet.dll

dbghelp: loaded successfully - version: 4.0.5 - missing functions: none
symbol engine: initialized successfully - sym options: 0x614 - pdb path: .;C:\Program Files\Java\jdk-19\bin;C:\WINDOWS\SYSTEM32;C:\WINDOWS\WinSxS\amd64_microsoft.windows.common-controls_6595b64144ccf1df_6.0.22621.3672_none_2713b9d173822955;C:\Program Files\Java\jdk-19\bin\server

VM Arguments:
jvm_args: -Dfile.encoding=UTF-8 -Dstdout.encoding=UTF-8 -Dstderr.encoding=UTF-8 -XX:+ShowCodeDetailsInExceptionMessages 
java_command: com.DatnStfBeApplication
java_class_path (initial): D:\Git_DATN\backend\target\classes;C:\Users\Dell\.m2\repository\org\springframework\boot\spring-boot-starter-web\3.3.2\spring-boot-starter-web-3.3.2.jar;C:\Users\Dell\.m2\repository\org\springframework\boot\spring-boot-starter\3.3.2\spring-boot-starter-3.3.2.jar;C:\Users\Dell\.m2\repository\org\springframework\boot\spring-boot-starter-logging\3.3.2\spring-boot-starter-logging-3.3.2.jar;C:\Users\Dell\.m2\repository\ch\qos\logback\logback-classic\1.5.6\logback-classic-1.5.6.jar;C:\Users\Dell\.m2\repository\ch\qos\logback\logback-core\1.5.6\logback-core-1.5.6.jar;C:\Users\Dell\.m2\repository\org\apache\logging\log4j\log4j-to-slf4j\2.23.1\log4j-to-slf4j-2.23.1.jar;C:\Users\Dell\.m2\repository\org\slf4j\jul-to-slf4j\2.0.13\jul-to-slf4j-2.0.13.jar;C:\Users\Dell\.m2\repository\org\yaml\snakeyaml\2.2\snakeyaml-2.2.jar;C:\Users\Dell\.m2\repository\org\springframework\boot\spring-boot-starter-json\3.3.2\spring-boot-starter-json-3.3.2.jar;C:\Users\Dell\.m2\repository\com\fasterxml\jackson\datatype\jackson-datatype-jdk8\2.17.2\jackson-datatype-jdk8-2.17.2.jar;C:\Users\Dell\.m2\repository\com\fasterxml\jackson\datatype\jackson-datatype-jsr310\2.17.2\jackson-datatype-jsr310-2.17.2.jar;C:\Users\Dell\.m2\repository\com\fasterxml\jackson\module\jackson-module-parameter-names\2.17.2\jackson-module-parameter-names-2.17.2.jar;C:\Users\Dell\.m2\repository\org\springframework\spring-web\6.1.11\spring-web-6.1.11.jar;C:\Users\Dell\.m2\repository\org\springframework\spring-beans\6.1.11\spring-beans-6.1.11.jar;C:\Users\Dell\.m2\repository\io\micrometer\micrometer-observation\1.13.2\micrometer-observation-1.13.2.jar;C:\Users\Dell\.m2\repository\io\micrometer\micrometer-commons\1.13.2\micrometer-commons-1.13.2.jar;C:\Users\Dell\.m2\repository\org\springframework\spring-webmvc\6.1.11\spring-webmvc-6.1.11.jar;C:\Users\Dell\.m2\repository\org\springframework\spring-context\6.1.11\spring-context-6.1.11.jar;C:\Users\Dell\.m2\repository\org\springframework\spring-expression\6.1.11\spring-expression-6.1.11.jar;C:\Users\Dell\.m2\repository\org\springframework\boot\spring-boot-starter-tomcat\3.3.2\spring-boot-starter-tomcat-3.3.2.jar;C:\Users\Dell\.m2\repository\jakarta\annotation\jakarta.annotation-api\2.1.1\jakarta.annotation-api-2.1.1.jar;C:\Users\Dell\.m2\repository\org\apache\tomcat\embed\tomcat-embed-core\10.1.26\tomcat-embed-core-10.1.26.jar;C:\Users\Dell\.m2\repository\org\apache\tomcat\embed\tomcat-embed-el\10.1.26\tomcat-embed-el-10.1.26.jar;C:\Users\Dell\.m2\repository\org\apache\tomcat\embed\tomcat-embed-websocket\10.1.26\tomcat-embed-websocket-10.1.26.jar;C:\Users\Dell\.m2\repository\org\slf4j\slf4j-api\2.0.13\slf4j-api-2.0.13.jar;C:\Users\Dell\.m2\repository\jakarta\xml\bind\jakarta.xml.bind-api\4.0.2\jakarta.xml.bind-api-4.0.2.jar;C:\Users\Dell\.m2\repository\jakarta\activation\jakarta.activation-api\2.1.3\jakarta.activation-api-2.1.3.jar;C:\Users\Dell\.m2\repository\net\bytebuddy\byte-buddy\1.14.18\byte-buddy-1.14.18.jar;C:\Users\Dell\.m2\repository\org\springframework\spring-core\6.1.11\spring-core-6.1.11.jar;C:\Users\Dell\.m2\repository\org\springframework\spring-jcl\6.1.11\spring-jcl-6.1.11.jar;C:\Users\Dell\.m2\repository\org\springframework\boot\spring-boot-starter-security\3.3.2\spring-boot-starter-security-3.3.2.jar;C:\Users\Dell\.m2\repository\org\springframework\spring-aop\6.1.11\spring-aop-6.1.11.jar;C:\Users\Dell\.m2\repository\org\springframework\security\spring-security-config\6.3.1\spring-security-config-6.3.1.jar;C:\Users\Dell\.m2\repository\org\springframework\security\spring-security-web\6.3.1\spring-security-web-6.3.1.jar;C:\Users\Dell\.m2\repository\org\springframework\security\spring-security-core\6.3.1\spring-security-core-6.3.1.jar;C:\Users\Dell\.m2\repository\org\springframework\security\spring-security-crypto\6.3.1\spring-security-crypto-6.3.1.jar;C:\Users\Dell\.m2\repository\org\springframework\boot\spring-boot-devtools\3.3.2\spring-boot-devtools-3.3.2.jar;C:\Users\Dell\.m2\repository\org\springframework\boot\spring-boot\3.3.2\spring-boot-3.3.2.jar;C:\Users\Dell\.m2\repository\org\springframework\boot\spring-boot-autoconfigure\3.3.2\spring-boot-autoconfigure-3.3.2.jar;C:\Users\Dell\.m2\repository\org\projectlombok\lombok\1.18.34\lombok-1.18.34.jar;C:\Users\Dell\.m2\repository\org\springframework\boot\spring-boot-starter-data-jpa\3.3.2\spring-boot-starter-data-jpa-3.3.2.jar;C:\Users\Dell\.m2\repository\org\springframework\boot\spring-boot-starter-aop\3.3.2\spring-boot-starter-aop-3.3.2.jar;C:\Users\Dell\.m2\repository\org\aspectj\aspectjweaver\1.9.22.1\aspectjweaver-1.9.22.1.jar;C:\Users\Dell\.m2\repository\org\springframework\boot\spring-boot-starter-jdbc\3.3.2\spring-boot-starter-jdbc-3.3.2.jar;C:\Users\Dell\.m2\repository\com\zaxxer\HikariCP\5.1.0\HikariCP-5.1.0.jar;C:\Users\Dell\.m2\repository\org\springframework\spring-jdbc\6.1.11\spring-jdbc-6.1.11.jar;C:\Users\Dell\.m2\repository\org\hibernate\orm\hibernate-core\6.5.2.Final\hibernate-core-6.5.2.Final.jar;C:\Users\Dell\.m2\repository\jakarta\persistence\jakarta.persistence-api\3.1.0\jakarta.persistence-api-3.1.0.jar;C:\Users\Dell\.m2\repository\jakarta\transaction\jakarta.transaction-api\2.0.1\jakarta.transaction-api-2.0.1.jar;C:\Users\Dell\.m2\repository\org\hibernate\common\hibernate-commons-annotations\6.0.6.Final\hibernate-commons-annotations-6.0.6.Final.jar;C:\Users\Dell\.m2\repository\io\smallrye\jandex\3.1.2\jandex-3.1.2.jar;C:\Users\Dell\.m2\repository\org\glassfish\jaxb\jaxb-runtime\4.0.5\jaxb-runtime-4.0.5.jar;C:\Users\Dell\.m2\repository\org\glassfish\jaxb\jaxb-core\4.0.5\jaxb-core-4.0.5.jar;C:\Users\Dell\.m2\repository\org\glassfish\jaxb\txw2\4.0.5\txw2-4.0.5.jar;C:\Users\Dell\.m2\repository\com\sun\istack\istack-commons-runtime\4.1.2\istack-commons-runtime-4.1.2.jar;C:\Users\Dell\.m2\repository\jakarta\inject\jakarta.inject-api\2.0.1\jakarta.inject-api-2.0.1.jar;C:\Users\Dell\.m2\repository\org\antlr\antlr4-runtime\4.13.0\antlr4-runtime-4.13.0.jar;C:\Users\Dell\.m2\repository\org\springframework\data\spring-data-jpa\3.3.2\spring-data-jpa-3.3.2.jar;C:\Users\Dell\.m2\repository\org\springframework\data\spring-data-commons\3.3.2\spring-data-commons-3.3.2.jar;C:\Users\Dell\.m2\repository\org\springframework\spring-orm\6.1.11\spring-orm-6.1.11.jar;C:\Users\Dell\.m2\repository\org\springframework\spring-tx\6.1.11\spring-tx-6.1.11.jar;C:\Users\Dell\.m2\repository\org\springframework\spring-aspects\6.1.11\spring-aspects-6.1.11.jar;C:\Users\Dell\.m2\repository\mysql\mysql-connector-java\8.0.30\mysql-connector-java-8.0.30.jar;C:\Users\Dell\.m2\repository\com\google\protobuf\protobuf-java\3.19.4\protobuf-java-3.19.4.jar;C:\Users\Dell\.m2\repository\org\hibernate\validator\hibernate-validator\8.0.1.Final\hibernate-validator-8.0.1.Final.jar;C:\Users\Dell\.m2\repository\jakarta\validation\jakarta.validation-api\3.0.2\jakarta.validation-api-3.0.2.jar;C:\Users\Dell\.m2\repository\org\jboss\logging\jboss-logging\3.5.3.Final\jboss-logging-3.5.3.Final.jar;C:\Users\Dell\.m2\repository\com\fasterxml\classmate\1.7.0\classmate-1.7.0.jar;C:\Users\Dell\.m2\repository\io\jsonwebtoken\jjwt-impl\0.12.5\jjwt-impl-0.12.5.jar;C:\Users\Dell\.m2\repository\io\jsonwebtoken\jjwt-api\0.12.5\jjwt-api-0.12.5.jar;C:\Users\Dell\.m2\repository\io\jsonwebtoken\jjwt-jackson\0.12.5\jjwt-jackson-0.12.5.jar;C:\Users\Dell\.m2\repository\com\fasterxml\jackson\core\jackson-databind\2.17.2\jackson-databind-2.17.2.jar;C:\Users\Dell\.m2\repository\com\fasterxml\jackson\core\jackson-annotations\2.17.2\jackson-annotations-2.17.2.jar;C:\Users\Dell\.m2\repository\com\fasterxml\jackson\core\jackson-core\2.17.2\jackson-core-2.17.2.jar;C:\Users\Dell\.m2\repository\org\apache\poi\poi\5.2.3\poi-5.2.3.jar;C:\Users\Dell\.m2\repository\org\apache\commons\commons-collections4\4.4\commons-collections4-4.4.jar;C:\Users\Dell\.m2\repository\org\apache\commons\commons-math3\3.6.1\commons-math3-3.6.1.jar;C:\Users\Dell\.m2\repository\commons-io\commons-io\2.11.0\commons-io-2.11.0.jar;C:\Users\Dell\.m2\repository\com\zaxxer\SparseBitSet\1.2\SparseBitSet-1.2.jar;C:\Users\Dell\.m2\repository\org\apache\logging\log4j\log4j-api\2.23.1\log4j-api-2.23.1.jar;C:\Users\Dell\.m2\repository\org\apache\poi\poi-ooxml\5.2.3\poi-ooxml-5.2.3.jar;C:\Users\Dell\.m2\repository\org\apache\poi\poi-ooxml-lite\5.2.3\poi-ooxml-lite-5.2.3.jar;C:\Users\Dell\.m2\repository\org\apache\xmlbeans\xmlbeans\5.1.1\xmlbeans-5.1.1.jar;C:\Users\Dell\.m2\repository\org\apache\commons\commons-compress\1.21\commons-compress-1.21.jar;C:\Users\Dell\.m2\repository\com\github\virtuald\curvesapi\1.07\curvesapi-1.07.jar;C:\Users\Dell\.m2\repository\org\modelmapper\modelmapper\3.1.0\modelmapper-3.1.0.jar;C:\Users\Dell\.m2\repository\org\apache\commons\commons-lang3\3.12.0\commons-lang3-3.12.0.jar;C:\Users\Dell\.m2\repository\org\springframework\boot\spring-boot-starter-mail\3.3.2\spring-boot-starter-mail-3.3.2.jar;C:\Users\Dell\.m2\repository\org\springframework\spring-context-support\6.1.11\spring-context-support-6.1.11.jar;C:\Users\Dell\.m2\repository\org\eclipse\angus\jakarta.mail\2.0.3\jakarta.mail-2.0.3.jar;C:\Users\Dell\.m2\repository\org\eclipse\angus\angus-activation\2.0.2\angus-activation-2.0.2.jar;C:\Users\Dell\.m2\repository\commons-codec\commons-codec\1.10\commons-codec-1.10.jar
Launcher Type: SUN_STANDARD

[Global flags]
     intx CICompilerCount                          = 3                                         {product} {ergonomic}
     uint ConcGCThreads                            = 1                                         {product} {ergonomic}
     uint G1ConcRefinementThreads                  = 4                                         {product} {ergonomic}
   size_t G1HeapRegionSize                         = 1048576                                   {product} {ergonomic}
    uintx GCDrainStackTargetSize                   = 64                                        {product} {ergonomic}
   size_t InitialHeapSize                          = 130023424                                 {product} {ergonomic}
   size_t MarkStackSize                            = 4194304                                   {product} {ergonomic}
   size_t MaxHeapSize                              = 2076180480                                {product} {ergonomic}
   size_t MaxNewSize                               = 1245708288                                {product} {ergonomic}
   size_t MinHeapDeltaBytes                        = 1048576                                   {product} {ergonomic}
   size_t MinHeapSize                              = 8388608                                   {product} {ergonomic}
    uintx NonNMethodCodeHeapSize                   = 5832780                                {pd product} {ergonomic}
    uintx NonProfiledCodeHeapSize                  = 122912730                              {pd product} {ergonomic}
    uintx ProfiledCodeHeapSize                     = 122912730                              {pd product} {ergonomic}
    uintx ReservedCodeCacheSize                    = 251658240                              {pd product} {ergonomic}
     bool SegmentedCodeCache                       = true                                      {product} {ergonomic}
     bool ShowCodeDetailsInExceptionMessages       = true                                   {manageable} {command line}
   size_t SoftMaxHeapSize                          = 2076180480                             {manageable} {ergonomic}
     bool UseCompressedClassPointers               = true                           {product lp64_product} {ergonomic}
     bool UseCompressedOops                        = true                           {product lp64_product} {ergonomic}
     bool UseG1GC                                  = true                                      {product} {ergonomic}
     bool UseLargePagesIndividualAllocation        = false                                  {pd product} {ergonomic}

Logging:
Log output configuration:
 #0: stdout all=warning uptime,level,tags foldmultilines=false
 #1: stderr all=off uptime,level,tags foldmultilines=false

Environment Variables:
CLASSPATH=%CLASSPATH%;%JUNIT_HOME%\junit-4.13.2.jar;.;;C:\Junit4\junit-4.13.2.jar;.;;C:\Junit4\junit-4.13.2.jar;.;
PATH=C:\Program Files\Common Files\Oracle\Java\javapath;C:\WINDOWS\system32;C:\WINDOWS;C:\WINDOWS\System32\Wbem;C:\WINDOWS\System32\WindowsPowerShell\v1.0\;C:\WINDOWS\System32\OpenSSH\;C:\Program Files\dotnet\;C:\Program Files (x86)\Microsoft SQL Server\160\Tools\Binn\;C:\Program Files\Microsoft SQL Server\160\Tools\Binn\;C:\Program Files\Microsoft SQL Server\Client SDK\ODBC\170\Tools\Binn\;C:\Program Files\Microsoft SQL Server\160\DTS\Binn\;C:\Program Files (x86)\Microsoft SQL Server\160\DTS\Binn\;C:\apache-maven-3.9.6\bin;C:\Program Files\Git\cmd;C:\Users\Dell\AppData\Roaming\nvm;C:\Program Files\nodejs;C:\Program Files\nodejs\;C:\Users\Dell\AppData\Local\Microsoft\WindowsApps;C:\Users\Dell\AppData\Local\Programs\Microsoft VS Code\bin;C:\Program Files\Azure Data Studio\bin;C:\Users\Dell\AppData\Roaming\nvm;C:\Program Files\nodejs;C:\Users\Dell\AppData\Roaming\npm
USERNAME=Dell
OS=Windows_NT
PROCESSOR_IDENTIFIER=Intel64 Family 6 Model 140 Stepping 1, GenuineIntel
TMP=C:\Users\Dell\AppData\Local\Temp
TEMP=C:\Users\Dell\AppData\Local\Temp



---------------  S Y S T E M  ---------------

OS:
 Windows 11 , 64 bit Build 22621 (10.0.22621.3958)
OS uptime: 1 days 8:51 hours
Hyper-V role detected

CPU: total 4 (initial active 4) (2 cores per cpu, 2 threads per core) family 6 model 140 stepping 1 microcode 0xb4, cx8, cmov, fxsr, ht, mmx, 3dnowpref, sse, sse2, sse3, ssse3, sse4.1, sse4.2, popcnt, lzcnt, tsc, tscinvbit, avx, avx2, aes, erms, clmul, bmi1, bmi2, adx, avx512f, avx512dq, avx512cd, avx512bw, avx512vl, sha, fma, vzeroupper, avx512_vpopcntdq, avx512_vpclmulqdq, avx512_vaes, avx512_vnni, clflush, clflushopt, clwb, avx512_vbmi2, avx512_vbmi, hv, rdtscp, rdpid, fsrm, gfni, avx512_bitalg

Memory: 4k page, system-wide physical 7914M (423M free)
TotalPageFile size 15338M (AvailPageFile size 40M)
current process WorkingSet (physical memory assigned to process): 394M, peak: 399M
current process commit charge ("private bytes"): 491M, peak: 795M

vm_info: Java HotSpot(TM) 64-Bit Server VM (19.0.2+7-44) for windows-amd64 JRE (19.0.2+7-44), built on 2022-11-30T18:02:09Z by "mach5one" with MS VC++ 17.1 (VS2022)

END.
