#
# There is insufficient memory for the Java Runtime Environment to continue.
# Native memory allocation (mmap) failed to map 224395264 bytes for G1 virtual space
# Possible reasons:
#   The system is out of physical RAM or swap space
#   The process is running with CompressedOops enabled, and the Java Heap may be blocking the growth of the native heap
# Possible solutions:
#   Reduce memory load on the system
#   Increase physical memory or swap space
#   Check if swap backing store is full
#   Decrease Java heap size (-Xmx/-Xms)
#   Decrease number of Java threads
#   Decrease Java thread stack sizes (-Xss)
#   Set larger code cache with -XX:ReservedCodeCacheSize=
#   JVM is running with Unscaled Compressed Oops mode in which the Java heap is
#     placed in the first 4GB address space. The Java Heap base address is the
#     maximum limit for the native heap growth. Please use -XX:HeapBaseMinAddress
#     to set the Java Heap base and to place the Java Heap above 4GB virtual address.
# This output file may be truncated or incomplete.
#
#  Out of Memory Error (os_windows.cpp:3536), pid=14128, tid=11728
#
# JRE version: Java(TM) SE Runtime Environment (19.0.2+7) (build 19.0.2+7-44)
# Java VM: Java HotSpot(TM) 64-Bit Server VM (19.0.2+7-44, mixed mode, sharing, tiered, compressed oops, compressed class ptrs, g1 gc, windows-amd64)
# No core dump will be written. Minidumps are not enabled by default on client versions of Windows
#

---------------  S U M M A R Y ------------

Command Line: -Dfile.encoding=UTF-8 -Dstdout.encoding=UTF-8 -Dstderr.encoding=UTF-8 -XX:+ShowCodeDetailsInExceptionMessages com.DatnStfBeApplication

Host: 11th Gen Intel(R) Core(TM) i3-1115G4 @ 3.00GHz, 4 cores, 7G,  Windows 11 , 64 bit Build 22621 (10.0.22621.3958)
Time: Sun Sep 15 00:21:38 2024 SE Asia Standard Time elapsed time: 9.802986 seconds (0d 0h 0m 9s)

---------------  T H R E A D  ---------------

Current thread (0x000001b25f8c4ce0):  VMThread "VM Thread" [stack: 0x00000030df100000,0x00000030df200000] [id=11728]

Stack: [0x00000030df100000,0x00000030df200000]
Native frames: (J=compiled Java code, j=interpreted, Vv=VM code, C=native code)
V  [jvm.dll+0x6ee21a]
V  [jvm.dll+0x85765e]
V  [jvm.dll+0x85904e]
V  [jvm.dll+0x859703]
V  [jvm.dll+0x28298f]
V  [jvm.dll+0x6eb009]
V  [jvm.dll+0x6dfbaa]
V  [jvm.dll+0x3573f6]
V  [jvm.dll+0x35ee56]
V  [jvm.dll+0x3b541e]
V  [jvm.dll+0x3b564f]
V  [jvm.dll+0x32c9ea]
V  [jvm.dll+0x32ca97]
V  [jvm.dll+0x374cd2]
V  [jvm.dll+0x37340f]
V  [jvm.dll+0x32c210]
V  [jvm.dll+0x3729ab]
V  [jvm.dll+0x85ebc3]
V  [jvm.dll+0x85f989]
V  [jvm.dll+0x85febd]
V  [jvm.dll+0x86034b]
V  [jvm.dll+0x860407]
V  [jvm.dll+0x80125a]
V  [jvm.dll+0x6ecf0b]
C  [ucrtbase.dll+0x29333]
C  [KERNEL32.DLL+0x1257d]
C  [ntdll.dll+0x5af28]

VM_Operation (0x00000030e04fbb00): G1CollectForAllocation, mode: safepoint, requested by thread 0x000001b2645ffc60


---------------  P R O C E S S  ---------------

Threads class SMR info:
_java_thread_list=0x000001b268678780, length=20, elements={
0x000001b23fbdde80, 0x000001b25f8df7b0, 0x000001b25f8e4100, 0x000001b25f8e58b0,
0x000001b25f8e71f0, 0x000001b25f8e7b20, 0x000001b25f8e8450, 0x000001b25f8e90b0,
0x000001b263c1ba80, 0x000001b263c1f7c0, 0x000001b263ce4d20, 0x000001b263cf0910,
0x000001b26479d6c0, 0x000001b2645ffc60, 0x000001b26657fd10, 0x000001b263c6c470,
0x000001b265d1a640, 0x000001b266f73c80, 0x000001b2680563f0, 0x000001b2682db5f0
}

Java Threads: ( => current thread )
  0x000001b23fbdde80 JavaThread "main" [_thread_blocked, id=8092, stack(0x00000030deb00000,0x00000030dec00000)]
  0x000001b25f8df7b0 JavaThread "Reference Handler" daemon [_thread_blocked, id=16736, stack(0x00000030df200000,0x00000030df300000)]
  0x000001b25f8e4100 JavaThread "Finalizer" daemon [_thread_blocked, id=8940, stack(0x00000030df300000,0x00000030df400000)]
  0x000001b25f8e58b0 JavaThread "Signal Dispatcher" daemon [_thread_blocked, id=6568, stack(0x00000030df400000,0x00000030df500000)]
  0x000001b25f8e71f0 JavaThread "Attach Listener" daemon [_thread_blocked, id=9908, stack(0x00000030df500000,0x00000030df600000)]
  0x000001b25f8e7b20 JavaThread "Service Thread" daemon [_thread_blocked, id=2644, stack(0x00000030df600000,0x00000030df700000)]
  0x000001b25f8e8450 JavaThread "Monitor Deflation Thread" daemon [_thread_blocked, id=13580, stack(0x00000030df700000,0x00000030df800000)]
  0x000001b25f8e90b0 JavaThread "C2 CompilerThread0" daemon [_thread_blocked, id=6532, stack(0x00000030df800000,0x00000030df900000)]
  0x000001b263c1ba80 JavaThread "C1 CompilerThread0" daemon [_thread_blocked, id=18404, stack(0x00000030df900000,0x00000030dfa00000)]
  0x000001b263c1f7c0 JavaThread "Sweeper thread" daemon [_thread_blocked, id=14084, stack(0x00000030dfa00000,0x00000030dfb00000)]
  0x000001b263ce4d20 JavaThread "Notification Thread" daemon [_thread_blocked, id=14944, stack(0x00000030dfb00000,0x00000030dfc00000)]
  0x000001b263cf0910 JavaThread "Common-Cleaner" daemon [_thread_blocked, id=10060, stack(0x00000030dfd00000,0x00000030dfe00000)]
  0x000001b26479d6c0 JavaThread "Thread-0" [_thread_blocked, id=14064, stack(0x00000030e0300000,0x00000030e0400000)]
  0x000001b2645ffc60 JavaThread "restartedMain" [_thread_blocked, id=3956, stack(0x00000030e0400000,0x00000030e0500000)]
  0x000001b26657fd10 JavaThread "mysql-cj-abandoned-connection-cleanup" daemon [_thread_blocked, id=12132, stack(0x00000030e0500000,0x00000030e0600000)]
  0x000001b263c6c470 JavaThread "HikariPool-1 housekeeper" daemon [_thread_blocked, id=16124, stack(0x00000030e0700000,0x00000030e0800000)]
  0x000001b265d1a640 JavaThread "HikariPool-1 connection adder" daemon [_thread_blocked, id=840, stack(0x00000030e0800000,0x00000030e0900000)]
  0x000001b266f73c80 JavaThread "Catalina-utility-1" [_thread_blocked, id=11620, stack(0x00000030dff00000,0x00000030e0000000)]
  0x000001b2680563f0 JavaThread "Catalina-utility-2" [_thread_blocked, id=7004, stack(0x00000030e0900000,0x00000030e0a00000)]
  0x000001b2682db5f0 JavaThread "container-0" [_thread_blocked, id=9060, stack(0x00000030e0a00000,0x00000030e0b00000)]

Other Threads:
=>0x000001b25f8c4ce0 VMThread "VM Thread" [stack: 0x00000030df100000,0x00000030df200000] [id=11728]
  0x000001b263cec2a0 WatcherThread "VM Periodic Task Thread" [stack: 0x00000030dfc00000,0x00000030dfd00000] [id=6132]
  0x000001b23fc3ce00 WorkerThread "GC Thread#0" [stack: 0x00000030dec00000,0x00000030ded00000] [id=5944]
  0x000001b264324ea0 WorkerThread "GC Thread#1" [stack: 0x00000030e0000000,0x00000030e0100000] [id=18476]
  0x000001b264364fc0 WorkerThread "GC Thread#2" [stack: 0x00000030e0100000,0x00000030e0200000] [id=3716]
  0x000001b264365290 WorkerThread "GC Thread#3" [stack: 0x00000030e0200000,0x00000030e0300000] [id=5396]
  0x000001b23fc4d4e0 ConcurrentGCThread "G1 Main Marker" [stack: 0x00000030ded00000,0x00000030dee00000] [id=1160]
  0x000001b23fc4e850 WorkerThread "G1 Conc#0" [stack: 0x00000030dee00000,0x00000030def00000] [id=17456]
  0x000001b25f77f130 ConcurrentGCThread "G1 Refine#0" [stack: 0x00000030def00000,0x00000030df000000] [id=5384]
  0x000001b25f7803c0 ConcurrentGCThread "G1 Service" [stack: 0x00000030df000000,0x00000030df100000] [id=11924]

Threads with active compile tasks:
C2 CompilerThread0     9821 8729       4       org.antlr.v4.runtime.atn.ParserATNSimulator::closure_ (343 bytes)
C1 CompilerThread0     9821 8889       2       java.util.ImmutableCollections$List12::toArray (41 bytes)

VM state: at safepoint (normal execution)

VM Mutex/Monitor currently owned by a thread:  ([mutex/lock_event])
[0x000001b23fbd8a80] Threads_lock - owner thread: 0x000001b25f8c4ce0
[0x000001b23fbd9c80] Heap_lock - owner thread: 0x000001b2645ffc60

Heap address: 0x0000000084400000, size: 1980 MB, Compressed Oops mode: 32-bit

CDS archive(s) mapped at: [0x0000000800000000-0x0000000800c40000-0x0000000800c40000), size 12845056, SharedBaseAddress: 0x0000000800000000, ArchiveRelocationMode: 0.
Compressed class space mapped at: 0x0000000801000000-0x0000000841000000, reserved size: 1073741824
Narrow klass base: 0x0000000800000000, Narrow klass shift: 0, Narrow klass range: 0x100000000

GC Precious Log:
 CardTable entry size: 512
 Card Set container configuration: InlinePtr #cards 5 size 8 Array Of Cards #cards 12 size 40 Howl #buckets 4 coarsen threshold 1843 Howl Bitmap #cards 512 size 80 coarsen threshold 460 Card regions per heap region 1 cards per card region 2048
 CPUs: 4 total, 4 available
 Memory: 7914M
 Large Page Support: Disabled
 NUMA Support: Disabled
 Compressed Oops: Enabled (32-bit)
 Heap Region Size: 1M
 Heap Min Capacity: 8M
 Heap Initial Capacity: 124M
 Heap Max Capacity: 1980M
 Pre-touch: Disabled
 Parallel Workers: 4
 Concurrent Workers: 1
 Concurrent Refinement Workers: 4
 Periodic GC: Disabled

Heap:
 garbage-first heap   total 171008K, used 64895K [0x0000000084400000, 0x0000000100000000)
  region size 1024K, 3 young (3072K), 3 survivors (3072K)
 Metaspace       used 70460K, committed 71104K, reserved 1114112K
  class space    used 9407K, committed 9728K, reserved 1048576K

Heap Regions: E=young(eden), S=young(survivor), O=old, HS=humongous(starts), HC=humongous(continues), CS=collection set, F=free, OA=open archive, CA=closed archive, TAMS=top-at-mark-start (previous, next)
|   0|0x0000000084400000, 0x0000000084500000, 0x0000000084500000|100%|HS|  |TAMS 0x0000000084500000, 0x0000000084500000| Complete 
|   1|0x0000000084500000, 0x0000000084600000, 0x0000000084600000|100%| O|  |TAMS 0x0000000084600000, 0x0000000084600000| Untracked 
|   2|0x0000000084600000, 0x0000000084700000, 0x0000000084700000|100%| O|  |TAMS 0x0000000084700000, 0x0000000084700000| Untracked 
|   3|0x0000000084700000, 0x0000000084800000, 0x0000000084800000|100%| O|  |TAMS 0x0000000084800000, 0x0000000084800000| Untracked 
|   4|0x0000000084800000, 0x0000000084900000, 0x0000000084900000|100%| O|  |TAMS 0x0000000084900000, 0x0000000084900000| Untracked 
|   5|0x0000000084900000, 0x0000000084a00000, 0x0000000084a00000|100%| O|  |TAMS 0x0000000084a00000, 0x0000000084a00000| Untracked 
|   6|0x0000000084a00000, 0x0000000084b00000, 0x0000000084b00000|100%| O|  |TAMS 0x0000000084b00000, 0x0000000084b00000| Untracked 
|   7|0x0000000084b00000, 0x0000000084c00000, 0x0000000084c00000|100%| O|  |TAMS 0x0000000084c00000, 0x0000000084c00000| Untracked 
|   8|0x0000000084c00000, 0x0000000084d00000, 0x0000000084d00000|100%| O|  |TAMS 0x0000000084d00000, 0x0000000084d00000| Untracked 
|   9|0x0000000084d00000, 0x0000000084e00000, 0x0000000084e00000|100%| O|  |TAMS 0x0000000084e00000, 0x0000000084e00000| Untracked 
|  10|0x0000000084e00000, 0x0000000084f00000, 0x0000000084f00000|100%| O|  |TAMS 0x0000000084f00000, 0x0000000084f00000| Untracked 
|  11|0x0000000084f00000, 0x0000000085000000, 0x0000000085000000|100%| O|  |TAMS 0x0000000085000000, 0x0000000085000000| Untracked 
|  12|0x0000000085000000, 0x0000000085100000, 0x0000000085100000|100%| O|  |TAMS 0x0000000085100000, 0x0000000085100000| Untracked 
|  13|0x0000000085100000, 0x0000000085200000, 0x0000000085200000|100%| O|  |TAMS 0x0000000085200000, 0x0000000085200000| Untracked 
|  14|0x0000000085200000, 0x0000000085300000, 0x0000000085300000|100%| O|  |TAMS 0x0000000085300000, 0x0000000085300000| Untracked 
|  15|0x0000000085300000, 0x0000000085400000, 0x0000000085400000|100%| O|  |TAMS 0x0000000085400000, 0x0000000085400000| Untracked 
|  16|0x0000000085400000, 0x0000000085500000, 0x0000000085500000|100%| O|  |TAMS 0x0000000085500000, 0x0000000085500000| Untracked 
|  17|0x0000000085500000, 0x0000000085600000, 0x0000000085600000|100%| O|  |TAMS 0x0000000085600000, 0x0000000085600000| Untracked 
|  18|0x0000000085600000, 0x0000000085700000, 0x0000000085700000|100%| O|  |TAMS 0x0000000085700000, 0x0000000085700000| Untracked 
|  19|0x0000000085700000, 0x0000000085800000, 0x0000000085800000|100%| O|  |TAMS 0x0000000085800000, 0x0000000085800000| Untracked 
|  20|0x0000000085800000, 0x0000000085900000, 0x0000000085900000|100%| O|  |TAMS 0x0000000085900000, 0x0000000085900000| Untracked 
|  21|0x0000000085900000, 0x0000000085a00000, 0x0000000085a00000|100%| O|  |TAMS 0x0000000085a00000, 0x0000000085a00000| Untracked 
|  22|0x0000000085a00000, 0x0000000085b00000, 0x0000000085b00000|100%| O|  |TAMS 0x0000000085b00000, 0x0000000085b00000| Untracked 
|  23|0x0000000085b00000, 0x0000000085c00000, 0x0000000085c00000|100%| O|  |TAMS 0x0000000085c00000, 0x0000000085c00000| Untracked 
|  24|0x0000000085c00000, 0x0000000085d00000, 0x0000000085d00000|100%| O|  |TAMS 0x0000000085d00000, 0x0000000085d00000| Untracked 
|  25|0x0000000085d00000, 0x0000000085e00000, 0x0000000085e00000|100%| O|  |TAMS 0x0000000085e00000, 0x0000000085e00000| Untracked 
|  26|0x0000000085e00000, 0x0000000085f00000, 0x0000000085f00000|100%| O|  |TAMS 0x0000000085f00000, 0x0000000085f00000| Untracked 
|  27|0x0000000085f00000, 0x0000000086000000, 0x0000000086000000|100%| O|  |TAMS 0x0000000086000000, 0x0000000086000000| Untracked 
|  28|0x0000000086000000, 0x0000000086100000, 0x0000000086100000|100%| O|  |TAMS 0x0000000086100000, 0x0000000086100000| Untracked 
|  29|0x0000000086100000, 0x0000000086200000, 0x0000000086200000|100%| O|  |TAMS 0x0000000086200000, 0x0000000086200000| Untracked 
|  30|0x0000000086200000, 0x0000000086300000, 0x0000000086300000|100%| O|  |TAMS 0x0000000086300000, 0x0000000086300000| Untracked 
|  31|0x0000000086300000, 0x0000000086400000, 0x0000000086400000|100%| O|  |TAMS 0x0000000086400000, 0x0000000086400000| Untracked 
|  32|0x0000000086400000, 0x0000000086500000, 0x0000000086500000|100%| O|  |TAMS 0x0000000086500000, 0x0000000086500000| Untracked 
|  33|0x0000000086500000, 0x0000000086500000, 0x0000000086600000|  0%| F|  |TAMS 0x0000000086500000, 0x0000000086500000| Untracked 
|  34|0x0000000086600000, 0x0000000086700000, 0x0000000086700000|100%| O|  |TAMS 0x0000000086700000, 0x0000000086700000| Untracked 
|  35|0x0000000086700000, 0x0000000086800000, 0x0000000086800000|100%| O|  |TAMS 0x0000000086800000, 0x0000000086800000| Untracked 
|  36|0x0000000086800000, 0x0000000086900000, 0x0000000086900000|100%| O|  |TAMS 0x0000000086900000, 0x0000000086900000| Untracked 
|  37|0x0000000086900000, 0x0000000086a00000, 0x0000000086a00000|100%| O|  |TAMS 0x0000000086a00000, 0x0000000086a00000| Untracked 
|  38|0x0000000086a00000, 0x0000000086b00000, 0x0000000086b00000|100%| O|  |TAMS 0x0000000086b00000, 0x0000000086b00000| Untracked 
|  39|0x0000000086b00000, 0x0000000086c00000, 0x0000000086c00000|100%| O|  |TAMS 0x0000000086b00000, 0x0000000086c00000| Untracked 
|  40|0x0000000086c00000, 0x0000000086d00000, 0x0000000086d00000|100%| O|  |TAMS 0x0000000086d00000, 0x0000000086d00000| Untracked 
|  41|0x0000000086d00000, 0x0000000086e00000, 0x0000000086e00000|100%| O|  |TAMS 0x0000000086e00000, 0x0000000086e00000| Untracked 
|  42|0x0000000086e00000, 0x0000000086f00000, 0x0000000086f00000|100%| O|  |TAMS 0x0000000086f00000, 0x0000000086f00000| Untracked 
|  43|0x0000000086f00000, 0x0000000087000000, 0x0000000087000000|100%| O|  |TAMS 0x0000000087000000, 0x0000000087000000| Untracked 
|  44|0x0000000087000000, 0x0000000087100000, 0x0000000087100000|100%| O|  |TAMS 0x0000000087100000, 0x0000000087100000| Untracked 
|  45|0x0000000087100000, 0x0000000087200000, 0x0000000087200000|100%| O|  |TAMS 0x0000000087200000, 0x0000000087200000| Untracked 
|  46|0x0000000087200000, 0x0000000087300000, 0x0000000087300000|100%| O|  |TAMS 0x0000000087300000, 0x0000000087300000| Untracked 
|  47|0x0000000087300000, 0x0000000087400000, 0x0000000087400000|100%| O|  |TAMS 0x0000000087400000, 0x0000000087400000| Untracked 
|  48|0x0000000087400000, 0x0000000087500000, 0x0000000087500000|100%| O|  |TAMS 0x0000000087500000, 0x0000000087500000| Untracked 
|  49|0x0000000087500000, 0x0000000087600000, 0x0000000087600000|100%| O|  |TAMS 0x0000000087600000, 0x0000000087600000| Untracked 
|  50|0x0000000087600000, 0x0000000087700000, 0x0000000087700000|100%| O|  |TAMS 0x0000000087700000, 0x0000000087700000| Untracked 
|  51|0x0000000087700000, 0x0000000087800000, 0x0000000087800000|100%| O|  |TAMS 0x0000000087800000, 0x0000000087800000| Untracked 
|  52|0x0000000087800000, 0x0000000087900000, 0x0000000087900000|100%| O|  |TAMS 0x0000000087900000, 0x0000000087900000| Untracked 
|  53|0x0000000087900000, 0x0000000087a00000, 0x0000000087a00000|100%| O|  |TAMS 0x0000000087a00000, 0x0000000087a00000| Untracked 
|  54|0x0000000087a00000, 0x0000000087b00000, 0x0000000087b00000|100%| O|  |TAMS 0x0000000087a25a00, 0x0000000087b00000| Untracked 
|  55|0x0000000087b00000, 0x0000000087c00000, 0x0000000087c00000|100%| O|  |TAMS 0x0000000087b00000, 0x0000000087c00000| Untracked 
|  56|0x0000000087c00000, 0x0000000087d00000, 0x0000000087d00000|100%| O|  |TAMS 0x0000000087c00000, 0x0000000087d00000| Untracked 
|  57|0x0000000087d00000, 0x0000000087e00000, 0x0000000087e00000|100%| O|  |TAMS 0x0000000087d00000, 0x0000000087e00000| Untracked 
|  58|0x0000000087e00000, 0x0000000087f00000, 0x0000000087f00000|100%| O|  |TAMS 0x0000000087e00000, 0x0000000087f00000| Untracked 
|  59|0x0000000087f00000, 0x0000000088000000, 0x0000000088000000|100%| O|  |TAMS 0x0000000087f00000, 0x0000000088000000| Untracked 
|  60|0x0000000088000000, 0x0000000088100000, 0x0000000088100000|100%| O|  |TAMS 0x0000000088000000, 0x0000000088100000| Untracked 
|  61|0x0000000088100000, 0x000000008815fc00, 0x0000000088200000| 37%| O|  |TAMS 0x0000000088100000, 0x000000008815fc00| Untracked 
|  62|0x0000000088200000, 0x0000000088200000, 0x0000000088300000|  0%| F|  |TAMS 0x0000000088200000, 0x0000000088200000| Untracked 
|  63|0x0000000088300000, 0x0000000088300000, 0x0000000088400000|  0%| F|  |TAMS 0x0000000088300000, 0x0000000088300000| Untracked 
|  64|0x0000000088400000, 0x0000000088400000, 0x0000000088500000|  0%| F|  |TAMS 0x0000000088400000, 0x0000000088400000| Untracked 
|  65|0x0000000088500000, 0x0000000088500000, 0x0000000088600000|  0%| F|  |TAMS 0x0000000088500000, 0x0000000088500000| Untracked 
|  66|0x0000000088600000, 0x0000000088600000, 0x0000000088700000|  0%| F|  |TAMS 0x0000000088600000, 0x0000000088600000| Untracked 
|  67|0x0000000088700000, 0x0000000088700000, 0x0000000088800000|  0%| F|  |TAMS 0x0000000088700000, 0x0000000088700000| Untracked 
|  68|0x0000000088800000, 0x0000000088800000, 0x0000000088900000|  0%| F|  |TAMS 0x0000000088800000, 0x0000000088800000| Untracked 
|  69|0x0000000088900000, 0x0000000088900000, 0x0000000088a00000|  0%| F|  |TAMS 0x0000000088900000, 0x0000000088900000| Untracked 
|  70|0x0000000088a00000, 0x0000000088a00000, 0x0000000088b00000|  0%| F|  |TAMS 0x0000000088a00000, 0x0000000088a00000| Untracked 
|  71|0x0000000088b00000, 0x0000000088b00000, 0x0000000088c00000|  0%| F|  |TAMS 0x0000000088b00000, 0x0000000088b00000| Untracked 
|  72|0x0000000088c00000, 0x0000000088c00000, 0x0000000088d00000|  0%| F|  |TAMS 0x0000000088c00000, 0x0000000088c00000| Untracked 
|  73|0x0000000088d00000, 0x0000000088d00000, 0x0000000088e00000|  0%| F|  |TAMS 0x0000000088d00000, 0x0000000088d00000| Untracked 
|  74|0x0000000088e00000, 0x0000000088e00000, 0x0000000088f00000|  0%| F|  |TAMS 0x0000000088e00000, 0x0000000088e00000| Untracked 
|  75|0x0000000088f00000, 0x0000000088f00000, 0x0000000089000000|  0%| F|  |TAMS 0x0000000088f00000, 0x0000000088f00000| Untracked 
|  76|0x0000000089000000, 0x0000000089000000, 0x0000000089100000|  0%| F|  |TAMS 0x0000000089000000, 0x0000000089000000| Untracked 
|  77|0x0000000089100000, 0x0000000089100000, 0x0000000089200000|  0%| F|  |TAMS 0x0000000089100000, 0x0000000089100000| Untracked 
|  78|0x0000000089200000, 0x0000000089200000, 0x0000000089300000|  0%| F|  |TAMS 0x0000000089200000, 0x0000000089200000| Untracked 
|  79|0x0000000089300000, 0x0000000089300000, 0x0000000089400000|  0%| F|  |TAMS 0x0000000089300000, 0x0000000089300000| Untracked 
|  80|0x0000000089400000, 0x0000000089400000, 0x0000000089500000|  0%| F|  |TAMS 0x0000000089400000, 0x0000000089400000| Untracked 
|  81|0x0000000089500000, 0x0000000089500000, 0x0000000089600000|  0%| F|  |TAMS 0x0000000089500000, 0x0000000089500000| Untracked 
|  82|0x0000000089600000, 0x0000000089700000, 0x0000000089700000|100%| S|CS|TAMS 0x0000000089600000, 0x0000000089600000| Complete 
|  83|0x0000000089700000, 0x0000000089800000, 0x0000000089800000|100%| S|CS|TAMS 0x0000000089700000, 0x0000000089700000| Complete 
|  84|0x0000000089800000, 0x0000000089900000, 0x0000000089900000|100%| S|CS|TAMS 0x0000000089800000, 0x0000000089800000| Complete 
|  85|0x0000000089900000, 0x0000000089900000, 0x0000000089a00000|  0%| F|  |TAMS 0x0000000089900000, 0x0000000089900000| Untracked 
|  86|0x0000000089a00000, 0x0000000089a00000, 0x0000000089b00000|  0%| F|  |TAMS 0x0000000089a00000, 0x0000000089a00000| Untracked 
|  87|0x0000000089b00000, 0x0000000089b00000, 0x0000000089c00000|  0%| F|  |TAMS 0x0000000089b00000, 0x0000000089b00000| Untracked 
|  88|0x0000000089c00000, 0x0000000089c00000, 0x0000000089d00000|  0%| F|  |TAMS 0x0000000089c00000, 0x0000000089c00000| Untracked 
|  89|0x0000000089d00000, 0x0000000089d00000, 0x0000000089e00000|  0%| F|  |TAMS 0x0000000089d00000, 0x0000000089d00000| Untracked 
|  90|0x0000000089e00000, 0x0000000089e00000, 0x0000000089f00000|  0%| F|  |TAMS 0x0000000089e00000, 0x0000000089e00000| Untracked 
|  91|0x0000000089f00000, 0x0000000089f00000, 0x000000008a000000|  0%| F|  |TAMS 0x0000000089f00000, 0x0000000089f00000| Untracked 
|  92|0x000000008a000000, 0x000000008a000000, 0x000000008a100000|  0%| F|  |TAMS 0x000000008a000000, 0x000000008a000000| Untracked 
|  93|0x000000008a100000, 0x000000008a100000, 0x000000008a200000|  0%| F|  |TAMS 0x000000008a100000, 0x000000008a100000| Untracked 
|  94|0x000000008a200000, 0x000000008a200000, 0x000000008a300000|  0%| F|  |TAMS 0x000000008a200000, 0x000000008a200000| Untracked 
|  95|0x000000008a300000, 0x000000008a300000, 0x000000008a400000|  0%| F|  |TAMS 0x000000008a300000, 0x000000008a300000| Untracked 
|  96|0x000000008a400000, 0x000000008a400000, 0x000000008a500000|  0%| F|  |TAMS 0x000000008a400000, 0x000000008a400000| Untracked 
|  97|0x000000008a500000, 0x000000008a500000, 0x000000008a600000|  0%| F|  |TAMS 0x000000008a500000, 0x000000008a500000| Untracked 
|  98|0x000000008a600000, 0x000000008a600000, 0x000000008a700000|  0%| F|  |TAMS 0x000000008a600000, 0x000000008a600000| Untracked 
|  99|0x000000008a700000, 0x000000008a700000, 0x000000008a800000|  0%| F|  |TAMS 0x000000008a700000, 0x000000008a700000| Untracked 
| 100|0x000000008a800000, 0x000000008a800000, 0x000000008a900000|  0%| F|  |TAMS 0x000000008a800000, 0x000000008a800000| Untracked 
| 101|0x000000008a900000, 0x000000008a900000, 0x000000008aa00000|  0%| F|  |TAMS 0x000000008a900000, 0x000000008a900000| Untracked 
| 102|0x000000008aa00000, 0x000000008aa00000, 0x000000008ab00000|  0%| F|  |TAMS 0x000000008aa00000, 0x000000008aa00000| Untracked 
| 103|0x000000008ab00000, 0x000000008ab00000, 0x000000008ac00000|  0%| F|  |TAMS 0x000000008ab00000, 0x000000008ab00000| Untracked 
| 104|0x000000008ac00000, 0x000000008ac00000, 0x000000008ad00000|  0%| F|  |TAMS 0x000000008ac00000, 0x000000008ac00000| Untracked 
| 105|0x000000008ad00000, 0x000000008ad00000, 0x000000008ae00000|  0%| F|  |TAMS 0x000000008ad00000, 0x000000008ad00000| Untracked 
| 106|0x000000008ae00000, 0x000000008ae00000, 0x000000008af00000|  0%| F|  |TAMS 0x000000008ae00000, 0x000000008ae00000| Untracked 
| 107|0x000000008af00000, 0x000000008af00000, 0x000000008b000000|  0%| F|  |TAMS 0x000000008af00000, 0x000000008af00000| Untracked 
| 108|0x000000008b000000, 0x000000008b000000, 0x000000008b100000|  0%| F|  |TAMS 0x000000008b000000, 0x000000008b000000| Untracked 
| 109|0x000000008b100000, 0x000000008b100000, 0x000000008b200000|  0%| F|  |TAMS 0x000000008b100000, 0x000000008b100000| Untracked 
| 110|0x000000008b200000, 0x000000008b200000, 0x000000008b300000|  0%| F|  |TAMS 0x000000008b200000, 0x000000008b200000| Untracked 
| 111|0x000000008b300000, 0x000000008b300000, 0x000000008b400000|  0%| F|  |TAMS 0x000000008b300000, 0x000000008b300000| Untracked 
| 112|0x000000008b400000, 0x000000008b400000, 0x000000008b500000|  0%| F|  |TAMS 0x000000008b400000, 0x000000008b400000| Untracked 
| 113|0x000000008b500000, 0x000000008b500000, 0x000000008b600000|  0%| F|  |TAMS 0x000000008b500000, 0x000000008b500000| Untracked 
| 114|0x000000008b600000, 0x000000008b600000, 0x000000008b700000|  0%| F|  |TAMS 0x000000008b600000, 0x000000008b600000| Untracked 
| 115|0x000000008b700000, 0x000000008b700000, 0x000000008b800000|  0%| F|  |TAMS 0x000000008b700000, 0x000000008b700000| Untracked 
| 116|0x000000008b800000, 0x000000008b800000, 0x000000008b900000|  0%| F|  |TAMS 0x000000008b800000, 0x000000008b800000| Untracked 
| 117|0x000000008b900000, 0x000000008b900000, 0x000000008ba00000|  0%| F|  |TAMS 0x000000008b900000, 0x000000008b900000| Untracked 
| 118|0x000000008ba00000, 0x000000008ba00000, 0x000000008bb00000|  0%| F|  |TAMS 0x000000008ba00000, 0x000000008ba00000| Untracked 
| 119|0x000000008bb00000, 0x000000008bb00000, 0x000000008bc00000|  0%| F|  |TAMS 0x000000008bb00000, 0x000000008bb00000| Untracked 
| 120|0x000000008bc00000, 0x000000008bc00000, 0x000000008bd00000|  0%| F|  |TAMS 0x000000008bc00000, 0x000000008bc00000| Untracked 
| 121|0x000000008bd00000, 0x000000008bd00000, 0x000000008be00000|  0%| F|  |TAMS 0x000000008bd00000, 0x000000008bd00000| Untracked 
| 122|0x000000008be00000, 0x000000008be00000, 0x000000008bf00000|  0%| F|  |TAMS 0x000000008be00000, 0x000000008be00000| Untracked 
| 123|0x000000008bf00000, 0x000000008bf00000, 0x000000008c000000|  0%| F|  |TAMS 0x000000008bf00000, 0x000000008bf00000| Untracked 
| 124|0x000000008c000000, 0x000000008c000000, 0x000000008c100000|  0%| F|  |TAMS 0x000000008c000000, 0x000000008c000000| Untracked 
| 125|0x000000008c100000, 0x000000008c100000, 0x000000008c200000|  0%| F|  |TAMS 0x000000008c100000, 0x000000008c100000| Untracked 
| 126|0x000000008c200000, 0x000000008c200000, 0x000000008c300000|  0%| F|  |TAMS 0x000000008c200000, 0x000000008c200000| Untracked 
| 127|0x000000008c300000, 0x000000008c300000, 0x000000008c400000|  0%| F|  |TAMS 0x000000008c300000, 0x000000008c300000| Untracked 
| 128|0x000000008c400000, 0x000000008c400000, 0x000000008c500000|  0%| F|  |TAMS 0x000000008c400000, 0x000000008c400000| Untracked 
| 129|0x000000008c500000, 0x000000008c500000, 0x000000008c600000|  0%| F|  |TAMS 0x000000008c500000, 0x000000008c500000| Untracked 
| 130|0x000000008c600000, 0x000000008c600000, 0x000000008c700000|  0%| F|  |TAMS 0x000000008c600000, 0x000000008c600000| Untracked 
| 131|0x000000008c700000, 0x000000008c700000, 0x000000008c800000|  0%| F|  |TAMS 0x000000008c700000, 0x000000008c700000| Untracked 
| 132|0x000000008c800000, 0x000000008c800000, 0x000000008c900000|  0%| F|  |TAMS 0x000000008c800000, 0x000000008c800000| Untracked 
| 133|0x000000008c900000, 0x000000008c900000, 0x000000008ca00000|  0%| F|  |TAMS 0x000000008c900000, 0x000000008c900000| Untracked 
| 134|0x000000008ca00000, 0x000000008ca00000, 0x000000008cb00000|  0%| F|  |TAMS 0x000000008ca00000, 0x000000008ca00000| Untracked 
| 135|0x000000008cb00000, 0x000000008cb00000, 0x000000008cc00000|  0%| F|  |TAMS 0x000000008cb00000, 0x000000008cb00000| Untracked 
| 136|0x000000008cc00000, 0x000000008cc00000, 0x000000008cd00000|  0%| F|  |TAMS 0x000000008cc00000, 0x000000008cc00000| Untracked 
| 137|0x000000008cd00000, 0x000000008cd00000, 0x000000008ce00000|  0%| F|  |TAMS 0x000000008cd00000, 0x000000008cd00000| Untracked 
| 138|0x000000008ce00000, 0x000000008ce00000, 0x000000008cf00000|  0%| F|  |TAMS 0x000000008ce00000, 0x000000008ce00000| Untracked 
| 139|0x000000008cf00000, 0x000000008cf00000, 0x000000008d000000|  0%| F|  |TAMS 0x000000008cf00000, 0x000000008cf00000| Untracked 
| 140|0x000000008d000000, 0x000000008d000000, 0x000000008d100000|  0%| F|  |TAMS 0x000000008d000000, 0x000000008d000000| Untracked 
| 141|0x000000008d100000, 0x000000008d100000, 0x000000008d200000|  0%| F|  |TAMS 0x000000008d100000, 0x000000008d100000| Untracked 
| 142|0x000000008d200000, 0x000000008d200000, 0x000000008d300000|  0%| F|  |TAMS 0x000000008d200000, 0x000000008d200000| Untracked 
| 143|0x000000008d300000, 0x000000008d300000, 0x000000008d400000|  0%| F|  |TAMS 0x000000008d300000, 0x000000008d300000| Untracked 
| 144|0x000000008d400000, 0x000000008d400000, 0x000000008d500000|  0%| F|  |TAMS 0x000000008d400000, 0x000000008d400000| Untracked 
| 145|0x000000008d500000, 0x000000008d500000, 0x000000008d600000|  0%| F|  |TAMS 0x000000008d500000, 0x000000008d500000| Untracked 
| 146|0x000000008d600000, 0x000000008d600000, 0x000000008d700000|  0%| F|  |TAMS 0x000000008d600000, 0x000000008d600000| Untracked 
| 147|0x000000008d700000, 0x000000008d700000, 0x000000008d800000|  0%| F|  |TAMS 0x000000008d700000, 0x000000008d700000| Untracked 
| 148|0x000000008d800000, 0x000000008d800000, 0x000000008d900000|  0%| F|  |TAMS 0x000000008d800000, 0x000000008d800000| Untracked 
| 149|0x000000008d900000, 0x000000008d900000, 0x000000008da00000|  0%| F|  |TAMS 0x000000008d900000, 0x000000008d900000| Untracked 
| 150|0x000000008da00000, 0x000000008da00000, 0x000000008db00000|  0%| F|  |TAMS 0x000000008da00000, 0x000000008da00000| Untracked 
| 151|0x000000008db00000, 0x000000008db00000, 0x000000008dc00000|  0%| F|  |TAMS 0x000000008db00000, 0x000000008db00000| Untracked 
| 152|0x000000008dc00000, 0x000000008dc00000, 0x000000008dd00000|  0%| F|  |TAMS 0x000000008dc00000, 0x000000008dc00000| Untracked 
| 153|0x000000008dd00000, 0x000000008dd00000, 0x000000008de00000|  0%| F|  |TAMS 0x000000008dd00000, 0x000000008dd00000| Untracked 
| 154|0x000000008de00000, 0x000000008de00000, 0x000000008df00000|  0%| F|  |TAMS 0x000000008de00000, 0x000000008de00000| Untracked 
| 155|0x000000008df00000, 0x000000008df00000, 0x000000008e000000|  0%| F|  |TAMS 0x000000008df00000, 0x000000008df00000| Untracked 
| 156|0x000000008e000000, 0x000000008e000000, 0x000000008e100000|  0%| F|  |TAMS 0x000000008e000000, 0x000000008e000000| Untracked 
| 157|0x000000008e100000, 0x000000008e100000, 0x000000008e200000|  0%| F|  |TAMS 0x000000008e100000, 0x000000008e100000| Untracked 
| 158|0x000000008e200000, 0x000000008e200000, 0x000000008e300000|  0%| F|  |TAMS 0x000000008e200000, 0x000000008e200000| Untracked 
| 159|0x000000008e300000, 0x000000008e300000, 0x000000008e400000|  0%| F|  |TAMS 0x000000008e300000, 0x000000008e300000| Untracked 
| 160|0x000000008e400000, 0x000000008e400000, 0x000000008e500000|  0%| F|  |TAMS 0x000000008e400000, 0x000000008e400000| Untracked 
| 161|0x000000008e500000, 0x000000008e500000, 0x000000008e600000|  0%| F|  |TAMS 0x000000008e500000, 0x000000008e500000| Untracked 
| 162|0x000000008e600000, 0x000000008e600000, 0x000000008e700000|  0%| F|  |TAMS 0x000000008e600000, 0x000000008e600000| Untracked 
| 163|0x000000008e700000, 0x000000008e700000, 0x000000008e800000|  0%| F|  |TAMS 0x000000008e700000, 0x000000008e700000| Untracked 
| 164|0x000000008e800000, 0x000000008e800000, 0x000000008e900000|  0%| F|  |TAMS 0x000000008e800000, 0x000000008e800000| Untracked 
| 165|0x000000008e900000, 0x000000008e900000, 0x000000008ea00000|  0%| F|  |TAMS 0x000000008e900000, 0x000000008e900000| Untracked 
| 166|0x000000008ea00000, 0x000000008ea00000, 0x000000008eb00000|  0%| F|  |TAMS 0x000000008ea00000, 0x000000008ea00000| Untracked 

Card table byte_map: [0x000001b258d10000,0x000001b2590f0000] _byte_map_base: 0x000001b2588ee000

Marking Bits (Prev, Next): (CMBitMap*) 0x000001b23fc3d470, (CMBitMap*) 0x000001b23fc3d430
 Prev Bits: [0x000001b25b3c0000, 0x000001b25d2b0000)
 Next Bits: [0x000001b2594d0000, 0x000001b25b3c0000)

Polling page: 0x000001b23fc90000

Metaspace:

Usage:
  Non-class:     59.62 MB used.
      Class:      9.19 MB used.
       Both:     68.81 MB used.

Virtual space:
  Non-class space:       64.00 MB reserved,      59.94 MB ( 94%) committed,  1 nodes.
      Class space:        1.00 GB reserved,       9.50 MB ( <1%) committed,  1 nodes.
             Both:        1.06 GB reserved,      69.44 MB (  6%) committed. 

Chunk freelists:
   Non-Class:  3.88 MB
       Class:  2.48 MB
        Both:  6.36 MB

MaxMetaspaceSize: unlimited
CompressedClassSpaceSize: 1.00 GB
Initial GC threshold: 21.00 MB
Current GC threshold: 100.94 MB
CDS: on
MetaspaceReclaimPolicy: balanced
 - commit_granule_bytes: 65536.
 - commit_granule_words: 8192.
 - virtual_space_node_default_size: 8388608.
 - enlarge_chunks_in_place: 1.
 - new_chunks_are_fully_committed: 0.
 - uncommit_free_chunks: 1.
 - use_allocation_guard: 0.


Internal statistics:

num_allocs_failed_limit: 18.
num_arena_births: 894.
num_arena_deaths: 0.
num_vsnodes_births: 2.
num_vsnodes_deaths: 0.
num_space_committed: 1111.
num_space_uncommitted: 0.
num_chunks_returned_to_freelist: 18.
num_chunks_taken_from_freelist: 3388.
num_chunk_merges: 18.
num_chunk_splits: 2530.
num_chunks_enlarged: 2065.
num_inconsistent_stats: 0.

CodeHeap 'non-profiled nmethods': size=120000Kb used=4646Kb max_used=4646Kb free=115354Kb
 bounds [0x000001b250de0000, 0x000001b251270000, 0x000001b258310000]
CodeHeap 'profiled nmethods': size=120000Kb used=15438Kb max_used=15438Kb free=104561Kb
 bounds [0x000001b249310000, 0x000001b24a230000, 0x000001b250840000]
CodeHeap 'non-nmethods': size=5760Kb used=1461Kb max_used=1499Kb free=4298Kb
 bounds [0x000001b250840000, 0x000001b250ab0000, 0x000001b250de0000]
 total_blobs=8716 nmethods=8018 adapters=606
 compilation: enabled
              stopped_count=0, restarted_count=0
 full_count=0

Compilation events (20 events):
Event: 9.792 Thread 0x000001b263c1ba80 nmethod 8878 0x000001b24a21ef90 code [0x000001b24a21f140, 0x000001b24a21f268]
Event: 9.792 Thread 0x000001b263c1ba80 8879       2       org.antlr.v4.runtime.atn.LexerSkipAction::execute (5 bytes)
Event: 9.792 Thread 0x000001b263c1ba80 nmethod 8879 0x000001b24a21f310 code [0x000001b24a21f4a0, 0x000001b24a21f5b8]
Event: 9.792 Thread 0x000001b263c1ba80 8880       2       org.antlr.v4.runtime.Lexer::skip (7 bytes)
Event: 9.792 Thread 0x000001b263c1ba80 nmethod 8880 0x000001b24a21f690 code [0x000001b24a21f820, 0x000001b24a21f938]
Event: 9.794 Thread 0x000001b263c1ba80 8881       2       java.util.regex.Pattern$StartS::match (138 bytes)
Event: 9.795 Thread 0x000001b263c1ba80 nmethod 8881 0x000001b24a21fa10 code [0x000001b24a21fc20, 0x000001b24a220198]
Event: 9.795 Thread 0x000001b263c1ba80 8882       2       java.util.regex.Pattern$GroupTail::match (111 bytes)
Event: 9.795 Thread 0x000001b263c1ba80 nmethod 8882 0x000001b24a220410 code [0x000001b24a2205e0, 0x000001b24a2208a8]
Event: 9.795 Thread 0x000001b263c1ba80 8883       3       org.antlr.v4.runtime.CommonTokenStream::LB (69 bytes)
Event: 9.795 Thread 0x000001b263c1ba80 nmethod 8883 0x000001b24a220a90 code [0x000001b24a220c80, 0x000001b24a221258]
Event: 9.795 Thread 0x000001b263c1ba80 8884       3       org.antlr.v4.runtime.Parser::enterOuterAlt (51 bytes)
Event: 9.796 Thread 0x000001b263c1ba80 nmethod 8884 0x000001b24a221390 code [0x000001b24a2215c0, 0x000001b24a222228]
Event: 9.796 Thread 0x000001b263c1ba80 8886   !   2       jdk.proxy2.$Proxy141::annotationType (29 bytes)
Event: 9.796 Thread 0x000001b263c1ba80 nmethod 8886 0x000001b24a222590 code [0x000001b24a222760, 0x000001b24a2229d8]
Event: 9.796 Thread 0x000001b263c1ba80 8887       2       java.util.regex.Pattern$BranchConn::match (11 bytes)
Event: 9.796 Thread 0x000001b263c1ba80 nmethod 8887 0x000001b24a222b90 code [0x000001b24a222d40, 0x000001b24a222e68]
Event: 9.796 Thread 0x000001b263c1ba80 8888       3       org.antlr.v4.runtime.Parser::exitRule (81 bytes)
Event: 9.797 Thread 0x000001b263c1ba80 nmethod 8888 0x000001b24a222f10 code [0x000001b24a223100, 0x000001b24a223768]
Event: 9.797 Thread 0x000001b263c1ba80 8889       2       java.util.ImmutableCollections$List12::toArray (41 bytes)

GC Heap History (20 events):
Event: 3.321 GC heap after
{Heap after GC invocations=10 (full 0):
 garbage-first heap   total 130048K, used 41887K [0x0000000084400000, 0x0000000100000000)
  region size 1024K, 1 young (1024K), 1 survivors (1024K)
 Metaspace       used 24329K, committed 24640K, reserved 1114112K
  class space    used 2950K, committed 3072K, reserved 1048576K
}
Event: 3.685 GC heap before
{Heap before GC invocations=10 (full 0):
 garbage-first heap   total 130048K, used 92063K [0x0000000084400000, 0x0000000100000000)
  region size 1024K, 51 young (52224K), 1 survivors (1024K)
 Metaspace       used 25102K, committed 25408K, reserved 1114112K
  class space    used 3042K, committed 3200K, reserved 1048576K
}
Event: 3.691 GC heap after
{Heap after GC invocations=11 (full 0):
 garbage-first heap   total 130048K, used 46322K [0x0000000084400000, 0x0000000100000000)
  region size 1024K, 6 young (6144K), 6 survivors (6144K)
 Metaspace       used 25102K, committed 25408K, reserved 1114112K
  class space    used 3042K, committed 3200K, reserved 1048576K
}
Event: 5.120 GC heap before
{Heap before GC invocations=11 (full 0):
 garbage-first heap   total 130048K, used 95474K [0x0000000084400000, 0x0000000100000000)
  region size 1024K, 54 young (55296K), 6 survivors (6144K)
 Metaspace       used 32485K, committed 33024K, reserved 1114112K
  class space    used 4012K, committed 4288K, reserved 1048576K
}
Event: 5.132 GC heap after
{Heap after GC invocations=12 (full 0):
 garbage-first heap   total 130048K, used 50888K [0x0000000084400000, 0x0000000100000000)
  region size 1024K, 5 young (5120K), 5 survivors (5120K)
 Metaspace       used 32485K, committed 33024K, reserved 1114112K
  class space    used 4012K, committed 4288K, reserved 1048576K
}
Event: 5.890 GC heap before
{Heap before GC invocations=12 (full 0):
 garbage-first heap   total 130048K, used 90824K [0x0000000084400000, 0x0000000100000000)
  region size 1024K, 45 young (46080K), 5 survivors (5120K)
 Metaspace       used 35651K, committed 36160K, reserved 1114112K
  class space    used 4439K, committed 4672K, reserved 1048576K
}
Event: 5.898 GC heap after
{Heap after GC invocations=13 (full 0):
 garbage-first heap   total 130048K, used 52446K [0x0000000084400000, 0x0000000100000000)
  region size 1024K, 2 young (2048K), 2 survivors (2048K)
 Metaspace       used 35651K, committed 36160K, reserved 1114112K
  class space    used 4439K, committed 4672K, reserved 1048576K
}
Event: 7.242 GC heap before
{Heap before GC invocations=14 (full 0):
 garbage-first heap   total 130048K, used 99550K [0x0000000084400000, 0x0000000100000000)
  region size 1024K, 49 young (50176K), 2 survivors (2048K)
 Metaspace       used 47306K, committed 47808K, reserved 1114112K
  class space    used 6047K, committed 6272K, reserved 1048576K
}
Event: 7.248 GC heap after
{Heap after GC invocations=15 (full 0):
 garbage-first heap   total 130048K, used 55356K [0x0000000084400000, 0x0000000100000000)
  region size 1024K, 6 young (6144K), 6 survivors (6144K)
 Metaspace       used 47306K, committed 47808K, reserved 1114112K
  class space    used 6047K, committed 6272K, reserved 1048576K
}
Event: 7.253 GC heap before
{Heap before GC invocations=15 (full 0):
 garbage-first heap   total 130048K, used 56380K [0x0000000084400000, 0x0000000100000000)
  region size 1024K, 7 young (7168K), 6 survivors (6144K)
 Metaspace       used 47308K, committed 47808K, reserved 1114112K
  class space    used 6047K, committed 6272K, reserved 1048576K
}
Event: 7.257 GC heap after
{Heap after GC invocations=16 (full 0):
 garbage-first heap   total 130048K, used 55290K [0x0000000084400000, 0x0000000100000000)
  region size 1024K, 1 young (1024K), 1 survivors (1024K)
 Metaspace       used 47308K, committed 47808K, reserved 1114112K
  class space    used 6047K, committed 6272K, reserved 1048576K
}
Event: 7.934 GC heap before
{Heap before GC invocations=16 (full 0):
 garbage-first heap   total 130048K, used 100346K [0x0000000084400000, 0x0000000100000000)
  region size 1024K, 46 young (47104K), 1 survivors (1024K)
 Metaspace       used 55772K, committed 56384K, reserved 1114112K
  class space    used 7266K, committed 7552K, reserved 1048576K
}
Event: 7.936 GC heap after
{Heap after GC invocations=17 (full 0):
 garbage-first heap   total 130048K, used 56070K [0x0000000084400000, 0x0000000100000000)
  region size 1024K, 2 young (2048K), 2 survivors (2048K)
 Metaspace       used 55772K, committed 56384K, reserved 1114112K
  class space    used 7266K, committed 7552K, reserved 1048576K
}
Event: 8.318 GC heap before
{Heap before GC invocations=17 (full 0):
 garbage-first heap   total 130048K, used 89862K [0x0000000084400000, 0x0000000100000000)
  region size 1024K, 36 young (36864K), 2 survivors (2048K)
 Metaspace       used 60258K, committed 60800K, reserved 1114112K
  class space    used 7813K, committed 8064K, reserved 1048576K
}
Event: 8.322 GC heap after
{Heap after GC invocations=18 (full 0):
 garbage-first heap   total 130048K, used 58213K [0x0000000084400000, 0x0000000100000000)
  region size 1024K, 4 young (4096K), 4 survivors (4096K)
 Metaspace       used 60258K, committed 60800K, reserved 1114112K
  class space    used 7813K, committed 8064K, reserved 1048576K
}
Event: 9.324 GC heap before
{Heap before GC invocations=19 (full 0):
 garbage-first heap   total 130048K, used 104293K [0x0000000084400000, 0x0000000100000000)
  region size 1024K, 49 young (50176K), 4 survivors (4096K)
 Metaspace       used 67276K, committed 67968K, reserved 1114112K
  class space    used 8920K, committed 9280K, reserved 1048576K
}
Event: 9.332 GC heap after
{Heap after GC invocations=20 (full 0):
 garbage-first heap   total 130048K, used 62772K [0x0000000084400000, 0x0000000100000000)
  region size 1024K, 7 young (7168K), 7 survivors (7168K)
 Metaspace       used 67276K, committed 67968K, reserved 1114112K
  class space    used 8920K, committed 9280K, reserved 1048576K
}
Event: 9.349 GC heap before
{Heap before GC invocations=20 (full 0):
 garbage-first heap   total 130048K, used 63796K [0x0000000084400000, 0x0000000100000000)
  region size 1024K, 8 young (8192K), 7 survivors (7168K)
 Metaspace       used 67403K, committed 68096K, reserved 1114112K
  class space    used 8938K, committed 9280K, reserved 1048576K
}
Event: 9.358 GC heap after
{Heap after GC invocations=21 (full 0):
 garbage-first heap   total 130048K, used 62680K [0x0000000084400000, 0x0000000100000000)
  region size 1024K, 1 young (1024K), 1 survivors (1024K)
 Metaspace       used 67403K, committed 68096K, reserved 1114112K
  class space    used 8938K, committed 9280K, reserved 1048576K
}
Event: 9.797 GC heap before
{Heap before GC invocations=21 (full 0):
 garbage-first heap   total 130048K, used 104664K [0x0000000084400000, 0x0000000100000000)
  region size 1024K, 42 young (43008K), 1 survivors (1024K)
 Metaspace       used 70460K, committed 71104K, reserved 1114112K
  class space    used 9407K, committed 9728K, reserved 1048576K
}

Dll operation events (11 events):
Event: 0.007 Loaded shared library C:\Program Files\Java\jdk-19\bin\java.dll
Event: 0.021 Loaded shared library C:\Program Files\Java\jdk-19\bin\jsvml.dll
Event: 0.120 Loaded shared library C:\Program Files\Java\jdk-19\bin\net.dll
Event: 0.121 Loaded shared library C:\Program Files\Java\jdk-19\bin\nio.dll
Event: 0.124 Loaded shared library C:\Program Files\Java\jdk-19\bin\zip.dll
Event: 0.232 Loaded shared library C:\Program Files\Java\jdk-19\bin\jimage.dll
Event: 0.528 Loaded shared library C:\Program Files\Java\jdk-19\bin\management.dll
Event: 0.531 Loaded shared library C:\Program Files\Java\jdk-19\bin\management_ext.dll
Event: 1.669 Loaded shared library C:\Program Files\Java\jdk-19\bin\sunmscapi.dll
Event: 6.104 Loaded shared library C:\Program Files\Java\jdk-19\bin\verify.dll
Event: 6.645 Loaded shared library C:\Program Files\Java\jdk-19\bin\extnet.dll

Deoptimization events (20 events):
Event: 9.667 Thread 0x000001b2645ffc60 Uncommon trap: trap_request=0xffffffd6 fr.pc=0x000001b25125277c relative=0x000000000000259c
Event: 9.667 Thread 0x000001b2645ffc60 Uncommon trap: reason=array_check action=maybe_recompile pc=0x000001b25125277c method=org.antlr.v4.runtime.misc.Array2DHashSet.getOrAddImpl(Ljava/lang/Object;)Ljava/lang/Object; @ 36 c2
Event: 9.667 Thread 0x000001b2645ffc60 DEOPT PACKING pc=0x000001b25125277c sp=0x00000030e04fa820
Event: 9.667 Thread 0x000001b2645ffc60 DEOPT UNPACKING pc=0x000001b2508aa5a3 sp=0x00000030e04fa670 mode 2
Event: 9.667 Thread 0x000001b2645ffc60 Uncommon trap: trap_request=0xffffffd6 fr.pc=0x000001b25125277c relative=0x000000000000259c
Event: 9.667 Thread 0x000001b2645ffc60 Uncommon trap: reason=array_check action=maybe_recompile pc=0x000001b25125277c method=org.antlr.v4.runtime.misc.Array2DHashSet.getOrAddImpl(Ljava/lang/Object;)Ljava/lang/Object; @ 36 c2
Event: 9.667 Thread 0x000001b2645ffc60 DEOPT PACKING pc=0x000001b25125277c sp=0x00000030e04fa580
Event: 9.667 Thread 0x000001b2645ffc60 DEOPT UNPACKING pc=0x000001b2508aa5a3 sp=0x00000030e04fa3d0 mode 2
Event: 9.717 Thread 0x000001b2645ffc60 Uncommon trap: trap_request=0xffffff45 fr.pc=0x000001b250eccd58 relative=0x0000000000000298
Event: 9.717 Thread 0x000001b2645ffc60 Uncommon trap: reason=unstable_if action=reinterpret pc=0x000001b250eccd58 method=java.util.HashMap.getNode(Ljava/lang/Object;)Ljava/util/HashMap$Node; @ 66 c2
Event: 9.717 Thread 0x000001b2645ffc60 DEOPT PACKING pc=0x000001b250eccd58 sp=0x00000030e04fb730
Event: 9.717 Thread 0x000001b2645ffc60 DEOPT UNPACKING pc=0x000001b2508aa5a3 sp=0x00000030e04fb640 mode 2
Event: 9.718 Thread 0x000001b2645ffc60 Uncommon trap: trap_request=0xffffff45 fr.pc=0x000001b251255298 relative=0x00000000000000f8
Event: 9.718 Thread 0x000001b2645ffc60 Uncommon trap: reason=unstable_if action=reinterpret pc=0x000001b251255298 method=org.antlr.v4.runtime.atn.SingletonPredictionContext.equals(Ljava/lang/Object;)Z @ 42 c2
Event: 9.718 Thread 0x000001b2645ffc60 DEOPT PACKING pc=0x000001b251255298 sp=0x00000030e04fb220
Event: 9.718 Thread 0x000001b2645ffc60 DEOPT UNPACKING pc=0x000001b2508aa5a3 sp=0x00000030e04fb1b0 mode 2
Event: 9.725 Thread 0x000001b2645ffc60 DEOPT PACKING pc=0x000001b24a17cdfc sp=0x00000030e04f98f0
Event: 9.725 Thread 0x000001b2645ffc60 DEOPT UNPACKING pc=0x000001b2508ab0e3 sp=0x00000030e04f8d90 mode 0
Event: 9.775 Thread 0x000001b2645ffc60 DEOPT PACKING pc=0x000001b249387fab sp=0x00000030e04fc320
Event: 9.775 Thread 0x000001b2645ffc60 DEOPT UNPACKING pc=0x000001b2508ab0e3 sp=0x00000030e04fb7b8 mode 0

Classes loaded (20 events):
Event: 9.655 Loading class jdk/internal/reflect/ByteVectorImpl
Event: 9.655 Loading class jdk/internal/reflect/ByteVector
Event: 9.655 Loading class jdk/internal/reflect/ByteVector done
Event: 9.655 Loading class jdk/internal/reflect/ByteVectorImpl done
Event: 9.655 Loading class jdk/internal/reflect/ClassFileAssembler
Event: 9.655 Loading class jdk/internal/reflect/ClassFileAssembler done
Event: 9.655 Loading class jdk/internal/reflect/UTF8
Event: 9.656 Loading class jdk/internal/reflect/UTF8 done
Event: 9.656 Loading class jdk/internal/reflect/Label
Event: 9.656 Loading class jdk/internal/reflect/Label done
Event: 9.656 Loading class jdk/internal/reflect/Label$PatchInfo
Event: 9.656 Loading class jdk/internal/reflect/Label$PatchInfo done
Event: 9.656 Loading class jdk/internal/reflect/MethodAccessorGenerator$1
Event: 9.656 Loading class jdk/internal/reflect/MethodAccessorGenerator$1 done
Event: 9.656 Loading class jdk/internal/reflect/ClassDefiner
Event: 9.656 Loading class jdk/internal/reflect/ClassDefiner done
Event: 9.656 Loading class jdk/internal/reflect/ClassDefiner$1
Event: 9.656 Loading class jdk/internal/reflect/ClassDefiner$1 done
Event: 9.657 Loading class jdk/internal/reflect/SerializationConstructorAccessorImpl
Event: 9.657 Loading class jdk/internal/reflect/SerializationConstructorAccessorImpl done

Classes unloaded (0 events):
No events

Classes redefined (0 events):
No events

Internal exceptions (20 events):
Event: 8.187 Thread 0x000001b2645ffc60 Exception <a 'java/lang/NoSuchMethodError'{0x000000008aaa75e0}: 'java.lang.Object java.lang.invoke.DirectMethodHandle$Holder.newInvokeSpecial(java.lang.Object, java.lang.Object, int, java.lang.Object, int, java.lang.Object, java.lang.Object)'> (0x000000008aaa75e0) 
thrown [s\open\src\hotspot\share\interpreter\linkResolver.cpp, line 774]
Event: 8.201 Thread 0x000001b2645ffc60 Exception <a 'java/lang/NoSuchMethodError'{0x000000008a99d0a0}: 'java.lang.Object java.lang.invoke.DirectMethodHandle$Holder.newInvokeSpecial(java.lang.Object, java.lang.Object, java.lang.Object, java.lang.Object, java.lang.Object, java.lang.Object, java.lang.Object, int)'> (0x000000008a99d0a0) 
thrown [s\open\src\hotspot\share\interpreter\linkResolver.cpp, line 774]
Event: 8.201 Thread 0x000001b2645ffc60 Exception <a 'java/lang/NoSuchMethodError'{0x000000008a9a28c0}: 'java.lang.Object java.lang.invoke.DirectMethodHandle$Holder.invokeSpecial(java.lang.Object, java.lang.Object, java.lang.Object, java.lang.Object, java.lang.Object, java.lang.Object, java.lang.Object, java.lang.Object, int)'> (0x000000008a9a28c0) 
thrown [s\open\src\hotspot\share\interpreter\linkResolver.cpp, line 774]
Event: 8.202 Thread 0x000001b2645ffc60 Exception <a 'java/lang/NoSuchMethodError'{0x000000008a9a7ba8}: 'java.lang.Object java.lang.invoke.Invokers$Holder.linkToTargetMethod(java.lang.Object, java.lang.Object, java.lang.Object, java.lang.Object, java.lang.Object, java.lang.Object, int, java.lang.Object)'> (0x000000008a9a7ba8) 
thrown [s\open\src\hotspot\share\interpreter\linkResolver.cpp, line 774]
Event: 8.229 Thread 0x000001b2645ffc60 Exception <a 'java/lang/NoSuchMethodError'{0x000000008a8f41f8}: 'void java.lang.invoke.DirectMethodHandle$Holder.invokeInterface(java.lang.Object, java.lang.Object)'> (0x000000008a8f41f8) 
thrown [s\open\src\hotspot\share\interpreter\linkResolver.cpp, line 774]
Event: 8.487 Thread 0x000001b2645ffc60 Implicit null exception at 0x000001b2511e38b3 to 0x000001b2511e3a10
Event: 8.616 Thread 0x000001b2645ffc60 Exception <a 'java/lang/NoSuchMethodError'{0x000000008b37d598}: 'java.lang.Object java.lang.invoke.DirectMethodHandle$Holder.invokeSpecial(java.lang.Object, java.lang.Object, int, java.lang.Object, int)'> (0x000000008b37d598) 
thrown [s\open\src\hotspot\share\interpreter\linkResolver.cpp, line 774]
Event: 8.907 Thread 0x000001b2645ffc60 Exception <a 'java/lang/IncompatibleClassChangeError'{0x000000008ae331c0}: Found class java.lang.Object, but interface was expected> (0x000000008ae331c0) 
thrown [s\open\src\hotspot\share\interpreter\linkResolver.cpp, line 841]
Event: 8.915 Thread 0x000001b2645ffc60 Exception <a 'java/lang/IncompatibleClassChangeError'{0x000000008aeaee00}: Found class java.lang.Object, but interface was expected> (0x000000008aeaee00) 
thrown [s\open\src\hotspot\share\interpreter\linkResolver.cpp, line 841]
Event: 8.932 Thread 0x000001b2645ffc60 Implicit null exception at 0x000001b25116ea4b to 0x000001b25116ec40
Event: 8.940 Thread 0x000001b2645ffc60 Exception <a 'java/lang/IncompatibleClassChangeError'{0x000000008ac14eb0}: Found class java.lang.Object, but interface was expected> (0x000000008ac14eb0) 
thrown [s\open\src\hotspot\share\interpreter\linkResolver.cpp, line 841]
Event: 9.125 Thread 0x000001b2645ffc60 Exception <a 'java/lang/IncompatibleClassChangeError'{0x0000000089a14a10}: Found class java.lang.Object, but interface was expected> (0x0000000089a14a10) 
thrown [s\open\src\hotspot\share\interpreter\linkResolver.cpp, line 841]
Event: 9.186 Thread 0x000001b2645ffc60 Exception <a 'java/lang/IncompatibleClassChangeError'{0x00000000898e3aa0}: Found class java.lang.Object, but interface was expected> (0x00000000898e3aa0) 
thrown [s\open\src\hotspot\share\interpreter\linkResolver.cpp, line 841]
Event: 9.218 Thread 0x000001b2645ffc60 Exception <a 'java/lang/NoSuchMethodError'{0x00000000897e9c20}: 'java.lang.Object java.lang.invoke.DirectMethodHandle$Holder.invokeStatic(java.lang.Object, int, java.lang.Object)'> (0x00000000897e9c20) 
thrown [s\open\src\hotspot\share\interpreter\linkResolver.cpp, line 774]
Event: 9.280 Thread 0x000001b2645ffc60 Exception <a 'java/lang/NoSuchMethodError'{0x00000000894828b0}: 'long java.lang.invoke.DirectMethodHandle$Holder.invokeVirtual(java.lang.Object, java.lang.Object)'> (0x00000000894828b0) 
thrown [s\open\src\hotspot\share\interpreter\linkResolver.cpp, line 774]
Event: 9.285 Thread 0x000001b2645ffc60 Exception <a 'java/io/FileNotFoundException'{0x00000000894aa530}> (0x00000000894aa530) 
thrown [s\open\src\hotspot\share\prims\jni.cpp, line 517]
Event: 9.412 Thread 0x000001b2645ffc60 Implicit null exception at 0x000001b251202e55 to 0x000001b251202fb6
Event: 9.571 Thread 0x000001b2645ffc60 Exception <a 'sun/nio/fs/WindowsException'{0x000000008ac0c9b8}> (0x000000008ac0c9b8) 
thrown [s\open\src\hotspot\share\prims\jni.cpp, line 517]
Event: 9.617 Thread 0x000001b2645ffc60 Exception <a 'java/io/FileNotFoundException'{0x000000008ab44970}> (0x000000008ab44970) 
thrown [s\open\src\hotspot\share\prims\jni.cpp, line 517]
Event: 9.618 Thread 0x000001b2645ffc60 Exception <a 'java/io/FileNotFoundException'{0x000000008ab4ebc8}> (0x000000008ab4ebc8) 
thrown [s\open\src\hotspot\share\prims\jni.cpp, line 517]

VM Operations (20 events):
Event: 9.289 Executing VM operation: HandshakeAllThreads done
Event: 9.324 Executing VM operation: G1CollectForAllocation
Event: 9.332 Executing VM operation: G1CollectForAllocation done
Event: 9.349 Executing VM operation: G1CollectForAllocation
Event: 9.358 Executing VM operation: G1CollectForAllocation done
Event: 9.406 Executing VM operation: HandshakeAllThreads
Event: 9.406 Executing VM operation: HandshakeAllThreads done
Event: 9.467 Executing VM operation: HandshakeAllThreads
Event: 9.467 Executing VM operation: HandshakeAllThreads done
Event: 9.570 Executing VM operation: HandshakeAllThreads
Event: 9.570 Executing VM operation: HandshakeAllThreads done
Event: 9.572 Executing VM operation: HandshakeAllThreads
Event: 9.573 Executing VM operation: HandshakeAllThreads done
Event: 9.577 Executing VM operation: HandshakeAllThreads
Event: 9.577 Executing VM operation: HandshakeAllThreads done
Event: 9.642 Executing VM operation: HandshakeAllThreads
Event: 9.642 Executing VM operation: HandshakeAllThreads done
Event: 9.648 Executing VM operation: ICBufferFull
Event: 9.648 Executing VM operation: ICBufferFull done
Event: 9.797 Executing VM operation: G1CollectForAllocation

Events (20 events):
Event: 4.389 Thread 0x000001b263c1f7c0 flushing nmethod 0x000001b249b11890
Event: 4.389 Thread 0x000001b263c1f7c0 flushing nmethod 0x000001b249b1d690
Event: 4.389 Thread 0x000001b263c1f7c0 flushing nmethod 0x000001b249b2da90
Event: 4.389 Thread 0x000001b263c1f7c0 flushing nmethod 0x000001b249b67910
Event: 4.389 Thread 0x000001b263c1f7c0 flushing nmethod 0x000001b249b7a610
Event: 4.389 Thread 0x000001b263c1f7c0 flushing nmethod 0x000001b249b7b190
Event: 4.389 Thread 0x000001b263c1f7c0 flushing nmethod 0x000001b249b88b10
Event: 4.389 Thread 0x000001b263c1f7c0 flushing nmethod 0x000001b249bbfd10
Event: 5.199 Thread 0x000001b26657fd10 Thread added: 0x000001b26657fd10
Event: 6.482 Thread 0x000001b263e14910 Thread exited: 0x000001b263e14910
Event: 6.573 Thread 0x000001b263e14910 Thread added: 0x000001b263e14910
Event: 6.732 Thread 0x000001b263c6c470 Thread added: 0x000001b263c6c470
Event: 6.846 Thread 0x000001b265d1a640 Thread added: 0x000001b265d1a640
Event: 7.619 Thread 0x000001b263e14910 Thread exited: 0x000001b263e14910
Event: 7.837 Thread 0x000001b263c1f7c0 flushing nmethod 0x000001b250f53b90
Event: 7.837 Thread 0x000001b263c1f7c0 flushing nmethod 0x000001b250f5bd10
Event: 7.837 Thread 0x000001b263c1f7c0 flushing nmethod 0x000001b251036790
Event: 9.294 Thread 0x000001b266f73c80 Thread added: 0x000001b266f73c80
Event: 9.296 Thread 0x000001b2680563f0 Thread added: 0x000001b2680563f0
Event: 9.298 Thread 0x000001b2682db5f0 Thread added: 0x000001b2682db5f0


Dynamic libraries:
0x00007ff7352b0000 - 0x00007ff7352c0000 	C:\Program Files\Java\jdk-19\bin\javaw.exe
0x00007ffe9a4b0000 - 0x00007ffe9a6c7000 	C:\WINDOWS\SYSTEM32\ntdll.dll
0x00007ffe99350000 - 0x00007ffe99414000 	C:\WINDOWS\System32\KERNEL32.DLL
0x00007ffe97b10000 - 0x00007ffe97ebd000 	C:\WINDOWS\System32\KERNELBASE.dll
0x00007ffe97990000 - 0x00007ffe97aa1000 	C:\WINDOWS\System32\ucrtbase.dll
0x00007ffe620c0000 - 0x00007ffe620d8000 	C:\Program Files\Java\jdk-19\bin\jli.dll
0x00007ffe9a110000 - 0x00007ffe9a1c2000 	C:\WINDOWS\System32\ADVAPI32.dll
0x00007ffe9a1d0000 - 0x00007ffe9a277000 	C:\WINDOWS\System32\msvcrt.dll
0x00007ffe99630000 - 0x00007ffe996d9000 	C:\WINDOWS\System32\sechost.dll
0x00007ffe97ae0000 - 0x00007ffe97b08000 	C:\WINDOWS\System32\bcrypt.dll
0x00007ffe99420000 - 0x00007ffe99534000 	C:\WINDOWS\System32\RPCRT4.dll
0x00007ffe98c00000 - 0x00007ffe98dae000 	C:\WINDOWS\System32\USER32.dll
0x00007ffe97ab0000 - 0x00007ffe97ad6000 	C:\WINDOWS\System32\win32u.dll
0x00007ffe98360000 - 0x00007ffe98389000 	C:\WINDOWS\System32\GDI32.dll
0x00007ffe977d0000 - 0x00007ffe978e9000 	C:\WINDOWS\System32\gdi32full.dll
0x00007ffe978f0000 - 0x00007ffe9798a000 	C:\WINDOWS\System32\msvcp_win.dll
0x00007ffe8c740000 - 0x00007ffe8c75b000 	C:\Program Files\Java\jdk-19\bin\VCRUNTIME140.dll
0x00007ffe7c360000 - 0x00007ffe7c5f3000 	C:\WINDOWS\WinSxS\amd64_microsoft.windows.common-controls_6595b64144ccf1df_6.0.22621.3672_none_2713b9d173822955\COMCTL32.dll
0x00007ffe8cba0000 - 0x00007ffe8cbaa000 	C:\WINDOWS\SYSTEM32\VERSION.dll
0x00007ffe98510000 - 0x00007ffe98541000 	C:\WINDOWS\System32\IMM32.DLL
0x00007ffe812d0000 - 0x00007ffe812dc000 	C:\Program Files\Java\jdk-19\bin\vcruntime140_1.dll
0x00007ffe61d00000 - 0x00007ffe61d8e000 	C:\Program Files\Java\jdk-19\bin\msvcp140.dll
0x00007ffe17e60000 - 0x00007ffe18b20000 	C:\Program Files\Java\jdk-19\bin\server\jvm.dll
0x00007ffe8c760000 - 0x00007ffe8c769000 	C:\WINDOWS\SYSTEM32\WSOCK32.dll
0x00007ffe9a280000 - 0x00007ffe9a2f1000 	C:\WINDOWS\System32\WS2_32.dll
0x00007ffe8e010000 - 0x00007ffe8e044000 	C:\WINDOWS\SYSTEM32\WINMM.dll
0x00007ffe967f0000 - 0x00007ffe96808000 	C:\WINDOWS\SYSTEM32\kernel.appcore.dll
0x00007ffe739d0000 - 0x00007ffe739da000 	C:\Program Files\Java\jdk-19\bin\jimage.dll
0x00007ffe95c30000 - 0x00007ffe95e62000 	C:\WINDOWS\SYSTEM32\DBGHELP.DLL
0x00007ffe98db0000 - 0x00007ffe9913e000 	C:\WINDOWS\System32\combase.dll
0x00007ffe98260000 - 0x00007ffe98337000 	C:\WINDOWS\System32\OLEAUT32.dll
0x00007ffe7b1b0000 - 0x00007ffe7b1e2000 	C:\WINDOWS\SYSTEM32\dbgcore.DLL
0x00007ffe97ec0000 - 0x00007ffe97f3b000 	C:\WINDOWS\System32\bcryptPrimitives.dll
0x00007ffe61cd0000 - 0x00007ffe61cf6000 	C:\Program Files\Java\jdk-19\bin\java.dll
0x00007ffe4ade0000 - 0x00007ffe4aeb7000 	C:\Program Files\Java\jdk-19\bin\jsvml.dll
0x00007ffe996e0000 - 0x00007ffe99f47000 	C:\WINDOWS\System32\SHELL32.dll
0x00007ffe95270000 - 0x00007ffe95b6f000 	C:\WINDOWS\SYSTEM32\windows.storage.dll
0x00007ffe95130000 - 0x00007ffe9526f000 	C:\WINDOWS\SYSTEM32\wintypes.dll
0x00007ffe98410000 - 0x00007ffe98509000 	C:\WINDOWS\System32\SHCORE.dll
0x00007ffe98ba0000 - 0x00007ffe98bfe000 	C:\WINDOWS\System32\shlwapi.dll
0x00007ffe97700000 - 0x00007ffe97727000 	C:\WINDOWS\SYSTEM32\profapi.dll
0x00007ffe5dc00000 - 0x00007ffe5dc13000 	C:\Program Files\Java\jdk-19\bin\net.dll
0x00007ffe90240000 - 0x00007ffe90376000 	C:\WINDOWS\SYSTEM32\WINHTTP.dll
0x00007ffe96c70000 - 0x00007ffe96cd9000 	C:\WINDOWS\system32\mswsock.dll
0x00007ffe5ced0000 - 0x00007ffe5cee6000 	C:\Program Files\Java\jdk-19\bin\nio.dll
0x00007ffe61cb0000 - 0x00007ffe61cc8000 	C:\Program Files\Java\jdk-19\bin\zip.dll
0x00007ffe6d000000 - 0x00007ffe6d00a000 	C:\Program Files\Java\jdk-19\bin\management.dll
0x00007ffe6c4d0000 - 0x00007ffe6c4db000 	C:\Program Files\Java\jdk-19\bin\management_ext.dll
0x00007ffe9a100000 - 0x00007ffe9a108000 	C:\WINDOWS\System32\PSAPI.DLL
0x00007ffe6da20000 - 0x00007ffe6da2e000 	C:\Program Files\Java\jdk-19\bin\sunmscapi.dll
0x00007ffe98000000 - 0x00007ffe98166000 	C:\WINDOWS\System32\CRYPT32.dll
0x00007ffe970a0000 - 0x00007ffe970ce000 	C:\WINDOWS\SYSTEM32\ncrypt.dll
0x00007ffe97060000 - 0x00007ffe97097000 	C:\WINDOWS\SYSTEM32\NTASN1.dll
0x00007ffe96ee0000 - 0x00007ffe96efb000 	C:\WINDOWS\SYSTEM32\CRYPTSP.dll
0x00007ffe96750000 - 0x00007ffe96785000 	C:\WINDOWS\system32\rsaenh.dll
0x00007ffe96d60000 - 0x00007ffe96d88000 	C:\WINDOWS\SYSTEM32\USERENV.dll
0x00007ffe96f00000 - 0x00007ffe96f0c000 	C:\WINDOWS\SYSTEM32\CRYPTBASE.dll
0x00007ffe96250000 - 0x00007ffe9627d000 	C:\WINDOWS\SYSTEM32\IPHLPAPI.DLL
0x00007ffe9a300000 - 0x00007ffe9a309000 	C:\WINDOWS\System32\NSI.dll
0x00007ffe90200000 - 0x00007ffe90219000 	C:\WINDOWS\SYSTEM32\dhcpcsvc6.DLL
0x00007ffe901e0000 - 0x00007ffe901ff000 	C:\WINDOWS\SYSTEM32\dhcpcsvc.DLL
0x00007ffe96280000 - 0x00007ffe96378000 	C:\WINDOWS\SYSTEM32\DNSAPI.dll
0x00007ffe6e160000 - 0x00007ffe6e170000 	C:\Program Files\Java\jdk-19\bin\verify.dll
0x00007ffe8caf0000 - 0x00007ffe8cafa000 	C:\Windows\System32\rasadhlp.dll
0x00007ffe8cd50000 - 0x00007ffe8cdd3000 	C:\WINDOWS\System32\fwpuclnt.dll
0x00007ffe6c170000 - 0x00007ffe6c178000 	C:\Program Files\Java\jdk-19\bin\extnet.dll

dbghelp: loaded successfully - version: 4.0.5 - missing functions: none
symbol engine: initialized successfully - sym options: 0x614 - pdb path: .;C:\Program Files\Java\jdk-19\bin;C:\WINDOWS\SYSTEM32;C:\WINDOWS\WinSxS\amd64_microsoft.windows.common-controls_6595b64144ccf1df_6.0.22621.3672_none_2713b9d173822955;C:\Program Files\Java\jdk-19\bin\server

VM Arguments:
jvm_args: -Dfile.encoding=UTF-8 -Dstdout.encoding=UTF-8 -Dstderr.encoding=UTF-8 -XX:+ShowCodeDetailsInExceptionMessages 
java_command: com.DatnStfBeApplication
java_class_path (initial): D:\Git_DATN\backend\target\classes;C:\Users\Dell\.m2\repository\org\springframework\boot\spring-boot-starter-web\3.3.2\spring-boot-starter-web-3.3.2.jar;C:\Users\Dell\.m2\repository\org\springframework\boot\spring-boot-starter\3.3.2\spring-boot-starter-3.3.2.jar;C:\Users\Dell\.m2\repository\org\springframework\boot\spring-boot-starter-logging\3.3.2\spring-boot-starter-logging-3.3.2.jar;C:\Users\Dell\.m2\repository\ch\qos\logback\logback-classic\1.5.6\logback-classic-1.5.6.jar;C:\Users\Dell\.m2\repository\ch\qos\logback\logback-core\1.5.6\logback-core-1.5.6.jar;C:\Users\Dell\.m2\repository\org\apache\logging\log4j\log4j-to-slf4j\2.23.1\log4j-to-slf4j-2.23.1.jar;C:\Users\Dell\.m2\repository\org\slf4j\jul-to-slf4j\2.0.13\jul-to-slf4j-2.0.13.jar;C:\Users\Dell\.m2\repository\org\yaml\snakeyaml\2.2\snakeyaml-2.2.jar;C:\Users\Dell\.m2\repository\org\springframework\boot\spring-boot-starter-json\3.3.2\spring-boot-starter-json-3.3.2.jar;C:\Users\Dell\.m2\repository\com\fasterxml\jackson\datatype\jackson-datatype-jdk8\2.17.2\jackson-datatype-jdk8-2.17.2.jar;C:\Users\Dell\.m2\repository\com\fasterxml\jackson\datatype\jackson-datatype-jsr310\2.17.2\jackson-datatype-jsr310-2.17.2.jar;C:\Users\Dell\.m2\repository\com\fasterxml\jackson\module\jackson-module-parameter-names\2.17.2\jackson-module-parameter-names-2.17.2.jar;C:\Users\Dell\.m2\repository\org\springframework\spring-web\6.1.11\spring-web-6.1.11.jar;C:\Users\Dell\.m2\repository\org\springframework\spring-beans\6.1.11\spring-beans-6.1.11.jar;C:\Users\Dell\.m2\repository\io\micrometer\micrometer-observation\1.13.2\micrometer-observation-1.13.2.jar;C:\Users\Dell\.m2\repository\io\micrometer\micrometer-commons\1.13.2\micrometer-commons-1.13.2.jar;C:\Users\Dell\.m2\repository\org\springframework\spring-webmvc\6.1.11\spring-webmvc-6.1.11.jar;C:\Users\Dell\.m2\repository\org\springframework\spring-context\6.1.11\spring-context-6.1.11.jar;C:\Users\Dell\.m2\repository\org\springframework\spring-expression\6.1.11\spring-expression-6.1.11.jar;C:\Users\Dell\.m2\repository\org\springframework\boot\spring-boot-starter-tomcat\3.3.2\spring-boot-starter-tomcat-3.3.2.jar;C:\Users\Dell\.m2\repository\jakarta\annotation\jakarta.annotation-api\2.1.1\jakarta.annotation-api-2.1.1.jar;C:\Users\Dell\.m2\repository\org\apache\tomcat\embed\tomcat-embed-core\10.1.26\tomcat-embed-core-10.1.26.jar;C:\Users\Dell\.m2\repository\org\apache\tomcat\embed\tomcat-embed-el\10.1.26\tomcat-embed-el-10.1.26.jar;C:\Users\Dell\.m2\repository\org\apache\tomcat\embed\tomcat-embed-websocket\10.1.26\tomcat-embed-websocket-10.1.26.jar;C:\Users\Dell\.m2\repository\org\slf4j\slf4j-api\2.0.13\slf4j-api-2.0.13.jar;C:\Users\Dell\.m2\repository\jakarta\xml\bind\jakarta.xml.bind-api\4.0.2\jakarta.xml.bind-api-4.0.2.jar;C:\Users\Dell\.m2\repository\jakarta\activation\jakarta.activation-api\2.1.3\jakarta.activation-api-2.1.3.jar;C:\Users\Dell\.m2\repository\net\bytebuddy\byte-buddy\1.14.18\byte-buddy-1.14.18.jar;C:\Users\Dell\.m2\repository\org\springframework\spring-core\6.1.11\spring-core-6.1.11.jar;C:\Users\Dell\.m2\repository\org\springframework\spring-jcl\6.1.11\spring-jcl-6.1.11.jar;C:\Users\Dell\.m2\repository\org\springframework\boot\spring-boot-starter-security\3.3.2\spring-boot-starter-security-3.3.2.jar;C:\Users\Dell\.m2\repository\org\springframework\spring-aop\6.1.11\spring-aop-6.1.11.jar;C:\Users\Dell\.m2\repository\org\springframework\security\spring-security-config\6.3.1\spring-security-config-6.3.1.jar;C:\Users\Dell\.m2\repository\org\springframework\security\spring-security-web\6.3.1\spring-security-web-6.3.1.jar;C:\Users\Dell\.m2\repository\org\springframework\security\spring-security-core\6.3.1\spring-security-core-6.3.1.jar;C:\Users\Dell\.m2\repository\org\springframework\security\spring-security-crypto\6.3.1\spring-security-crypto-6.3.1.jar;C:\Users\Dell\.m2\repository\org\springframework\boot\spring-boot-devtools\3.3.2\spring-boot-devtools-3.3.2.jar;C:\Users\Dell\.m2\repository\org\springframework\boot\spring-boot\3.3.2\spring-boot-3.3.2.jar;C:\Users\Dell\.m2\repository\org\springframework\boot\spring-boot-autoconfigure\3.3.2\spring-boot-autoconfigure-3.3.2.jar;C:\Users\Dell\.m2\repository\org\projectlombok\lombok\1.18.34\lombok-1.18.34.jar;C:\Users\Dell\.m2\repository\org\springframework\boot\spring-boot-starter-data-jpa\3.3.2\spring-boot-starter-data-jpa-3.3.2.jar;C:\Users\Dell\.m2\repository\org\springframework\boot\spring-boot-starter-aop\3.3.2\spring-boot-starter-aop-3.3.2.jar;C:\Users\Dell\.m2\repository\org\aspectj\aspectjweaver\1.9.22.1\aspectjweaver-1.9.22.1.jar;C:\Users\Dell\.m2\repository\org\springframework\boot\spring-boot-starter-jdbc\3.3.2\spring-boot-starter-jdbc-3.3.2.jar;C:\Users\Dell\.m2\repository\com\zaxxer\HikariCP\5.1.0\HikariCP-5.1.0.jar;C:\Users\Dell\.m2\repository\org\springframework\spring-jdbc\6.1.11\spring-jdbc-6.1.11.jar;C:\Users\Dell\.m2\repository\org\hibernate\orm\hibernate-core\6.5.2.Final\hibernate-core-6.5.2.Final.jar;C:\Users\Dell\.m2\repository\jakarta\persistence\jakarta.persistence-api\3.1.0\jakarta.persistence-api-3.1.0.jar;C:\Users\Dell\.m2\repository\jakarta\transaction\jakarta.transaction-api\2.0.1\jakarta.transaction-api-2.0.1.jar;C:\Users\Dell\.m2\repository\org\hibernate\common\hibernate-commons-annotations\6.0.6.Final\hibernate-commons-annotations-6.0.6.Final.jar;C:\Users\Dell\.m2\repository\io\smallrye\jandex\3.1.2\jandex-3.1.2.jar;C:\Users\Dell\.m2\repository\org\glassfish\jaxb\jaxb-runtime\4.0.5\jaxb-runtime-4.0.5.jar;C:\Users\Dell\.m2\repository\org\glassfish\jaxb\jaxb-core\4.0.5\jaxb-core-4.0.5.jar;C:\Users\Dell\.m2\repository\org\glassfish\jaxb\txw2\4.0.5\txw2-4.0.5.jar;C:\Users\Dell\.m2\repository\com\sun\istack\istack-commons-runtime\4.1.2\istack-commons-runtime-4.1.2.jar;C:\Users\Dell\.m2\repository\jakarta\inject\jakarta.inject-api\2.0.1\jakarta.inject-api-2.0.1.jar;C:\Users\Dell\.m2\repository\org\antlr\antlr4-runtime\4.13.0\antlr4-runtime-4.13.0.jar;C:\Users\Dell\.m2\repository\org\springframework\data\spring-data-jpa\3.3.2\spring-data-jpa-3.3.2.jar;C:\Users\Dell\.m2\repository\org\springframework\data\spring-data-commons\3.3.2\spring-data-commons-3.3.2.jar;C:\Users\Dell\.m2\repository\org\springframework\spring-orm\6.1.11\spring-orm-6.1.11.jar;C:\Users\Dell\.m2\repository\org\springframework\spring-tx\6.1.11\spring-tx-6.1.11.jar;C:\Users\Dell\.m2\repository\org\springframework\spring-aspects\6.1.11\spring-aspects-6.1.11.jar;C:\Users\Dell\.m2\repository\mysql\mysql-connector-java\8.0.30\mysql-connector-java-8.0.30.jar;C:\Users\Dell\.m2\repository\com\google\protobuf\protobuf-java\3.19.4\protobuf-java-3.19.4.jar;C:\Users\Dell\.m2\repository\org\hibernate\validator\hibernate-validator\8.0.1.Final\hibernate-validator-8.0.1.Final.jar;C:\Users\Dell\.m2\repository\jakarta\validation\jakarta.validation-api\3.0.2\jakarta.validation-api-3.0.2.jar;C:\Users\Dell\.m2\repository\org\jboss\logging\jboss-logging\3.5.3.Final\jboss-logging-3.5.3.Final.jar;C:\Users\Dell\.m2\repository\com\fasterxml\classmate\1.7.0\classmate-1.7.0.jar;C:\Users\Dell\.m2\repository\io\jsonwebtoken\jjwt-impl\0.12.5\jjwt-impl-0.12.5.jar;C:\Users\Dell\.m2\repository\io\jsonwebtoken\jjwt-api\0.12.5\jjwt-api-0.12.5.jar;C:\Users\Dell\.m2\repository\io\jsonwebtoken\jjwt-jackson\0.12.5\jjwt-jackson-0.12.5.jar;C:\Users\Dell\.m2\repository\com\fasterxml\jackson\core\jackson-databind\2.17.2\jackson-databind-2.17.2.jar;C:\Users\Dell\.m2\repository\com\fasterxml\jackson\core\jackson-annotations\2.17.2\jackson-annotations-2.17.2.jar;C:\Users\Dell\.m2\repository\com\fasterxml\jackson\core\jackson-core\2.17.2\jackson-core-2.17.2.jar;C:\Users\Dell\.m2\repository\org\apache\poi\poi\5.2.3\poi-5.2.3.jar;C:\Users\Dell\.m2\repository\org\apache\commons\commons-collections4\4.4\commons-collections4-4.4.jar;C:\Users\Dell\.m2\repository\org\apache\commons\commons-math3\3.6.1\commons-math3-3.6.1.jar;C:\Users\Dell\.m2\repository\commons-io\commons-io\2.11.0\commons-io-2.11.0.jar;C:\Users\Dell\.m2\repository\com\zaxxer\SparseBitSet\1.2\SparseBitSet-1.2.jar;C:\Users\Dell\.m2\repository\org\apache\logging\log4j\log4j-api\2.23.1\log4j-api-2.23.1.jar;C:\Users\Dell\.m2\repository\org\apache\poi\poi-ooxml\5.2.3\poi-ooxml-5.2.3.jar;C:\Users\Dell\.m2\repository\org\apache\poi\poi-ooxml-lite\5.2.3\poi-ooxml-lite-5.2.3.jar;C:\Users\Dell\.m2\repository\org\apache\xmlbeans\xmlbeans\5.1.1\xmlbeans-5.1.1.jar;C:\Users\Dell\.m2\repository\org\apache\commons\commons-compress\1.21\commons-compress-1.21.jar;C:\Users\Dell\.m2\repository\com\github\virtuald\curvesapi\1.07\curvesapi-1.07.jar;C:\Users\Dell\.m2\repository\org\modelmapper\modelmapper\3.1.0\modelmapper-3.1.0.jar;C:\Users\Dell\.m2\repository\org\apache\commons\commons-lang3\3.12.0\commons-lang3-3.12.0.jar;C:\Users\Dell\.m2\repository\org\springframework\boot\spring-boot-starter-mail\3.3.2\spring-boot-starter-mail-3.3.2.jar;C:\Users\Dell\.m2\repository\org\springframework\spring-context-support\6.1.11\spring-context-support-6.1.11.jar;C:\Users\Dell\.m2\repository\org\eclipse\angus\jakarta.mail\2.0.3\jakarta.mail-2.0.3.jar;C:\Users\Dell\.m2\repository\org\eclipse\angus\angus-activation\2.0.2\angus-activation-2.0.2.jar;C:\Users\Dell\.m2\repository\commons-codec\commons-codec\1.10\commons-codec-1.10.jar
Launcher Type: SUN_STANDARD

[Global flags]
     intx CICompilerCount                          = 3                                         {product} {ergonomic}
     uint ConcGCThreads                            = 1                                         {product} {ergonomic}
     uint G1ConcRefinementThreads                  = 4                                         {product} {ergonomic}
   size_t G1HeapRegionSize                         = 1048576                                   {product} {ergonomic}
    uintx GCDrainStackTargetSize                   = 64                                        {product} {ergonomic}
   size_t InitialHeapSize                          = 130023424                                 {product} {ergonomic}
   size_t MarkStackSize                            = 4194304                                   {product} {ergonomic}
   size_t MaxHeapSize                              = 2076180480                                {product} {ergonomic}
   size_t MaxNewSize                               = 1245708288                                {product} {ergonomic}
   size_t MinHeapDeltaBytes                        = 1048576                                   {product} {ergonomic}
   size_t MinHeapSize                              = 8388608                                   {product} {ergonomic}
    uintx NonNMethodCodeHeapSize                   = 5832780                                {pd product} {ergonomic}
    uintx NonProfiledCodeHeapSize                  = 122912730                              {pd product} {ergonomic}
    uintx ProfiledCodeHeapSize                     = 122912730                              {pd product} {ergonomic}
    uintx ReservedCodeCacheSize                    = 251658240                              {pd product} {ergonomic}
     bool SegmentedCodeCache                       = true                                      {product} {ergonomic}
     bool ShowCodeDetailsInExceptionMessages       = true                                   {manageable} {command line}
   size_t SoftMaxHeapSize                          = 2076180480                             {manageable} {ergonomic}
     bool UseCompressedClassPointers               = true                           {product lp64_product} {ergonomic}
     bool UseCompressedOops                        = true                           {product lp64_product} {ergonomic}
     bool UseG1GC                                  = true                                      {product} {ergonomic}
     bool UseLargePagesIndividualAllocation        = false                                  {pd product} {ergonomic}

Logging:
Log output configuration:
 #0: stdout all=warning uptime,level,tags foldmultilines=false
 #1: stderr all=off uptime,level,tags foldmultilines=false

Environment Variables:
CLASSPATH=%CLASSPATH%;%JUNIT_HOME%\junit-4.13.2.jar;.;;C:\Junit4\junit-4.13.2.jar;.;;C:\Junit4\junit-4.13.2.jar;.;
PATH=C:\Program Files\Common Files\Oracle\Java\javapath;C:\WINDOWS\system32;C:\WINDOWS;C:\WINDOWS\System32\Wbem;C:\WINDOWS\System32\WindowsPowerShell\v1.0\;C:\WINDOWS\System32\OpenSSH\;C:\Program Files\dotnet\;C:\Program Files (x86)\Microsoft SQL Server\160\Tools\Binn\;C:\Program Files\Microsoft SQL Server\160\Tools\Binn\;C:\Program Files\Microsoft SQL Server\Client SDK\ODBC\170\Tools\Binn\;C:\Program Files\Microsoft SQL Server\160\DTS\Binn\;C:\Program Files (x86)\Microsoft SQL Server\160\DTS\Binn\;C:\apache-maven-3.9.6\bin;C:\Program Files\Git\cmd;C:\Users\Dell\AppData\Roaming\nvm;C:\Program Files\nodejs;C:\Program Files\nodejs\;C:\Users\Dell\AppData\Local\Microsoft\WindowsApps;C:\Users\Dell\AppData\Local\Programs\Microsoft VS Code\bin;C:\Program Files\Azure Data Studio\bin;C:\Users\Dell\AppData\Roaming\nvm;C:\Program Files\nodejs;C:\Users\Dell\AppData\Roaming\npm
USERNAME=Dell
OS=Windows_NT
PROCESSOR_IDENTIFIER=Intel64 Family 6 Model 140 Stepping 1, GenuineIntel
TMP=C:\Users\Dell\AppData\Local\Temp
TEMP=C:\Users\Dell\AppData\Local\Temp



---------------  S Y S T E M  ---------------

OS:
 Windows 11 , 64 bit Build 22621 (10.0.22621.3958)
OS uptime: 1 days 8:50 hours
Hyper-V role detected

CPU: total 4 (initial active 4) (2 cores per cpu, 2 threads per core) family 6 model 140 stepping 1 microcode 0xb4, cx8, cmov, fxsr, ht, mmx, 3dnowpref, sse, sse2, sse3, ssse3, sse4.1, sse4.2, popcnt, lzcnt, tsc, tscinvbit, avx, avx2, aes, erms, clmul, bmi1, bmi2, adx, avx512f, avx512dq, avx512cd, avx512bw, avx512vl, sha, fma, vzeroupper, avx512_vpopcntdq, avx512_vpclmulqdq, avx512_vaes, avx512_vnni, clflush, clflushopt, clwb, avx512_vbmi2, avx512_vbmi, hv, rdtscp, rdpid, fsrm, gfni, avx512_bitalg

Memory: 4k page, system-wide physical 7914M (336M free)
TotalPageFile size 15338M (AvailPageFile size 130M)
current process WorkingSet (physical memory assigned to process): 327M, peak: 333M
current process commit charge ("private bytes"): 399M, peak: 613M

vm_info: Java HotSpot(TM) 64-Bit Server VM (19.0.2+7-44) for windows-amd64 JRE (19.0.2+7-44), built on 2022-11-30T18:02:09Z by "mach5one" with MS VC++ 17.1 (VS2022)

END.
