#
# There is insufficient memory for the Java Runtime Environment to continue.
# Native memory allocation (mmap) failed to map 169869312 bytes for G1 virtual space
# Possible reasons:
#   The system is out of physical RAM or swap space
#   The process is running with CompressedOops enabled, and the Java Heap may be blocking the growth of the native heap
# Possible solutions:
#   Reduce memory load on the system
#   Increase physical memory or swap space
#   Check if swap backing store is full
#   Decrease Java heap size (-Xmx/-Xms)
#   Decrease number of Java threads
#   Decrease Java thread stack sizes (-Xss)
#   Set larger code cache with -XX:ReservedCodeCacheSize=
#   JVM is running with Unscaled Compressed Oops mode in which the Java heap is
#     placed in the first 4GB address space. The Java Heap base address is the
#     maximum limit for the native heap growth. Please use -XX:HeapBaseMinAddress
#     to set the Java Heap base and to place the Java Heap above 4GB virtual address.
# This output file may be truncated or incomplete.
#
#  Out of Memory Error (os_windows.cpp:3536), pid=5664, tid=1344
#
# JRE version: Java(TM) SE Runtime Environment (19.0.2+7) (build 19.0.2+7-44)
# Java VM: Java HotSpot(TM) 64-Bit Server VM (19.0.2+7-44, mixed mode, sharing, tiered, compressed oops, compressed class ptrs, g1 gc, windows-amd64)
# No core dump will be written. Minidumps are not enabled by default on client versions of Windows
#

---------------  S U M M A R Y ------------

Command Line: -Dfile.encoding=UTF-8 -Dstdout.encoding=UTF-8 -Dstderr.encoding=UTF-8 -XX:+ShowCodeDetailsInExceptionMessages com.DatnStfBeApplication

Host: 11th Gen Intel(R) Core(TM) i3-1115G4 @ 3.00GHz, 4 cores, 7G,  Windows 11 , 64 bit Build 22621 (10.0.22621.4391)
Time: Sat Nov 16 01:52:52 2024 SE Asia Standard Time elapsed time: 11.571803 seconds (0d 0h 0m 11s)

---------------  T H R E A D  ---------------

Current thread (0x0000017c4ba6bd00):  VMThread "VM Thread" [stack: 0x0000003955800000,0x0000003955900000] [id=1344]

Stack: [0x0000003955800000,0x0000003955900000]
Native frames: (J=compiled Java code, j=interpreted, Vv=VM code, C=native code)
V  [jvm.dll+0x6ee21a]
V  [jvm.dll+0x85765e]
V  [jvm.dll+0x85904e]
V  [jvm.dll+0x859703]
V  [jvm.dll+0x28298f]
V  [jvm.dll+0x6eb009]
V  [jvm.dll+0x6dfbaa]
V  [jvm.dll+0x3573f6]
V  [jvm.dll+0x35ee56]
V  [jvm.dll+0x3b541e]
V  [jvm.dll+0x3b564f]
V  [jvm.dll+0x32c9ea]
V  [jvm.dll+0x32ca97]
V  [jvm.dll+0x374cd2]
V  [jvm.dll+0x37340f]
V  [jvm.dll+0x32c210]
V  [jvm.dll+0x3729ab]
V  [jvm.dll+0x85ebc3]
V  [jvm.dll+0x85f989]
V  [jvm.dll+0x85febd]
V  [jvm.dll+0x86034b]
V  [jvm.dll+0x860407]
V  [jvm.dll+0x80125a]
V  [jvm.dll+0x6ecf0b]
C  [ucrtbase.dll+0x29333]
C  [KERNEL32.DLL+0x1259d]
C  [ntdll.dll+0x5af38]

VM_Operation (0x0000003956bf7ec0): G1CollectForAllocation, mode: safepoint, requested by thread 0x0000017c4fd0d380


---------------  P R O C E S S  ---------------

Threads class SMR info:
_java_thread_list=0x0000017c55ad4f20, length=26, elements={
0x0000017c2dcce9a0, 0x0000017c4ba87040, 0x0000017c4ba87d20, 0x0000017c4ba8b150,
0x0000017c4ba8ca90, 0x0000017c4ba8fd10, 0x0000017c4ba91120, 0x0000017c4ba97770,
0x0000017c4baba120, 0x0000017c4babe000, 0x0000017c4fd0b3a0, 0x0000017c4fd0a900,
0x0000017c4fd09e60, 0x0000017c4fd0d380, 0x0000017c4fd0b8f0, 0x0000017c4fd0ae50,
0x0000017c4fd0be40, 0x0000017c517edf10, 0x0000017c545bbf70, 0x0000017c545baa30,
0x0000017c545bdf50, 0x0000017c545be4a0, 0x0000017c545bcf60, 0x0000017c545be9f0,
0x0000017c545bc4c0, 0x0000017c545b94f0
}

Java Threads: ( => current thread )
  0x0000017c2dcce9a0 JavaThread "main" [_thread_blocked, id=4436, stack(0x0000003955200000,0x0000003955300000)]
  0x0000017c4ba87040 JavaThread "Reference Handler" daemon [_thread_blocked, id=9292, stack(0x0000003955900000,0x0000003955a00000)]
  0x0000017c4ba87d20 JavaThread "Finalizer" daemon [_thread_blocked, id=396, stack(0x0000003955a00000,0x0000003955b00000)]
  0x0000017c4ba8b150 JavaThread "Signal Dispatcher" daemon [_thread_blocked, id=4856, stack(0x0000003955b00000,0x0000003955c00000)]
  0x0000017c4ba8ca90 JavaThread "Attach Listener" daemon [_thread_blocked, id=15968, stack(0x0000003955c00000,0x0000003955d00000)]
  0x0000017c4ba8fd10 JavaThread "Service Thread" daemon [_thread_blocked, id=1740, stack(0x0000003955d00000,0x0000003955e00000)]
  0x0000017c4ba91120 JavaThread "Monitor Deflation Thread" daemon [_thread_blocked, id=3916, stack(0x0000003955e00000,0x0000003955f00000)]
  0x0000017c4ba97770 JavaThread "C2 CompilerThread0" daemon [_thread_blocked, id=10388, stack(0x0000003955f00000,0x0000003956000000)]
  0x0000017c4baba120 JavaThread "C1 CompilerThread0" daemon [_thread_blocked, id=9720, stack(0x0000003956000000,0x0000003956100000)]
  0x0000017c4babe000 JavaThread "Sweeper thread" daemon [_thread_blocked, id=10960, stack(0x0000003956100000,0x0000003956200000)]
  0x0000017c4fd0b3a0 JavaThread "Notification Thread" daemon [_thread_blocked, id=12688, stack(0x0000003956200000,0x0000003956300000)]
  0x0000017c4fd0a900 JavaThread "Common-Cleaner" daemon [_thread_blocked, id=14980, stack(0x0000003956400000,0x0000003956500000)]
  0x0000017c4fd09e60 JavaThread "Thread-0" [_thread_blocked, id=992, stack(0x0000003956a00000,0x0000003956b00000)]
  0x0000017c4fd0d380 JavaThread "restartedMain" [_thread_blocked, id=15176, stack(0x0000003956b00000,0x0000003956c00000)]
  0x0000017c4fd0b8f0 JavaThread "mysql-cj-abandoned-connection-cleanup" daemon [_thread_blocked, id=1388, stack(0x0000003956c00000,0x0000003956d00000)]
  0x0000017c4fd0ae50 JavaThread "HikariPool-1 housekeeper" daemon [_thread_blocked, id=11280, stack(0x0000003956d00000,0x0000003956e00000)]
  0x0000017c4fd0be40 JavaThread "HikariPool-1 connection adder" daemon [_thread_blocked, id=8932, stack(0x0000003956e00000,0x0000003956f00000)]
  0x0000017c517edf10 JavaThread "C2 CompilerThread1" daemon [_thread_in_native, id=1624, stack(0x0000003956f00000,0x0000003957000000)]
  0x0000017c545bbf70 JavaThread "Catalina-utility-1" [_thread_blocked, id=11988, stack(0x0000003957000000,0x0000003957100000)]
  0x0000017c545baa30 JavaThread "Catalina-utility-2" [_thread_blocked, id=12988, stack(0x0000003957100000,0x0000003957200000)]
  0x0000017c545bdf50 JavaThread "container-0" [_thread_blocked, id=11308, stack(0x0000003957200000,0x0000003957300000)]
  0x0000017c545be4a0 JavaThread "pool-2-thread-1" [_thread_in_native, id=15936, stack(0x0000003957300000,0x0000003957400000)]
  0x0000017c545bcf60 JavaThread "I/O dispatcher 1" [_thread_in_native, id=16040, stack(0x0000003957400000,0x0000003957500000)]
  0x0000017c545be9f0 JavaThread "I/O dispatcher 2" [_thread_in_native, id=15552, stack(0x0000003957500000,0x0000003957600000)]
  0x0000017c545bc4c0 JavaThread "I/O dispatcher 3" [_thread_in_native, id=848, stack(0x0000003957600000,0x0000003957700000)]
  0x0000017c545b94f0 JavaThread "I/O dispatcher 4" [_thread_in_native, id=6452, stack(0x0000003957700000,0x0000003957800000)]

Other Threads:
=>0x0000017c4ba6bd00 VMThread "VM Thread" [stack: 0x0000003955800000,0x0000003955900000] [id=1344]
  0x0000017c4fd14250 WatcherThread "VM Periodic Task Thread" [stack: 0x0000003956300000,0x0000003956400000] [id=5244]
  0x0000017c2dd2c710 WorkerThread "GC Thread#0" [stack: 0x0000003955300000,0x0000003955400000] [id=12716]
  0x0000017c5035afe0 WorkerThread "GC Thread#1" [stack: 0x0000003956700000,0x0000003956800000] [id=15052]
  0x0000017c503c3500 WorkerThread "GC Thread#2" [stack: 0x0000003956800000,0x0000003956900000] [id=14772]
  0x0000017c503c37d0 WorkerThread "GC Thread#3" [stack: 0x0000003956900000,0x0000003956a00000] [id=12292]
  0x0000017c2dd3cdf0 ConcurrentGCThread "G1 Main Marker" [stack: 0x0000003955400000,0x0000003955500000] [id=15972]
  0x0000017c2dd3d820 WorkerThread "G1 Conc#0" [stack: 0x0000003955500000,0x0000003955600000] [id=10688]
  0x0000017c4b921540 ConcurrentGCThread "G1 Refine#0" [stack: 0x0000003955600000,0x0000003955700000] [id=1112]
  0x0000017c4b921f90 ConcurrentGCThread "G1 Service" [stack: 0x0000003955700000,0x0000003955800000] [id=15308]

Threads with active compile tasks:
C2 CompilerThread0    11587 10392   !   4       org.springframework.security.access.method.DelegatingMethodSecurityMetadataSource::getAttributes (192 bytes)
C2 CompilerThread1    11587 10368   !   4       org.springframework.beans.factory.support.DefaultListableBeanFactory::doGetBeanNamesForType (505 bytes)

VM state: at safepoint (normal execution)

VM Mutex/Monitor currently owned by a thread:  ([mutex/lock_event])
[0x0000017c2babcd90] Threads_lock - owner thread: 0x0000017c4ba6bd00
[0x0000017c2babce20] Heap_lock - owner thread: 0x0000017c4fd0d380

Heap address: 0x0000000084400000, size: 1980 MB, Compressed Oops mode: 32-bit

CDS archive(s) mapped at: [0x0000000800000000-0x0000000800c40000-0x0000000800c40000), size 12845056, SharedBaseAddress: 0x0000000800000000, ArchiveRelocationMode: 0.
Compressed class space mapped at: 0x0000000801000000-0x0000000841000000, reserved size: 1073741824
Narrow klass base: 0x0000000800000000, Narrow klass shift: 0, Narrow klass range: 0x100000000

GC Precious Log:
 CardTable entry size: 512
 Card Set container configuration: InlinePtr #cards 5 size 8 Array Of Cards #cards 12 size 40 Howl #buckets 4 coarsen threshold 1843 Howl Bitmap #cards 512 size 80 coarsen threshold 460 Card regions per heap region 1 cards per card region 2048
 CPUs: 4 total, 4 available
 Memory: 7914M
 Large Page Support: Disabled
 NUMA Support: Disabled
 Compressed Oops: Enabled (32-bit)
 Heap Region Size: 1M
 Heap Min Capacity: 8M
 Heap Initial Capacity: 124M
 Heap Max Capacity: 1980M
 Pre-touch: Disabled
 Parallel Workers: 4
 Concurrent Workers: 1
 Concurrent Refinement Workers: 4
 Periodic GC: Disabled

Heap:
 garbage-first heap   total 301056K, used 89939K [0x0000000084400000, 0x0000000100000000)
  region size 1024K, 1 young (1024K), 1 survivors (1024K)
 Metaspace       used 77374K, committed 78080K, reserved 1179648K
  class space    used 10187K, committed 10496K, reserved 1048576K

Heap Regions: E=young(eden), S=young(survivor), O=old, HS=humongous(starts), HC=humongous(continues), CS=collection set, F=free, OA=open archive, CA=closed archive, TAMS=top-at-mark-start (previous, next)
|   0|0x0000000084400000, 0x0000000084500000, 0x0000000084500000|100%|HS|  |TAMS 0x0000000084500000, 0x0000000084400000| Complete 
|   1|0x0000000084500000, 0x0000000084600000, 0x0000000084600000|100%| O|  |TAMS 0x0000000084600000, 0x0000000084500000| Untracked 
|   2|0x0000000084600000, 0x0000000084700000, 0x0000000084700000|100%| O|  |TAMS 0x0000000084700000, 0x0000000084600000| Untracked 
|   3|0x0000000084700000, 0x0000000084800000, 0x0000000084800000|100%| O|  |TAMS 0x0000000084800000, 0x0000000084700000| Untracked 
|   4|0x0000000084800000, 0x0000000084900000, 0x0000000084900000|100%| O|  |TAMS 0x0000000084900000, 0x0000000084800000| Untracked 
|   5|0x0000000084900000, 0x0000000084a00000, 0x0000000084a00000|100%| O|  |TAMS 0x0000000084a00000, 0x0000000084900000| Untracked 
|   6|0x0000000084a00000, 0x0000000084b00000, 0x0000000084b00000|100%| O|  |TAMS 0x0000000084b00000, 0x0000000084a00000| Untracked 
|   7|0x0000000084b00000, 0x0000000084c00000, 0x0000000084c00000|100%| O|  |TAMS 0x0000000084c00000, 0x0000000084b00000| Untracked 
|   8|0x0000000084c00000, 0x0000000084d00000, 0x0000000084d00000|100%| O|  |TAMS 0x0000000084d00000, 0x0000000084c00000| Untracked 
|   9|0x0000000084d00000, 0x0000000084e00000, 0x0000000084e00000|100%| O|  |TAMS 0x0000000084e00000, 0x0000000084d00000| Untracked 
|  10|0x0000000084e00000, 0x0000000084f00000, 0x0000000084f00000|100%| O|  |TAMS 0x0000000084f00000, 0x0000000084e00000| Untracked 
|  11|0x0000000084f00000, 0x0000000085000000, 0x0000000085000000|100%| O|  |TAMS 0x0000000085000000, 0x0000000084f00000| Untracked 
|  12|0x0000000085000000, 0x0000000085100000, 0x0000000085100000|100%| O|  |TAMS 0x0000000085100000, 0x0000000085000000| Untracked 
|  13|0x0000000085100000, 0x0000000085200000, 0x0000000085200000|100%| O|  |TAMS 0x0000000085200000, 0x0000000085100000| Untracked 
|  14|0x0000000085200000, 0x0000000085300000, 0x0000000085300000|100%| O|  |TAMS 0x0000000085300000, 0x0000000085200000| Untracked 
|  15|0x0000000085300000, 0x0000000085400000, 0x0000000085400000|100%| O|  |TAMS 0x0000000085400000, 0x0000000085300000| Untracked 
|  16|0x0000000085400000, 0x0000000085500000, 0x0000000085500000|100%| O|  |TAMS 0x0000000085500000, 0x0000000085400000| Untracked 
|  17|0x0000000085500000, 0x0000000085600000, 0x0000000085600000|100%| O|  |TAMS 0x0000000085600000, 0x0000000085500000| Untracked 
|  18|0x0000000085600000, 0x0000000085700000, 0x0000000085700000|100%| O|  |TAMS 0x0000000085700000, 0x0000000085600000| Untracked 
|  19|0x0000000085700000, 0x0000000085800000, 0x0000000085800000|100%| O|  |TAMS 0x0000000085800000, 0x0000000085700000| Untracked 
|  20|0x0000000085800000, 0x0000000085900000, 0x0000000085900000|100%| O|  |TAMS 0x0000000085900000, 0x0000000085800000| Untracked 
|  21|0x0000000085900000, 0x0000000085a00000, 0x0000000085a00000|100%| O|  |TAMS 0x0000000085a00000, 0x0000000085900000| Untracked 
|  22|0x0000000085a00000, 0x0000000085b00000, 0x0000000085b00000|100%| O|  |TAMS 0x0000000085b00000, 0x0000000085a00000| Untracked 
|  23|0x0000000085b00000, 0x0000000085c00000, 0x0000000085c00000|100%| O|  |TAMS 0x0000000085c00000, 0x0000000085b00000| Untracked 
|  24|0x0000000085c00000, 0x0000000085d00000, 0x0000000085d00000|100%| O|  |TAMS 0x0000000085d00000, 0x0000000085c00000| Untracked 
|  25|0x0000000085d00000, 0x0000000085e00000, 0x0000000085e00000|100%| O|  |TAMS 0x0000000085e00000, 0x0000000085d00000| Untracked 
|  26|0x0000000085e00000, 0x0000000085f00000, 0x0000000085f00000|100%| O|  |TAMS 0x0000000085f00000, 0x0000000085e00000| Untracked 
|  27|0x0000000085f00000, 0x0000000086000000, 0x0000000086000000|100%| O|  |TAMS 0x0000000086000000, 0x0000000085f00000| Untracked 
|  28|0x0000000086000000, 0x0000000086100000, 0x0000000086100000|100%| O|  |TAMS 0x0000000086100000, 0x0000000086000000| Untracked 
|  29|0x0000000086100000, 0x0000000086200000, 0x0000000086200000|100%| O|  |TAMS 0x0000000086200000, 0x0000000086100000| Untracked 
|  30|0x0000000086200000, 0x0000000086300000, 0x0000000086300000|100%| O|  |TAMS 0x0000000086300000, 0x0000000086200000| Untracked 
|  31|0x0000000086300000, 0x0000000086400000, 0x0000000086400000|100%| O|  |TAMS 0x0000000086400000, 0x0000000086300000| Untracked 
|  32|0x0000000086400000, 0x0000000086500000, 0x0000000086500000|100%| O|  |TAMS 0x0000000086500000, 0x0000000086400000| Untracked 
|  33|0x0000000086500000, 0x0000000086600000, 0x0000000086600000|100%| O|  |TAMS 0x0000000086600000, 0x0000000086500000| Untracked 
|  34|0x0000000086600000, 0x0000000086700000, 0x0000000086700000|100%| O|  |TAMS 0x0000000086700000, 0x0000000086600000| Untracked 
|  35|0x0000000086700000, 0x0000000086800000, 0x0000000086800000|100%| O|  |TAMS 0x0000000086800000, 0x0000000086700000| Untracked 
|  36|0x0000000086800000, 0x0000000086900000, 0x0000000086900000|100%| O|  |TAMS 0x0000000086900000, 0x0000000086800000| Untracked 
|  37|0x0000000086900000, 0x0000000086a00000, 0x0000000086a00000|100%| O|  |TAMS 0x0000000086a00000, 0x0000000086900000| Untracked 
|  38|0x0000000086a00000, 0x0000000086b00000, 0x0000000086b00000|100%| O|  |TAMS 0x0000000086b00000, 0x0000000086a00000| Untracked 
|  39|0x0000000086b00000, 0x0000000086c00000, 0x0000000086c00000|100%| O|  |TAMS 0x0000000086c00000, 0x0000000086b00000| Untracked 
|  40|0x0000000086c00000, 0x0000000086d00000, 0x0000000086d00000|100%| O|  |TAMS 0x0000000086d00000, 0x0000000086c00000| Untracked 
|  41|0x0000000086d00000, 0x0000000086e00000, 0x0000000086e00000|100%| O|  |TAMS 0x0000000086e00000, 0x0000000086d00000| Untracked 
|  42|0x0000000086e00000, 0x0000000086f00000, 0x0000000086f00000|100%| O|  |TAMS 0x0000000086f00000, 0x0000000086e00000| Untracked 
|  43|0x0000000086f00000, 0x0000000087000000, 0x0000000087000000|100%| O|  |TAMS 0x0000000087000000, 0x0000000086f00000| Untracked 
|  44|0x0000000087000000, 0x0000000087100000, 0x0000000087100000|100%| O|  |TAMS 0x0000000087100000, 0x0000000087000000| Untracked 
|  45|0x0000000087100000, 0x0000000087200000, 0x0000000087200000|100%| O|  |TAMS 0x0000000087200000, 0x0000000087100000| Untracked 
|  46|0x0000000087200000, 0x0000000087200000, 0x0000000087300000|  0%| F|  |TAMS 0x0000000087200000, 0x0000000087200000| Untracked 
|  47|0x0000000087300000, 0x0000000087400000, 0x0000000087400000|100%| O|  |TAMS 0x0000000087400000, 0x0000000087300000| Untracked 
|  48|0x0000000087400000, 0x0000000087500000, 0x0000000087500000|100%| O|  |TAMS 0x0000000087500000, 0x0000000087400000| Untracked 
|  49|0x0000000087500000, 0x0000000087600000, 0x0000000087600000|100%| O|  |TAMS 0x0000000087600000, 0x0000000087500000| Untracked 
|  50|0x0000000087600000, 0x0000000087700000, 0x0000000087700000|100%| O|  |TAMS 0x0000000087700000, 0x0000000087600000| Untracked 
|  51|0x0000000087700000, 0x0000000087800000, 0x0000000087800000|100%| O|  |TAMS 0x0000000087800000, 0x0000000087700000| Untracked 
|  52|0x0000000087800000, 0x0000000087900000, 0x0000000087900000|100%| O|  |TAMS 0x0000000087900000, 0x0000000087800000| Untracked 
|  53|0x0000000087900000, 0x0000000087a00000, 0x0000000087a00000|100%| O|  |TAMS 0x0000000087a00000, 0x0000000087900000| Untracked 
|  54|0x0000000087a00000, 0x0000000087b00000, 0x0000000087b00000|100%| O|  |TAMS 0x0000000087b00000, 0x0000000087a00000| Untracked 
|  55|0x0000000087b00000, 0x0000000087c00000, 0x0000000087c00000|100%| O|  |TAMS 0x0000000087c00000, 0x0000000087b00000| Untracked 
|  56|0x0000000087c00000, 0x0000000087d00000, 0x0000000087d00000|100%| O|  |TAMS 0x0000000087d00000, 0x0000000087c00000| Untracked 
|  57|0x0000000087d00000, 0x0000000087e00000, 0x0000000087e00000|100%| O|  |TAMS 0x0000000087e00000, 0x0000000087d00000| Untracked 
|  58|0x0000000087e00000, 0x0000000087f00000, 0x0000000087f00000|100%| O|  |TAMS 0x0000000087f00000, 0x0000000087e00000| Untracked 
|  59|0x0000000087f00000, 0x0000000088000000, 0x0000000088000000|100%| O|  |TAMS 0x0000000088000000, 0x0000000087f00000| Untracked 
|  60|0x0000000088000000, 0x0000000088100000, 0x0000000088100000|100%| O|  |TAMS 0x0000000088100000, 0x0000000088000000| Untracked 
|  61|0x0000000088100000, 0x0000000088200000, 0x0000000088200000|100%| O|  |TAMS 0x0000000088200000, 0x0000000088100000| Untracked 
|  62|0x0000000088200000, 0x0000000088300000, 0x0000000088300000|100%| O|  |TAMS 0x0000000088300000, 0x0000000088200000| Untracked 
|  63|0x0000000088300000, 0x0000000088400000, 0x0000000088400000|100%| O|  |TAMS 0x0000000088400000, 0x0000000088300000| Untracked 
|  64|0x0000000088400000, 0x0000000088500000, 0x0000000088500000|100%| O|  |TAMS 0x0000000088500000, 0x0000000088400000| Untracked 
|  65|0x0000000088500000, 0x0000000088600000, 0x0000000088600000|100%| O|  |TAMS 0x0000000088600000, 0x0000000088500000| Untracked 
|  66|0x0000000088600000, 0x0000000088700000, 0x0000000088700000|100%| O|  |TAMS 0x0000000088700000, 0x0000000088600000| Untracked 
|  67|0x0000000088700000, 0x0000000088800000, 0x0000000088800000|100%| O|  |TAMS 0x0000000088800000, 0x0000000088700000| Untracked 
|  68|0x0000000088800000, 0x0000000088900000, 0x0000000088900000|100%| O|  |TAMS 0x0000000088805e00, 0x0000000088800000| Untracked 
|  69|0x0000000088900000, 0x0000000088a00000, 0x0000000088a00000|100%| O|  |TAMS 0x0000000088900000, 0x0000000088900000| Untracked 
|  70|0x0000000088a00000, 0x0000000088b00000, 0x0000000088b00000|100%| O|  |TAMS 0x0000000088a00000, 0x0000000088a00000| Untracked 
|  71|0x0000000088b00000, 0x0000000088c00000, 0x0000000088c00000|100%| O|  |TAMS 0x0000000088b00000, 0x0000000088b00000| Untracked 
|  72|0x0000000088c00000, 0x0000000088d00000, 0x0000000088d00000|100%| O|  |TAMS 0x0000000088c00000, 0x0000000088c00000| Untracked 
|  73|0x0000000088d00000, 0x0000000088e00000, 0x0000000088e00000|100%| O|  |TAMS 0x0000000088d00000, 0x0000000088d00000| Untracked 
|  74|0x0000000088e00000, 0x0000000088f00000, 0x0000000088f00000|100%| O|  |TAMS 0x0000000088e00000, 0x0000000088e00000| Untracked 
|  75|0x0000000088f00000, 0x0000000089000000, 0x0000000089000000|100%| O|  |TAMS 0x0000000088f00000, 0x0000000088f00000| Untracked 
|  76|0x0000000089000000, 0x0000000089100000, 0x0000000089100000|100%| O|  |TAMS 0x0000000089000000, 0x0000000089000000| Untracked 
|  77|0x0000000089100000, 0x0000000089200000, 0x0000000089200000|100%| O|  |TAMS 0x0000000089100000, 0x0000000089100000| Untracked 
|  78|0x0000000089200000, 0x0000000089300000, 0x0000000089300000|100%| O|  |TAMS 0x0000000089200000, 0x0000000089200000| Untracked 
|  79|0x0000000089300000, 0x0000000089400000, 0x0000000089400000|100%| O|  |TAMS 0x0000000089300000, 0x0000000089300000| Untracked 
|  80|0x0000000089400000, 0x0000000089500000, 0x0000000089500000|100%| O|  |TAMS 0x0000000089400000, 0x0000000089400000| Untracked 
|  81|0x0000000089500000, 0x0000000089600000, 0x0000000089600000|100%| O|  |TAMS 0x0000000089500000, 0x0000000089500000| Untracked 
|  82|0x0000000089600000, 0x0000000089700000, 0x0000000089700000|100%| O|  |TAMS 0x0000000089600000, 0x0000000089600000| Untracked 
|  83|0x0000000089700000, 0x0000000089800000, 0x0000000089800000|100%| O|  |TAMS 0x0000000089700000, 0x0000000089700000| Untracked 
|  84|0x0000000089800000, 0x0000000089900000, 0x0000000089900000|100%| O|  |TAMS 0x0000000089800000, 0x0000000089800000| Untracked 
|  85|0x0000000089900000, 0x0000000089a00000, 0x0000000089a00000|100%| O|  |TAMS 0x0000000089900000, 0x0000000089900000| Untracked 
|  86|0x0000000089a00000, 0x0000000089b00000, 0x0000000089b00000|100%| O|  |TAMS 0x0000000089a00000, 0x0000000089a00000| Untracked 
|  87|0x0000000089b00000, 0x0000000089be7800, 0x0000000089c00000| 90%| O|  |TAMS 0x0000000089b00000, 0x0000000089b00000| Untracked 
|  88|0x0000000089c00000, 0x0000000089c00000, 0x0000000089d00000|  0%| F|  |TAMS 0x0000000089c00000, 0x0000000089c00000| Untracked 
|  89|0x0000000089d00000, 0x0000000089d00000, 0x0000000089e00000|  0%| F|  |TAMS 0x0000000089d00000, 0x0000000089d00000| Untracked 
|  90|0x0000000089e00000, 0x0000000089e00000, 0x0000000089f00000|  0%| F|  |TAMS 0x0000000089e00000, 0x0000000089e00000| Untracked 
|  91|0x0000000089f00000, 0x0000000089f00000, 0x000000008a000000|  0%| F|  |TAMS 0x0000000089f00000, 0x0000000089f00000| Untracked 
|  92|0x000000008a000000, 0x000000008a000000, 0x000000008a100000|  0%| F|  |TAMS 0x000000008a000000, 0x000000008a000000| Untracked 
|  93|0x000000008a100000, 0x000000008a100000, 0x000000008a200000|  0%| F|  |TAMS 0x000000008a100000, 0x000000008a100000| Untracked 
|  94|0x000000008a200000, 0x000000008a200000, 0x000000008a300000|  0%| F|  |TAMS 0x000000008a200000, 0x000000008a200000| Untracked 
|  95|0x000000008a300000, 0x000000008a300000, 0x000000008a400000|  0%| F|  |TAMS 0x000000008a300000, 0x000000008a300000| Untracked 
|  96|0x000000008a400000, 0x000000008a400000, 0x000000008a500000|  0%| F|  |TAMS 0x000000008a400000, 0x000000008a400000| Untracked 
|  97|0x000000008a500000, 0x000000008a500000, 0x000000008a600000|  0%| F|  |TAMS 0x000000008a500000, 0x000000008a500000| Untracked 
|  98|0x000000008a600000, 0x000000008a600000, 0x000000008a700000|  0%| F|  |TAMS 0x000000008a600000, 0x000000008a600000| Untracked 
|  99|0x000000008a700000, 0x000000008a700000, 0x000000008a800000|  0%| F|  |TAMS 0x000000008a700000, 0x000000008a700000| Untracked 
| 100|0x000000008a800000, 0x000000008a800000, 0x000000008a900000|  0%| F|  |TAMS 0x000000008a800000, 0x000000008a800000| Untracked 
| 101|0x000000008a900000, 0x000000008a900000, 0x000000008aa00000|  0%| F|  |TAMS 0x000000008a900000, 0x000000008a900000| Untracked 
| 102|0x000000008aa00000, 0x000000008aa00000, 0x000000008ab00000|  0%| F|  |TAMS 0x000000008aa00000, 0x000000008aa00000| Untracked 
| 103|0x000000008ab00000, 0x000000008ab00000, 0x000000008ac00000|  0%| F|  |TAMS 0x000000008ab00000, 0x000000008ab00000| Untracked 
| 104|0x000000008ac00000, 0x000000008ac00000, 0x000000008ad00000|  0%| F|  |TAMS 0x000000008ac00000, 0x000000008ac00000| Untracked 
| 105|0x000000008ad00000, 0x000000008ad00000, 0x000000008ae00000|  0%| F|  |TAMS 0x000000008ad00000, 0x000000008ad00000| Untracked 
| 106|0x000000008ae00000, 0x000000008ae00000, 0x000000008af00000|  0%| F|  |TAMS 0x000000008ae00000, 0x000000008ae00000| Untracked 
| 107|0x000000008af00000, 0x000000008af00000, 0x000000008b000000|  0%| F|  |TAMS 0x000000008af00000, 0x000000008af00000| Untracked 
| 108|0x000000008b000000, 0x000000008b000000, 0x000000008b100000|  0%| F|  |TAMS 0x000000008b000000, 0x000000008b000000| Untracked 
| 109|0x000000008b100000, 0x000000008b100000, 0x000000008b200000|  0%| F|  |TAMS 0x000000008b100000, 0x000000008b100000| Untracked 
| 110|0x000000008b200000, 0x000000008b200000, 0x000000008b300000|  0%| F|  |TAMS 0x000000008b200000, 0x000000008b200000| Untracked 
| 111|0x000000008b300000, 0x000000008b300000, 0x000000008b400000|  0%| F|  |TAMS 0x000000008b300000, 0x000000008b300000| Untracked 
| 112|0x000000008b400000, 0x000000008b400000, 0x000000008b500000|  0%| F|  |TAMS 0x000000008b400000, 0x000000008b400000| Untracked 
| 113|0x000000008b500000, 0x000000008b500000, 0x000000008b600000|  0%| F|  |TAMS 0x000000008b500000, 0x000000008b500000| Untracked 
| 114|0x000000008b600000, 0x000000008b600000, 0x000000008b700000|  0%| F|  |TAMS 0x000000008b600000, 0x000000008b600000| Untracked 
| 115|0x000000008b700000, 0x000000008b700000, 0x000000008b800000|  0%| F|  |TAMS 0x000000008b700000, 0x000000008b700000| Untracked 
| 116|0x000000008b800000, 0x000000008b800000, 0x000000008b900000|  0%| F|  |TAMS 0x000000008b800000, 0x000000008b800000| Untracked 
| 117|0x000000008b900000, 0x000000008b900000, 0x000000008ba00000|  0%| F|  |TAMS 0x000000008b900000, 0x000000008b900000| Untracked 
| 118|0x000000008ba00000, 0x000000008ba00000, 0x000000008bb00000|  0%| F|  |TAMS 0x000000008ba00000, 0x000000008ba00000| Untracked 
| 119|0x000000008bb00000, 0x000000008bb00000, 0x000000008bc00000|  0%| F|  |TAMS 0x000000008bb00000, 0x000000008bb00000| Untracked 
| 120|0x000000008bc00000, 0x000000008bc00000, 0x000000008bd00000|  0%| F|  |TAMS 0x000000008bc00000, 0x000000008bc00000| Untracked 
| 121|0x000000008bd00000, 0x000000008bd00000, 0x000000008be00000|  0%| F|  |TAMS 0x000000008bd00000, 0x000000008bd00000| Untracked 
| 122|0x000000008be00000, 0x000000008be00000, 0x000000008bf00000|  0%| F|  |TAMS 0x000000008be00000, 0x000000008be00000| Untracked 
| 123|0x000000008bf00000, 0x000000008bf00000, 0x000000008c000000|  0%| F|  |TAMS 0x000000008bf00000, 0x000000008bf00000| Untracked 
| 124|0x000000008c000000, 0x000000008c000000, 0x000000008c100000|  0%| F|  |TAMS 0x000000008c000000, 0x000000008c000000| Untracked 
| 125|0x000000008c100000, 0x000000008c100000, 0x000000008c200000|  0%| F|  |TAMS 0x000000008c100000, 0x000000008c100000| Untracked 
| 126|0x000000008c200000, 0x000000008c200000, 0x000000008c300000|  0%| F|  |TAMS 0x000000008c200000, 0x000000008c200000| Untracked 
| 127|0x000000008c300000, 0x000000008c300000, 0x000000008c400000|  0%| F|  |TAMS 0x000000008c300000, 0x000000008c300000| Untracked 
| 128|0x000000008c400000, 0x000000008c400000, 0x000000008c500000|  0%| F|  |TAMS 0x000000008c400000, 0x000000008c400000| Untracked 
| 129|0x000000008c500000, 0x000000008c500000, 0x000000008c600000|  0%| F|  |TAMS 0x000000008c500000, 0x000000008c500000| Untracked 
| 130|0x000000008c600000, 0x000000008c600000, 0x000000008c700000|  0%| F|  |TAMS 0x000000008c600000, 0x000000008c600000| Untracked 
| 131|0x000000008c700000, 0x000000008c700000, 0x000000008c800000|  0%| F|  |TAMS 0x000000008c700000, 0x000000008c700000| Untracked 
| 132|0x000000008c800000, 0x000000008c800000, 0x000000008c900000|  0%| F|  |TAMS 0x000000008c800000, 0x000000008c800000| Untracked 
| 133|0x000000008c900000, 0x000000008c900000, 0x000000008ca00000|  0%| F|  |TAMS 0x000000008c900000, 0x000000008c900000| Untracked 
| 134|0x000000008ca00000, 0x000000008ca00000, 0x000000008cb00000|  0%| F|  |TAMS 0x000000008ca00000, 0x000000008ca00000| Untracked 
| 135|0x000000008cb00000, 0x000000008cb00000, 0x000000008cc00000|  0%| F|  |TAMS 0x000000008cb00000, 0x000000008cb00000| Untracked 
| 136|0x000000008cc00000, 0x000000008cc00000, 0x000000008cd00000|  0%| F|  |TAMS 0x000000008cc00000, 0x000000008cc00000| Untracked 
| 137|0x000000008cd00000, 0x000000008cd00000, 0x000000008ce00000|  0%| F|  |TAMS 0x000000008cd00000, 0x000000008cd00000| Untracked 
| 138|0x000000008ce00000, 0x000000008ce00000, 0x000000008cf00000|  0%| F|  |TAMS 0x000000008ce00000, 0x000000008ce00000| Untracked 
| 139|0x000000008cf00000, 0x000000008cf00000, 0x000000008d000000|  0%| F|  |TAMS 0x000000008cf00000, 0x000000008cf00000| Untracked 
| 140|0x000000008d000000, 0x000000008d000000, 0x000000008d100000|  0%| F|  |TAMS 0x000000008d000000, 0x000000008d000000| Untracked 
| 141|0x000000008d100000, 0x000000008d100000, 0x000000008d200000|  0%| F|  |TAMS 0x000000008d100000, 0x000000008d100000| Untracked 
| 142|0x000000008d200000, 0x000000008d200000, 0x000000008d300000|  0%| F|  |TAMS 0x000000008d200000, 0x000000008d200000| Untracked 
| 143|0x000000008d300000, 0x000000008d300000, 0x000000008d400000|  0%| F|  |TAMS 0x000000008d300000, 0x000000008d300000| Untracked 
| 144|0x000000008d400000, 0x000000008d400000, 0x000000008d500000|  0%| F|  |TAMS 0x000000008d400000, 0x000000008d400000| Untracked 
| 145|0x000000008d500000, 0x000000008d500000, 0x000000008d600000|  0%| F|  |TAMS 0x000000008d500000, 0x000000008d500000| Untracked 
| 146|0x000000008d600000, 0x000000008d600000, 0x000000008d700000|  0%| F|  |TAMS 0x000000008d600000, 0x000000008d600000| Untracked 
| 147|0x000000008d700000, 0x000000008d700000, 0x000000008d800000|  0%| F|  |TAMS 0x000000008d700000, 0x000000008d700000| Untracked 
| 148|0x000000008d800000, 0x000000008d800000, 0x000000008d900000|  0%| F|  |TAMS 0x000000008d800000, 0x000000008d800000| Untracked 
| 149|0x000000008d900000, 0x000000008d900000, 0x000000008da00000|  0%| F|  |TAMS 0x000000008d900000, 0x000000008d900000| Untracked 
| 150|0x000000008da00000, 0x000000008da00000, 0x000000008db00000|  0%| F|  |TAMS 0x000000008da00000, 0x000000008da00000| Untracked 
| 151|0x000000008db00000, 0x000000008db00000, 0x000000008dc00000|  0%| F|  |TAMS 0x000000008db00000, 0x000000008db00000| Untracked 
| 152|0x000000008dc00000, 0x000000008dc00000, 0x000000008dd00000|  0%| F|  |TAMS 0x000000008dc00000, 0x000000008dc00000| Untracked 
| 153|0x000000008dd00000, 0x000000008dd00000, 0x000000008de00000|  0%| F|  |TAMS 0x000000008dd00000, 0x000000008dd00000| Untracked 
| 154|0x000000008de00000, 0x000000008de00000, 0x000000008df00000|  0%| F|  |TAMS 0x000000008de00000, 0x000000008de00000| Untracked 
| 155|0x000000008df00000, 0x000000008df00000, 0x000000008e000000|  0%| F|  |TAMS 0x000000008df00000, 0x000000008df00000| Untracked 
| 156|0x000000008e000000, 0x000000008e000000, 0x000000008e100000|  0%| F|  |TAMS 0x000000008e000000, 0x000000008e000000| Untracked 
| 157|0x000000008e100000, 0x000000008e100000, 0x000000008e200000|  0%| F|  |TAMS 0x000000008e100000, 0x000000008e100000| Untracked 
| 158|0x000000008e200000, 0x000000008e200000, 0x000000008e300000|  0%| F|  |TAMS 0x000000008e200000, 0x000000008e200000| Untracked 
| 159|0x000000008e300000, 0x000000008e300000, 0x000000008e400000|  0%| F|  |TAMS 0x000000008e300000, 0x000000008e300000| Untracked 
| 160|0x000000008e400000, 0x000000008e400000, 0x000000008e500000|  0%| F|  |TAMS 0x000000008e400000, 0x000000008e400000| Untracked 
| 161|0x000000008e500000, 0x000000008e500000, 0x000000008e600000|  0%| F|  |TAMS 0x000000008e500000, 0x000000008e500000| Untracked 
| 162|0x000000008e600000, 0x000000008e600000, 0x000000008e700000|  0%| F|  |TAMS 0x000000008e600000, 0x000000008e600000| Untracked 
| 163|0x000000008e700000, 0x000000008e700000, 0x000000008e800000|  0%| F|  |TAMS 0x000000008e700000, 0x000000008e700000| Untracked 
| 164|0x000000008e800000, 0x000000008e800000, 0x000000008e900000|  0%| F|  |TAMS 0x000000008e800000, 0x000000008e800000| Untracked 
| 165|0x000000008e900000, 0x000000008e900000, 0x000000008ea00000|  0%| F|  |TAMS 0x000000008e900000, 0x000000008e900000| Untracked 
| 166|0x000000008ea00000, 0x000000008ea00000, 0x000000008eb00000|  0%| F|  |TAMS 0x000000008ea00000, 0x000000008ea00000| Untracked 
| 167|0x000000008eb00000, 0x000000008eb00000, 0x000000008ec00000|  0%| F|  |TAMS 0x000000008eb00000, 0x000000008eb00000| Untracked 
| 168|0x000000008ec00000, 0x000000008ec00000, 0x000000008ed00000|  0%| F|  |TAMS 0x000000008ec00000, 0x000000008ec00000| Untracked 
| 169|0x000000008ed00000, 0x000000008ed00000, 0x000000008ee00000|  0%| F|  |TAMS 0x000000008ed00000, 0x000000008ed00000| Untracked 
| 170|0x000000008ee00000, 0x000000008ee00000, 0x000000008ef00000|  0%| F|  |TAMS 0x000000008ee00000, 0x000000008ee00000| Untracked 
| 171|0x000000008ef00000, 0x000000008ef00000, 0x000000008f000000|  0%| F|  |TAMS 0x000000008ef00000, 0x000000008ef00000| Untracked 
| 172|0x000000008f000000, 0x000000008f000000, 0x000000008f100000|  0%| F|  |TAMS 0x000000008f000000, 0x000000008f000000| Untracked 
| 173|0x000000008f100000, 0x000000008f100000, 0x000000008f200000|  0%| F|  |TAMS 0x000000008f100000, 0x000000008f100000| Untracked 
| 174|0x000000008f200000, 0x000000008f200000, 0x000000008f300000|  0%| F|  |TAMS 0x000000008f200000, 0x000000008f200000| Untracked 
| 175|0x000000008f300000, 0x000000008f300000, 0x000000008f400000|  0%| F|  |TAMS 0x000000008f300000, 0x000000008f300000| Untracked 
| 176|0x000000008f400000, 0x000000008f400000, 0x000000008f500000|  0%| F|  |TAMS 0x000000008f400000, 0x000000008f400000| Untracked 
| 177|0x000000008f500000, 0x000000008f500000, 0x000000008f600000|  0%| F|  |TAMS 0x000000008f500000, 0x000000008f500000| Untracked 
| 178|0x000000008f600000, 0x000000008f600000, 0x000000008f700000|  0%| F|  |TAMS 0x000000008f600000, 0x000000008f600000| Untracked 
| 179|0x000000008f700000, 0x000000008f700000, 0x000000008f800000|  0%| F|  |TAMS 0x000000008f700000, 0x000000008f700000| Untracked 
| 180|0x000000008f800000, 0x000000008f800000, 0x000000008f900000|  0%| F|  |TAMS 0x000000008f800000, 0x000000008f800000| Untracked 
| 181|0x000000008f900000, 0x000000008f900000, 0x000000008fa00000|  0%| F|  |TAMS 0x000000008f900000, 0x000000008f900000| Untracked 
| 182|0x000000008fa00000, 0x000000008fa00000, 0x000000008fb00000|  0%| F|  |TAMS 0x000000008fa00000, 0x000000008fa00000| Untracked 
| 183|0x000000008fb00000, 0x000000008fb00000, 0x000000008fc00000|  0%| F|  |TAMS 0x000000008fb00000, 0x000000008fb00000| Untracked 
| 184|0x000000008fc00000, 0x000000008fc00000, 0x000000008fd00000|  0%| F|  |TAMS 0x000000008fc00000, 0x000000008fc00000| Untracked 
| 185|0x000000008fd00000, 0x000000008fd00000, 0x000000008fe00000|  0%| F|  |TAMS 0x000000008fd00000, 0x000000008fd00000| Untracked 
| 186|0x000000008fe00000, 0x000000008fe00000, 0x000000008ff00000|  0%| F|  |TAMS 0x000000008fe00000, 0x000000008fe00000| Untracked 
| 187|0x000000008ff00000, 0x000000008ff00000, 0x0000000090000000|  0%| F|  |TAMS 0x000000008ff00000, 0x000000008ff00000| Untracked 
| 188|0x0000000090000000, 0x0000000090000000, 0x0000000090100000|  0%| F|  |TAMS 0x0000000090000000, 0x0000000090000000| Untracked 
| 189|0x0000000090100000, 0x0000000090100000, 0x0000000090200000|  0%| F|  |TAMS 0x0000000090100000, 0x0000000090100000| Untracked 
| 190|0x0000000090200000, 0x0000000090200000, 0x0000000090300000|  0%| F|  |TAMS 0x0000000090200000, 0x0000000090200000| Untracked 
| 191|0x0000000090300000, 0x0000000090300000, 0x0000000090400000|  0%| F|  |TAMS 0x0000000090300000, 0x0000000090300000| Untracked 
| 192|0x0000000090400000, 0x0000000090400000, 0x0000000090500000|  0%| F|  |TAMS 0x0000000090400000, 0x0000000090400000| Untracked 
| 193|0x0000000090500000, 0x0000000090500000, 0x0000000090600000|  0%| F|  |TAMS 0x0000000090500000, 0x0000000090500000| Untracked 
| 194|0x0000000090600000, 0x0000000090600000, 0x0000000090700000|  0%| F|  |TAMS 0x0000000090600000, 0x0000000090600000| Untracked 
| 195|0x0000000090700000, 0x0000000090700000, 0x0000000090800000|  0%| F|  |TAMS 0x0000000090700000, 0x0000000090700000| Untracked 
| 196|0x0000000090800000, 0x0000000090800000, 0x0000000090900000|  0%| F|  |TAMS 0x0000000090800000, 0x0000000090800000| Untracked 
| 197|0x0000000090900000, 0x0000000090900000, 0x0000000090a00000|  0%| F|  |TAMS 0x0000000090900000, 0x0000000090900000| Untracked 
| 198|0x0000000090a00000, 0x0000000090a00000, 0x0000000090b00000|  0%| F|  |TAMS 0x0000000090a00000, 0x0000000090a00000| Untracked 
| 199|0x0000000090b00000, 0x0000000090b00000, 0x0000000090c00000|  0%| F|  |TAMS 0x0000000090b00000, 0x0000000090b00000| Untracked 
| 200|0x0000000090c00000, 0x0000000090c00000, 0x0000000090d00000|  0%| F|  |TAMS 0x0000000090c00000, 0x0000000090c00000| Untracked 
| 201|0x0000000090d00000, 0x0000000090d00000, 0x0000000090e00000|  0%| F|  |TAMS 0x0000000090d00000, 0x0000000090d00000| Untracked 
| 202|0x0000000090e00000, 0x0000000090e00000, 0x0000000090f00000|  0%| F|  |TAMS 0x0000000090e00000, 0x0000000090e00000| Untracked 
| 203|0x0000000090f00000, 0x0000000090f00000, 0x0000000091000000|  0%| F|  |TAMS 0x0000000090f00000, 0x0000000090f00000| Untracked 
| 204|0x0000000091000000, 0x0000000091000000, 0x0000000091100000|  0%| F|  |TAMS 0x0000000091000000, 0x0000000091000000| Untracked 
| 205|0x0000000091100000, 0x0000000091100000, 0x0000000091200000|  0%| F|  |TAMS 0x0000000091100000, 0x0000000091100000| Untracked 
| 206|0x0000000091200000, 0x0000000091200000, 0x0000000091300000|  0%| F|  |TAMS 0x0000000091200000, 0x0000000091200000| Untracked 
| 207|0x0000000091300000, 0x0000000091300000, 0x0000000091400000|  0%| F|  |TAMS 0x0000000091300000, 0x0000000091300000| Untracked 
| 208|0x0000000091400000, 0x0000000091400000, 0x0000000091500000|  0%| F|  |TAMS 0x0000000091400000, 0x0000000091400000| Untracked 
| 209|0x0000000091500000, 0x0000000091500000, 0x0000000091600000|  0%| F|  |TAMS 0x0000000091500000, 0x0000000091500000| Untracked 
| 210|0x0000000091600000, 0x0000000091600000, 0x0000000091700000|  0%| F|  |TAMS 0x0000000091600000, 0x0000000091600000| Untracked 
| 211|0x0000000091700000, 0x0000000091700000, 0x0000000091800000|  0%| F|  |TAMS 0x0000000091700000, 0x0000000091700000| Untracked 
| 212|0x0000000091800000, 0x0000000091800000, 0x0000000091900000|  0%| F|  |TAMS 0x0000000091800000, 0x0000000091800000| Untracked 
| 213|0x0000000091900000, 0x0000000091900000, 0x0000000091a00000|  0%| F|  |TAMS 0x0000000091900000, 0x0000000091900000| Untracked 
| 214|0x0000000091a00000, 0x0000000091a00000, 0x0000000091b00000|  0%| F|  |TAMS 0x0000000091a00000, 0x0000000091a00000| Untracked 
| 215|0x0000000091b00000, 0x0000000091b00000, 0x0000000091c00000|  0%| F|  |TAMS 0x0000000091b00000, 0x0000000091b00000| Untracked 
| 216|0x0000000091c00000, 0x0000000091c00000, 0x0000000091d00000|  0%| F|  |TAMS 0x0000000091c00000, 0x0000000091c00000| Untracked 
| 217|0x0000000091d00000, 0x0000000091d00000, 0x0000000091e00000|  0%| F|  |TAMS 0x0000000091d00000, 0x0000000091d00000| Untracked 
| 218|0x0000000091e00000, 0x0000000091e00000, 0x0000000091f00000|  0%| F|  |TAMS 0x0000000091e00000, 0x0000000091e00000| Untracked 
| 219|0x0000000091f00000, 0x0000000091f00000, 0x0000000092000000|  0%| F|  |TAMS 0x0000000091f00000, 0x0000000091f00000| Untracked 
| 220|0x0000000092000000, 0x0000000092000000, 0x0000000092100000|  0%| F|  |TAMS 0x0000000092000000, 0x0000000092000000| Untracked 
| 221|0x0000000092100000, 0x0000000092100000, 0x0000000092200000|  0%| F|  |TAMS 0x0000000092100000, 0x0000000092100000| Untracked 
| 222|0x0000000092200000, 0x0000000092200000, 0x0000000092300000|  0%| F|  |TAMS 0x0000000092200000, 0x0000000092200000| Untracked 
| 223|0x0000000092300000, 0x0000000092300000, 0x0000000092400000|  0%| F|  |TAMS 0x0000000092300000, 0x0000000092300000| Untracked 
| 224|0x0000000092400000, 0x0000000092400000, 0x0000000092500000|  0%| F|  |TAMS 0x0000000092400000, 0x0000000092400000| Untracked 
| 225|0x0000000092500000, 0x0000000092500000, 0x0000000092600000|  0%| F|  |TAMS 0x0000000092500000, 0x0000000092500000| Untracked 
| 226|0x0000000092600000, 0x0000000092600000, 0x0000000092700000|  0%| F|  |TAMS 0x0000000092600000, 0x0000000092600000| Untracked 
| 227|0x0000000092700000, 0x0000000092700000, 0x0000000092800000|  0%| F|  |TAMS 0x0000000092700000, 0x0000000092700000| Untracked 
| 228|0x0000000092800000, 0x0000000092800000, 0x0000000092900000|  0%| F|  |TAMS 0x0000000092800000, 0x0000000092800000| Untracked 
| 229|0x0000000092900000, 0x0000000092900000, 0x0000000092a00000|  0%| F|  |TAMS 0x0000000092900000, 0x0000000092900000| Untracked 
| 230|0x0000000092a00000, 0x0000000092a00000, 0x0000000092b00000|  0%| F|  |TAMS 0x0000000092a00000, 0x0000000092a00000| Untracked 
| 231|0x0000000092b00000, 0x0000000092b00000, 0x0000000092c00000|  0%| F|  |TAMS 0x0000000092b00000, 0x0000000092b00000| Untracked 
| 232|0x0000000092c00000, 0x0000000092c00000, 0x0000000092d00000|  0%| F|  |TAMS 0x0000000092c00000, 0x0000000092c00000| Untracked 
| 233|0x0000000092d00000, 0x0000000092d00000, 0x0000000092e00000|  0%| F|  |TAMS 0x0000000092d00000, 0x0000000092d00000| Untracked 
| 234|0x0000000092e00000, 0x0000000092e00000, 0x0000000092f00000|  0%| F|  |TAMS 0x0000000092e00000, 0x0000000092e00000| Untracked 
| 235|0x0000000092f00000, 0x0000000092f00000, 0x0000000093000000|  0%| F|  |TAMS 0x0000000092f00000, 0x0000000092f00000| Untracked 
| 236|0x0000000093000000, 0x0000000093000000, 0x0000000093100000|  0%| F|  |TAMS 0x0000000093000000, 0x0000000093000000| Untracked 
| 237|0x0000000093100000, 0x0000000093100000, 0x0000000093200000|  0%| F|  |TAMS 0x0000000093100000, 0x0000000093100000| Untracked 
| 238|0x0000000093200000, 0x0000000093200000, 0x0000000093300000|  0%| F|  |TAMS 0x0000000093200000, 0x0000000093200000| Untracked 
| 239|0x0000000093300000, 0x0000000093300000, 0x0000000093400000|  0%| F|  |TAMS 0x0000000093300000, 0x0000000093300000| Untracked 
| 240|0x0000000093400000, 0x0000000093400000, 0x0000000093500000|  0%| F|  |TAMS 0x0000000093400000, 0x0000000093400000| Untracked 
| 241|0x0000000093500000, 0x0000000093500000, 0x0000000093600000|  0%| F|  |TAMS 0x0000000093500000, 0x0000000093500000| Untracked 
| 242|0x0000000093600000, 0x0000000093600000, 0x0000000093700000|  0%| F|  |TAMS 0x0000000093600000, 0x0000000093600000| Untracked 
| 243|0x0000000093700000, 0x0000000093700000, 0x0000000093800000|  0%| F|  |TAMS 0x0000000093700000, 0x0000000093700000| Untracked 
| 244|0x0000000093800000, 0x0000000093800000, 0x0000000093900000|  0%| F|  |TAMS 0x0000000093800000, 0x0000000093800000| Untracked 
| 245|0x0000000093900000, 0x0000000093900000, 0x0000000093a00000|  0%| F|  |TAMS 0x0000000093900000, 0x0000000093900000| Untracked 
| 246|0x0000000093a00000, 0x0000000093a00000, 0x0000000093b00000|  0%| F|  |TAMS 0x0000000093a00000, 0x0000000093a00000| Untracked 
| 247|0x0000000093b00000, 0x0000000093b00000, 0x0000000093c00000|  0%| F|  |TAMS 0x0000000093b00000, 0x0000000093b00000| Untracked 
| 248|0x0000000093c00000, 0x0000000093ced460, 0x0000000093d00000| 92%| S|CS|TAMS 0x0000000093c00000, 0x0000000093c00000| Complete 
| 249|0x0000000093d00000, 0x0000000093d00000, 0x0000000093e00000|  0%| F|  |TAMS 0x0000000093d00000, 0x0000000093d00000| Untracked 
| 250|0x0000000093e00000, 0x0000000093e00000, 0x0000000093f00000|  0%| F|  |TAMS 0x0000000093e00000, 0x0000000093e00000| Untracked 
| 251|0x0000000093f00000, 0x0000000093f00000, 0x0000000094000000|  0%| F|  |TAMS 0x0000000093f00000, 0x0000000093f00000| Untracked 
| 252|0x0000000094000000, 0x0000000094000000, 0x0000000094100000|  0%| F|  |TAMS 0x0000000094000000, 0x0000000094000000| Untracked 
| 253|0x0000000094100000, 0x0000000094100000, 0x0000000094200000|  0%| F|  |TAMS 0x0000000094100000, 0x0000000094100000| Untracked 
| 254|0x0000000094200000, 0x0000000094200000, 0x0000000094300000|  0%| F|  |TAMS 0x0000000094200000, 0x0000000094200000| Untracked 
| 255|0x0000000094300000, 0x0000000094300000, 0x0000000094400000|  0%| F|  |TAMS 0x0000000094300000, 0x0000000094300000| Untracked 
| 256|0x0000000094400000, 0x0000000094400000, 0x0000000094500000|  0%| F|  |TAMS 0x0000000094400000, 0x0000000094400000| Untracked 
| 257|0x0000000094500000, 0x0000000094500000, 0x0000000094600000|  0%| F|  |TAMS 0x0000000094500000, 0x0000000094500000| Untracked 
| 258|0x0000000094600000, 0x0000000094600000, 0x0000000094700000|  0%| F|  |TAMS 0x0000000094600000, 0x0000000094600000| Untracked 
| 259|0x0000000094700000, 0x0000000094700000, 0x0000000094800000|  0%| F|  |TAMS 0x0000000094700000, 0x0000000094700000| Untracked 
| 260|0x0000000094800000, 0x0000000094800000, 0x0000000094900000|  0%| F|  |TAMS 0x0000000094800000, 0x0000000094800000| Untracked 
| 261|0x0000000094900000, 0x0000000094900000, 0x0000000094a00000|  0%| F|  |TAMS 0x0000000094900000, 0x0000000094900000| Untracked 
| 262|0x0000000094a00000, 0x0000000094a00000, 0x0000000094b00000|  0%| F|  |TAMS 0x0000000094a00000, 0x0000000094a00000| Untracked 
| 263|0x0000000094b00000, 0x0000000094b00000, 0x0000000094c00000|  0%| F|  |TAMS 0x0000000094b00000, 0x0000000094b00000| Untracked 
| 264|0x0000000094c00000, 0x0000000094c00000, 0x0000000094d00000|  0%| F|  |TAMS 0x0000000094c00000, 0x0000000094c00000| Untracked 
| 265|0x0000000094d00000, 0x0000000094d00000, 0x0000000094e00000|  0%| F|  |TAMS 0x0000000094d00000, 0x0000000094d00000| Untracked 
| 266|0x0000000094e00000, 0x0000000094e00000, 0x0000000094f00000|  0%| F|  |TAMS 0x0000000094e00000, 0x0000000094e00000| Untracked 
| 267|0x0000000094f00000, 0x0000000094f00000, 0x0000000095000000|  0%| F|  |TAMS 0x0000000094f00000, 0x0000000094f00000| Untracked 
| 268|0x0000000095000000, 0x0000000095000000, 0x0000000095100000|  0%| F|  |TAMS 0x0000000095000000, 0x0000000095000000| Untracked 
| 269|0x0000000095100000, 0x0000000095100000, 0x0000000095200000|  0%| F|  |TAMS 0x0000000095100000, 0x0000000095100000| Untracked 
| 270|0x0000000095200000, 0x0000000095200000, 0x0000000095300000|  0%| F|  |TAMS 0x0000000095200000, 0x0000000095200000| Untracked 
| 271|0x0000000095300000, 0x0000000095300000, 0x0000000095400000|  0%| F|  |TAMS 0x0000000095300000, 0x0000000095300000| Untracked 
| 272|0x0000000095400000, 0x0000000095400000, 0x0000000095500000|  0%| F|  |TAMS 0x0000000095400000, 0x0000000095400000| Untracked 
| 273|0x0000000095500000, 0x0000000095500000, 0x0000000095600000|  0%| F|  |TAMS 0x0000000095500000, 0x0000000095500000| Untracked 
| 274|0x0000000095600000, 0x0000000095600000, 0x0000000095700000|  0%| F|  |TAMS 0x0000000095600000, 0x0000000095600000| Untracked 
| 275|0x0000000095700000, 0x0000000095700000, 0x0000000095800000|  0%| F|  |TAMS 0x0000000095700000, 0x0000000095700000| Untracked 
| 276|0x0000000095800000, 0x0000000095800000, 0x0000000095900000|  0%| F|  |TAMS 0x0000000095800000, 0x0000000095800000| Untracked 
| 277|0x0000000095900000, 0x0000000095900000, 0x0000000095a00000|  0%| F|  |TAMS 0x0000000095900000, 0x0000000095900000| Untracked 
| 278|0x0000000095a00000, 0x0000000095a00000, 0x0000000095b00000|  0%| F|  |TAMS 0x0000000095a00000, 0x0000000095a00000| Untracked 
| 279|0x0000000095b00000, 0x0000000095b00000, 0x0000000095c00000|  0%| F|  |TAMS 0x0000000095b00000, 0x0000000095b00000| Untracked 
| 280|0x0000000095c00000, 0x0000000095c00000, 0x0000000095d00000|  0%| F|  |TAMS 0x0000000095c00000, 0x0000000095c00000| Untracked 
| 281|0x0000000095d00000, 0x0000000095d00000, 0x0000000095e00000|  0%| F|  |TAMS 0x0000000095d00000, 0x0000000095d00000| Untracked 
| 282|0x0000000095e00000, 0x0000000095e00000, 0x0000000095f00000|  0%| F|  |TAMS 0x0000000095e00000, 0x0000000095e00000| Untracked 
| 283|0x0000000095f00000, 0x0000000095f00000, 0x0000000096000000|  0%| F|  |TAMS 0x0000000095f00000, 0x0000000095f00000| Untracked 
| 284|0x0000000096000000, 0x0000000096000000, 0x0000000096100000|  0%| F|  |TAMS 0x0000000096000000, 0x0000000096000000| Untracked 
| 285|0x0000000096100000, 0x0000000096100000, 0x0000000096200000|  0%| F|  |TAMS 0x0000000096100000, 0x0000000096100000| Untracked 
| 286|0x0000000096200000, 0x0000000096200000, 0x0000000096300000|  0%| F|  |TAMS 0x0000000096200000, 0x0000000096200000| Untracked 
| 287|0x0000000096300000, 0x0000000096300000, 0x0000000096400000|  0%| F|  |TAMS 0x0000000096300000, 0x0000000096300000| Untracked 
| 288|0x0000000096400000, 0x0000000096400000, 0x0000000096500000|  0%| F|  |TAMS 0x0000000096400000, 0x0000000096400000| Untracked 
| 289|0x0000000096500000, 0x0000000096500000, 0x0000000096600000|  0%| F|  |TAMS 0x0000000096500000, 0x0000000096500000| Untracked 
| 290|0x0000000096600000, 0x0000000096600000, 0x0000000096700000|  0%| F|  |TAMS 0x0000000096600000, 0x0000000096600000| Untracked 
| 291|0x0000000096700000, 0x0000000096700000, 0x0000000096800000|  0%| F|  |TAMS 0x0000000096700000, 0x0000000096700000| Untracked 
| 292|0x0000000096800000, 0x0000000096800000, 0x0000000096900000|  0%| F|  |TAMS 0x0000000096800000, 0x0000000096800000| Untracked 
| 293|0x0000000096900000, 0x0000000096900000, 0x0000000096a00000|  0%| F|  |TAMS 0x0000000096900000, 0x0000000096900000| Untracked 

Card table byte_map: [0x0000017c45000000,0x0000017c453e0000] _byte_map_base: 0x0000017c44bde000

Marking Bits (Prev, Next): (CMBitMap*) 0x0000017c2dd2cd40, (CMBitMap*) 0x0000017c2dd2cd80
 Prev Bits: [0x0000017c457c0000, 0x0000017c476b0000)
 Next Bits: [0x0000017c476b0000, 0x0000017c495a0000)

Polling page: 0x0000017c2bbf0000

Metaspace:

Usage:
  Non-class:     65.61 MB used.
      Class:      9.95 MB used.
       Both:     75.56 MB used.

Virtual space:
  Non-class space:      128.00 MB reserved,      66.00 MB ( 52%) committed,  2 nodes.
      Class space:        1.00 GB reserved,      10.25 MB (  1%) committed,  1 nodes.
             Both:        1.12 GB reserved,      76.25 MB (  7%) committed. 

Chunk freelists:
   Non-Class:  1.72 MB
       Class:  1.72 MB
        Both:  3.44 MB

MaxMetaspaceSize: unlimited
CompressedClassSpaceSize: 1.00 GB
Initial GC threshold: 21.00 MB
Current GC threshold: 125.62 MB
CDS: on
MetaspaceReclaimPolicy: balanced
 - commit_granule_bytes: 65536.
 - commit_granule_words: 8192.
 - virtual_space_node_default_size: 8388608.
 - enlarge_chunks_in_place: 1.
 - new_chunks_are_fully_committed: 0.
 - uncommit_free_chunks: 1.
 - use_allocation_guard: 0.


Internal statistics:

num_allocs_failed_limit: 18.
num_arena_births: 938.
num_arena_deaths: 4.
num_vsnodes_births: 3.
num_vsnodes_deaths: 0.
num_space_committed: 1220.
num_space_uncommitted: 0.
num_chunks_returned_to_freelist: 24.
num_chunks_taken_from_freelist: 3731.
num_chunk_merges: 18.
num_chunk_splits: 2747.
num_chunks_enlarged: 2197.
num_inconsistent_stats: 0.

CodeHeap 'non-profiled nmethods': size=120000Kb used=5595Kb max_used=5611Kb free=114404Kb
 bounds [0x0000017c3d6f0000, 0x0000017c3dc70000, 0x0000017c44c20000]
CodeHeap 'profiled nmethods': size=120000Kb used=16912Kb max_used=16912Kb free=103087Kb
 bounds [0x0000017c35c20000, 0x0000017c36cb0000, 0x0000017c3d150000]
CodeHeap 'non-nmethods': size=5760Kb used=1470Kb max_used=1533Kb free=4290Kb
 bounds [0x0000017c3d150000, 0x0000017c3d3c0000, 0x0000017c3d6f0000]
 total_blobs=9628 nmethods=8915 adapters=622
 compilation: enabled
              stopped_count=0, restarted_count=0
 full_count=0

Compilation events (20 events):
Event: 11.543 Thread 0x0000017c4baba120 10526       3       org.springframework.data.jpa.repository.query.HqlParser$SelectExpressionContext::instantiation (11 bytes)
Event: 11.543 Thread 0x0000017c4baba120 nmethod 10526 0x0000017c36ca2d90 code [0x0000017c36ca2f60, 0x0000017c36ca3408]
Event: 11.544 Thread 0x0000017c4baba120 10527       3       org.springframework.data.jpa.repository.query.HqlParser$QueryExpressionContext::accept (26 bytes)
Event: 11.544 Thread 0x0000017c4baba120 nmethod 10527 0x0000017c36ca3510 code [0x0000017c36ca36e0, 0x0000017c36ca3c58]
Event: 11.544 Thread 0x0000017c4baba120 10528       3       org.springframework.data.jpa.repository.query.HqlQueryRenderer::visitQueryExpression (6 bytes)
Event: 11.544 Thread 0x0000017c4baba120 nmethod 10528 0x0000017c36ca3d90 code [0x0000017c36ca3f40, 0x0000017c36ca4108]
Event: 11.544 Thread 0x0000017c4baba120 10529       3       org.springframework.data.jpa.repository.query.HqlParser$SelectClauseContext::selectionList (11 bytes)
Event: 11.544 Thread 0x0000017c4baba120 nmethod 10529 0x0000017c36ca4210 code [0x0000017c36ca43e0, 0x0000017c36ca4888]
Event: 11.544 Thread 0x0000017c4baba120 10530       1       org.springframework.data.repository.query.SpelQueryContext$SpelExtractor::getQueryString (5 bytes)
Event: 11.545 Thread 0x0000017c4baba120 nmethod 10530 0x0000017c3db43a90 code [0x0000017c3db43c20, 0x0000017c3db43cd8]
Event: 11.545 Thread 0x0000017c4baba120 10531       1       org.springframework.data.jpa.repository.query.StringQuery::isNativeQuery (5 bytes)
Event: 11.545 Thread 0x0000017c4baba120 nmethod 10531 0x0000017c3db43790 code [0x0000017c3db43920, 0x0000017c3db439f8]
Event: 11.545 Thread 0x0000017c4baba120 10533       3       org.springframework.data.jpa.repository.query.HqlQueryTransformer::<init> (10 bytes)
Event: 11.545 Thread 0x0000017c4baba120 nmethod 10533 0x0000017c36ca4990 code [0x0000017c36ca4b40, 0x0000017c36ca4ce8]
Event: 11.545 Thread 0x0000017c4baba120 10532       1       org.springframework.data.jpa.repository.query.HqlQueryTransformer::getAlias (5 bytes)
Event: 11.545 Thread 0x0000017c4baba120 nmethod 10532 0x0000017c3db43490 code [0x0000017c3db43620, 0x0000017c3db436d8]
Event: 11.545 Thread 0x0000017c4baba120 10534       1       org.springframework.data.jpa.repository.query.HqlQueryTransformer::hasConstructorExpression (5 bytes)
Event: 11.545 Thread 0x0000017c4baba120 nmethod 10534 0x0000017c3db43190 code [0x0000017c3db43320, 0x0000017c3db433f8]
Event: 11.546 Thread 0x0000017c4baba120 10537       3       java.util.IdentityHashMap::put (137 bytes)
Event: 11.546 Thread 0x0000017c4baba120 nmethod 10537 0x0000017c36ca4d90 code [0x0000017c36ca4fc0, 0x0000017c36ca5a98]

GC Heap History (20 events):
Event: 7.555 GC heap after
{Heap after GC invocations=15 (full 0):
 garbage-first heap   total 191488K, used 58431K [0x0000000084400000, 0x0000000100000000)
  region size 1024K, 11 young (11264K), 11 survivors (11264K)
 Metaspace       used 55385K, committed 55936K, reserved 1114112K
  class space    used 7195K, committed 7424K, reserved 1048576K
}
Event: 7.575 GC heap before
{Heap before GC invocations=15 (full 0):
 garbage-first heap   total 191488K, used 59455K [0x0000000084400000, 0x0000000100000000)
  region size 1024K, 12 young (12288K), 11 survivors (11264K)
 Metaspace       used 55561K, committed 56064K, reserved 1114112K
  class space    used 7215K, committed 7424K, reserved 1048576K
}
Event: 7.583 GC heap after
{Heap after GC invocations=16 (full 0):
 garbage-first heap   total 191488K, used 58528K [0x0000000084400000, 0x0000000100000000)
  region size 1024K, 2 young (2048K), 2 survivors (2048K)
 Metaspace       used 55561K, committed 56064K, reserved 1114112K
  class space    used 7215K, committed 7424K, reserved 1048576K
}
Event: 7.963 GC heap before
{Heap before GC invocations=16 (full 0):
 garbage-first heap   total 191488K, used 81056K [0x0000000084400000, 0x0000000100000000)
  region size 1024K, 26 young (26624K), 2 survivors (2048K)
 Metaspace       used 60925K, committed 61440K, reserved 1114112K
  class space    used 8052K, committed 8320K, reserved 1048576K
}
Event: 7.966 GC heap after
{Heap after GC invocations=17 (full 0):
 garbage-first heap   total 191488K, used 60138K [0x0000000084400000, 0x0000000100000000)
  region size 1024K, 3 young (3072K), 3 survivors (3072K)
 Metaspace       used 60925K, committed 61440K, reserved 1114112K
  class space    used 8052K, committed 8320K, reserved 1048576K
}
Event: 9.232 GC heap before
{Heap before GC invocations=18 (full 0):
 garbage-first heap   total 191488K, used 150250K [0x0000000084400000, 0x0000000100000000)
  region size 1024K, 91 young (93184K), 3 survivors (3072K)
 Metaspace       used 67739K, committed 68352K, reserved 1114112K
  class space    used 9053K, committed 9344K, reserved 1048576K
}
Event: 9.242 GC heap after
{Heap after GC invocations=19 (full 0):
 garbage-first heap   total 191488K, used 65904K [0x0000000084400000, 0x0000000100000000)
  region size 1024K, 9 young (9216K), 9 survivors (9216K)
 Metaspace       used 67739K, committed 68352K, reserved 1114112K
  class space    used 9053K, committed 9344K, reserved 1048576K
}
Event: 9.256 GC heap before
{Heap before GC invocations=19 (full 0):
 garbage-first heap   total 191488K, used 66928K [0x0000000084400000, 0x0000000100000000)
  region size 1024K, 10 young (10240K), 9 survivors (9216K)
 Metaspace       used 67895K, committed 68480K, reserved 1114112K
  class space    used 9096K, committed 9344K, reserved 1048576K
}
Event: 9.263 GC heap after
{Heap after GC invocations=20 (full 0):
 garbage-first heap   total 191488K, used 66294K [0x0000000084400000, 0x0000000100000000)
  region size 1024K, 2 young (2048K), 2 survivors (2048K)
 Metaspace       used 67895K, committed 68480K, reserved 1114112K
  class space    used 9096K, committed 9344K, reserved 1048576K
}
Event: 9.916 GC heap before
{Heap before GC invocations=20 (full 0):
 garbage-first heap   total 191488K, used 152310K [0x0000000084400000, 0x0000000100000000)
  region size 1024K, 86 young (88064K), 2 survivors (2048K)
 Metaspace       used 71208K, committed 71872K, reserved 1114112K
  class space    used 9477K, committed 9792K, reserved 1048576K
}
Event: 9.923 GC heap after
{Heap after GC invocations=21 (full 0):
 garbage-first heap   total 191488K, used 70764K [0x0000000084400000, 0x0000000100000000)
  region size 1024K, 6 young (6144K), 6 survivors (6144K)
 Metaspace       used 71208K, committed 71872K, reserved 1114112K
  class space    used 9477K, committed 9792K, reserved 1048576K
}
Event: 10.034 GC heap before
{Heap before GC invocations=21 (full 0):
 garbage-first heap   total 191488K, used 153708K [0x0000000084400000, 0x0000000100000000)
  region size 1024K, 87 young (89088K), 6 survivors (6144K)
 Metaspace       used 71238K, committed 71872K, reserved 1114112K
  class space    used 9477K, committed 9792K, reserved 1048576K
}
Event: 10.042 GC heap after
{Heap after GC invocations=22 (full 0):
 garbage-first heap   total 191488K, used 71285K [0x0000000084400000, 0x0000000100000000)
  region size 1024K, 6 young (6144K), 6 survivors (6144K)
 Metaspace       used 71238K, committed 71872K, reserved 1114112K
  class space    used 9477K, committed 9792K, reserved 1048576K
}
Event: 10.813 GC heap before
{Heap before GC invocations=22 (full 0):
 garbage-first heap   total 191488K, used 154229K [0x0000000084400000, 0x0000000100000000)
  region size 1024K, 88 young (90112K), 6 survivors (6144K)
 Metaspace       used 75761K, committed 76352K, reserved 1179648K
  class space    used 9972K, committed 10240K, reserved 1048576K
}
Event: 10.823 GC heap after
{Heap after GC invocations=23 (full 0):
 garbage-first heap   total 191488K, used 76070K [0x0000000084400000, 0x0000000100000000)
  region size 1024K, 7 young (7168K), 7 survivors (7168K)
 Metaspace       used 75761K, committed 76352K, reserved 1179648K
  class space    used 9972K, committed 10240K, reserved 1048576K
}
Event: 11.085 GC heap before
{Heap before GC invocations=23 (full 0):
 garbage-first heap   total 191488K, used 155942K [0x0000000084400000, 0x0000000100000000)
  region size 1024K, 85 young (87040K), 7 survivors (7168K)
 Metaspace       used 76506K, committed 77184K, reserved 1179648K
  class space    used 10084K, committed 10368K, reserved 1048576K
}
Event: 11.104 GC heap after
{Heap after GC invocations=24 (full 0):
 garbage-first heap   total 191488K, used 84886K [0x0000000084400000, 0x0000000100000000)
  region size 1024K, 11 young (11264K), 11 survivors (11264K)
 Metaspace       used 76506K, committed 77184K, reserved 1179648K
  class space    used 10084K, committed 10368K, reserved 1048576K
}
Event: 11.524 GC heap before
{Heap before GC invocations=25 (full 0):
 garbage-first heap   total 191488K, used 153494K [0x0000000084400000, 0x0000000100000000)
  region size 1024K, 78 young (79872K), 11 survivors (11264K)
 Metaspace       used 77365K, committed 78080K, reserved 1179648K
  class space    used 10187K, committed 10496K, reserved 1048576K
}
Event: 11.539 GC heap after
{Heap after GC invocations=26 (full 0):
 garbage-first heap   total 191488K, used 89099K [0x0000000084400000, 0x0000000100000000)
  region size 1024K, 4 young (4096K), 4 survivors (4096K)
 Metaspace       used 77365K, committed 78080K, reserved 1179648K
  class space    used 10187K, committed 10496K, reserved 1048576K
}
Event: 11.548 GC heap before
{Heap before GC invocations=26 (full 0):
 garbage-first heap   total 191488K, used 94219K [0x0000000084400000, 0x0000000100000000)
  region size 1024K, 9 young (9216K), 4 survivors (4096K)
 Metaspace       used 77374K, committed 78080K, reserved 1179648K
  class space    used 10187K, committed 10496K, reserved 1048576K
}

Dll operation events (11 events):
Event: 0.011 Loaded shared library C:\Program Files\Java\jdk-19\bin\java.dll
Event: 0.026 Loaded shared library C:\Program Files\Java\jdk-19\bin\jsvml.dll
Event: 0.108 Loaded shared library C:\Program Files\Java\jdk-19\bin\net.dll
Event: 0.110 Loaded shared library C:\Program Files\Java\jdk-19\bin\nio.dll
Event: 0.112 Loaded shared library C:\Program Files\Java\jdk-19\bin\zip.dll
Event: 0.240 Loaded shared library C:\Program Files\Java\jdk-19\bin\jimage.dll
Event: 0.462 Loaded shared library C:\Program Files\Java\jdk-19\bin\management.dll
Event: 0.464 Loaded shared library C:\Program Files\Java\jdk-19\bin\management_ext.dll
Event: 1.525 Loaded shared library C:\Program Files\Java\jdk-19\bin\sunmscapi.dll
Event: 5.580 Loaded shared library C:\Program Files\Java\jdk-19\bin\verify.dll
Event: 5.926 Loaded shared library C:\Program Files\Java\jdk-19\bin\extnet.dll

Deoptimization events (20 events):
Event: 11.395 Thread 0x0000017c4fd0d380 DEOPT PACKING pc=0x0000017c3dbeaafc sp=0x0000003956bfd610
Event: 11.395 Thread 0x0000017c4fd0d380 DEOPT UNPACKING pc=0x0000017c3d1ba5a3 sp=0x0000003956bfd5f0 mode 2
Event: 11.421 Thread 0x0000017c4fd0d380 Uncommon trap: trap_request=0xffffff45 fr.pc=0x0000017c3d994148 relative=0x0000000000002608
Event: 11.421 Thread 0x0000017c4fd0d380 Uncommon trap: reason=unstable_if action=reinterpret pc=0x0000017c3d994148 method=org.antlr.v4.runtime.atn.PredictionContext.mergeSingletons(Lorg/antlr/v4/runtime/atn/SingletonPredictionContext;Lorg/antlr/v4/runtime/atn/SingletonPredictionContext;ZLorg/an
Event: 11.421 Thread 0x0000017c4fd0d380 DEOPT PACKING pc=0x0000017c3d994148 sp=0x0000003956bf9b70
Event: 11.421 Thread 0x0000017c4fd0d380 DEOPT UNPACKING pc=0x0000017c3d1ba5a3 sp=0x0000003956bf9b40 mode 2
Event: 11.421 Thread 0x0000017c4fd0d380 Uncommon trap: trap_request=0xffffff45 fr.pc=0x0000017c3d994148 relative=0x0000000000002608
Event: 11.421 Thread 0x0000017c4fd0d380 Uncommon trap: reason=unstable_if action=reinterpret pc=0x0000017c3d994148 method=org.antlr.v4.runtime.atn.PredictionContext.mergeSingletons(Lorg/antlr/v4/runtime/atn/SingletonPredictionContext;Lorg/antlr/v4/runtime/atn/SingletonPredictionContext;ZLorg/an
Event: 11.421 Thread 0x0000017c4fd0d380 DEOPT PACKING pc=0x0000017c3d994148 sp=0x0000003956bf9c20
Event: 11.421 Thread 0x0000017c4fd0d380 DEOPT UNPACKING pc=0x0000017c3d1ba5a3 sp=0x0000003956bf9bf0 mode 2
Event: 11.421 Thread 0x0000017c4fd0d380 DEOPT PACKING pc=0x0000017c368f5165 sp=0x0000003956bfad40
Event: 11.421 Thread 0x0000017c4fd0d380 DEOPT UNPACKING pc=0x0000017c3d1bb0e3 sp=0x0000003956bfa228 mode 0
Event: 11.498 Thread 0x0000017c4fd0d380 Uncommon trap: trap_request=0xffffff45 fr.pc=0x0000017c3dc32454 relative=0x00000000000001b4
Event: 11.498 Thread 0x0000017c4fd0d380 Uncommon trap: reason=unstable_if action=reinterpret pc=0x0000017c3dc32454 method=org.springframework.core.annotation.AnnotationsScanner.isOverride(Ljava/lang/reflect/Method;Ljava/lang/reflect/Method;)Z @ 29 c2
Event: 11.498 Thread 0x0000017c4fd0d380 DEOPT PACKING pc=0x0000017c3dc32454 sp=0x0000003956bfc230
Event: 11.498 Thread 0x0000017c4fd0d380 DEOPT UNPACKING pc=0x0000017c3d1ba5a3 sp=0x0000003956bfc1d0 mode 2
Event: 11.542 Thread 0x0000017c4fd0d380 Uncommon trap: trap_request=0xffffff45 fr.pc=0x0000017c3dc56f0c relative=0x000000000000054c
Event: 11.542 Thread 0x0000017c4fd0d380 Uncommon trap: reason=unstable_if action=reinterpret pc=0x0000017c3dc56f0c method=java.util.IdentityHashMap.put(Ljava/lang/Object;Ljava/lang/Object;)Ljava/lang/Object; @ 90 c2
Event: 11.542 Thread 0x0000017c4fd0d380 DEOPT PACKING pc=0x0000017c3dc56f0c sp=0x0000003956bf9e70
Event: 11.542 Thread 0x0000017c4fd0d380 DEOPT UNPACKING pc=0x0000017c3d1ba5a3 sp=0x0000003956bf9e00 mode 2

Classes loaded (20 events):
Event: 10.410 Loading class java/nio/channels/Pipe$SinkChannel done
Event: 10.410 Loading class sun/nio/ch/SinkChannelImpl done
Event: 10.461 Loading class java/util/zip/GZIPOutputStream
Event: 10.462 Loading class java/util/zip/DeflaterOutputStream
Event: 10.462 Loading class java/util/zip/DeflaterOutputStream done
Event: 10.462 Loading class java/util/zip/GZIPOutputStream done
Event: 10.469 Loading class java/nio/channels/ClosedChannelException
Event: 10.469 Loading class java/nio/channels/ClosedChannelException done
Event: 10.477 Loading class java/nio/channels/spi/AbstractSelector$1
Event: 10.477 Loading class java/nio/channels/spi/AbstractSelector$1 done
Event: 10.722 Loading class java/nio/StringCharBuffer
Event: 10.724 Loading class java/nio/StringCharBuffer done
Event: 10.725 Loading class javax/crypto/SecretKeyFactory
Event: 10.726 Loading class javax/crypto/SecretKeyFactory done
Event: 10.726 Loading class com/sun/crypto/provider/PBKDF2Core$HmacSHA256
Event: 10.726 Loading class com/sun/crypto/provider/PBKDF2Core
Event: 10.727 Loading class javax/crypto/SecretKeyFactorySpi
Event: 10.727 Loading class javax/crypto/SecretKeyFactorySpi done
Event: 10.727 Loading class com/sun/crypto/provider/PBKDF2Core done
Event: 10.727 Loading class com/sun/crypto/provider/PBKDF2Core$HmacSHA256 done

Classes unloaded (2 events):
Event: 11.253 Thread 0x0000017c4ba6bd00 Unloading class 0x00000008019aa400 'jdk/internal/reflect/GeneratedSerializationConstructorAccessor2'
Event: 11.253 Thread 0x0000017c4ba6bd00 Unloading class 0x00000008018a0c00 'jdk/internal/reflect/GeneratedSerializationConstructorAccessor1'

Classes redefined (0 events):
No events

Internal exceptions (20 events):
Event: 8.708 Thread 0x0000017c4fd0d380 Exception <a 'java/lang/NoSuchMethodError'{0x000000008df45580}: 'java.lang.Object java.lang.invoke.DirectMethodHandle$Holder.invokeStatic(java.lang.Object, int, java.lang.Object)'> (0x000000008df45580) 
thrown [s\open\src\hotspot\share\interpreter\linkResolver.cpp, line 774]
Event: 8.789 Thread 0x0000017c4fd0d380 Implicit null exception at 0x0000017c3db0a5d5 to 0x0000017c3db0a736
Event: 9.183 Thread 0x0000017c4fd0d380 Exception <a 'java/lang/NoSuchMethodError'{0x000000008a65da50}: 'void java.lang.invoke.DirectMethodHandle$Holder.invokeStatic(java.lang.Object, java.lang.Object, int)'> (0x000000008a65da50) 
thrown [s\open\src\hotspot\share\interpreter\linkResolver.cpp, line 774]
Event: 9.195 Thread 0x0000017c4fd0d380 Exception <a 'java/lang/NoSuchMethodError'{0x000000008a53ee00}: 'java.lang.Object java.lang.invoke.DirectMethodHandle$Holder.invokeVirtual(java.lang.Object, java.lang.Object, java.lang.Object, java.lang.Object, java.lang.Object, java.lang.Object)'> (0x000000008a53ee00) 
thrown [s\open\src\hotspot\share\interpreter\linkResolver.cpp, line 774]
Event: 9.230 Thread 0x0000017c4fd0d380 Exception <a 'java/lang/NoSuchMethodError'{0x000000008a4dbc70}: 'void java.lang.invoke.DirectMethodHandle$Holder.invokeInterface(java.lang.Object, java.lang.Object, int)'> (0x000000008a4dbc70) 
thrown [s\open\src\hotspot\share\interpreter\linkResolver.cpp, line 774]
Event: 9.244 Thread 0x0000017c4fd0d380 Exception <a 'java/lang/IncompatibleClassChangeError'{0x000000009692bc60}: Found class java.lang.Object, but interface was expected> (0x000000009692bc60) 
thrown [s\open\src\hotspot\share\interpreter\linkResolver.cpp, line 841]
Event: 9.245 Thread 0x0000017c4fd0d380 Exception <a 'java/lang/NoSuchMethodError'{0x000000009693c940}: 'int java.lang.invoke.DirectMethodHandle$Holder.invokeSpecialIFC(java.lang.Object, java.lang.Object, java.lang.Object)'> (0x000000009693c940) 
thrown [s\open\src\hotspot\share\interpreter\linkResolver.cpp, line 774]
Event: 9.246 Thread 0x0000017c4fd0d380 Exception <a 'java/lang/NoSuchMethodError'{0x0000000096955118}: 'void java.lang.invoke.DirectMethodHandle$Holder.invokeStatic(java.lang.Object, int, java.lang.Object)'> (0x0000000096955118) 
thrown [s\open\src\hotspot\share\interpreter\linkResolver.cpp, line 774]
Event: 9.458 Thread 0x0000017c4fd0d380 Exception <a 'sun/nio/fs/WindowsException'{0x000000008f1fef88}> (0x000000008f1fef88) 
thrown [s\open\src\hotspot\share\prims\jni.cpp, line 517]
Event: 9.459 Thread 0x0000017c4fd0d380 Exception <a 'sun/nio/fs/WindowsException'{0x000000008f013728}> (0x000000008f013728) 
thrown [s\open\src\hotspot\share\prims\jni.cpp, line 517]
Event: 9.459 Thread 0x0000017c4fd0d380 Exception <a 'sun/nio/fs/WindowsException'{0x000000008f013e00}> (0x000000008f013e00) 
thrown [s\open\src\hotspot\share\prims\jni.cpp, line 517]
Event: 9.466 Thread 0x0000017c4fd0d380 Exception <a 'java/lang/NoSuchMethodError'{0x000000008f02db28}: 'int java.lang.invoke.DirectMethodHandle$Holder.invokeVirtual(java.lang.Object, java.lang.Object, java.lang.Object, java.lang.Object)'> (0x000000008f02db28) 
thrown [s\open\src\hotspot\share\interpreter\linkResolver.cpp, line 774]
Event: 9.467 Thread 0x0000017c4fd0d380 Exception <a 'java/lang/NoSuchMethodError'{0x000000008f031650}: 'int java.lang.invoke.DelegatingMethodHandle$Holder.reinvoke_L(java.lang.Object, java.lang.Object, java.lang.Object, java.lang.Object)'> (0x000000008f031650) 
thrown [s\open\src\hotspot\share\interpreter\linkResolver.cpp, line 774]
Event: 9.525 Thread 0x0000017c4fd0d380 Exception <a 'java/io/FileNotFoundException'{0x000000008ee18640}> (0x000000008ee18640) 
thrown [s\open\src\hotspot\share\prims\jni.cpp, line 517]
Event: 9.546 Thread 0x0000017c4fd0d380 Exception <a 'java/lang/NoSuchMethodError'{0x000000008ed96f88}: 'int java.lang.invoke.DirectMethodHandle$Holder.invokeInterface(java.lang.Object, java.lang.Object, java.lang.Object, java.lang.Object)'> (0x000000008ed96f88) 
thrown [s\open\src\hotspot\share\interpreter\linkResolver.cpp, line 774]
Event: 9.620 Thread 0x0000017c4fd0d380 Exception <a 'java/lang/NoSuchMethodError'{0x000000008e934e10}: 'long java.lang.invoke.DirectMethodHandle$Holder.invokeVirtual(java.lang.Object, java.lang.Object)'> (0x000000008e934e10) 
thrown [s\open\src\hotspot\share\interpreter\linkResolver.cpp, line 774]
Event: 9.625 Thread 0x0000017c4fd0d380 Exception <a 'java/io/FileNotFoundException'{0x000000008e95c818}> (0x000000008e95c818) 
thrown [s\open\src\hotspot\share\prims\jni.cpp, line 517]
Event: 10.284 Thread 0x0000017c4fd0d380 Exception <a 'sun/nio/fs/WindowsException'{0x000000008d05b320}> (0x000000008d05b320) 
thrown [s\open\src\hotspot\share\prims\jni.cpp, line 517]
Event: 10.778 Thread 0x0000017c4fd0d380 Exception <a 'java/io/FileNotFoundException'{0x000000008ae04248}> (0x000000008ae04248) 
thrown [s\open\src\hotspot\share\prims\jni.cpp, line 517]
Event: 10.779 Thread 0x0000017c4fd0d380 Exception <a 'java/io/FileNotFoundException'{0x000000008ae0e228}> (0x000000008ae0e228) 
thrown [s\open\src\hotspot\share\prims\jni.cpp, line 517]

VM Operations (20 events):
Event: 10.725 Executing VM operation: HandshakeAllThreads done
Event: 10.813 Executing VM operation: G1CollectForAllocation
Event: 10.823 Executing VM operation: G1CollectForAllocation done
Event: 11.014 Executing VM operation: ICBufferFull
Event: 11.015 Executing VM operation: ICBufferFull done
Event: 11.085 Executing VM operation: G1CollectForAllocation
Event: 11.104 Executing VM operation: G1CollectForAllocation done
Event: 11.243 Executing VM operation: G1PauseRemark
Event: 11.262 Executing VM operation: G1PauseRemark done
Event: 11.315 Executing VM operation: G1PauseCleanup
Event: 11.315 Executing VM operation: G1PauseCleanup done
Event: 11.379 Executing VM operation: HandshakeAllThreads
Event: 11.379 Executing VM operation: HandshakeAllThreads done
Event: 11.383 Executing VM operation: HandshakeAllThreads
Event: 11.383 Executing VM operation: HandshakeAllThreads done
Event: 11.383 Executing VM operation: HandshakeAllThreads
Event: 11.383 Executing VM operation: HandshakeAllThreads done
Event: 11.524 Executing VM operation: G1CollectForAllocation
Event: 11.539 Executing VM operation: G1CollectForAllocation done
Event: 11.548 Executing VM operation: G1CollectForAllocation

Events (20 events):
Event: 9.173 Thread 0x0000017c4babe000 flushing nmethod 0x0000017c36abe810
Event: 9.173 Thread 0x0000017c4babe000 flushing nmethod 0x0000017c36ac4190
Event: 9.173 Thread 0x0000017c4babe000 flushing nmethod 0x0000017c36ace290
Event: 9.173 Thread 0x0000017c4babe000 flushing nmethod 0x0000017c36adfb90
Event: 9.173 Thread 0x0000017c4babe000 flushing nmethod 0x0000017c36ae3710
Event: 9.173 Thread 0x0000017c4babe000 flushing nmethod 0x0000017c36ae4c90
Event: 9.173 Thread 0x0000017c4babe000 flushing nmethod 0x0000017c36ae5710
Event: 9.633 Thread 0x0000017c545bbf70 Thread added: 0x0000017c545bbf70
Event: 9.635 Thread 0x0000017c545baa30 Thread added: 0x0000017c545baa30
Event: 9.638 Thread 0x0000017c545bdf50 Thread added: 0x0000017c545bdf50
Event: 10.460 Thread 0x0000017c545be4a0 Thread added: 0x0000017c545be4a0
Event: 10.477 Thread 0x0000017c545bcf60 Thread added: 0x0000017c545bcf60
Event: 10.477 Thread 0x0000017c545be9f0 Thread added: 0x0000017c545be9f0
Event: 10.477 Thread 0x0000017c545bc4c0 Thread added: 0x0000017c545bc4c0
Event: 10.477 Thread 0x0000017c545b94f0 Thread added: 0x0000017c545b94f0
Event: 11.385 Thread 0x0000017c4babe000 flushing nmethod 0x0000017c3db3f490
Event: 11.386 Thread 0x0000017c4babe000 flushing nmethod 0x0000017c35d9a410
Event: 11.386 Thread 0x0000017c4babe000 flushing nmethod 0x0000017c35e67490
Event: 11.388 Thread 0x0000017c4babe000 flushing nmethod 0x0000017c362a2490
Event: 11.388 Thread 0x0000017c4babe000 flushing nmethod 0x0000017c362eb110


Dynamic libraries:
0x00007ff6ad7f0000 - 0x00007ff6ad800000 	C:\Program Files\Java\jdk-19\bin\javaw.exe
0x00007ff9bb210000 - 0x00007ff9bb427000 	C:\WINDOWS\SYSTEM32\ntdll.dll
0x00007ff9ba7b0000 - 0x00007ff9ba874000 	C:\WINDOWS\System32\KERNEL32.DLL
0x00007ff9b8510000 - 0x00007ff9b88c9000 	C:\WINDOWS\System32\KERNELBASE.dll
0x00007ff9b8900000 - 0x00007ff9b8a11000 	C:\WINDOWS\System32\ucrtbase.dll
0x00007ff9b0590000 - 0x00007ff9b05a8000 	C:\Program Files\Java\jdk-19\bin\jli.dll
0x00007ff9bb110000 - 0x00007ff9bb1c2000 	C:\WINDOWS\System32\ADVAPI32.dll
0x00007ff9b9cc0000 - 0x00007ff9b9d67000 	C:\WINDOWS\System32\msvcrt.dll
0x00007ff9ba560000 - 0x00007ff9ba607000 	C:\WINDOWS\System32\sechost.dll
0x00007ff9b8ac0000 - 0x00007ff9b8ae8000 	C:\WINDOWS\System32\bcrypt.dll
0x00007ff9babf0000 - 0x00007ff9bad04000 	C:\WINDOWS\System32\RPCRT4.dll
0x00007ff9ba3a0000 - 0x00007ff9ba54e000 	C:\WINDOWS\System32\USER32.dll
0x00007ff9b88d0000 - 0x00007ff9b88f6000 	C:\WINDOWS\System32\win32u.dll
0x00007ff9ba770000 - 0x00007ff9ba799000 	C:\WINDOWS\System32\GDI32.dll
0x00007ff9b8af0000 - 0x00007ff9b8c0b000 	C:\WINDOWS\System32\gdi32full.dll
0x00007ff9b8a20000 - 0x00007ff9b8aba000 	C:\WINDOWS\System32\msvcp_win.dll
0x00007ff9b0570000 - 0x00007ff9b058b000 	C:\Program Files\Java\jdk-19\bin\VCRUNTIME140.dll
0x00007ff9a2d80000 - 0x00007ff9a3012000 	C:\WINDOWS\WinSxS\amd64_microsoft.windows.common-controls_6595b64144ccf1df_6.0.22621.4391_none_2715d37f73803e96\COMCTL32.dll
0x00007ff9ad960000 - 0x00007ff9ad96a000 	C:\WINDOWS\SYSTEM32\VERSION.dll
0x00007ff9bb0d0000 - 0x00007ff9bb101000 	C:\WINDOWS\System32\IMM32.DLL
0x00007ff9b07f0000 - 0x00007ff9b07fc000 	C:\Program Files\Java\jdk-19\bin\vcruntime140_1.dll
0x00007ff95dbf0000 - 0x00007ff95dc7e000 	C:\Program Files\Java\jdk-19\bin\msvcp140.dll
0x00007ff95cf30000 - 0x00007ff95dbf0000 	C:\Program Files\Java\jdk-19\bin\server\jvm.dll
0x00007ff9b0560000 - 0x00007ff9b0569000 	C:\WINDOWS\SYSTEM32\WSOCK32.dll
0x00007ff9bad40000 - 0x00007ff9badb1000 	C:\WINDOWS\System32\WS2_32.dll
0x00007ff9ae0a0000 - 0x00007ff9ae0d4000 	C:\WINDOWS\SYSTEM32\WINMM.dll
0x00007ff9b7510000 - 0x00007ff9b7528000 	C:\WINDOWS\SYSTEM32\kernel.appcore.dll
0x00007ff96b940000 - 0x00007ff96b94a000 	C:\Program Files\Java\jdk-19\bin\jimage.dll
0x00007ff9b5d50000 - 0x00007ff9b5f82000 	C:\WINDOWS\SYSTEM32\DBGHELP.DLL
0x00007ff9b97d0000 - 0x00007ff9b9b5f000 	C:\WINDOWS\System32\combase.dll
0x00007ff9badc0000 - 0x00007ff9bae97000 	C:\WINDOWS\System32\OLEAUT32.dll
0x00007ff9a3f90000 - 0x00007ff9a3fc2000 	C:\WINDOWS\SYSTEM32\dbgcore.DLL
0x00007ff9b8d80000 - 0x00007ff9b8dfb000 	C:\WINDOWS\System32\bcryptPrimitives.dll
0x00007ff96b7c0000 - 0x00007ff96b7e6000 	C:\Program Files\Java\jdk-19\bin\java.dll
0x00007ff95ce50000 - 0x00007ff95cf27000 	C:\Program Files\Java\jdk-19\bin\jsvml.dll
0x00007ff9b8f50000 - 0x00007ff9b97c6000 	C:\WINDOWS\System32\SHELL32.dll
0x00007ff9b6400000 - 0x00007ff9b6d03000 	C:\WINDOWS\SYSTEM32\windows.storage.dll
0x00007ff9b62c0000 - 0x00007ff9b63ff000 	C:\WINDOWS\SYSTEM32\wintypes.dll
0x00007ff9baf50000 - 0x00007ff9bb049000 	C:\WINDOWS\System32\SHCORE.dll
0x00007ff9ba680000 - 0x00007ff9ba6de000 	C:\WINDOWS\System32\shlwapi.dll
0x00007ff9b8440000 - 0x00007ff9b846b000 	C:\WINDOWS\SYSTEM32\profapi.dll
0x00007ff96b780000 - 0x00007ff96b793000 	C:\Program Files\Java\jdk-19\bin\net.dll
0x00007ff9b24e0000 - 0x00007ff9b2616000 	C:\WINDOWS\SYSTEM32\WINHTTP.dll
0x00007ff9b7990000 - 0x00007ff9b79f9000 	C:\WINDOWS\system32\mswsock.dll
0x00007ff95ce30000 - 0x00007ff95ce46000 	C:\Program Files\Java\jdk-19\bin\nio.dll
0x00007ff96b7a0000 - 0x00007ff96b7b8000 	C:\Program Files\Java\jdk-19\bin\zip.dll
0x00007ff99ab60000 - 0x00007ff99ab6a000 	C:\Program Files\Java\jdk-19\bin\management.dll
0x00007ff98d3d0000 - 0x00007ff98d3db000 	C:\Program Files\Java\jdk-19\bin\management_ext.dll
0x00007ff9bad10000 - 0x00007ff9bad18000 	C:\WINDOWS\System32\PSAPI.DLL
0x00007ff99ab80000 - 0x00007ff99ab8e000 	C:\Program Files\Java\jdk-19\bin\sunmscapi.dll
0x00007ff9b8c10000 - 0x00007ff9b8d76000 	C:\WINDOWS\System32\CRYPT32.dll
0x00007ff9b7de0000 - 0x00007ff9b7e0d000 	C:\WINDOWS\SYSTEM32\ncrypt.dll
0x00007ff9b7da0000 - 0x00007ff9b7dd7000 	C:\WINDOWS\SYSTEM32\NTASN1.dll
0x00007ff9b7bb0000 - 0x00007ff9b7bcb000 	C:\WINDOWS\SYSTEM32\CRYPTSP.dll
0x00007ff9b7470000 - 0x00007ff9b74a5000 	C:\WINDOWS\system32\rsaenh.dll
0x00007ff9b7a50000 - 0x00007ff9b7a78000 	C:\WINDOWS\SYSTEM32\USERENV.dll
0x00007ff9b7bd0000 - 0x00007ff9b7bdc000 	C:\WINDOWS\SYSTEM32\CRYPTBASE.dll
0x00007ff9b6f70000 - 0x00007ff9b6f9d000 	C:\WINDOWS\SYSTEM32\IPHLPAPI.DLL
0x00007ff9ba550000 - 0x00007ff9ba559000 	C:\WINDOWS\System32\NSI.dll
0x00007ff9a9aa0000 - 0x00007ff9a9ab9000 	C:\WINDOWS\SYSTEM32\dhcpcsvc6.DLL
0x00007ff9a9a80000 - 0x00007ff9a9a9f000 	C:\WINDOWS\SYSTEM32\dhcpcsvc.DLL
0x00007ff9b6fa0000 - 0x00007ff9b70a2000 	C:\WINDOWS\SYSTEM32\DNSAPI.dll
0x00007ff96b770000 - 0x00007ff96b780000 	C:\Program Files\Java\jdk-19\bin\verify.dll
0x00007ff9ad950000 - 0x00007ff9ad95a000 	C:\Windows\System32\rasadhlp.dll
0x00007ff9ad770000 - 0x00007ff9ad7f3000 	C:\WINDOWS\System32\fwpuclnt.dll
0x00007ff99ab70000 - 0x00007ff99ab78000 	C:\Program Files\Java\jdk-19\bin\extnet.dll
0x00007ff98d3c0000 - 0x00007ff98d3c8000 	C:\WINDOWS\system32\wshunix.dll

dbghelp: loaded successfully - version: 4.0.5 - missing functions: none
symbol engine: initialized successfully - sym options: 0x614 - pdb path: .;C:\Program Files\Java\jdk-19\bin;C:\WINDOWS\SYSTEM32;C:\WINDOWS\WinSxS\amd64_microsoft.windows.common-controls_6595b64144ccf1df_6.0.22621.4391_none_2715d37f73803e96;C:\Program Files\Java\jdk-19\bin\server

VM Arguments:
jvm_args: -Dfile.encoding=UTF-8 -Dstdout.encoding=UTF-8 -Dstderr.encoding=UTF-8 -XX:+ShowCodeDetailsInExceptionMessages 
java_command: com.DatnStfBeApplication
java_class_path (initial): D:\be-moinhat\target\classes;C:\Users\Dell\.m2\repository\org\springframework\boot\spring-boot-starter-web\3.3.2\spring-boot-starter-web-3.3.2.jar;C:\Users\Dell\.m2\repository\org\springframework\boot\spring-boot-starter\3.3.2\spring-boot-starter-3.3.2.jar;C:\Users\Dell\.m2\repository\org\springframework\boot\spring-boot-starter-logging\3.3.2\spring-boot-starter-logging-3.3.2.jar;C:\Users\Dell\.m2\repository\ch\qos\logback\logback-classic\1.5.6\logback-classic-1.5.6.jar;C:\Users\Dell\.m2\repository\ch\qos\logback\logback-core\1.5.6\logback-core-1.5.6.jar;C:\Users\Dell\.m2\repository\org\apache\logging\log4j\log4j-to-slf4j\2.23.1\log4j-to-slf4j-2.23.1.jar;C:\Users\Dell\.m2\repository\org\slf4j\jul-to-slf4j\2.0.13\jul-to-slf4j-2.0.13.jar;C:\Users\Dell\.m2\repository\org\yaml\snakeyaml\2.2\snakeyaml-2.2.jar;C:\Users\Dell\.m2\repository\org\springframework\boot\spring-boot-starter-json\3.3.2\spring-boot-starter-json-3.3.2.jar;C:\Users\Dell\.m2\repository\com\fasterxml\jackson\datatype\jackson-datatype-jdk8\2.17.2\jackson-datatype-jdk8-2.17.2.jar;C:\Users\Dell\.m2\repository\com\fasterxml\jackson\module\jackson-module-parameter-names\2.17.2\jackson-module-parameter-names-2.17.2.jar;C:\Users\Dell\.m2\repository\org\springframework\spring-web\6.1.11\spring-web-6.1.11.jar;C:\Users\Dell\.m2\repository\org\springframework\spring-beans\6.1.11\spring-beans-6.1.11.jar;C:\Users\Dell\.m2\repository\io\micrometer\micrometer-observation\1.13.2\micrometer-observation-1.13.2.jar;C:\Users\Dell\.m2\repository\io\micrometer\micrometer-commons\1.13.2\micrometer-commons-1.13.2.jar;C:\Users\Dell\.m2\repository\org\springframework\spring-webmvc\6.1.11\spring-webmvc-6.1.11.jar;C:\Users\Dell\.m2\repository\org\springframework\spring-context\6.1.11\spring-context-6.1.11.jar;C:\Users\Dell\.m2\repository\org\springframework\spring-expression\6.1.11\spring-expression-6.1.11.jar;C:\Users\Dell\.m2\repository\org\springframework\boot\spring-boot-starter-tomcat\3.3.2\spring-boot-starter-tomcat-3.3.2.jar;C:\Users\Dell\.m2\repository\jakarta\annotation\jakarta.annotation-api\2.1.1\jakarta.annotation-api-2.1.1.jar;C:\Users\Dell\.m2\repository\org\apache\tomcat\embed\tomcat-embed-core\10.1.26\tomcat-embed-core-10.1.26.jar;C:\Users\Dell\.m2\repository\org\apache\tomcat\embed\tomcat-embed-el\10.1.26\tomcat-embed-el-10.1.26.jar;C:\Users\Dell\.m2\repository\org\apache\tomcat\embed\tomcat-embed-websocket\10.1.26\tomcat-embed-websocket-10.1.26.jar;C:\Users\Dell\.m2\repository\org\slf4j\slf4j-api\2.0.13\slf4j-api-2.0.13.jar;C:\Users\Dell\.m2\repository\jakarta\xml\bind\jakarta.xml.bind-api\4.0.2\jakarta.xml.bind-api-4.0.2.jar;C:\Users\Dell\.m2\repository\jakarta\activation\jakarta.activation-api\2.1.3\jakarta.activation-api-2.1.3.jar;C:\Users\Dell\.m2\repository\net\bytebuddy\byte-buddy\1.14.18\byte-buddy-1.14.18.jar;C:\Users\Dell\.m2\repository\org\springframework\spring-core\6.1.11\spring-core-6.1.11.jar;C:\Users\Dell\.m2\repository\org\springframework\spring-jcl\6.1.11\spring-jcl-6.1.11.jar;C:\Users\Dell\.m2\repository\org\springframework\boot\spring-boot-starter-security\3.3.2\spring-boot-starter-security-3.3.2.jar;C:\Users\Dell\.m2\repository\org\springframework\spring-aop\6.1.11\spring-aop-6.1.11.jar;C:\Users\Dell\.m2\repository\org\springframework\security\spring-security-config\6.3.1\spring-security-config-6.3.1.jar;C:\Users\Dell\.m2\repository\org\springframework\security\spring-security-web\6.3.1\spring-security-web-6.3.1.jar;C:\Users\Dell\.m2\repository\org\springframework\security\spring-security-core\6.3.1\spring-security-core-6.3.1.jar;C:\Users\Dell\.m2\repository\org\springframework\security\spring-security-crypto\6.3.1\spring-security-crypto-6.3.1.jar;C:\Users\Dell\.m2\repository\org\springframework\boot\spring-boot-devtools\3.3.2\spring-boot-devtools-3.3.2.jar;C:\Users\Dell\.m2\repository\org\springframework\boot\spring-boot\3.3.2\spring-boot-3.3.2.jar;C:\Users\Dell\.m2\repository\org\springframework\boot\spring-boot-autoconfigure\3.3.2\spring-boot-autoconfigure-3.3.2.jar;C:\Users\Dell\.m2\repository\org\projectlombok\lombok\1.18.34\lombok-1.18.34.jar;C:\Users\Dell\.m2\repository\org\springframework\boot\spring-boot-starter-data-jpa\3.3.2\spring-boot-starter-data-jpa-3.3.2.jar;C:\Users\Dell\.m2\repository\org\springframework\boot\spring-boot-starter-aop\3.3.2\spring-boot-starter-aop-3.3.2.jar;C:\Users\Dell\.m2\repository\org\aspectj\aspectjweaver\1.9.22.1\aspectjweaver-1.9.22.1.jar;C:\Users\Dell\.m2\repository\org\springframework\boot\spring-boot-starter-jdbc\3.3.2\spring-boot-starter-jdbc-3.3.2.jar;C:\Users\Dell\.m2\repository\com\zaxxer\HikariCP\5.1.0\HikariCP-5.1.0.jar;C:\Users\Dell\.m2\repository\org\springframework\spring-jdbc\6.1.11\spring-jdbc-6.1.11.jar;C:\Users\Dell\.m2\repository\org\hibernate\orm\hibernate-core\6.5.2.Final\hibernate-core-6.5.2.Final.jar;C:\Users\Dell\.m2\repository\jakarta\persistence\jakarta.persistence-api\3.1.0\jakarta.persistence-api-3.1.0.jar;C:\Users\Dell\.m2\repository\jakarta\transaction\jakarta.transaction-api\2.0.1\jakarta.transaction-api-2.0.1.jar;C:\Users\Dell\.m2\repository\org\hibernate\common\hibernate-commons-annotations\6.0.6.Final\hibernate-commons-annotations-6.0.6.Final.jar;C:\Users\Dell\.m2\repository\io\smallrye\jandex\3.1.2\jandex-3.1.2.jar;C:\Users\Dell\.m2\repository\org\glassfish\jaxb\jaxb-runtime\4.0.5\jaxb-runtime-4.0.5.jar;C:\Users\Dell\.m2\repository\org\glassfish\jaxb\jaxb-core\4.0.5\jaxb-core-4.0.5.jar;C:\Users\Dell\.m2\repository\org\glassfish\jaxb\txw2\4.0.5\txw2-4.0.5.jar;C:\Users\Dell\.m2\repository\com\sun\istack\istack-commons-runtime\4.1.2\istack-commons-runtime-4.1.2.jar;C:\Users\Dell\.m2\repository\jakarta\inject\jakarta.inject-api\2.0.1\jakarta.inject-api-2.0.1.jar;C:\Users\Dell\.m2\repository\org\antlr\antlr4-runtime\4.13.0\antlr4-runtime-4.13.0.jar;C:\Users\Dell\.m2\repository\org\springframework\data\spring-data-jpa\3.3.2\spring-data-jpa-3.3.2.jar;C:\Users\Dell\.m2\repository\org\springframework\data\spring-data-commons\3.3.2\spring-data-commons-3.3.2.jar;C:\Users\Dell\.m2\repository\org\springframework\spring-orm\6.1.11\spring-orm-6.1.11.jar;C:\Users\Dell\.m2\repository\org\springframework\spring-tx\6.1.11\spring-tx-6.1.11.jar;C:\Users\Dell\.m2\repository\org\springframework\spring-aspects\6.1.11\spring-aspects-6.1.11.jar;C:\Users\Dell\.m2\repository\mysql\mysql-connector-java\8.0.30\mysql-connector-java-8.0.30.jar;C:\Users\Dell\.m2\repository\com\google\protobuf\protobuf-java\3.19.4\protobuf-java-3.19.4.jar;C:\Users\Dell\.m2\repository\org\hibernate\validator\hibernate-validator\8.0.1.Final\hibernate-validator-8.0.1.Final.jar;C:\Users\Dell\.m2\repository\jakarta\validation\jakarta.validation-api\3.0.2\jakarta.validation-api-3.0.2.jar;C:\Users\Dell\.m2\repository\org\jboss\logging\jboss-logging\3.5.3.Final\jboss-logging-3.5.3.Final.jar;C:\Users\Dell\.m2\repository\com\fasterxml\classmate\1.7.0\classmate-1.7.0.jar;C:\Users\Dell\.m2\repository\io\jsonwebtoken\jjwt-impl\0.12.5\jjwt-impl-0.12.5.jar;C:\Users\Dell\.m2\repository\io\jsonwebtoken\jjwt-api\0.12.5\jjwt-api-0.12.5.jar;C:\Users\Dell\.m2\repository\io\jsonwebtoken\jjwt-jackson\0.12.5\jjwt-jackson-0.12.5.jar;C:\Users\Dell\.m2\repository\com\fasterxml\jackson\core\jackson-databind\2.17.2\jackson-databind-2.17.2.jar;C:\Users\Dell\.m2\repository\com\fasterxml\jackson\core\jackson-annotations\2.17.2\jackson-annotations-2.17.2.jar;C:\Users\Dell\.m2\repository\org\apache\poi\poi\5.2.3\poi-5.2.3.jar;C:\Users\Dell\.m2\repository\org\apache\commons\commons-collections4\4.4\commons-collections4-4.4.jar;C:\Users\Dell\.m2\repository\org\apache\commons\commons-math3\3.6.1\commons-math3-3.6.1.jar;C:\Users\Dell\.m2\repository\commons-io\commons-io\2.11.0\commons-io-2.11.0.jar;C:\Users\Dell\.m2\repository\com\zaxxer\SparseBitSet\1.2\SparseBitSet-1.2.jar;C:\Users\Dell\.m2\repository\org\apache\logging\log4j\log4j-api\2.23.1\log4j-api-2.23.1.jar;C:\Users\Dell\.m2\repository\org\apache\poi\poi-ooxml\5.2.3\poi-ooxml-5.2.3.jar;C:\Users\Dell\.m2\repository\org\apache\poi\poi-ooxml-lite\5.2.3\poi-ooxml-lite-5.2.3.jar;C:\Users\Dell\.m2\repository\org\apache\xmlbeans\xmlbeans\5.1.1\xmlbeans-5.1.1.jar;C:\Users\Dell\.m2\repository\org\apache\commons\commons-compress\1.21\commons-compress-1.21.jar;C:\Users\Dell\.m2\repository\com\github\virtuald\curvesapi\1.07\curvesapi-1.07.jar;C:\Users\Dell\.m2\repository\org\modelmapper\modelmapper\3.1.0\modelmapper-3.1.0.jar;C:\Users\Dell\.m2\repository\org\apache\commons\commons-lang3\3.12.0\commons-lang3-3.12.0.jar;C:\Users\Dell\.m2\repository\org\mapstruct\mapstruct\1.5.5.Final\mapstruct-1.5.5.Final.jar;C:\Users\Dell\.m2\repository\org\springframework\boot\spring-boot-starter-mail\3.3.2\spring-boot-starter-mail-3.3.2.jar;C:\Users\Dell\.m2\repository\org\springframework\spring-context-support\6.1.11\spring-context-support-6.1.11.jar;C:\Users\Dell\.m2\repository\org\eclipse\angus\jakarta.mail\2.0.3\jakarta.mail-2.0.3.jar;C:\Users\Dell\.m2\repository\org\eclipse\angus\angus-activation\2.0.2\angus-activation-2.0.2.jar;C:\Users\Dell\.m2\repository\com\algolia\algoliasearch-core\3.16.5\algoliasearch-core-3.16.5.jar;C:\Users\Dell\.m2\repository\com\fasterxml\jackson\core\jackson-core\2.17.2\jackson-core-2.17.2.jar;C:\Users\Dell\.m2\repository\com\fasterxml\jackson\datatype\jackson-datatype-jsr310\2.17.2\jackson-datatype-jsr310-2.17.2.jar;C:\Users\Dell\.m2\repository\com\algolia\algoliasearch-apache\3.16.5\algoliasearch-apache-3.16.5.jar;C:\Users\Dell\.m2\repository\org\apache\httpcomponents\httpasyncclient\4.1.5\httpasyncclient-4.1.5.jar;C:\Users\Dell\.m2\repository\org\apache\httpcomponents\httpcore\4.4.16\httpcore-4.4.16.jar;C:\Users\Dell\.m2\repository\org\apache\httpcomponents\httpcore-nio\4.4.16\httpcore-nio-4.4.16.jar;C:\Users\Dell\.m2\repository\org\apache\httpcomponents\httpclient\4.5.13\httpclient-4.5.13.jar;C:\Users\Dell\.m2\repository\commons-codec\commons-codec\1.10\commons-codec-1.10.jar
Launcher Type: SUN_STANDARD

[Global flags]
     intx CICompilerCount                          = 3                                         {product} {ergonomic}
     uint ConcGCThreads                            = 1                                         {product} {ergonomic}
     uint G1ConcRefinementThreads                  = 4                                         {product} {ergonomic}
   size_t G1HeapRegionSize                         = 1048576                                   {product} {ergonomic}
    uintx GCDrainStackTargetSize                   = 64                                        {product} {ergonomic}
   size_t InitialHeapSize                          = 130023424                                 {product} {ergonomic}
   size_t MarkStackSize                            = 4194304                                   {product} {ergonomic}
   size_t MaxHeapSize                              = 2076180480                                {product} {ergonomic}
   size_t MaxNewSize                               = 1245708288                                {product} {ergonomic}
   size_t MinHeapDeltaBytes                        = 1048576                                   {product} {ergonomic}
   size_t MinHeapSize                              = 8388608                                   {product} {ergonomic}
    uintx NonNMethodCodeHeapSize                   = 5832780                                {pd product} {ergonomic}
    uintx NonProfiledCodeHeapSize                  = 122912730                              {pd product} {ergonomic}
    uintx ProfiledCodeHeapSize                     = 122912730                              {pd product} {ergonomic}
    uintx ReservedCodeCacheSize                    = 251658240                              {pd product} {ergonomic}
     bool SegmentedCodeCache                       = true                                      {product} {ergonomic}
     bool ShowCodeDetailsInExceptionMessages       = true                                   {manageable} {command line}
   size_t SoftMaxHeapSize                          = 2076180480                             {manageable} {ergonomic}
     bool UseCompressedClassPointers               = true                           {product lp64_product} {ergonomic}
     bool UseCompressedOops                        = true                           {product lp64_product} {ergonomic}
     bool UseG1GC                                  = true                                      {product} {ergonomic}
     bool UseLargePagesIndividualAllocation        = false                                  {pd product} {ergonomic}

Logging:
Log output configuration:
 #0: stdout all=warning uptime,level,tags foldmultilines=false
 #1: stderr all=off uptime,level,tags foldmultilines=false

Environment Variables:
CLASSPATH=%CLASSPATH%;%JUNIT_HOME%\junit-4.13.2.jar;.;;C:\Junit4\junit-4.13.2.jar;.;;C:\Junit4\junit-4.13.2.jar;.;
PATH=C:\Program Files\Common Files\Oracle\Java\javapath;C:\WINDOWS\system32;C:\WINDOWS;C:\WINDOWS\System32\Wbem;C:\WINDOWS\System32\WindowsPowerShell\v1.0\;C:\WINDOWS\System32\OpenSSH\;C:\Program Files\dotnet\;C:\Program Files (x86)\Microsoft SQL Server\160\Tools\Binn\;C:\Program Files\Microsoft SQL Server\160\Tools\Binn\;C:\Program Files\Microsoft SQL Server\Client SDK\ODBC\170\Tools\Binn\;C:\Program Files\Microsoft SQL Server\160\DTS\Binn\;C:\Program Files (x86)\Microsoft SQL Server\160\DTS\Binn\;C:\apache-maven-3.9.6\bin;C:\Program Files\Git\cmd;C:\Users\Dell\AppData\Roaming\nvm;C:\Program Files\nodejs;C:\Program Files\nodejs\;C:\Users\Dell\AppData\Local\Microsoft\WindowsApps;C:\Users\Dell\AppData\Local\Programs\Microsoft VS Code\bin;C:\Program Files\Azure Data Studio\bin;C:\Users\Dell\AppData\Roaming\nvm;C:\Program Files\nodejs;C:\Users\Dell\AppData\Roaming\npm;C:\Users\Dell\AppData\Local\GitHubDesktop\bin
USERNAME=Dell
OS=Windows_NT
PROCESSOR_IDENTIFIER=Intel64 Family 6 Model 140 Stepping 1, GenuineIntel
TMP=C:\Users\Dell\AppData\Local\Temp
TEMP=C:\Users\Dell\AppData\Local\Temp



---------------  S Y S T E M  ---------------

OS:
 Windows 11 , 64 bit Build 22621 (10.0.22621.4391)
OS uptime: 0 days 0:26 hours
Hyper-V role detected

CPU: total 4 (initial active 4) (2 cores per cpu, 2 threads per core) family 6 model 140 stepping 1 microcode 0xb8, cx8, cmov, fxsr, ht, mmx, 3dnowpref, sse, sse2, sse3, ssse3, sse4.1, sse4.2, popcnt, lzcnt, tsc, tscinvbit, avx, avx2, aes, erms, clmul, bmi1, bmi2, adx, avx512f, avx512dq, avx512cd, avx512bw, avx512vl, sha, fma, vzeroupper, avx512_vpopcntdq, avx512_vpclmulqdq, avx512_vaes, avx512_vnni, clflush, clflushopt, clwb, avx512_vbmi2, avx512_vbmi, hv, rdtscp, rdpid, fsrm, gfni, avx512_bitalg

Memory: 4k page, system-wide physical 7914M (313M free)
TotalPageFile size 11823M (AvailPageFile size 145M)
current process WorkingSet (physical memory assigned to process): 415M, peak: 415M
current process commit charge ("private bytes"): 556M, peak: 718M

vm_info: Java HotSpot(TM) 64-Bit Server VM (19.0.2+7-44) for windows-amd64 JRE (19.0.2+7-44), built on 2022-11-30T18:02:09Z by "mach5one" with MS VC++ 17.1 (VS2022)

END.
