#
# There is insufficient memory for the Java Runtime Environment to continue.
# Native memory allocation (mmap) failed to map 471859200 bytes for G1 virtual space
# Possible reasons:
#   The system is out of physical RAM or swap space
#   The process is running with CompressedOops enabled, and the Java Heap may be blocking the growth of the native heap
# Possible solutions:
#   Reduce memory load on the system
#   Increase physical memory or swap space
#   Check if swap backing store is full
#   Decrease Java heap size (-Xmx/-Xms)
#   Decrease number of Java threads
#   Decrease Java thread stack sizes (-Xss)
#   Set larger code cache with -XX:ReservedCodeCacheSize=
#   JVM is running with Unscaled Compressed Oops mode in which the Java heap is
#     placed in the first 4GB address space. The Java Heap base address is the
#     maximum limit for the native heap growth. Please use -XX:HeapBaseMinAddress
#     to set the Java Heap base and to place the Java Heap above 4GB virtual address.
# This output file may be truncated or incomplete.
#
#  Out of Memory Error (os_windows.cpp:3536), pid=13788, tid=14032
#
# JRE version: Java(TM) SE Runtime Environment (19.0.2+7) (build 19.0.2+7-44)
# Java VM: Java HotSpot(TM) 64-Bit Server VM (19.0.2+7-44, mixed mode, sharing, tiered, compressed oops, compressed class ptrs, g1 gc, windows-amd64)
# No core dump will be written. Minidumps are not enabled by default on client versions of Windows
#

---------------  S U M M A R Y ------------

Command Line: -Dfile.encoding=UTF-8 -Dstdout.encoding=UTF-8 -Dstderr.encoding=UTF-8 -XX:+ShowCodeDetailsInExceptionMessages com.DatnStfBeApplication

Host: 11th Gen Intel(R) Core(TM) i3-1115G4 @ 3.00GHz, 4 cores, 7G,  Windows 11 , 64 bit Build 22621 (10.0.22621.4391)
Time: Thu Nov 28 15:43:47 2024 SE Asia Standard Time elapsed time: 1986.047316 seconds (0d 0h 33m 6s)

---------------  T H R E A D  ---------------

Current thread (0x000001a6fe6e3150):  VMThread "VM Thread" [stack: 0x0000000717200000,0x0000000717300000] [id=14032]

Stack: [0x0000000717200000,0x0000000717300000]
Native frames: (J=compiled Java code, j=interpreted, Vv=VM code, C=native code)
V  [jvm.dll+0x6ee21a]
V  [jvm.dll+0x85765e]
V  [jvm.dll+0x85904e]
V  [jvm.dll+0x859703]
V  [jvm.dll+0x28298f]
V  [jvm.dll+0x6eb009]
V  [jvm.dll+0x6dfbaa]
V  [jvm.dll+0x3573f6]
V  [jvm.dll+0x35ee56]
V  [jvm.dll+0x3b541e]
V  [jvm.dll+0x3b564f]
V  [jvm.dll+0x32c9ea]
V  [jvm.dll+0x32ca97]
V  [jvm.dll+0x374cd2]
V  [jvm.dll+0x37340f]
V  [jvm.dll+0x32c210]
V  [jvm.dll+0x3729ab]
V  [jvm.dll+0x85ebc3]
V  [jvm.dll+0x85f989]
V  [jvm.dll+0x85febd]
V  [jvm.dll+0x86034b]
V  [jvm.dll+0x860407]
V  [jvm.dll+0x80125a]
V  [jvm.dll+0x6ecf0b]
C  [ucrtbase.dll+0x29333]
C  [KERNEL32.DLL+0x1259d]
C  [ntdll.dll+0x5af38]

VM_Operation (0x00000007183fdde0): G1CollectForAllocation, mode: safepoint, requested by thread 0x000001a68a89b4b0


---------------  P R O C E S S  ---------------

Threads class SMR info:
_java_thread_list=0x000001a69493c330, length=19, elements={
0x000001a6fe6fbc60, 0x000001a6fe6fc940, 0x000001a6fe6fd980, 0x000001a6fe6ff3b0,
0x000001a6fe6ffdd0, 0x000001a6fe702800, 0x000001a6fe704290, 0x000001a6fe710420,
0x000001a6fe724d90, 0x000001a6880f0ac0, 0x000001a6880f7490, 0x000001a695e1bf30,
0x000001a695bd8ac0, 0x000001a695bdaaa0, 0x000001a68a89cf40, 0x000001a68a89aa10,
0x000001a68a89d490, 0x000001a68a89d9e0, 0x000001a68a89b4b0
}

Java Threads: ( => current thread )
  0x000001a6fe6fbc60 JavaThread "Reference Handler" daemon [_thread_blocked, id=8052, stack(0x0000000717300000,0x0000000717400000)]
  0x000001a6fe6fc940 JavaThread "Finalizer" daemon [_thread_blocked, id=13328, stack(0x0000000717400000,0x0000000717500000)]
  0x000001a6fe6fd980 JavaThread "Signal Dispatcher" daemon [_thread_blocked, id=13056, stack(0x0000000717500000,0x0000000717600000)]
  0x000001a6fe6ff3b0 JavaThread "Attach Listener" daemon [_thread_blocked, id=11720, stack(0x0000000717600000,0x0000000717700000)]
  0x000001a6fe6ffdd0 JavaThread "Service Thread" daemon [_thread_blocked, id=5916, stack(0x0000000717700000,0x0000000717800000)]
  0x000001a6fe702800 JavaThread "Monitor Deflation Thread" daemon [_thread_blocked, id=10964, stack(0x0000000717800000,0x0000000717900000)]
  0x000001a6fe704290 JavaThread "C2 CompilerThread0" daemon [_thread_blocked, id=5816, stack(0x0000000717900000,0x0000000717a00000)]
  0x000001a6fe710420 JavaThread "C1 CompilerThread0" daemon [_thread_blocked, id=12608, stack(0x0000000717a00000,0x0000000717b00000)]
  0x000001a6fe724d90 JavaThread "Sweeper thread" daemon [_thread_blocked, id=10216, stack(0x0000000717b00000,0x0000000717c00000)]
  0x000001a6880f0ac0 JavaThread "Notification Thread" daemon [_thread_blocked, id=9496, stack(0x0000000717c00000,0x0000000717d00000)]
  0x000001a6880f7490 JavaThread "Common-Cleaner" daemon [_thread_blocked, id=276, stack(0x0000000717e00000,0x0000000717f00000)]
  0x000001a695e1bf30 JavaThread "mysql-cj-abandoned-connection-cleanup" daemon [_thread_blocked, id=13748, stack(0x0000000718500000,0x0000000718600000)]
  0x000001a695bd8ac0 JavaThread "Live Reload Server" daemon [_thread_in_native, id=14132, stack(0x0000000719100000,0x0000000719200000)]
  0x000001a695bdaaa0 JavaThread "DestroyJavaVM" [_thread_blocked, id=6884, stack(0x0000000716c00000,0x0000000716d00000)]
  0x000001a68a89cf40 JavaThread "ForkJoinPool.commonPool-worker-10" daemon [_thread_blocked, id=14492, stack(0x0000000716b00000,0x0000000716c00000)]
  0x000001a68a89aa10 JavaThread "ForkJoinPool.commonPool-worker-11" daemon [_thread_blocked, id=7700, stack(0x0000000716a00000,0x0000000716b00000)]
  0x000001a68a89d490 JavaThread "ForkJoinPool.commonPool-worker-12" daemon [_thread_blocked, id=1112, stack(0x0000000718400000,0x0000000718500000)]
  0x000001a68a89d9e0 JavaThread "Thread-11" [_thread_blocked, id=14876, stack(0x0000000719000000,0x0000000719100000)]
  0x000001a68a89b4b0 JavaThread "restartedMain" [_thread_blocked, id=1716, stack(0x0000000718300000,0x0000000718400000)]

Other Threads:
=>0x000001a6fe6e3150 VMThread "VM Thread" [stack: 0x0000000717200000,0x0000000717300000] [id=14032]
  0x000001a6880f3630 WatcherThread "VM Periodic Task Thread" [stack: 0x0000000717d00000,0x0000000717e00000] [id=10656]
  0x000001a6e489cc00 WorkerThread "GC Thread#0" [stack: 0x0000000716d00000,0x0000000716e00000] [id=13640]
  0x000001a688798160 WorkerThread "GC Thread#1" [stack: 0x0000000718000000,0x0000000718100000] [id=12876]
  0x000001a688637f80 WorkerThread "GC Thread#2" [stack: 0x0000000718100000,0x0000000718200000] [id=9564]
  0x000001a68880feb0 WorkerThread "GC Thread#3" [stack: 0x0000000718200000,0x0000000718300000] [id=9184]
  0x000001a6e48ad490 ConcurrentGCThread "G1 Main Marker" [stack: 0x0000000716e00000,0x0000000716f00000] [id=13724]
  0x000001a6e48aee70 WorkerThread "G1 Conc#0" [stack: 0x0000000716f00000,0x0000000717000000] [id=9640]
  0x000001a6fe59a110 ConcurrentGCThread "G1 Refine#0" [stack: 0x0000000717000000,0x0000000717100000] [id=8388]
  0x000001a6fe59ac50 ConcurrentGCThread "G1 Service" [stack: 0x0000000717100000,0x0000000717200000] [id=1696]

Threads with active compile tasks:

VM state: at safepoint (normal execution)

VM Mutex/Monitor currently owned by a thread:  ([mutex/lock_event])
[0x000001a6e270c510] Threads_lock - owner thread: 0x000001a6fe6e3150
[0x000001a6e270b5e0] Heap_lock - owner thread: 0x000001a68a89b4b0

Heap address: 0x0000000084400000, size: 1980 MB, Compressed Oops mode: 32-bit

CDS archive(s) mapped at: [0x0000000800000000-0x0000000800c40000-0x0000000800c40000), size 12845056, SharedBaseAddress: 0x0000000800000000, ArchiveRelocationMode: 0.
Compressed class space mapped at: 0x0000000801000000-0x0000000841000000, reserved size: 1073741824
Narrow klass base: 0x0000000800000000, Narrow klass shift: 0, Narrow klass range: 0x100000000

GC Precious Log:
 CardTable entry size: 512
 Card Set container configuration: InlinePtr #cards 5 size 8 Array Of Cards #cards 12 size 40 Howl #buckets 4 coarsen threshold 1843 Howl Bitmap #cards 512 size 80 coarsen threshold 460 Card regions per heap region 1 cards per card region 2048
 CPUs: 4 total, 4 available
 Memory: 7914M
 Large Page Support: Disabled
 NUMA Support: Disabled
 Compressed Oops: Enabled (32-bit)
 Heap Region Size: 1M
 Heap Min Capacity: 8M
 Heap Initial Capacity: 124M
 Heap Max Capacity: 1980M
 Pre-touch: Disabled
 Parallel Workers: 4
 Concurrent Workers: 1
 Concurrent Refinement Workers: 4
 Periodic GC: Disabled

Heap:
 garbage-first heap   total 230400K, used 92969K [0x0000000084400000, 0x0000000100000000)
  region size 1024K, 9 young (9216K), 9 survivors (9216K)
 Metaspace       used 110091K, committed 111232K, reserved 1179648K
  class space    used 13488K, committed 14080K, reserved 1048576K

Heap Regions: E=young(eden), S=young(survivor), O=old, HS=humongous(starts), HC=humongous(continues), CS=collection set, F=free, OA=open archive, CA=closed archive, TAMS=top-at-mark-start (previous, next)
|   0|0x0000000084400000, 0x0000000084500000, 0x0000000084500000|100%|HS|  |TAMS 0x0000000084500000, 0x0000000084400000| Complete 
|   1|0x0000000084500000, 0x0000000084600000, 0x0000000084600000|100%| O|  |TAMS 0x0000000084600000, 0x0000000084500000| Untracked 
|   2|0x0000000084600000, 0x00000000846ffff0, 0x0000000084700000| 99%| O|  |TAMS 0x00000000846ffff0, 0x0000000084600000| Untracked 
|   3|0x0000000084700000, 0x00000000847fffe8, 0x0000000084800000| 99%| O|  |TAMS 0x00000000847fffe8, 0x0000000084700000| Untracked 
|   4|0x0000000084800000, 0x0000000084900000, 0x0000000084900000|100%| O|  |TAMS 0x0000000084900000, 0x0000000084800000| Untracked 
|   5|0x0000000084900000, 0x0000000084a00000, 0x0000000084a00000|100%| O|  |TAMS 0x0000000084a00000, 0x0000000084900000| Untracked 
|   6|0x0000000084a00000, 0x0000000084b00000, 0x0000000084b00000|100%| O|  |TAMS 0x0000000084b00000, 0x0000000084a00000| Untracked 
|   7|0x0000000084b00000, 0x0000000084c00000, 0x0000000084c00000|100%| O|  |TAMS 0x0000000084c00000, 0x0000000084b00000| Untracked 
|   8|0x0000000084c00000, 0x0000000084cfffd0, 0x0000000084d00000| 99%| O|  |TAMS 0x0000000084cfffd0, 0x0000000084c00000| Untracked 
|   9|0x0000000084d00000, 0x0000000084e00000, 0x0000000084e00000|100%| O|  |TAMS 0x0000000084e00000, 0x0000000084d00000| Untracked 
|  10|0x0000000084e00000, 0x0000000084effff8, 0x0000000084f00000| 99%| O|  |TAMS 0x0000000084effff8, 0x0000000084e00000| Untracked 
|  11|0x0000000084f00000, 0x0000000084ffffc8, 0x0000000085000000| 99%| O|  |TAMS 0x0000000084ffffc8, 0x0000000084f00000| Untracked 
|  12|0x0000000085000000, 0x00000000850fffe0, 0x0000000085100000| 99%| O|  |TAMS 0x00000000850fffe0, 0x0000000085000000| Untracked 
|  13|0x0000000085100000, 0x00000000851ffe20, 0x0000000085200000| 99%| O|  |TAMS 0x00000000851ffe20, 0x0000000085100000| Untracked 
|  14|0x0000000085200000, 0x00000000852fffe0, 0x0000000085300000| 99%| O|  |TAMS 0x00000000852fffe0, 0x0000000085200000| Untracked 
|  15|0x0000000085300000, 0x00000000853ffff0, 0x0000000085400000| 99%| O|  |TAMS 0x00000000853ffff0, 0x0000000085300000| Untracked 
|  16|0x0000000085400000, 0x00000000854fffc8, 0x0000000085500000| 99%| O|  |TAMS 0x00000000854fffc8, 0x0000000085400000| Untracked 
|  17|0x0000000085500000, 0x00000000855ffff8, 0x0000000085600000| 99%| O|  |TAMS 0x00000000855ffff8, 0x0000000085500000| Untracked 
|  18|0x0000000085600000, 0x0000000085700000, 0x0000000085700000|100%| O|  |TAMS 0x0000000085700000, 0x0000000085600000| Untracked 
|  19|0x0000000085700000, 0x00000000857fffd0, 0x0000000085800000| 99%| O|  |TAMS 0x00000000857fffd0, 0x0000000085700000| Untracked 
|  20|0x0000000085800000, 0x00000000858fffe8, 0x0000000085900000| 99%| O|  |TAMS 0x00000000858fffe8, 0x0000000085800000| Untracked 
|  21|0x0000000085900000, 0x0000000085a00000, 0x0000000085a00000|100%| O|  |TAMS 0x0000000085a00000, 0x0000000085900000| Untracked 
|  22|0x0000000085a00000, 0x0000000085afffe8, 0x0000000085b00000| 99%| O|  |TAMS 0x0000000085afffe8, 0x0000000085a00000| Untracked 
|  23|0x0000000085b00000, 0x0000000085bffff0, 0x0000000085c00000| 99%| O|  |TAMS 0x0000000085bffff0, 0x0000000085b00000| Untracked 
|  24|0x0000000085c00000, 0x0000000085cffff0, 0x0000000085d00000| 99%| O|  |TAMS 0x0000000085cffff0, 0x0000000085c00000| Untracked 
|  25|0x0000000085d00000, 0x0000000085dffff8, 0x0000000085e00000| 99%| O|  |TAMS 0x0000000085dffff8, 0x0000000085d00000| Untracked 
|  26|0x0000000085e00000, 0x0000000085f00000, 0x0000000085f00000|100%| O|  |TAMS 0x0000000085f00000, 0x0000000085e00000| Untracked 
|  27|0x0000000085f00000, 0x0000000085ffffd8, 0x0000000086000000| 99%| O|  |TAMS 0x0000000085ffffd8, 0x0000000085f00000| Untracked 
|  28|0x0000000086000000, 0x00000000860ff830, 0x0000000086100000| 99%| O|  |TAMS 0x00000000860ff830, 0x0000000086000000| Untracked 
|  29|0x0000000086100000, 0x00000000861ffff8, 0x0000000086200000| 99%| O|  |TAMS 0x00000000861ffff8, 0x0000000086100000| Untracked 
|  30|0x0000000086200000, 0x00000000862fffd8, 0x0000000086300000| 99%| O|  |TAMS 0x00000000862fffd8, 0x0000000086200000| Untracked 
|  31|0x0000000086300000, 0x0000000086400000, 0x0000000086400000|100%| O|  |TAMS 0x0000000086400000, 0x0000000086300000| Untracked 
|  32|0x0000000086400000, 0x00000000864fffc8, 0x0000000086500000| 99%| O|  |TAMS 0x00000000864fffc8, 0x0000000086400000| Untracked 
|  33|0x0000000086500000, 0x0000000086600000, 0x0000000086600000|100%| O|  |TAMS 0x0000000086600000, 0x0000000086500000| Untracked 
|  34|0x0000000086600000, 0x00000000866ffff8, 0x0000000086700000| 99%| O|  |TAMS 0x00000000866ffff8, 0x0000000086600000| Untracked 
|  35|0x0000000086700000, 0x00000000867fffe0, 0x0000000086800000| 99%| O|  |TAMS 0x00000000867fffe0, 0x0000000086700000| Untracked 
|  36|0x0000000086800000, 0x00000000868f7d70, 0x0000000086900000| 96%| O|  |TAMS 0x00000000868f7d70, 0x0000000086800000| Untracked 
|  37|0x0000000086900000, 0x0000000086a00000, 0x0000000086a00000|100%| O|  |TAMS 0x0000000086a00000, 0x0000000086900000| Untracked 
|  38|0x0000000086a00000, 0x0000000086b00000, 0x0000000086b00000|100%| O|  |TAMS 0x0000000086b00000, 0x0000000086a00000| Untracked 
|  39|0x0000000086b00000, 0x0000000086c00000, 0x0000000086c00000|100%| O|  |TAMS 0x0000000086c00000, 0x0000000086b00000| Untracked 
|  40|0x0000000086c00000, 0x0000000086cffff8, 0x0000000086d00000| 99%| O|  |TAMS 0x0000000086cffff8, 0x0000000086c00000| Untracked 
|  41|0x0000000086d00000, 0x0000000086e00000, 0x0000000086e00000|100%| O|  |TAMS 0x0000000086e00000, 0x0000000086d00000| Untracked 
|  42|0x0000000086e00000, 0x0000000086efffd8, 0x0000000086f00000| 99%| O|  |TAMS 0x0000000086efffd8, 0x0000000086e00000| Untracked 
|  43|0x0000000086f00000, 0x0000000086ffffe8, 0x0000000087000000| 99%| O|  |TAMS 0x0000000086ffffe8, 0x0000000086f00000| Untracked 
|  44|0x0000000087000000, 0x0000000087100000, 0x0000000087100000|100%| O|  |TAMS 0x0000000087100000, 0x0000000087000000| Untracked 
|  45|0x0000000087100000, 0x0000000087200000, 0x0000000087200000|100%| O|  |TAMS 0x0000000087200000, 0x0000000087100000| Untracked 
|  46|0x0000000087200000, 0x00000000872fffe8, 0x0000000087300000| 99%| O|  |TAMS 0x00000000872fffe8, 0x0000000087200000| Untracked 
|  47|0x0000000087300000, 0x0000000087400000, 0x0000000087400000|100%| O|  |TAMS 0x0000000087400000, 0x0000000087300000| Untracked 
|  48|0x0000000087400000, 0x00000000874fffe0, 0x0000000087500000| 99%| O|  |TAMS 0x00000000874fffe0, 0x0000000087400000| Untracked 
|  49|0x0000000087500000, 0x00000000875fffb8, 0x0000000087600000| 99%| O|  |TAMS 0x00000000875fffb8, 0x0000000087500000| Untracked 
|  50|0x0000000087600000, 0x00000000876fffd0, 0x0000000087700000| 99%| O|  |TAMS 0x00000000876fffd0, 0x0000000087600000| Untracked 
|  51|0x0000000087700000, 0x0000000087800000, 0x0000000087800000|100%| O|  |TAMS 0x0000000087800000, 0x0000000087700000| Untracked 
|  52|0x0000000087800000, 0x0000000087900000, 0x0000000087900000|100%| O|  |TAMS 0x0000000087900000, 0x0000000087800000| Untracked 
|  53|0x0000000087900000, 0x00000000879ffff0, 0x0000000087a00000| 99%| O|  |TAMS 0x00000000879ffff0, 0x0000000087900000| Untracked 
|  54|0x0000000087a00000, 0x0000000087a571e8, 0x0000000087b00000| 34%| O|  |TAMS 0x0000000087a571e8, 0x0000000087a00000| Untracked 
|  55|0x0000000087b00000, 0x0000000087bc4f70, 0x0000000087c00000| 76%| O|  |TAMS 0x0000000087bc4f70, 0x0000000087b00000| Untracked 
|  56|0x0000000087c00000, 0x0000000087cb7530, 0x0000000087d00000| 71%| O|  |TAMS 0x0000000087cb7530, 0x0000000087c00000| Untracked 
|  57|0x0000000087d00000, 0x0000000087dfffd8, 0x0000000087e00000| 99%| O|  |TAMS 0x0000000087dfffd8, 0x0000000087d00000| Untracked 
|  58|0x0000000087e00000, 0x0000000087f00000, 0x0000000087f00000|100%| O|  |TAMS 0x0000000087e00000, 0x0000000087e00000| Untracked 
|  59|0x0000000087f00000, 0x0000000088000000, 0x0000000088000000|100%| O|  |TAMS 0x0000000087f00000, 0x0000000087f00000| Untracked 
|  60|0x0000000088000000, 0x0000000088100000, 0x0000000088100000|100%| O|  |TAMS 0x0000000088000000, 0x0000000088000000| Untracked 
|  61|0x0000000088100000, 0x0000000088100000, 0x0000000088200000|  0%| F|  |TAMS 0x0000000088100000, 0x0000000088100000| Untracked 
|  62|0x0000000088200000, 0x0000000088300000, 0x0000000088300000|100%| O|  |TAMS 0x0000000088200000, 0x0000000088200000| Untracked 
|  63|0x0000000088300000, 0x0000000088400000, 0x0000000088400000|100%| O|  |TAMS 0x0000000088300000, 0x0000000088300000| Untracked 
|  64|0x0000000088400000, 0x0000000088500000, 0x0000000088500000|100%| O|  |TAMS 0x0000000088400000, 0x0000000088400000| Untracked 
|  65|0x0000000088500000, 0x0000000088600000, 0x0000000088600000|100%| O|  |TAMS 0x0000000088500000, 0x0000000088500000| Untracked 
|  66|0x0000000088600000, 0x0000000088700000, 0x0000000088700000|100%| O|  |TAMS 0x0000000088600000, 0x0000000088600000| Untracked 
|  67|0x0000000088700000, 0x0000000088800000, 0x0000000088800000|100%| O|  |TAMS 0x0000000088700000, 0x0000000088700000| Untracked 
|  68|0x0000000088800000, 0x0000000088900000, 0x0000000088900000|100%| O|  |TAMS 0x0000000088800000, 0x0000000088800000| Untracked 
|  69|0x0000000088900000, 0x0000000088a00000, 0x0000000088a00000|100%| O|  |TAMS 0x0000000088900000, 0x0000000088900000| Untracked 
|  70|0x0000000088a00000, 0x0000000088b00000, 0x0000000088b00000|100%| O|  |TAMS 0x0000000088a00000, 0x0000000088a00000| Untracked 
|  71|0x0000000088b00000, 0x0000000088c00000, 0x0000000088c00000|100%| O|  |TAMS 0x0000000088b00000, 0x0000000088b00000| Untracked 
|  72|0x0000000088c00000, 0x0000000088d00000, 0x0000000088d00000|100%| O|  |TAMS 0x0000000088c00000, 0x0000000088c00000| Untracked 
|  73|0x0000000088d00000, 0x0000000088e00000, 0x0000000088e00000|100%| O|  |TAMS 0x0000000088d00000, 0x0000000088d00000| Untracked 
|  74|0x0000000088e00000, 0x0000000088f00000, 0x0000000088f00000|100%| O|  |TAMS 0x0000000088e00000, 0x0000000088e00000| Untracked 
|  75|0x0000000088f00000, 0x0000000089000000, 0x0000000089000000|100%| O|  |TAMS 0x0000000088f00000, 0x0000000088f00000| Untracked 
|  76|0x0000000089000000, 0x0000000089100000, 0x0000000089100000|100%| O|  |TAMS 0x0000000089000000, 0x0000000089000000| Untracked 
|  77|0x0000000089100000, 0x0000000089200000, 0x0000000089200000|100%| O|  |TAMS 0x0000000089100000, 0x0000000089100000| Untracked 
|  78|0x0000000089200000, 0x0000000089300000, 0x0000000089300000|100%| O|  |TAMS 0x0000000089200000, 0x0000000089200000| Untracked 
|  79|0x0000000089300000, 0x0000000089400000, 0x0000000089400000|100%| O|  |TAMS 0x0000000089300000, 0x0000000089300000| Untracked 
|  80|0x0000000089400000, 0x0000000089500000, 0x0000000089500000|100%| O|  |TAMS 0x0000000089400000, 0x0000000089400000| Untracked 
|  81|0x0000000089500000, 0x0000000089600000, 0x0000000089600000|100%| O|  |TAMS 0x0000000089500000, 0x0000000089500000| Untracked 
|  82|0x0000000089600000, 0x0000000089600000, 0x0000000089700000|  0%| F|  |TAMS 0x0000000089600000, 0x0000000089600000| Untracked 
|  83|0x0000000089700000, 0x0000000089700000, 0x0000000089800000|  0%| F|  |TAMS 0x0000000089700000, 0x0000000089700000| Untracked 
|  84|0x0000000089800000, 0x0000000089800000, 0x0000000089900000|  0%| F|  |TAMS 0x0000000089800000, 0x0000000089800000| Untracked 
|  85|0x0000000089900000, 0x0000000089900000, 0x0000000089a00000|  0%| F|  |TAMS 0x0000000089900000, 0x0000000089900000| Untracked 
|  86|0x0000000089a00000, 0x0000000089a00000, 0x0000000089b00000|  0%| F|  |TAMS 0x0000000089a00000, 0x0000000089a00000| Untracked 
|  87|0x0000000089b00000, 0x0000000089b00000, 0x0000000089c00000|  0%| F|  |TAMS 0x0000000089b00000, 0x0000000089b00000| Untracked 
|  88|0x0000000089c00000, 0x0000000089c00000, 0x0000000089d00000|  0%| F|  |TAMS 0x0000000089c00000, 0x0000000089c00000| Untracked 
|  89|0x0000000089d00000, 0x0000000089d00000, 0x0000000089e00000|  0%| F|  |TAMS 0x0000000089d00000, 0x0000000089d00000| Untracked 
|  90|0x0000000089e00000, 0x0000000089e00000, 0x0000000089f00000|  0%| F|  |TAMS 0x0000000089e00000, 0x0000000089e00000| Untracked 
|  91|0x0000000089f00000, 0x0000000089f00000, 0x000000008a000000|  0%| F|  |TAMS 0x0000000089f00000, 0x0000000089f00000| Untracked 
|  92|0x000000008a000000, 0x000000008a100000, 0x000000008a100000|100%| O|  |TAMS 0x000000008a100000, 0x000000008a000000| Untracked 
|  93|0x000000008a100000, 0x000000008a200000, 0x000000008a200000|100%| O|  |TAMS 0x000000008a200000, 0x000000008a100000| Untracked 
|  94|0x000000008a200000, 0x000000008a200000, 0x000000008a300000|  0%| F|  |TAMS 0x000000008a200000, 0x000000008a200000| Untracked 
|  95|0x000000008a300000, 0x000000008a300000, 0x000000008a400000|  0%| F|  |TAMS 0x000000008a300000, 0x000000008a300000| Untracked 
|  96|0x000000008a400000, 0x000000008a400000, 0x000000008a500000|  0%| F|  |TAMS 0x000000008a400000, 0x000000008a400000| Untracked 
|  97|0x000000008a500000, 0x000000008a500000, 0x000000008a600000|  0%| F|  |TAMS 0x000000008a500000, 0x000000008a500000| Untracked 
|  98|0x000000008a600000, 0x000000008a600000, 0x000000008a700000|  0%| F|  |TAMS 0x000000008a600000, 0x000000008a600000| Untracked 
|  99|0x000000008a700000, 0x000000008a700000, 0x000000008a800000|  0%| F|  |TAMS 0x000000008a700000, 0x000000008a700000| Untracked 
| 100|0x000000008a800000, 0x000000008a800000, 0x000000008a900000|  0%| F|  |TAMS 0x000000008a800000, 0x000000008a800000| Untracked 
| 101|0x000000008a900000, 0x000000008a900000, 0x000000008aa00000|  0%| F|  |TAMS 0x000000008a900000, 0x000000008a900000| Untracked 
| 102|0x000000008aa00000, 0x000000008aa00000, 0x000000008ab00000|  0%| F|  |TAMS 0x000000008aa00000, 0x000000008aa00000| Untracked 
| 103|0x000000008ab00000, 0x000000008ab00000, 0x000000008ac00000|  0%| F|  |TAMS 0x000000008ab00000, 0x000000008ab00000| Untracked 
| 104|0x000000008ac00000, 0x000000008ac00000, 0x000000008ad00000|  0%| F|  |TAMS 0x000000008ac00000, 0x000000008ac00000| Untracked 
| 105|0x000000008ad00000, 0x000000008ad00000, 0x000000008ae00000|  0%| F|  |TAMS 0x000000008ad00000, 0x000000008ad00000| Untracked 
| 106|0x000000008ae00000, 0x000000008ae00000, 0x000000008af00000|  0%| F|  |TAMS 0x000000008ae00000, 0x000000008ae00000| Untracked 
| 107|0x000000008af00000, 0x000000008af00000, 0x000000008b000000|  0%| F|  |TAMS 0x000000008af00000, 0x000000008af00000| Untracked 
| 108|0x000000008b000000, 0x000000008b000000, 0x000000008b100000|  0%| F|  |TAMS 0x000000008b000000, 0x000000008b000000| Untracked 
| 109|0x000000008b100000, 0x000000008b100000, 0x000000008b200000|  0%| F|  |TAMS 0x000000008b100000, 0x000000008b100000| Untracked 
| 110|0x000000008b200000, 0x000000008b200000, 0x000000008b300000|  0%| F|  |TAMS 0x000000008b200000, 0x000000008b200000| Untracked 
| 111|0x000000008b300000, 0x000000008b300000, 0x000000008b400000|  0%| F|  |TAMS 0x000000008b300000, 0x000000008b300000| Untracked 
| 112|0x000000008b400000, 0x000000008b400000, 0x000000008b500000|  0%| F|  |TAMS 0x000000008b400000, 0x000000008b400000| Untracked 
| 113|0x000000008b500000, 0x000000008b500000, 0x000000008b600000|  0%| F|  |TAMS 0x000000008b500000, 0x000000008b500000| Untracked 
| 114|0x000000008b600000, 0x000000008b600000, 0x000000008b700000|  0%| F|  |TAMS 0x000000008b600000, 0x000000008b600000| Untracked 
| 115|0x000000008b700000, 0x000000008b700000, 0x000000008b800000|  0%| F|  |TAMS 0x000000008b700000, 0x000000008b700000| Untracked 
| 116|0x000000008b800000, 0x000000008b800000, 0x000000008b900000|  0%| F|  |TAMS 0x000000008b800000, 0x000000008b800000| Untracked 
| 117|0x000000008b900000, 0x000000008b900000, 0x000000008ba00000|  0%| F|  |TAMS 0x000000008b900000, 0x000000008b900000| Untracked 
| 118|0x000000008ba00000, 0x000000008ba00000, 0x000000008bb00000|  0%| F|  |TAMS 0x000000008ba00000, 0x000000008ba00000| Untracked 
| 119|0x000000008bb00000, 0x000000008bc00000, 0x000000008bc00000|100%| S|CS|TAMS 0x000000008bb00000, 0x000000008bb00000| Complete 
| 120|0x000000008bc00000, 0x000000008bd00000, 0x000000008bd00000|100%| S|CS|TAMS 0x000000008bc00000, 0x000000008bc00000| Complete 
| 121|0x000000008bd00000, 0x000000008be00000, 0x000000008be00000|100%| S|CS|TAMS 0x000000008bd00000, 0x000000008bd00000| Complete 
| 122|0x000000008be00000, 0x000000008bf00000, 0x000000008bf00000|100%| S|CS|TAMS 0x000000008be00000, 0x000000008be00000| Complete 
| 123|0x000000008bf00000, 0x000000008c000000, 0x000000008c000000|100%| S|CS|TAMS 0x000000008bf00000, 0x000000008bf00000| Complete 
| 124|0x000000008c000000, 0x000000008c100000, 0x000000008c100000|100%| S|CS|TAMS 0x000000008c000000, 0x000000008c000000| Complete 
| 125|0x000000008c100000, 0x000000008c200000, 0x000000008c200000|100%| S|CS|TAMS 0x000000008c100000, 0x000000008c100000| Complete 
| 126|0x000000008c200000, 0x000000008c300000, 0x000000008c300000|100%| S|CS|TAMS 0x000000008c200000, 0x000000008c200000| Complete 
| 127|0x000000008c300000, 0x000000008c400000, 0x000000008c400000|100%| S|CS|TAMS 0x000000008c300000, 0x000000008c300000| Complete 
| 128|0x000000008c400000, 0x000000008c400000, 0x000000008c500000|  0%| F|  |TAMS 0x000000008c400000, 0x000000008c400000| Untracked 
| 129|0x000000008c500000, 0x000000008c500000, 0x000000008c600000|  0%| F|  |TAMS 0x000000008c500000, 0x000000008c500000| Untracked 
| 130|0x000000008c600000, 0x000000008c600000, 0x000000008c700000|  0%| F|  |TAMS 0x000000008c600000, 0x000000008c600000| Untracked 
| 131|0x000000008c700000, 0x000000008c700000, 0x000000008c800000|  0%| F|  |TAMS 0x000000008c700000, 0x000000008c700000| Untracked 
| 132|0x000000008c800000, 0x000000008c800000, 0x000000008c900000|  0%| F|  |TAMS 0x000000008c800000, 0x000000008c800000| Untracked 
| 133|0x000000008c900000, 0x000000008c900000, 0x000000008ca00000|  0%| F|  |TAMS 0x000000008c900000, 0x000000008c900000| Untracked 
| 134|0x000000008ca00000, 0x000000008ca00000, 0x000000008cb00000|  0%| F|  |TAMS 0x000000008ca00000, 0x000000008ca00000| Untracked 
| 135|0x000000008cb00000, 0x000000008cb00000, 0x000000008cc00000|  0%| F|  |TAMS 0x000000008cb00000, 0x000000008cb00000| Untracked 
| 136|0x000000008cc00000, 0x000000008cc00000, 0x000000008cd00000|  0%| F|  |TAMS 0x000000008cc00000, 0x000000008cc00000| Untracked 
| 137|0x000000008cd00000, 0x000000008cd00000, 0x000000008ce00000|  0%| F|  |TAMS 0x000000008cd00000, 0x000000008cd00000| Untracked 
| 138|0x000000008ce00000, 0x000000008ce00000, 0x000000008cf00000|  0%| F|  |TAMS 0x000000008ce00000, 0x000000008ce00000| Untracked 
| 139|0x000000008cf00000, 0x000000008cf00000, 0x000000008d000000|  0%| F|  |TAMS 0x000000008cf00000, 0x000000008cf00000| Untracked 
| 140|0x000000008d000000, 0x000000008d000000, 0x000000008d100000|  0%| F|  |TAMS 0x000000008d000000, 0x000000008d000000| Untracked 
| 141|0x000000008d100000, 0x000000008d100000, 0x000000008d200000|  0%| F|  |TAMS 0x000000008d100000, 0x000000008d100000| Untracked 
| 142|0x000000008d200000, 0x000000008d200000, 0x000000008d300000|  0%| F|  |TAMS 0x000000008d200000, 0x000000008d200000| Untracked 
| 143|0x000000008d300000, 0x000000008d300000, 0x000000008d400000|  0%| F|  |TAMS 0x000000008d300000, 0x000000008d300000| Untracked 
| 144|0x000000008d400000, 0x000000008d400000, 0x000000008d500000|  0%| F|  |TAMS 0x000000008d400000, 0x000000008d400000| Untracked 
| 145|0x000000008d500000, 0x000000008d500000, 0x000000008d600000|  0%| F|  |TAMS 0x000000008d500000, 0x000000008d500000| Untracked 
| 146|0x000000008d600000, 0x000000008d600000, 0x000000008d700000|  0%| F|  |TAMS 0x000000008d600000, 0x000000008d600000| Untracked 
| 147|0x000000008d700000, 0x000000008d700000, 0x000000008d800000|  0%| F|  |TAMS 0x000000008d700000, 0x000000008d700000| Untracked 
| 148|0x000000008d800000, 0x000000008d800000, 0x000000008d900000|  0%| F|  |TAMS 0x000000008d800000, 0x000000008d800000| Untracked 
| 149|0x000000008d900000, 0x000000008d900000, 0x000000008da00000|  0%| F|  |TAMS 0x000000008d900000, 0x000000008d900000| Untracked 
| 150|0x000000008da00000, 0x000000008da00000, 0x000000008db00000|  0%| F|  |TAMS 0x000000008da00000, 0x000000008da00000| Untracked 
| 151|0x000000008db00000, 0x000000008db00000, 0x000000008dc00000|  0%| F|  |TAMS 0x000000008db00000, 0x000000008db00000| Untracked 
| 152|0x000000008dc00000, 0x000000008dc00000, 0x000000008dd00000|  0%| F|  |TAMS 0x000000008dc00000, 0x000000008dc00000| Untracked 
| 153|0x000000008dd00000, 0x000000008dd00000, 0x000000008de00000|  0%| F|  |TAMS 0x000000008dd00000, 0x000000008dd00000| Untracked 
| 154|0x000000008de00000, 0x000000008de00000, 0x000000008df00000|  0%| F|  |TAMS 0x000000008de00000, 0x000000008de00000| Untracked 
| 155|0x000000008df00000, 0x000000008df00000, 0x000000008e000000|  0%| F|  |TAMS 0x000000008df00000, 0x000000008df00000| Untracked 
| 156|0x000000008e000000, 0x000000008e000000, 0x000000008e100000|  0%| F|  |TAMS 0x000000008e000000, 0x000000008e000000| Untracked 
| 157|0x000000008e100000, 0x000000008e100000, 0x000000008e200000|  0%| F|  |TAMS 0x000000008e100000, 0x000000008e100000| Untracked 
| 158|0x000000008e200000, 0x000000008e200000, 0x000000008e300000|  0%| F|  |TAMS 0x000000008e200000, 0x000000008e200000| Untracked 
| 159|0x000000008e300000, 0x000000008e300000, 0x000000008e400000|  0%| F|  |TAMS 0x000000008e300000, 0x000000008e300000| Untracked 
| 160|0x000000008e400000, 0x000000008e400000, 0x000000008e500000|  0%| F|  |TAMS 0x000000008e400000, 0x000000008e400000| Untracked 
| 161|0x000000008e500000, 0x000000008e500000, 0x000000008e600000|  0%| F|  |TAMS 0x000000008e500000, 0x000000008e500000| Untracked 
| 162|0x000000008e600000, 0x000000008e600000, 0x000000008e700000|  0%| F|  |TAMS 0x000000008e600000, 0x000000008e600000| Untracked 
| 163|0x000000008e700000, 0x000000008e700000, 0x000000008e800000|  0%| F|  |TAMS 0x000000008e700000, 0x000000008e700000| Untracked 
| 164|0x000000008e800000, 0x000000008e800000, 0x000000008e900000|  0%| F|  |TAMS 0x000000008e800000, 0x000000008e800000| Untracked 
| 165|0x000000008e900000, 0x000000008e900000, 0x000000008ea00000|  0%| F|  |TAMS 0x000000008e900000, 0x000000008e900000| Untracked 
| 166|0x000000008ea00000, 0x000000008ea00000, 0x000000008eb00000|  0%| F|  |TAMS 0x000000008ea00000, 0x000000008ea00000| Untracked 
| 167|0x000000008eb00000, 0x000000008eb00000, 0x000000008ec00000|  0%| F|  |TAMS 0x000000008eb00000, 0x000000008eb00000| Untracked 
| 168|0x000000008ec00000, 0x000000008ec00000, 0x000000008ed00000|  0%| F|  |TAMS 0x000000008ec00000, 0x000000008ec00000| Untracked 
| 169|0x000000008ed00000, 0x000000008ed00000, 0x000000008ee00000|  0%| F|  |TAMS 0x000000008ed00000, 0x000000008ed00000| Untracked 
| 170|0x000000008ee00000, 0x000000008ee00000, 0x000000008ef00000|  0%| F|  |TAMS 0x000000008ee00000, 0x000000008ee00000| Untracked 
| 171|0x000000008ef00000, 0x000000008ef00000, 0x000000008f000000|  0%| F|  |TAMS 0x000000008ef00000, 0x000000008ef00000| Untracked 
| 172|0x000000008f000000, 0x000000008f000000, 0x000000008f100000|  0%| F|  |TAMS 0x000000008f000000, 0x000000008f000000| Untracked 
| 173|0x000000008f100000, 0x000000008f100000, 0x000000008f200000|  0%| F|  |TAMS 0x000000008f100000, 0x000000008f100000| Untracked 
| 174|0x000000008f200000, 0x000000008f200000, 0x000000008f300000|  0%| F|  |TAMS 0x000000008f200000, 0x000000008f200000| Untracked 
| 175|0x000000008f300000, 0x000000008f300000, 0x000000008f400000|  0%| F|  |TAMS 0x000000008f300000, 0x000000008f300000| Untracked 
| 176|0x000000008f400000, 0x000000008f400000, 0x000000008f500000|  0%| F|  |TAMS 0x000000008f400000, 0x000000008f400000| Untracked 
| 177|0x000000008f500000, 0x000000008f500000, 0x000000008f600000|  0%| F|  |TAMS 0x000000008f500000, 0x000000008f500000| Untracked 
| 178|0x000000008f600000, 0x000000008f600000, 0x000000008f700000|  0%| F|  |TAMS 0x000000008f600000, 0x000000008f600000| Untracked 
| 179|0x000000008f700000, 0x000000008f700000, 0x000000008f800000|  0%| F|  |TAMS 0x000000008f700000, 0x000000008f700000| Untracked 
| 180|0x000000008f800000, 0x000000008f800000, 0x000000008f900000|  0%| F|  |TAMS 0x000000008f800000, 0x000000008f800000| Untracked 
| 181|0x000000008f900000, 0x000000008f900000, 0x000000008fa00000|  0%| F|  |TAMS 0x000000008f900000, 0x000000008f900000| Untracked 
| 182|0x000000008fa00000, 0x000000008fa00000, 0x000000008fb00000|  0%| F|  |TAMS 0x000000008fa00000, 0x000000008fa00000| Untracked 
| 183|0x000000008fb00000, 0x000000008fb00000, 0x000000008fc00000|  0%| F|  |TAMS 0x000000008fb00000, 0x000000008fb00000| Untracked 
| 184|0x000000008fc00000, 0x000000008fc00000, 0x000000008fd00000|  0%| F|  |TAMS 0x000000008fc00000, 0x000000008fc00000| Untracked 
| 185|0x000000008fd00000, 0x000000008fd00000, 0x000000008fe00000|  0%| F|  |TAMS 0x000000008fd00000, 0x000000008fd00000| Untracked 
| 186|0x000000008fe00000, 0x000000008fe00000, 0x000000008ff00000|  0%| F|  |TAMS 0x000000008fe00000, 0x000000008fe00000| Untracked 
| 187|0x000000008ff00000, 0x000000008ff00000, 0x0000000090000000|  0%| F|  |TAMS 0x000000008ff00000, 0x000000008ff00000| Untracked 
| 188|0x0000000090000000, 0x0000000090000000, 0x0000000090100000|  0%| F|  |TAMS 0x0000000090000000, 0x0000000090000000| Untracked 
| 189|0x0000000090100000, 0x0000000090100000, 0x0000000090200000|  0%| F|  |TAMS 0x0000000090100000, 0x0000000090100000| Untracked 
| 190|0x0000000090200000, 0x0000000090200000, 0x0000000090300000|  0%| F|  |TAMS 0x0000000090200000, 0x0000000090200000| Untracked 
| 191|0x0000000090300000, 0x0000000090300000, 0x0000000090400000|  0%| F|  |TAMS 0x0000000090300000, 0x0000000090300000| Untracked 
| 192|0x0000000090400000, 0x0000000090400000, 0x0000000090500000|  0%| F|  |TAMS 0x0000000090400000, 0x0000000090400000| Untracked 
| 193|0x0000000090500000, 0x0000000090500000, 0x0000000090600000|  0%| F|  |TAMS 0x0000000090500000, 0x0000000090500000| Untracked 
| 194|0x0000000090600000, 0x0000000090600000, 0x0000000090700000|  0%| F|  |TAMS 0x0000000090600000, 0x0000000090600000| Untracked 
| 195|0x0000000090700000, 0x0000000090700000, 0x0000000090800000|  0%| F|  |TAMS 0x0000000090700000, 0x0000000090700000| Untracked 
| 196|0x0000000090800000, 0x0000000090800000, 0x0000000090900000|  0%| F|  |TAMS 0x0000000090800000, 0x0000000090800000| Untracked 
| 197|0x0000000090900000, 0x0000000090900000, 0x0000000090a00000|  0%| F|  |TAMS 0x0000000090900000, 0x0000000090900000| Untracked 
| 198|0x0000000090a00000, 0x0000000090a00000, 0x0000000090b00000|  0%| F|  |TAMS 0x0000000090a00000, 0x0000000090a00000| Untracked 
| 199|0x0000000090b00000, 0x0000000090b00000, 0x0000000090c00000|  0%| F|  |TAMS 0x0000000090b00000, 0x0000000090b00000| Untracked 
| 200|0x0000000090c00000, 0x0000000090c00000, 0x0000000090d00000|  0%| F|  |TAMS 0x0000000090c00000, 0x0000000090c00000| Untracked 
| 201|0x0000000090d00000, 0x0000000090d00000, 0x0000000090e00000|  0%| F|  |TAMS 0x0000000090d00000, 0x0000000090d00000| Untracked 
| 202|0x0000000090e00000, 0x0000000090e00000, 0x0000000090f00000|  0%| F|  |TAMS 0x0000000090e00000, 0x0000000090e00000| Untracked 
| 203|0x0000000090f00000, 0x0000000090f00000, 0x0000000091000000|  0%| F|  |TAMS 0x0000000090f00000, 0x0000000090f00000| Untracked 
| 204|0x0000000091000000, 0x0000000091000000, 0x0000000091100000|  0%| F|  |TAMS 0x0000000091000000, 0x0000000091000000| Untracked 
| 205|0x0000000091100000, 0x0000000091100000, 0x0000000091200000|  0%| F|  |TAMS 0x0000000091100000, 0x0000000091100000| Untracked 
| 206|0x0000000091200000, 0x0000000091200000, 0x0000000091300000|  0%| F|  |TAMS 0x0000000091200000, 0x0000000091200000| Untracked 
| 207|0x0000000091300000, 0x0000000091300000, 0x0000000091400000|  0%| F|  |TAMS 0x0000000091300000, 0x0000000091300000| Untracked 
| 208|0x0000000091400000, 0x0000000091400000, 0x0000000091500000|  0%| F|  |TAMS 0x0000000091400000, 0x0000000091400000| Untracked 
| 209|0x0000000091500000, 0x0000000091500000, 0x0000000091600000|  0%| F|  |TAMS 0x0000000091500000, 0x0000000091500000| Untracked 
| 210|0x0000000091600000, 0x0000000091600000, 0x0000000091700000|  0%| F|  |TAMS 0x0000000091600000, 0x0000000091600000| Untracked 
| 211|0x0000000091700000, 0x0000000091700000, 0x0000000091800000|  0%| F|  |TAMS 0x0000000091700000, 0x0000000091700000| Untracked 
| 212|0x0000000091800000, 0x0000000091800000, 0x0000000091900000|  0%| F|  |TAMS 0x0000000091800000, 0x0000000091800000| Untracked 
| 213|0x0000000091900000, 0x0000000091900000, 0x0000000091a00000|  0%| F|  |TAMS 0x0000000091900000, 0x0000000091900000| Untracked 
| 214|0x0000000091a00000, 0x0000000091a00000, 0x0000000091b00000|  0%| F|  |TAMS 0x0000000091a00000, 0x0000000091a00000| Untracked 
| 215|0x0000000091b00000, 0x0000000091b00000, 0x0000000091c00000|  0%| F|  |TAMS 0x0000000091b00000, 0x0000000091b00000| Untracked 
| 216|0x0000000091c00000, 0x0000000091c00000, 0x0000000091d00000|  0%| F|  |TAMS 0x0000000091c00000, 0x0000000091c00000| Untracked 
| 217|0x0000000091d00000, 0x0000000091d00000, 0x0000000091e00000|  0%| F|  |TAMS 0x0000000091d00000, 0x0000000091d00000| Untracked 
| 218|0x0000000091e00000, 0x0000000091e00000, 0x0000000091f00000|  0%| F|  |TAMS 0x0000000091e00000, 0x0000000091e00000| Untracked 
| 219|0x0000000091f00000, 0x0000000091f00000, 0x0000000092000000|  0%| F|  |TAMS 0x0000000091f00000, 0x0000000091f00000| Untracked 
| 220|0x0000000092000000, 0x0000000092000000, 0x0000000092100000|  0%| F|  |TAMS 0x0000000092000000, 0x0000000092000000| Untracked 
| 221|0x0000000092100000, 0x0000000092100000, 0x0000000092200000|  0%| F|  |TAMS 0x0000000092100000, 0x0000000092100000| Untracked 
| 222|0x0000000092200000, 0x0000000092200000, 0x0000000092300000|  0%| F|  |TAMS 0x0000000092200000, 0x0000000092200000| Untracked 
| 223|0x0000000092300000, 0x0000000092300000, 0x0000000092400000|  0%| F|  |TAMS 0x0000000092300000, 0x0000000092300000| Untracked 
| 224|0x0000000092400000, 0x0000000092400000, 0x0000000092500000|  0%| F|  |TAMS 0x0000000092400000, 0x0000000092400000| Untracked 

Card table byte_map: [0x000001a6fbb70000,0x000001a6fbf50000] _byte_map_base: 0x000001a6fb74e000

Marking Bits (Prev, Next): (CMBitMap*) 0x000001a6e489d280, (CMBitMap*) 0x000001a6e489d240
 Prev Bits: [0x000001a680000000, 0x000001a681ef0000)
 Next Bits: [0x000001a6fc330000, 0x000001a6fe220000)

Polling page: 0x000001a6e2800000

Metaspace:

Usage:
  Non-class:     94.34 MB used.
      Class:     13.17 MB used.
       Both:    107.51 MB used.

Virtual space:
  Non-class space:      128.00 MB reserved,      94.88 MB ( 74%) committed,  2 nodes.
      Class space:        1.00 GB reserved,      13.75 MB (  1%) committed,  1 nodes.
             Both:        1.12 GB reserved,     108.62 MB (  9%) committed. 

Chunk freelists:
   Non-Class:  1.11 MB
       Class:  2.33 MB
        Both:  3.44 MB

MaxMetaspaceSize: unlimited
CompressedClassSpaceSize: 1.00 GB
Initial GC threshold: 21.00 MB
Current GC threshold: 180.12 MB
CDS: on
MetaspaceReclaimPolicy: balanced
 - commit_granule_bytes: 65536.
 - commit_granule_words: 8192.
 - virtual_space_node_default_size: 8388608.
 - enlarge_chunks_in_place: 1.
 - new_chunks_are_fully_committed: 0.
 - uncommit_free_chunks: 1.
 - use_allocation_guard: 0.


Internal statistics:

num_allocs_failed_limit: 12.
num_arena_births: 2020.
num_arena_deaths: 378.
num_vsnodes_births: 3.
num_vsnodes_deaths: 0.
num_space_committed: 1738.
num_space_uncommitted: 0.
num_chunks_returned_to_freelist: 469.
num_chunks_taken_from_freelist: 6759.
num_chunk_merges: 106.
num_chunk_splits: 4421.
num_chunks_enlarged: 3136.
num_inconsistent_stats: 0.

CodeHeap 'non-profiled nmethods': size=120000Kb used=13443Kb max_used=13443Kb free=106556Kb
 bounds [0x000001a6f4260000, 0x000001a6f4f90000, 0x000001a6fb790000]
CodeHeap 'profiled nmethods': size=120000Kb used=33944Kb max_used=34133Kb free=86055Kb
 bounds [0x000001a6ec790000, 0x000001a6ee8f0000, 0x000001a6f3cc0000]
CodeHeap 'non-nmethods': size=5760Kb used=1534Kb max_used=1587Kb free=4225Kb
 bounds [0x000001a6f3cc0000, 0x000001a6f3f30000, 0x000001a6f4260000]
 total_blobs=17741 nmethods=16960 adapters=689
 compilation: enabled
              stopped_count=0, restarted_count=0
 full_count=0

Compilation events (20 events):
Event: 1986.019 Thread 0x000001a6fe710420 nmethod 20977 0x000001a6ee815f10 code [0x000001a6ee8160c0, 0x000001a6ee816278]
Event: 1986.019 Thread 0x000001a6fe710420 20978       3       org.springframework.beans.factory.support.BeanDefinitionBuilder::rootBeanDefinition (33 bytes)
Event: 1986.019 Thread 0x000001a6fe710420 nmethod 20978 0x000001a6ee815690 code [0x000001a6ee815860, 0x000001a6ee815d88]
Event: 1986.021 Thread 0x000001a6fe710420 20979       3       org.springframework.util.Assert::isInstanceOf (24 bytes)
Event: 1986.021 Thread 0x000001a6fe710420 nmethod 20979 0x000001a6ee814d10 code [0x000001a6ee814f00, 0x000001a6ee815468]
Event: 1986.022 Thread 0x000001a6fe710420 20980       3       org.springframework.beans.factory.support.BeanDefinitionBuilder::rootBeanDefinition (9 bytes)
Event: 1986.022 Thread 0x000001a6fe710420 nmethod 20980 0x000001a6ed874190 code [0x000001a6ed874340, 0x000001a6ed874468]
Event: 1986.024 Thread 0x000001a6fe704290 nmethod 20970 0x000001a6f4f7af90 code [0x000001a6f4f7b300, 0x000001a6f4f7de00]
Event: 1986.024 Thread 0x000001a6fe704290 20975       4       java.lang.String::indexOfNonWhitespace (25 bytes)
Event: 1986.026 Thread 0x000001a6fe704290 nmethod 20975 0x000001a6f4f7f910 code [0x000001a6f4f7faa0, 0x000001a6f4f7fc28]
Event: 1986.026 Thread 0x000001a6fe704290 20972       4       java.lang.PublicMethods::toArray (76 bytes)
Event: 1986.031 Thread 0x000001a6fe710420 20981       3       org.springframework.beans.factory.support.BeanDefinitionBuilder::addConstructorArgValue (24 bytes)
Event: 1986.031 Thread 0x000001a6fe710420 nmethod 20981 0x000001a6ee813e90 code [0x000001a6ee8140c0, 0x000001a6ee8149c8]
Event: 1986.031 Thread 0x000001a6fe710420 20982       3       java.util.ArrayList$SubList::toArray (79 bytes)
Event: 1986.032 Thread 0x000001a6fe710420 nmethod 20982 0x000001a6ee813390 code [0x000001a6ee8135a0, 0x000001a6ee813ca8]
Event: 1986.034 Thread 0x000001a6fe704290 nmethod 20972 0x000001a6f4f7fd90 code [0x000001a6f4f7ff40, 0x000001a6f4f80578]
Event: 1986.034 Thread 0x000001a6fe704290 20983       4       java.lang.StringConcatHelper::mix (11 bytes)
Event: 1986.035 Thread 0x000001a6fe710420 20984       1       org.springframework.beans.factory.support.BeanDefinitionBuilder::getRawBeanDefinition (5 bytes)
Event: 1986.035 Thread 0x000001a6fe704290 nmethod 20983 0x000001a6f4f80990 code [0x000001a6f4f80b00, 0x000001a6f4f80c18]
Event: 1986.035 Thread 0x000001a6fe710420 nmethod 20984 0x000001a6f4f80c90 code [0x000001a6f4f80e20, 0x000001a6f4f80ed8]

GC Heap History (20 events):
Event: 1077.338 GC heap after
{Heap after GC invocations=46 (full 2):
 garbage-first heap   total 305152K, used 93182K [0x0000000084400000, 0x0000000100000000)
  region size 1024K, 15 young (15360K), 15 survivors (15360K)
 Metaspace       used 104432K, committed 105408K, reserved 1179648K
  class space    used 13052K, committed 13504K, reserved 1048576K
}
Event: 1077.344 GC heap before
{Heap before GC invocations=46 (full 2):
 garbage-first heap   total 305152K, used 94206K [0x0000000084400000, 0x0000000100000000)
  region size 1024K, 16 young (16384K), 15 survivors (15360K)
 Metaspace       used 104433K, committed 105408K, reserved 1179648K
  class space    used 13052K, committed 13504K, reserved 1048576K
}
Event: 1077.353 GC heap after
{Heap after GC invocations=47 (full 2):
 garbage-first heap   total 305152K, used 94311K [0x0000000084400000, 0x0000000100000000)
  region size 1024K, 2 young (2048K), 2 survivors (2048K)
 Metaspace       used 104433K, committed 105408K, reserved 1179648K
  class space    used 13052K, committed 13504K, reserved 1048576K
}
Event: 1078.038 GC heap before
{Heap before GC invocations=47 (full 2):
 garbage-first heap   total 305152K, used 235623K [0x0000000084400000, 0x0000000100000000)
  region size 1024K, 141 young (144384K), 2 survivors (2048K)
 Metaspace       used 106294K, committed 107200K, reserved 1179648K
  class space    used 13157K, committed 13568K, reserved 1048576K
}
Event: 1078.049 GC heap after
{Heap after GC invocations=48 (full 2):
 garbage-first heap   total 305152K, used 101115K [0x0000000084400000, 0x0000000100000000)
  region size 1024K, 9 young (9216K), 9 survivors (9216K)
 Metaspace       used 106294K, committed 107200K, reserved 1179648K
  class space    used 13157K, committed 13568K, reserved 1048576K
}
Event: 1421.547 GC heap before
{Heap before GC invocations=48 (full 2):
 garbage-first heap   total 305152K, used 239355K [0x0000000084400000, 0x0000000100000000)
  region size 1024K, 144 young (147456K), 9 survivors (9216K)
 Metaspace       used 108006K, committed 109120K, reserved 1179648K
  class space    used 13353K, committed 13952K, reserved 1048576K
}
Event: 1421.589 GC heap after
{Heap after GC invocations=49 (full 2):
 garbage-first heap   total 305152K, used 103209K [0x0000000084400000, 0x0000000100000000)
  region size 1024K, 11 young (11264K), 11 survivors (11264K)
 Metaspace       used 108006K, committed 109120K, reserved 1179648K
  class space    used 13353K, committed 13952K, reserved 1048576K
}
Event: 1637.576 GC heap before
{Heap before GC invocations=49 (full 2):
 garbage-first heap   total 305152K, used 244521K [0x0000000084400000, 0x0000000100000000)
  region size 1024K, 149 young (152576K), 11 survivors (11264K)
 Metaspace       used 109116K, committed 110272K, reserved 1179648K
  class space    used 13456K, committed 14080K, reserved 1048576K
}
Event: 1637.606 GC heap after
{Heap after GC invocations=50 (full 2):
 garbage-first heap   total 305152K, used 103876K [0x0000000084400000, 0x0000000100000000)
  region size 1024K, 4 young (4096K), 4 survivors (4096K)
 Metaspace       used 109116K, committed 110272K, reserved 1179648K
  class space    used 13456K, committed 14080K, reserved 1048576K
}
Event: 1984.787 GC heap before
{Heap before GC invocations=50 (full 2):
 garbage-first heap   total 305152K, used 249284K [0x0000000084400000, 0x0000000100000000)
  region size 1024K, 146 young (149504K), 4 survivors (4096K)
 Metaspace       used 109430K, committed 110656K, reserved 1179648K
  class space    used 13466K, committed 14080K, reserved 1048576K
}
Event: 1984.792 GC heap after
{Heap after GC invocations=51 (full 2):
 garbage-first heap   total 305152K, used 102602K [0x0000000084400000, 0x0000000100000000)
  region size 1024K, 3 young (3072K), 3 survivors (3072K)
 Metaspace       used 109430K, committed 110656K, reserved 1179648K
  class space    used 13466K, committed 14080K, reserved 1048576K
}
Event: 1984.797 GC heap before
{Heap before GC invocations=51 (full 2):
 garbage-first heap   total 305152K, used 102602K [0x0000000084400000, 0x0000000100000000)
  region size 1024K, 4 young (4096K), 3 survivors (3072K)
 Metaspace       used 109430K, committed 110656K, reserved 1179648K
  class space    used 13466K, committed 14080K, reserved 1048576K
}
Event: 1985.061 GC heap after
{Heap after GC invocations=52 (full 3):
 garbage-first heap   total 208896K, used 60488K [0x0000000084400000, 0x0000000100000000)
  region size 1024K, 0 young (0K), 0 survivors (0K)
 Metaspace       used 109130K, committed 110656K, reserved 1179648K
  class space    used 13397K, committed 14080K, reserved 1048576K
}
Event: 1985.485 GC heap before
{Heap before GC invocations=52 (full 3):
 garbage-first heap   total 208896K, used 170056K [0x0000000084400000, 0x0000000100000000)
  region size 1024K, 108 young (110592K), 0 survivors (0K)
 Metaspace       used 109136K, committed 110656K, reserved 1179648K
  class space    used 13398K, committed 14080K, reserved 1048576K
}
Event: 1985.497 GC heap after
{Heap after GC invocations=53 (full 3):
 garbage-first heap   total 208896K, used 72643K [0x0000000084400000, 0x0000000100000000)
  region size 1024K, 12 young (12288K), 12 survivors (12288K)
 Metaspace       used 109136K, committed 110656K, reserved 1179648K
  class space    used 13398K, committed 14080K, reserved 1048576K
}
Event: 1985.774 GC heap before
{Heap before GC invocations=54 (full 3):
 garbage-first heap   total 230400K, used 166851K [0x0000000084400000, 0x0000000100000000)
  region size 1024K, 105 young (107520K), 12 survivors (12288K)
 Metaspace       used 109676K, committed 110912K, reserved 1179648K
  class space    used 13449K, committed 14080K, reserved 1048576K
}
Event: 1985.821 GC heap after
{Heap after GC invocations=55 (full 3):
 garbage-first heap   total 230400K, used 84658K [0x0000000084400000, 0x0000000100000000)
  region size 1024K, 12 young (12288K), 12 survivors (12288K)
 Metaspace       used 109676K, committed 110912K, reserved 1179648K
  class space    used 13449K, committed 14080K, reserved 1048576K
}
Event: 1985.822 GC heap before
{Heap before GC invocations=55 (full 3):
 garbage-first heap   total 230400K, used 85682K [0x0000000084400000, 0x0000000100000000)
  region size 1024K, 13 young (13312K), 12 survivors (12288K)
 Metaspace       used 109676K, committed 110912K, reserved 1179648K
  class space    used 13449K, committed 14080K, reserved 1048576K
}
Event: 1985.836 GC heap after
{Heap after GC invocations=56 (full 3):
 garbage-first heap   total 230400K, used 84777K [0x0000000084400000, 0x0000000100000000)
  region size 1024K, 1 young (1024K), 1 survivors (1024K)
 Metaspace       used 109676K, committed 110912K, reserved 1179648K
  class space    used 13449K, committed 14080K, reserved 1048576K
}
Event: 1986.036 GC heap before
{Heap before GC invocations=56 (full 3):
 garbage-first heap   total 230400K, used 182057K [0x0000000084400000, 0x0000000100000000)
  region size 1024K, 97 young (99328K), 1 survivors (1024K)
 Metaspace       used 110091K, committed 111232K, reserved 1179648K
  class space    used 13488K, committed 14080K, reserved 1048576K
}

Dll operation events (11 events):
Event: 0.006 Loaded shared library C:\Program Files\Java\jdk-19\bin\java.dll
Event: 0.017 Loaded shared library C:\Program Files\Java\jdk-19\bin\jsvml.dll
Event: 0.096 Loaded shared library C:\Program Files\Java\jdk-19\bin\net.dll
Event: 0.098 Loaded shared library C:\Program Files\Java\jdk-19\bin\nio.dll
Event: 0.101 Loaded shared library C:\Program Files\Java\jdk-19\bin\zip.dll
Event: 0.256 Loaded shared library C:\Program Files\Java\jdk-19\bin\jimage.dll
Event: 0.520 Loaded shared library C:\Program Files\Java\jdk-19\bin\management.dll
Event: 0.522 Loaded shared library C:\Program Files\Java\jdk-19\bin\management_ext.dll
Event: 2.237 Loaded shared library C:\Program Files\Java\jdk-19\bin\sunmscapi.dll
Event: 7.568 Loaded shared library C:\Program Files\Java\jdk-19\bin\verify.dll
Event: 10.386 Loaded shared library C:\Program Files\Java\jdk-19\bin\extnet.dll

Deoptimization events (20 events):
Event: 1985.934 Thread 0x000001a68a89b4b0 Uncommon trap: trap_request=0xffffff66 fr.pc=0x000001a6f4e99e80 relative=0x0000000000001d40
Event: 1985.934 Thread 0x000001a68a89b4b0 Uncommon trap: reason=speculate_class_check action=maybe_recompile pc=0x000001a6f4e99e80 method=org.springframework.util.ConcurrentLruCache$WriteOperations.drain()V @ 17 c2
Event: 1985.934 Thread 0x000001a68a89b4b0 DEOPT PACKING pc=0x000001a6f4e99e80 sp=0x00000007183fe280
Event: 1985.934 Thread 0x000001a68a89b4b0 DEOPT UNPACKING pc=0x000001a6f3d2a5a3 sp=0x00000007183fe0a8 mode 2
Event: 1985.935 Thread 0x000001a68a89b4b0 Uncommon trap: trap_request=0xffffff66 fr.pc=0x000001a6f4e99e80 relative=0x0000000000001d40
Event: 1985.935 Thread 0x000001a68a89b4b0 Uncommon trap: reason=speculate_class_check action=maybe_recompile pc=0x000001a6f4e99e80 method=org.springframework.util.ConcurrentLruCache$WriteOperations.drain()V @ 17 c2
Event: 1985.935 Thread 0x000001a68a89b4b0 DEOPT PACKING pc=0x000001a6f4e99e80 sp=0x00000007183fe160
Event: 1985.935 Thread 0x000001a68a89b4b0 DEOPT UNPACKING pc=0x000001a6f3d2a5a3 sp=0x00000007183fdf88 mode 2
Event: 1985.935 Thread 0x000001a68a89b4b0 Uncommon trap: trap_request=0xffffff66 fr.pc=0x000001a6f4e99e80 relative=0x0000000000001d40
Event: 1985.935 Thread 0x000001a68a89b4b0 Uncommon trap: reason=speculate_class_check action=maybe_recompile pc=0x000001a6f4e99e80 method=org.springframework.util.ConcurrentLruCache$WriteOperations.drain()V @ 17 c2
Event: 1985.935 Thread 0x000001a68a89b4b0 DEOPT PACKING pc=0x000001a6f4e99e80 sp=0x00000007183fdf80
Event: 1985.935 Thread 0x000001a68a89b4b0 DEOPT UNPACKING pc=0x000001a6f3d2a5a3 sp=0x00000007183fdda8 mode 2
Event: 1985.935 Thread 0x000001a68a89b4b0 Uncommon trap: trap_request=0xffffff66 fr.pc=0x000001a6f4e99e80 relative=0x0000000000001d40
Event: 1985.935 Thread 0x000001a68a89b4b0 Uncommon trap: reason=speculate_class_check action=maybe_recompile pc=0x000001a6f4e99e80 method=org.springframework.util.ConcurrentLruCache$WriteOperations.drain()V @ 17 c2
Event: 1985.935 Thread 0x000001a68a89b4b0 DEOPT PACKING pc=0x000001a6f4e99e80 sp=0x00000007183fdf80
Event: 1985.935 Thread 0x000001a68a89b4b0 DEOPT UNPACKING pc=0x000001a6f3d2a5a3 sp=0x00000007183fdda8 mode 2
Event: 1985.985 Thread 0x000001a68a89b4b0 Uncommon trap: trap_request=0xffffff54 fr.pc=0x000001a6f4f77764 relative=0x0000000000001284
Event: 1985.985 Thread 0x000001a68a89b4b0 Uncommon trap: reason=speculate_null_assert action=make_not_entrant pc=0x000001a6f4f77764 method=java.net.URLClassLoader.findResource(Ljava/lang/String;)Ljava/net/URL; @ 21 c2
Event: 1985.985 Thread 0x000001a68a89b4b0 DEOPT PACKING pc=0x000001a6f4f77764 sp=0x00000007183fdf50
Event: 1985.985 Thread 0x000001a68a89b4b0 DEOPT UNPACKING pc=0x000001a6f3d2a5a3 sp=0x00000007183fddc8 mode 2

Classes loaded (20 events):
Event: 1278.317 Loading class jdk/internal/misc/ExtendedMapMode
Event: 1278.319 Loading class jdk/internal/misc/ExtendedMapMode done
Event: 1278.323 Loading class sun/nio/ch/FileChannelImpl$DefaultUnmapper
Event: 1278.323 Loading class sun/nio/ch/FileChannelImpl$Unmapper
Event: 1278.324 Loading class jdk/internal/access/foreign/UnmapperProxy
Event: 1278.324 Loading class jdk/internal/access/foreign/UnmapperProxy done
Event: 1278.324 Loading class sun/nio/ch/FileChannelImpl$Unmapper done
Event: 1278.324 Loading class sun/nio/ch/FileChannelImpl$DefaultUnmapper done
Event: 1278.324 Loading class sun/nio/ch/Util$4
Event: 1278.324 Loading class sun/nio/ch/Util$4 done
Event: 1424.794 Loading class java/io/PushbackInputStream
Event: 1424.794 Loading class java/io/PushbackInputStream done
Event: 1424.925 Loading class sun/reflect/annotation/AnnotationInvocationHandler$1
Event: 1424.925 Loading class sun/reflect/annotation/AnnotationInvocationHandler$1 done
Event: 1472.061 Loading class sun/security/ssl/PreSharedKeyExtension$PskIdentity
Event: 1472.061 Loading class sun/security/ssl/PreSharedKeyExtension$PskIdentity done
Event: 1472.062 Loading class sun/security/ssl/PreSharedKeyExtension$CHPreSharedKeySpec
Event: 1472.062 Loading class sun/security/ssl/PreSharedKeyExtension$CHPreSharedKeySpec done
Event: 1472.062 Loading class sun/security/ssl/PreSharedKeyExtension$PartialClientHelloMessage
Event: 1472.063 Loading class sun/security/ssl/PreSharedKeyExtension$PartialClientHelloMessage done

Classes unloaded (20 events):
Event: 1984.879 Thread 0x000001a6fe6e3150 Unloading class 0x0000000801314800 'java/lang/invoke/LambdaForm$MH+0x0000000801314800'
Event: 1984.879 Thread 0x000001a6fe6e3150 Unloading class 0x0000000801314000 'java/lang/invoke/LambdaForm$MH+0x0000000801314000'
Event: 1984.879 Thread 0x000001a6fe6e3150 Unloading class 0x00000008012b5c00 'java/lang/invoke/LambdaForm$MH+0x00000008012b5c00'
Event: 1984.879 Thread 0x000001a6fe6e3150 Unloading class 0x00000008012b5800 'java/lang/invoke/LambdaForm$MH+0x00000008012b5800'
Event: 1984.879 Thread 0x000001a6fe6e3150 Unloading class 0x00000008012b5400 'java/lang/invoke/LambdaForm$MH+0x00000008012b5400'
Event: 1984.879 Thread 0x000001a6fe6e3150 Unloading class 0x00000008012b4c00 'java/lang/invoke/LambdaForm$MH+0x00000008012b4c00'
Event: 1984.879 Thread 0x000001a6fe6e3150 Unloading class 0x00000008012b4000 'java/lang/invoke/LambdaForm$MH+0x00000008012b4000'
Event: 1984.879 Thread 0x000001a6fe6e3150 Unloading class 0x0000000801260400 'java/lang/invoke/LambdaForm$DMH+0x0000000801260400'
Event: 1984.879 Thread 0x000001a6fe6e3150 Unloading class 0x000000080112c000 'java/lang/invoke/LambdaForm$DMH+0x000000080112c000'
Event: 1984.879 Thread 0x000001a6fe6e3150 Unloading class 0x0000000801039c00 'java/lang/invoke/LambdaForm$MH+0x0000000801039c00'
Event: 1984.879 Thread 0x000001a6fe6e3150 Unloading class 0x0000000801019000 'java/lang/invoke/LambdaForm$MH+0x0000000801019000'
Event: 1984.879 Thread 0x000001a6fe6e3150 Unloading class 0x0000000801018400 'java/lang/invoke/LambdaForm$MH+0x0000000801018400'
Event: 1984.879 Thread 0x000001a6fe6e3150 Unloading class 0x0000000801018000 'java/lang/invoke/LambdaForm$MH+0x0000000801018000'
Event: 1984.879 Thread 0x000001a6fe6e3150 Unloading class 0x0000000801017800 'java/lang/invoke/LambdaForm$MH+0x0000000801017800'
Event: 1984.879 Thread 0x000001a6fe6e3150 Unloading class 0x0000000801017400 'java/lang/invoke/LambdaForm$MH+0x0000000801017400'
Event: 1984.879 Thread 0x000001a6fe6e3150 Unloading class 0x0000000801017000 'java/lang/invoke/LambdaForm$MH+0x0000000801017000'
Event: 1984.879 Thread 0x000001a6fe6e3150 Unloading class 0x0000000801016400 'java/lang/invoke/LambdaForm$MH+0x0000000801016400'
Event: 1984.879 Thread 0x000001a6fe6e3150 Unloading class 0x0000000801014800 'java/lang/invoke/LambdaForm$MH+0x0000000801014800'
Event: 1984.879 Thread 0x000001a6fe6e3150 Unloading class 0x0000000801014000 'java/lang/invoke/LambdaForm$MH+0x0000000801014000'
Event: 1984.879 Thread 0x000001a6fe6e3150 Unloading class 0x0000000801008c00 'java/lang/invoke/LambdaForm$MH+0x0000000801008c00'

Classes redefined (0 events):
No events

Internal exceptions (20 events):
Event: 1077.601 Thread 0x000001a695bdc530 Exception <a 'java/io/FileNotFoundException'{0x00000000949dd7e8}> (0x00000000949dd7e8) 
thrown [s\open\src\hotspot\share\prims\jni.cpp, line 517]
Event: 1077.986 Thread 0x000001a695bdc530 Exception <a 'sun/nio/fs/WindowsException'{0x00000000906de4c0}> (0x00000000906de4c0) 
thrown [s\open\src\hotspot\share\prims\jni.cpp, line 517]
Event: 1164.302 Thread 0x000001a68c2dab90 Implicit null exception at 0x000001a6f488371e to 0x000001a6f4883e38
Event: 1165.227 Thread 0x000001a68c2d5690 Implicit null exception at 0x000001a6f4dab4c3 to 0x000001a6f4dacce4
Event: 1185.633 Thread 0x000001a68c2d8110 Exception <a 'java/lang/NoSuchMethodError'{0x0000000094cf7aa8}: 'java.lang.Object java.lang.invoke.DelegatingMethodHandle$Holder.reinvoke_L(java.lang.Object, java.lang.Object, int, int, java.lang.Object, java.lang.Object, java.lang.Object, java.lang.Object)'> (0x0000000094cf7aa8) 
thrown [s\open\src\hotspot\share\interpreter\linkResolver.cpp, line 774]
Event: 1195.553 Thread 0x000001a68c2d6680 Exception <a 'java/lang/NoSuchMethodError'{0x0000000092061b50}: 'java.lang.Object java.lang.invoke.DirectMethodHandle$Holder.invokeVirtual(java.lang.Object, java.lang.Object, int, int)'> (0x0000000092061b50) 
thrown [s\open\src\hotspot\share\interpreter\linkResolver.cpp, line 774]
Event: 1195.553 Thread 0x000001a68c2d6680 Exception <a 'java/lang/NoSuchMethodError'{0x0000000092066138}: 'java.lang.Object java.lang.invoke.DirectMethodHandle$Holder.invokeSpecial(java.lang.Object, java.lang.Object, java.lang.Object, int, int)'> (0x0000000092066138) 
thrown [s\open\src\hotspot\share\interpreter\linkResolver.cpp, line 774]
Event: 1278.180 Thread 0x000001a68c2d7120 Implicit null exception at 0x000001a6f4de9198 to 0x000001a6f4de93cc
Event: 1278.205 Thread 0x000001a68c2d7120 Exception <a 'java/lang/NoSuchMethodError'{0x000000009051dde0}: 'java.lang.Object java.lang.invoke.DirectMethodHandle$Holder.invokeVirtual(java.lang.Object, java.lang.Object, java.lang.Object, java.lang.Object, java.lang.Object, java.lang.Object, int, java.lang.Object)'> (0x000000009051dde0) 
thrown [s\open\src\hotspot\share\interpreter\linkResolver.cpp, line 774]
Event: 1278.206 Thread 0x000001a68c2d7120 Exception <a 'java/lang/NoSuchMethodError'{0x00000000905276a8}: 'java.lang.Object java.lang.invoke.DelegatingMethodHandle$Holder.reinvoke_L(java.lang.Object, java.lang.Object, java.lang.Object, java.lang.Object, java.lang.Object, java.lang.Object, int, java.lang.Object)'> (0x00000000905276a8) 
thrown [s\open\src\hotspot\share\interpreter\linkResolver.cpp, line 774]
Event: 1278.267 Thread 0x000001a68c2d7120 Exception <a 'java/lang/NoSuchMethodError'{0x0000000090445970}: 'int java.lang.invoke.DirectMethodHandle$Holder.invokeStatic(java.lang.Object, java.lang.Object, int, int)'> (0x0000000090445970) 
thrown [s\open\src\hotspot\share\interpreter\linkResolver.cpp, line 774]
Event: 1278.311 Thread 0x000001a68c2d7120 Exception <a 'sun/nio/fs/WindowsException'{0x00000000904e6a98}> (0x00000000904e6a98) 
thrown [s\open\src\hotspot\share\prims\jni.cpp, line 517]
Event: 1278.325 Thread 0x000001a68c2d7120 Exception <a 'java/lang/NoSuchMethodError'{0x00000000904f25e0}: 'long java.lang.invoke.DirectMethodHandle$Holder.invokeStatic(java.lang.Object, java.lang.Object, int)'> (0x00000000904f25e0) 
thrown [s\open\src\hotspot\share\interpreter\linkResolver.cpp, line 774]
Event: 1278.326 Thread 0x000001a68c2d7120 Exception <a 'java/lang/NoSuchMethodError'{0x00000000904fd828}: 'java.lang.Object java.lang.invoke.DelegatingMethodHandle$Holder.reinvoke_L(java.lang.Object, int, long, java.lang.Object, java.lang.Object, int, java.lang.Object)'> (0x00000000904fd828) 
thrown [s\open\src\hotspot\share\interpreter\linkResolver.cpp, line 774]
Event: 1278.345 Thread 0x000001a68c2d7120 Exception <a 'sun/nio/fs/WindowsException'{0x000000009032d820}> (0x000000009032d820) 
thrown [s\open\src\hotspot\share\prims\jni.cpp, line 517]
Event: 1984.796 Thread 0x000001a695bd7ad0 Exception <a 'java/lang/InterruptedException'{0x0000000096d3beb0}: sleep interrupted> (0x0000000096d3beb0) 
thrown [s\open\src\hotspot\share\prims\jvm.cpp, line 3103]
Event: 1985.071 Thread 0x000001a68a89b4b0 Exception <a 'sun/nio/fs/WindowsException'{0x0000000090f724a8}> (0x0000000090f724a8) 
thrown [s\open\src\hotspot\share\prims\jni.cpp, line 517]
Event: 1985.095 Thread 0x000001a68a89b4b0 Exception <a 'sun/nio/fs/WindowsException'{0x0000000090dc6608}> (0x0000000090dc6608) 
thrown [s\open\src\hotspot\share\prims\jni.cpp, line 517]
Event: 1985.768 Thread 0x000001a68a89b4b0 Exception <a 'sun/nio/fs/WindowsException'{0x000000008d1de670}> (0x000000008d1de670) 
thrown [s\open\src\hotspot\share\prims\jni.cpp, line 517]
Event: 1985.974 Thread 0x000001a68a89b4b0 Exception <a 'sun/nio/fs/WindowsException'{0x000000008e5a2d78}> (0x000000008e5a2d78) 
thrown [s\open\src\hotspot\share\prims\jni.cpp, line 517]

VM Operations (20 events):
Event: 1895.455 Executing VM operation: Cleanup done
Event: 1914.621 Executing VM operation: Cleanup
Event: 1914.621 Executing VM operation: Cleanup done
Event: 1973.148 Executing VM operation: Cleanup
Event: 1973.148 Executing VM operation: Cleanup done
Event: 1984.787 Executing VM operation: G1CollectForAllocation
Event: 1984.792 Executing VM operation: G1CollectForAllocation done
Event: 1984.796 Executing VM operation: G1CollectFull
Event: 1985.061 Executing VM operation: G1CollectFull done
Event: 1985.485 Executing VM operation: G1CollectForAllocation
Event: 1985.498 Executing VM operation: G1CollectForAllocation done
Event: 1985.580 Executing VM operation: G1PauseRemark
Event: 1985.590 Executing VM operation: G1PauseRemark done
Event: 1985.628 Executing VM operation: G1PauseCleanup
Event: 1985.628 Executing VM operation: G1PauseCleanup done
Event: 1985.774 Executing VM operation: G1CollectForAllocation
Event: 1985.821 Executing VM operation: G1CollectForAllocation done
Event: 1985.822 Executing VM operation: G1CollectForAllocation
Event: 1985.836 Executing VM operation: G1CollectForAllocation done
Event: 1986.036 Executing VM operation: G1CollectForAllocation

Events (20 events):
Event: 1984.745 Thread 0x000001a68a89b4b0 Thread exited: 0x000001a68a89b4b0
Event: 1984.745 Thread 0x000001a68c2d7120 Thread exited: 0x000001a68c2d7120
Event: 1984.745 Thread 0x000001a68c2dbb80 Thread exited: 0x000001a68c2dbb80
Event: 1984.748 Thread 0x000001a68c2db630 Thread exited: 0x000001a68c2db630
Event: 1984.752 Thread 0x000001a695bd9ab0 Thread exited: 0x000001a695bd9ab0
Event: 1984.752 Thread 0x000001a695bd8020 Thread exited: 0x000001a695bd8020
Event: 1984.752 Thread 0x000001a695bda550 Thread exited: 0x000001a695bda550
Event: 1984.753 Thread 0x000001a695bda000 Thread exited: 0x000001a695bda000
Event: 1984.753 Thread 0x000001a695bdea60 Thread exited: 0x000001a695bdea60
Event: 1984.768 Thread 0x000001a68a89df30 Thread added: 0x000001a68a89df30
Event: 1984.770 Thread 0x000001a695bd7580 Thread exited: 0x000001a695bd7580
Event: 1984.775 Thread 0x000001a68a89df30 Thread exited: 0x000001a68a89df30
Event: 1984.796 Thread 0x000001a695bd7030 Thread exited: 0x000001a695bd7030
Event: 1984.796 Thread 0x000001a695bdda70 Thread exited: 0x000001a695bdda70
Event: 1984.796 Thread 0x000001a695bd7ad0 Thread exited: 0x000001a695bd7ad0
Event: 1985.061 Thread 0x000001a68a89df30 Thread added: 0x000001a68a89df30
Event: 1985.062 Thread 0x000001a68a89df30 Thread exited: 0x000001a68a89df30
Event: 1985.062 Thread 0x000001a68a89b4b0 Thread added: 0x000001a68a89b4b0
Event: 1985.626 Thread 0x000001a68a89df30 Thread added: 0x000001a68a89df30
Event: 1985.637 Thread 0x000001a68a89df30 Thread exited: 0x000001a68a89df30


Dynamic libraries:
0x00007ff77ac10000 - 0x00007ff77ac20000 	C:\Program Files\Java\jdk-19\bin\javaw.exe
0x00007ff80a430000 - 0x00007ff80a647000 	C:\WINDOWS\SYSTEM32\ntdll.dll
0x00007ff809820000 - 0x00007ff8098e4000 	C:\WINDOWS\System32\KERNEL32.DLL
0x00007ff807d90000 - 0x00007ff808149000 	C:\WINDOWS\System32\KERNELBASE.dll
0x00007ff807b70000 - 0x00007ff807c81000 	C:\WINDOWS\System32\ucrtbase.dll
0x00007fffd97a0000 - 0x00007fffd97bb000 	C:\Program Files\Java\jdk-19\bin\VCRUNTIME140.dll
0x00007ffffd790000 - 0x00007ffffd7a8000 	C:\Program Files\Java\jdk-19\bin\jli.dll
0x00007ff80a1f0000 - 0x00007ff80a2a2000 	C:\WINDOWS\System32\ADVAPI32.dll
0x00007ff80a2b0000 - 0x00007ff80a357000 	C:\WINDOWS\System32\msvcrt.dll
0x00007ff809ad0000 - 0x00007ff809b77000 	C:\WINDOWS\System32\sechost.dll
0x00007ff807d60000 - 0x00007ff807d88000 	C:\WINDOWS\System32\bcrypt.dll
0x00007ff80a0d0000 - 0x00007ff80a1e4000 	C:\WINDOWS\System32\RPCRT4.dll
0x00007ff8098f0000 - 0x00007ff809a9e000 	C:\WINDOWS\System32\USER32.dll
0x00007ff807d30000 - 0x00007ff807d56000 	C:\WINDOWS\System32\win32u.dll
0x00007ff808150000 - 0x00007ff808179000 	C:\WINDOWS\System32\GDI32.dll
0x00007ff8079e0000 - 0x00007ff807afb000 	C:\WINDOWS\System32\gdi32full.dll
0x00007ff807c90000 - 0x00007ff807d2a000 	C:\WINDOWS\System32\msvcp_win.dll
0x00007ffff2f60000 - 0x00007ffff31f2000 	C:\WINDOWS\WinSxS\amd64_microsoft.windows.common-controls_6595b64144ccf1df_6.0.22621.4391_none_2715d37f73803e96\COMCTL32.dll
0x00007ffffcc60000 - 0x00007ffffcc6a000 	C:\WINDOWS\SYSTEM32\VERSION.dll
0x00007ff809b90000 - 0x00007ff809bc1000 	C:\WINDOWS\System32\IMM32.DLL
0x00007ff8025b0000 - 0x00007ff8025bc000 	C:\Program Files\Java\jdk-19\bin\vcruntime140_1.dll
0x00007fffc5c70000 - 0x00007fffc5cfe000 	C:\Program Files\Java\jdk-19\bin\msvcp140.dll
0x00007fffb3a80000 - 0x00007fffb4740000 	C:\Program Files\Java\jdk-19\bin\server\jvm.dll
0x00007fffd9bd0000 - 0x00007fffd9bd9000 	C:\WINDOWS\SYSTEM32\WSOCK32.dll
0x00007ffffe000000 - 0x00007ffffe034000 	C:\WINDOWS\SYSTEM32\WINMM.dll
0x00007ff808180000 - 0x00007ff8081f1000 	C:\WINDOWS\System32\WS2_32.dll
0x00007ff806740000 - 0x00007ff806758000 	C:\WINDOWS\SYSTEM32\kernel.appcore.dll
0x00007fffd97e0000 - 0x00007fffd97ea000 	C:\Program Files\Java\jdk-19\bin\jimage.dll
0x00007ff804f40000 - 0x00007ff805172000 	C:\WINDOWS\SYSTEM32\DBGHELP.DLL
0x00007ff808da0000 - 0x00007ff80912f000 	C:\WINDOWS\System32\combase.dll
0x00007ff809650000 - 0x00007ff809727000 	C:\WINDOWS\System32\OLEAUT32.dll
0x00007ffff1200000 - 0x00007ffff1232000 	C:\WINDOWS\SYSTEM32\dbgcore.DLL
0x00007ff8078a0000 - 0x00007ff80791b000 	C:\WINDOWS\System32\bcryptPrimitives.dll
0x00007fffcf1d0000 - 0x00007fffcf1f6000 	C:\Program Files\Java\jdk-19\bin\java.dll
0x00007fffc39c0000 - 0x00007fffc3a97000 	C:\Program Files\Java\jdk-19\bin\jsvml.dll
0x00007ff8083c0000 - 0x00007ff808c36000 	C:\WINDOWS\System32\SHELL32.dll
0x00007ff805620000 - 0x00007ff805f23000 	C:\WINDOWS\SYSTEM32\windows.storage.dll
0x00007ff8054e0000 - 0x00007ff80561f000 	C:\WINDOWS\SYSTEM32\wintypes.dll
0x00007ff8092e0000 - 0x00007ff8093d9000 	C:\WINDOWS\System32\SHCORE.dll
0x00007ff8097c0000 - 0x00007ff80981e000 	C:\WINDOWS\System32\shlwapi.dll
0x00007ff807660000 - 0x00007ff80768b000 	C:\WINDOWS\SYSTEM32\profapi.dll
0x00007fffcfab0000 - 0x00007fffcfac3000 	C:\Program Files\Java\jdk-19\bin\net.dll
0x00007ff800490000 - 0x00007ff8005c6000 	C:\WINDOWS\SYSTEM32\WINHTTP.dll
0x00007ff806bd0000 - 0x00007ff806c39000 	C:\WINDOWS\system32\mswsock.dll
0x00007fffcde40000 - 0x00007fffcde56000 	C:\Program Files\Java\jdk-19\bin\nio.dll
0x00007fffd9720000 - 0x00007fffd9738000 	C:\Program Files\Java\jdk-19\bin\zip.dll
0x00007fffcfa90000 - 0x00007fffcfa9a000 	C:\Program Files\Java\jdk-19\bin\management.dll
0x00007fffcfa80000 - 0x00007fffcfa8b000 	C:\Program Files\Java\jdk-19\bin\management_ext.dll
0x00007ff808200000 - 0x00007ff808208000 	C:\WINDOWS\System32\PSAPI.DLL
0x00007fffcfd20000 - 0x00007fffcfd2e000 	C:\Program Files\Java\jdk-19\bin\sunmscapi.dll
0x00007ff807730000 - 0x00007ff807896000 	C:\WINDOWS\System32\CRYPT32.dll
0x00007ff807000000 - 0x00007ff80702d000 	C:\WINDOWS\SYSTEM32\ncrypt.dll
0x00007ff806fc0000 - 0x00007ff806ff7000 	C:\WINDOWS\SYSTEM32\NTASN1.dll
0x00007ff806e40000 - 0x00007ff806e5b000 	C:\WINDOWS\SYSTEM32\CRYPTSP.dll
0x00007ff8066a0000 - 0x00007ff8066d5000 	C:\WINDOWS\system32\rsaenh.dll
0x00007ff806cc0000 - 0x00007ff806ce8000 	C:\WINDOWS\SYSTEM32\USERENV.dll
0x00007ff806e60000 - 0x00007ff806e6c000 	C:\WINDOWS\SYSTEM32\CRYPTBASE.dll
0x00007ff806180000 - 0x00007ff8061ad000 	C:\WINDOWS\SYSTEM32\IPHLPAPI.DLL
0x00007ff80a360000 - 0x00007ff80a369000 	C:\WINDOWS\System32\NSI.dll
0x00007ffffd740000 - 0x00007ffffd759000 	C:\WINDOWS\SYSTEM32\dhcpcsvc6.DLL
0x00007ffffd720000 - 0x00007ffffd73f000 	C:\WINDOWS\SYSTEM32\dhcpcsvc.DLL
0x00007ff8061b0000 - 0x00007ff8062b2000 	C:\WINDOWS\SYSTEM32\DNSAPI.dll
0x00007fffd95b0000 - 0x00007fffd95c0000 	C:\Program Files\Java\jdk-19\bin\verify.dll
0x00007ffffcb60000 - 0x00007ffffcb6a000 	C:\Windows\System32\rasadhlp.dll
0x00007ffffca50000 - 0x00007ffffcad3000 	C:\WINDOWS\System32\fwpuclnt.dll
0x00007ff8024e0000 - 0x00007ff8024e8000 	C:\Program Files\Java\jdk-19\bin\extnet.dll
0x00007ffffd760000 - 0x00007ffffd768000 	C:\WINDOWS\system32\wshunix.dll

dbghelp: loaded successfully - version: 4.0.5 - missing functions: none
symbol engine: initialized successfully - sym options: 0x614 - pdb path: .;C:\Program Files\Java\jdk-19\bin;C:\WINDOWS\SYSTEM32;C:\WINDOWS\WinSxS\amd64_microsoft.windows.common-controls_6595b64144ccf1df_6.0.22621.4391_none_2715d37f73803e96;C:\Program Files\Java\jdk-19\bin\server

VM Arguments:
jvm_args: -Dfile.encoding=UTF-8 -Dstdout.encoding=UTF-8 -Dstderr.encoding=UTF-8 -XX:+ShowCodeDetailsInExceptionMessages 
java_command: com.DatnStfBeApplication
java_class_path (initial): D:\be-moinhat\target\classes;C:\Users\Dell\.m2\repository\org\springframework\boot\spring-boot-starter-web\3.3.2\spring-boot-starter-web-3.3.2.jar;C:\Users\Dell\.m2\repository\org\springframework\boot\spring-boot-starter\3.3.2\spring-boot-starter-3.3.2.jar;C:\Users\Dell\.m2\repository\org\springframework\boot\spring-boot-starter-logging\3.3.2\spring-boot-starter-logging-3.3.2.jar;C:\Users\Dell\.m2\repository\ch\qos\logback\logback-classic\1.5.6\logback-classic-1.5.6.jar;C:\Users\Dell\.m2\repository\ch\qos\logback\logback-core\1.5.6\logback-core-1.5.6.jar;C:\Users\Dell\.m2\repository\org\apache\logging\log4j\log4j-to-slf4j\2.23.1\log4j-to-slf4j-2.23.1.jar;C:\Users\Dell\.m2\repository\org\slf4j\jul-to-slf4j\2.0.13\jul-to-slf4j-2.0.13.jar;C:\Users\Dell\.m2\repository\org\yaml\snakeyaml\2.2\snakeyaml-2.2.jar;C:\Users\Dell\.m2\repository\org\springframework\boot\spring-boot-starter-json\3.3.2\spring-boot-starter-json-3.3.2.jar;C:\Users\Dell\.m2\repository\com\fasterxml\jackson\datatype\jackson-datatype-jdk8\2.17.2\jackson-datatype-jdk8-2.17.2.jar;C:\Users\Dell\.m2\repository\com\fasterxml\jackson\module\jackson-module-parameter-names\2.17.2\jackson-module-parameter-names-2.17.2.jar;C:\Users\Dell\.m2\repository\org\springframework\spring-web\6.1.11\spring-web-6.1.11.jar;C:\Users\Dell\.m2\repository\org\springframework\spring-beans\6.1.11\spring-beans-6.1.11.jar;C:\Users\Dell\.m2\repository\io\micrometer\micrometer-observation\1.13.2\micrometer-observation-1.13.2.jar;C:\Users\Dell\.m2\repository\io\micrometer\micrometer-commons\1.13.2\micrometer-commons-1.13.2.jar;C:\Users\Dell\.m2\repository\org\springframework\spring-webmvc\6.1.11\spring-webmvc-6.1.11.jar;C:\Users\Dell\.m2\repository\org\springframework\spring-context\6.1.11\spring-context-6.1.11.jar;C:\Users\Dell\.m2\repository\org\springframework\spring-expression\6.1.11\spring-expression-6.1.11.jar;C:\Users\Dell\.m2\repository\org\springframework\boot\spring-boot-starter-tomcat\3.3.2\spring-boot-starter-tomcat-3.3.2.jar;C:\Users\Dell\.m2\repository\jakarta\annotation\jakarta.annotation-api\2.1.1\jakarta.annotation-api-2.1.1.jar;C:\Users\Dell\.m2\repository\org\apache\tomcat\embed\tomcat-embed-core\10.1.26\tomcat-embed-core-10.1.26.jar;C:\Users\Dell\.m2\repository\org\apache\tomcat\embed\tomcat-embed-el\10.1.26\tomcat-embed-el-10.1.26.jar;C:\Users\Dell\.m2\repository\org\apache\tomcat\embed\tomcat-embed-websocket\10.1.26\tomcat-embed-websocket-10.1.26.jar;C:\Users\Dell\.m2\repository\org\slf4j\slf4j-api\2.0.13\slf4j-api-2.0.13.jar;C:\Users\Dell\.m2\repository\jakarta\xml\bind\jakarta.xml.bind-api\4.0.2\jakarta.xml.bind-api-4.0.2.jar;C:\Users\Dell\.m2\repository\jakarta\activation\jakarta.activation-api\2.1.3\jakarta.activation-api-2.1.3.jar;C:\Users\Dell\.m2\repository\net\bytebuddy\byte-buddy\1.14.18\byte-buddy-1.14.18.jar;C:\Users\Dell\.m2\repository\org\springframework\spring-core\6.1.11\spring-core-6.1.11.jar;C:\Users\Dell\.m2\repository\org\springframework\spring-jcl\6.1.11\spring-jcl-6.1.11.jar;C:\Users\Dell\.m2\repository\org\springframework\boot\spring-boot-starter-security\3.3.2\spring-boot-starter-security-3.3.2.jar;C:\Users\Dell\.m2\repository\org\springframework\spring-aop\6.1.11\spring-aop-6.1.11.jar;C:\Users\Dell\.m2\repository\org\springframework\security\spring-security-config\6.3.1\spring-security-config-6.3.1.jar;C:\Users\Dell\.m2\repository\org\springframework\security\spring-security-web\6.3.1\spring-security-web-6.3.1.jar;C:\Users\Dell\.m2\repository\org\springframework\security\spring-security-core\6.3.1\spring-security-core-6.3.1.jar;C:\Users\Dell\.m2\repository\org\springframework\security\spring-security-crypto\6.3.1\spring-security-crypto-6.3.1.jar;C:\Users\Dell\.m2\repository\org\springframework\boot\spring-boot-devtools\3.3.2\spring-boot-devtools-3.3.2.jar;C:\Users\Dell\.m2\repository\org\springframework\boot\spring-boot\3.3.2\spring-boot-3.3.2.jar;C:\Users\Dell\.m2\repository\org\springframework\boot\spring-boot-autoconfigure\3.3.2\spring-boot-autoconfigure-3.3.2.jar;C:\Users\Dell\.m2\repository\org\springframework\boot\spring-boot-starter-data-jpa\3.3.2\spring-boot-starter-data-jpa-3.3.2.jar;C:\Users\Dell\.m2\repository\org\springframework\boot\spring-boot-starter-aop\3.3.2\spring-boot-starter-aop-3.3.2.jar;C:\Users\Dell\.m2\repository\org\aspectj\aspectjweaver\1.9.22.1\aspectjweaver-1.9.22.1.jar;C:\Users\Dell\.m2\repository\org\springframework\boot\spring-boot-starter-jdbc\3.3.2\spring-boot-starter-jdbc-3.3.2.jar;C:\Users\Dell\.m2\repository\com\zaxxer\HikariCP\5.1.0\HikariCP-5.1.0.jar;C:\Users\Dell\.m2\repository\org\springframework\spring-jdbc\6.1.11\spring-jdbc-6.1.11.jar;C:\Users\Dell\.m2\repository\org\hibernate\orm\hibernate-core\6.5.2.Final\hibernate-core-6.5.2.Final.jar;C:\Users\Dell\.m2\repository\jakarta\persistence\jakarta.persistence-api\3.1.0\jakarta.persistence-api-3.1.0.jar;C:\Users\Dell\.m2\repository\jakarta\transaction\jakarta.transaction-api\2.0.1\jakarta.transaction-api-2.0.1.jar;C:\Users\Dell\.m2\repository\org\hibernate\common\hibernate-commons-annotations\6.0.6.Final\hibernate-commons-annotations-6.0.6.Final.jar;C:\Users\Dell\.m2\repository\io\smallrye\jandex\3.1.2\jandex-3.1.2.jar;C:\Users\Dell\.m2\repository\org\glassfish\jaxb\jaxb-runtime\4.0.5\jaxb-runtime-4.0.5.jar;C:\Users\Dell\.m2\repository\org\glassfish\jaxb\jaxb-core\4.0.5\jaxb-core-4.0.5.jar;C:\Users\Dell\.m2\repository\org\glassfish\jaxb\txw2\4.0.5\txw2-4.0.5.jar;C:\Users\Dell\.m2\repository\com\sun\istack\istack-commons-runtime\4.1.2\istack-commons-runtime-4.1.2.jar;C:\Users\Dell\.m2\repository\jakarta\inject\jakarta.inject-api\2.0.1\jakarta.inject-api-2.0.1.jar;C:\Users\Dell\.m2\repository\org\antlr\antlr4-runtime\4.13.0\antlr4-runtime-4.13.0.jar;C:\Users\Dell\.m2\repository\org\springframework\data\spring-data-jpa\3.3.2\spring-data-jpa-3.3.2.jar;C:\Users\Dell\.m2\repository\org\springframework\data\spring-data-commons\3.3.2\spring-data-commons-3.3.2.jar;C:\Users\Dell\.m2\repository\org\springframework\spring-orm\6.1.11\spring-orm-6.1.11.jar;C:\Users\Dell\.m2\repository\org\springframework\spring-tx\6.1.11\spring-tx-6.1.11.jar;C:\Users\Dell\.m2\repository\org\springframework\spring-aspects\6.1.11\spring-aspects-6.1.11.jar;C:\Users\Dell\.m2\repository\mysql\mysql-connector-java\8.0.30\mysql-connector-java-8.0.30.jar;C:\Users\Dell\.m2\repository\com\google\protobuf\protobuf-java\3.19.4\protobuf-java-3.19.4.jar;C:\Users\Dell\.m2\repository\org\hibernate\validator\hibernate-validator\8.0.1.Final\hibernate-validator-8.0.1.Final.jar;C:\Users\Dell\.m2\repository\jakarta\validation\jakarta.validation-api\3.0.2\jakarta.validation-api-3.0.2.jar;C:\Users\Dell\.m2\repository\org\jboss\logging\jboss-logging\3.5.3.Final\jboss-logging-3.5.3.Final.jar;C:\Users\Dell\.m2\repository\com\fasterxml\classmate\1.7.0\classmate-1.7.0.jar;C:\Users\Dell\.m2\repository\io\jsonwebtoken\jjwt-impl\0.12.5\jjwt-impl-0.12.5.jar;C:\Users\Dell\.m2\repository\io\jsonwebtoken\jjwt-api\0.12.5\jjwt-api-0.12.5.jar;C:\Users\Dell\.m2\repository\io\jsonwebtoken\jjwt-jackson\0.12.5\jjwt-jackson-0.12.5.jar;C:\Users\Dell\.m2\repository\com\fasterxml\jackson\core\jackson-databind\2.17.2\jackson-databind-2.17.2.jar;C:\Users\Dell\.m2\repository\com\fasterxml\jackson\core\jackson-annotations\2.17.2\jackson-annotations-2.17.2.jar;C:\Users\Dell\.m2\repository\org\apache\poi\poi\5.2.3\poi-5.2.3.jar;C:\Users\Dell\.m2\repository\org\apache\commons\commons-collections4\4.4\commons-collections4-4.4.jar;C:\Users\Dell\.m2\repository\org\apache\commons\commons-math3\3.6.1\commons-math3-3.6.1.jar;C:\Users\Dell\.m2\repository\commons-io\commons-io\2.11.0\commons-io-2.11.0.jar;C:\Users\Dell\.m2\repository\com\zaxxer\SparseBitSet\1.2\SparseBitSet-1.2.jar;C:\Users\Dell\.m2\repository\org\apache\logging\log4j\log4j-api\2.23.1\log4j-api-2.23.1.jar;C:\Users\Dell\.m2\repository\org\apache\poi\poi-ooxml\5.2.3\poi-ooxml-5.2.3.jar;C:\Users\Dell\.m2\repository\org\apache\poi\poi-ooxml-lite\5.2.3\poi-ooxml-lite-5.2.3.jar;C:\Users\Dell\.m2\repository\org\apache\xmlbeans\xmlbeans\5.1.1\xmlbeans-5.1.1.jar;C:\Users\Dell\.m2\repository\org\apache\commons\commons-compress\1.21\commons-compress-1.21.jar;C:\Users\Dell\.m2\repository\com\github\virtuald\curvesapi\1.07\curvesapi-1.07.jar;C:\Users\Dell\.m2\repository\org\modelmapper\modelmapper\3.1.0\modelmapper-3.1.0.jar;C:\Users\Dell\.m2\repository\org\apache\commons\commons-lang3\3.12.0\commons-lang3-3.12.0.jar;C:\Users\Dell\.m2\repository\org\mapstruct\mapstruct\1.5.5.Final\mapstruct-1.5.5.Final.jar;C:\Users\Dell\.m2\repository\org\springframework\boot\spring-boot-starter-mail\3.3.2\spring-boot-starter-mail-3.3.2.jar;C:\Users\Dell\.m2\repository\org\springframework\spring-context-support\6.1.11\spring-context-support-6.1.11.jar;C:\Users\Dell\.m2\repository\org\eclipse\angus\jakarta.mail\2.0.3\jakarta.mail-2.0.3.jar;C:\Users\Dell\.m2\repository\org\eclipse\angus\angus-activation\2.0.2\angus-activation-2.0.2.jar;C:\Users\Dell\.m2\repository\com\algolia\algoliasearch-core\3.16.5\algoliasearch-core-3.16.5.jar;C:\Users\Dell\.m2\repository\com\fasterxml\jackson\core\jackson-core\2.17.2\jackson-core-2.17.2.jar;C:\Users\Dell\.m2\repository\com\fasterxml\jackson\datatype\jackson-datatype-jsr310\2.17.2\jackson-datatype-jsr310-2.17.2.jar;C:\Users\Dell\.m2\repository\com\algolia\algoliasearch-apache\3.16.5\algoliasearch-apache-3.16.5.jar;C:\Users\Dell\.m2\repository\org\apache\httpcomponents\httpasyncclient\4.1.5\httpasyncclient-4.1.5.jar;C:\Users\Dell\.m2\repository\org\apache\httpcomponents\httpcore\4.4.16\httpcore-4.4.16.jar;C:\Users\Dell\.m2\repository\org\apache\httpcomponents\httpcore-nio\4.4.16\httpcore-nio-4.4.16.jar;C:\Users\Dell\.m2\repository\org\apache\httpcomponents\httpclient\4.5.13\httpclient-4.5.13.jar;C:\Users\Dell\.m2\repository\commons-codec\commons-codec\1.10\commons-codec-1.10.jar;C:\Users\Dell\.m2\repository\org\projectlombok\lombok\1.18.30\lombok-1.18.30.jar
Launcher Type: SUN_STANDARD

[Global flags]
     intx CICompilerCount                          = 3                                         {product} {ergonomic}
     uint ConcGCThreads                            = 1                                         {product} {ergonomic}
     uint G1ConcRefinementThreads                  = 4                                         {product} {ergonomic}
   size_t G1HeapRegionSize                         = 1048576                                   {product} {ergonomic}
    uintx GCDrainStackTargetSize                   = 64                                        {product} {ergonomic}
   size_t InitialHeapSize                          = 130023424                                 {product} {ergonomic}
   size_t MarkStackSize                            = 4194304                                   {product} {ergonomic}
   size_t MaxHeapSize                              = 2076180480                                {product} {ergonomic}
   size_t MaxNewSize                               = 1245708288                                {product} {ergonomic}
   size_t MinHeapDeltaBytes                        = 1048576                                   {product} {ergonomic}
   size_t MinHeapSize                              = 8388608                                   {product} {ergonomic}
    uintx NonNMethodCodeHeapSize                   = 5832780                                {pd product} {ergonomic}
    uintx NonProfiledCodeHeapSize                  = 122912730                              {pd product} {ergonomic}
    uintx ProfiledCodeHeapSize                     = 122912730                              {pd product} {ergonomic}
    uintx ReservedCodeCacheSize                    = 251658240                              {pd product} {ergonomic}
     bool SegmentedCodeCache                       = true                                      {product} {ergonomic}
     bool ShowCodeDetailsInExceptionMessages       = true                                   {manageable} {command line}
   size_t SoftMaxHeapSize                          = 2076180480                             {manageable} {ergonomic}
     bool UseCompressedClassPointers               = true                           {product lp64_product} {ergonomic}
     bool UseCompressedOops                        = true                           {product lp64_product} {ergonomic}
     bool UseG1GC                                  = true                                      {product} {ergonomic}
     bool UseLargePagesIndividualAllocation        = false                                  {pd product} {ergonomic}

Logging:
Log output configuration:
 #0: stdout all=warning uptime,level,tags foldmultilines=false
 #1: stderr all=off uptime,level,tags foldmultilines=false

Environment Variables:
CLASSPATH=%CLASSPATH%;%JUNIT_HOME%\junit-4.13.2.jar;.;;C:\Junit4\junit-4.13.2.jar;.;;C:\Junit4\junit-4.13.2.jar;.;
PATH=C:\Program Files\Common Files\Oracle\Java\javapath;C:\WINDOWS\system32;C:\WINDOWS;C:\WINDOWS\System32\Wbem;C:\WINDOWS\System32\WindowsPowerShell\v1.0\;C:\WINDOWS\System32\OpenSSH\;C:\Program Files\dotnet\;C:\Program Files (x86)\Microsoft SQL Server\160\Tools\Binn\;C:\Program Files\Microsoft SQL Server\160\Tools\Binn\;C:\Program Files\Microsoft SQL Server\Client SDK\ODBC\170\Tools\Binn\;C:\Program Files\Microsoft SQL Server\160\DTS\Binn\;C:\Program Files (x86)\Microsoft SQL Server\160\DTS\Binn\;C:\apache-maven-3.9.6\bin;C:\Program Files\Git\cmd;C:\Users\Dell\AppData\Roaming\nvm;C:\Program Files\nodejs;C:\Program Files\nodejs\;C:\Users\Dell\AppData\Local\Microsoft\WindowsApps;C:\Users\Dell\AppData\Local\Programs\Microsoft VS Code\bin;C:\Program Files\Azure Data Studio\bin;C:\Users\Dell\AppData\Roaming\nvm;C:\Program Files\nodejs;C:\Users\Dell\AppData\Roaming\npm;C:\Users\Dell\AppData\Local\GitHubDesktop\bin
USERNAME=Dell
OS=Windows_NT
PROCESSOR_IDENTIFIER=Intel64 Family 6 Model 140 Stepping 1, GenuineIntel
TMP=C:\Users\Dell\AppData\Local\Temp
TEMP=C:\Users\Dell\AppData\Local\Temp



---------------  S Y S T E M  ---------------

OS:
 Windows 11 , 64 bit Build 22621 (10.0.22621.4391)
OS uptime: 0 days 0:49 hours
Hyper-V role detected

CPU: total 4 (initial active 4) (2 cores per cpu, 2 threads per core) family 6 model 140 stepping 1 microcode 0xb8, cx8, cmov, fxsr, ht, mmx, 3dnowpref, sse, sse2, sse3, ssse3, sse4.1, sse4.2, popcnt, lzcnt, tsc, tscinvbit, avx, avx2, aes, erms, clmul, bmi1, bmi2, adx, avx512f, avx512dq, avx512cd, avx512bw, avx512vl, sha, fma, vzeroupper, avx512_vpopcntdq, avx512_vpclmulqdq, avx512_vaes, avx512_vnni, clflush, clflushopt, clwb, avx512_vbmi2, avx512_vbmi, hv, rdtscp, rdpid, fsrm, gfni, avx512_bitalg

Memory: 4k page, system-wide physical 7914M (772M free)
TotalPageFile size 14550M (AvailPageFile size 305M)
current process WorkingSet (physical memory assigned to process): 493M, peak: 569M
current process commit charge ("private bytes"): 554M, peak: 1004M

vm_info: Java HotSpot(TM) 64-Bit Server VM (19.0.2+7-44) for windows-amd64 JRE (19.0.2+7-44), built on 2022-11-30T18:02:09Z by "mach5one" with MS VC++ 17.1 (VS2022)

END.
